: 10
I (1044) wifi:Init dynamic rx buffer num: 32
[0;32mI (1054) wifi_init: rx ba win: 6[0m
[0;32mI (1054) wifi_init: tcpip mbox: 32[0m
[0;32mI (1054) wifi_init: udp mbox: 6[0m
[0;32mI (1064) wifi_init: tcp mbox: 6[0m
[0;32mI (1064) wifi_init: tcp tx win: 5744[0m
[0;32mI (1074) wifi_init: tcp rx win: 5744[0m
[0;32mI (1074) wifi_init: tcp mss: 1440[0m
[0;32mI (1074) wifi_init: WiFi IRAM OP enabled[0m
[0;32mI (1084) wifi_init: WiFi RX IRAM OP enabled[0m
[0;32m1970-01-01 00:00:00 | INFO  | wifi_c_init_wifi:309 | Wifi initialized.[0m
[0;32mI (1094) phy_init: phy_version 4670,719f9f6,Feb 18 2021,17:07:07[0m
I (1214) wifi:mode : sta (c8:f0:9e:f8:01:a8)
I (1214) wifi:enable tsf
[0;32m1970-01-01 00:00:00 | INFO  | wifi_c_sta_event_handler:102 | Station started, connecting to WiFi.[0m
[0m1970-01-01 00:00:00 | DEBUG | wifi_c_init_wifi:313 | wifi successfully initialized[0m
[0m1970-01-01 00:00:00 | DEBUG | nvs_c_open_read_only:79 | opened namespace nvs for read only operations[0m
[0;32m1970-01-01 00:00:00 | INFO  | nvs_c_read_string:131 | read 15 bytes from namespace: nvs[0m
[0m1970-01-01 00:00:00 | DEBUG | wifi_manager_get_stored_ap:79 | found stored SSID in NVS: TP-LINK_AD8313[0m
[0;32m1970-01-01 00:00:00 | INFO  | nvs_c_read_string:131 | read 9 bytes from namespace: nvs[0m
[0m1970-01-01 00:00:00 | DEBUG | wifi_manager_get_stored_ap:83 | found stored password in NVS: 20232887[0m
[0m1970-01-01 00:00:00 | DEBUG | nvs_c_close:88 | nvs namespace: nvs was closed[0m
[0;32m1970-01-01 00:00:00 | INFO  | wifi_manager_init:232 | found stored AP, connecting to: TP-LINK_AD8313[0m
[0m1970-01-01 00:00:00 | DEBUG | wifi_c_start_sta:442 | WiFi successfully configured as STA.[0m
I (3714) wifi:new:<11,2>, old:<1,0>, ap:<255,255>, sta:<11,2>, prof:1
I (3714) wifi:state: init -> auth (b0)
I (3714) wifi:state: auth -> assoc (0)
I (3724) wifi:state: assoc -> run (10)
I (3734) wifi:connected with TP-LINK_AD8313, aid = 4, channel 11, 40D, bssid = 84:16:f9:ad:83:12
I (3734) wifi:security: WPA2-PSK, phy: bgn, rssi: -65
I (3744) wifi:pm start, type: 1

I (3794) wifi:AP's beacon interval = 102400 us, DTIM period = 1
I (4824) wifi:<ba-add>idx:0 (ifx:0, 84:16:f9:ad:83:12), tid:0, ssn:0, winSize:64
[0;32m1970-01-01 00:00:05 | INFO  | wifi_c_sta_event_handler:116 | Got IP:192.168.0.100[0m
[0;32mI (5744) esp_netif_handlers: sta ip: 192.168.0.100, mask: 255.255.255.0, gw: 192.168.0.1[0m
[0m1970-01-01 00:00:05 | DEBUG | wifi_c_check_sta_connection_result:128 | WIFI_C_CONNECTED_BIT is set![0m
[0;32m1970-01-01 00:00:05 | INFO  | event_handler:26 | OTA started[0m
[0;31mE (5854) esp_https_ota: No option for server verification is enabled in esp_http_client config.[0m
[0;31m1970-01-01 00:00:05 | ERROR | lib/ota_controller/src/ota_controller.c:71 | ota_c_do_simple_ota:71 | error -1 during https ota: ESP_FAIL[0m
[0;32m1970-01-01 00:00:05 | INFO  | event_handler:26 | OTA started[0m
[0;31mE (5874) esp_https_ota: No option for server verification is enabled in esp_http_client config.[0m
[0;31m1970-01-01 00:00:05 | ERROR | lib/ota_controller/src/ota_controller.c:157 | ota_c_start:157 | error 258, ESP HTTPS OTA Begin failed: ESP_ERR_INVALID_ARG[0m
[0m1970-01-01 00:00:05 | DEBUG | inspect_task:91 | Currently available heap: 223980[0m
[0m1970-01-01 00:00:05 | DEBUG | inspect_task:92 | The minimum heap size that was ever available: 223980[0m
[0;32m1970-01-01 00:00:05 | INFO  | switch_led_task:78 | CHANGED GPIO_2 LEVEL[0m
[0m1970-01-01 00:00:05 | DEBUG | tcp_create_socket:168 | preparing socket...[0m
[0m1970-01-01 00:00:05 | DEBUG | tcp_create_socket:175 | created socket: 54[0m
[0m1970-01-01 00:00:05 | DEBUG | tcp_prepare_address:211 | preparing address...[0m
[0m1970-01-01 00:00:05 | DEBUG | tcp_prepare_address:220 | prepared address 192.168.0.100:27015[0m
[0m1970-01-01 00:00:05 | DEBUG | tcp_bind_socket:232 | binding socket: 54 to address: 192.168.0.100:34665[0m
[0m1970-01-01 00:00:05 | DEBUG | tcp_bind_socket:242 | socket: 54 bound to address: 192.168.0.100:27015[0m
[0m1970-01-01 00:00:05 | DEBUG | tcp_socket_listen:253 | trying to listen on socket: 54[0m
[0;32m1970-01-01 00:00:05 | INFO  | tcp_socket_listen:260 | listening on socket: 192.168.0.100:27015[0m
[0;32m1970-01-01 00:00:05 | INFO  | cli_set_remote_logging:63 | Connect to device on IP 192.168.0.100 with port 27015 to capture logs.[0m
[0;32m2024-02-03 18:12:05 | INFO  | switch_led_task:78 | CHANGED GPIO_2 LEVEL[0m
[0m2024-02-03 18:12:06 | DEBUG | inspect_task:91 | Currently available heap: 218708[0m
[0m2024-02-03 18:12:06 | DEBUG | inspect_task:92 | The minimum heap size that was ever available: 216696[0m
[0;32m2024-02-03 18:12:09 | INFO  | switch_led_task:78 | CHANGED GPIO_2 LEVEL[0m
[0m2024-02-03 18:12:11 | DEBUG | inspect_task:91 | Currently available heap: 218708[0m
[0m2024-02-03 18:12:11 | DEBUG | inspect_task:92 | The minimum heap size that was ever available: 213556[0m
[0;32m2024-02-03 18:12:13 | INFO  | switch_led_task:78 | CHANGED GPIO_2 LEVEL[0m
[0m2024-02-03 18:12:16 | DEBUG | inspect_task:91 | Currently available heap: 218708[0m
[0m2024-02-03 18:12:16 | DEBUG | inspect_task:92 | The minimum heap size that was ever available: 213556[0m
[0;32m2024-02-03 18:12:17 | INFO  | switch_led_task:78 | CHANGED GPIO_2 LEVEL[0m
[0m2024-02-03 18:12:21 | DEBUG | inspect_task:91 | Currently available heap: 218708[0m
[0m2024-02-03 18:12:21 | DEBUG | inspect_task:92 | The minimum heap size that was ever available: 213556[0m
[0;32m2024-02-03 18:12:21 | INFO  | switch_led_task:78 | CHANGED GPIO_2 LEVEL[0m
[0;32m2024-02-03 18:12:25 | INFO  | switch_led_task:78 | CHANGED GPIO_2 LEVEL[0m
[0m2024-02-03 18:12:26 | DEBUG | inspect_task:91 | Currently available heap: 218708[0m
[0m2024-02-03 18:12:26 | DEBUG | inspect_task:92 | The minimum heap size that was ever available: 213556[0m
[0;32m2024-02-03 18:12:29 | INFO  | switch_led_task:78 | CHANGED GPIO_2 LEVEL[0m
[0m2024-02-03 18:12:31 | DEBUG | inspect_task:91 | Currently available heap: 218708[0m
[0m2024-02-03 18:12:31 | DEBUG | inspect_task:92 | The minimum heap size that was ever available: 213556[0m
[0;32m2024-02-03 18:12:33 | INFO  | switch_led_task:78 | CHANGED GPIO_2 LEVEL[0m
[0m2024-02-03 18:12:36 | DEBUG | inspect_task:91 | Currently available heap: 218708[0m
[0m2024-02-03 18:12:36 | DEBUG | inspect_task:92 | The minimum heap size that was ever available: 213556[0m
[0;32m2024-02-03 18:12:37 | INFO  | switch_led_task:78 | CHANGED GPIO_2 LEVEL[0m
[0m2024-02-03 18:12:41 | DEBUG | inspect_task:91 | Currently available heap: 218728[0m
[0m2024-02-03 18:12:41 | DEBUG | inspect_task:92 | The minimum heap size that was ever available: 213556[0m
[0;32m2024-02-03 18:12:41 | INFO  | switch_led_task:78 | CHANGED GPIO_2 LEVEL[0m
[0;32m2024-02-03 18:12:45 | INFO  | switch_led_task:78 | CHANGED GPIO_2 LEVEL[0m
[0m2024-02-03 18:12:46 | DEBUG | inspect_task:91 | Currently available heap: 218728[0m
[0m2024-02-03 18:12:46 | DEBUG | inspect_task:92 | The minimum heap size that was ever available: 213556[0m
[0;32m2024-02-03 18:12:49 | INFO  | switch_led_task:78 | CHANGED GPIO_2 LEVEL[0m
[0m2024-02-03 18:12:51 | DEBUG | inspect_task:91 | Currently available heap: 218728[0m
[0m2024-02-03 18:12:51 | DEBUG | inspect_task:92 | The minimum heap size that was ever available: 213556[0m
[0;32m2024-02-03 18:12:53 | INFO  | switch_led_task:78 | CHANGED GPIO_2 LEVEL[0m
[0m2024-02-03 18:12:56 | DEBUG | inspect_task:91 | Currently available heap: 218728[0m
[0m2024-02-03 18:12:56 | DEBUG | inspect_task:92 | The minimum heap size that was ever available: 213556[0m
[0;32m2024-02-03 18:12:57 | INFO  | switch_led_task:78 | CHANGED GPIO_2 LEVEL[0m
[0m2024-02-03 18:13:01 | DEBUG | inspect_task:91 | Currently available heap: 218736[0m
[0m2024-02-03 18:13:01 | DEBUG | inspect_task:92 | The minimum heap size that was ever available: 213556[0m
[0;32m2024-02-03 18:13:01 | INFO  | switch_led_task:78 | CHANGED GPIO_2 LEVEL[0m
[0;32m2024-02-03 18:13:05 | INFO  | switch_led_task:78 | CHANGED GPIO_2 LEVEL[0m
[0m2024-02-03 18:13:06 | DEBUG | inspect_task:91 | Currently available heap: 218736[0m
[0m2024-02-03 18:13:06 | DEBUG | inspect_task:92 | The minimum heap size that was ever available: 213556[0m
[0;32m2024-02-03 18:13:09 | INFO  | switch_led_task:78 | CHANGED GPIO_2 LEVEL[0m
[0m2024-02-03 18:13:11 | DEBUG | inspect_task:91 | Currently available heap: 218736[0m
[0m2024-02-03 18:13:11 | DEBUG | inspect_task:92 | The minimum heap size that was ever available: 213556[0m
[0;32m2024-02-03 18:13:13 | INFO  | switch_led_task:78 | CHANGED GPIO_2 LEVEL[0m
