[0m1970-01-01 00:01:42 | DEBUG | inspect_task:97 | Currently available heap: 204236[0m
[0m1970-01-01 00:01:42 | DEBUG | inspect_task:98 | The minimum heap size that was ever available: 196608[0m
[0m1970-01-01 00:01:47 | DEBUG | inspect_task:97 | Currently available heap: 204236[0m
[0m1970-01-01 00:01:47 | DEBUG | inspect_task:98 | The minimum heap size that was ever available: 196608[0m
[0m1970-01-01 00:01:52 | DEBUG | inspect_task:97 | Currently available heap: 204244[0m
[0m1970-01-01 00:01:52 | DEBUG | inspect_task:98 | The minimum heap size that was ever available: 196608[0m
[0m1970-01-01 00:01:56 | DEBUG | bmp_i2c_readout:333 | reading temperature of BMP280 device...[0m
[0m1970-01-01 00:01:56 | DEBUG | bmp_i2c_readout:337 | reading pressure of BMP280 device...[0m
[0;32m1970-01-01 00:01:56 | INFO  | read_temperature_task:71 | temperature: 23.02 C[0m
[0;32m1970-01-01 00:01:56 | INFO  | read_temperature_task:72 | pressure: 986.47hPa[0m
[0;32m1970-01-01 00:01:56 | INFO  | read_temperature_task:73 | altitude: 225.33 m. n. p. m.[0m
[0m1970-01-01 00:01:56 | DEBUG | read_temperature_task:75 | data to send to database: device_id=2&temperature=23.02&pressure=986.47&altitude=225.33[0m
[0;32m1970-01-01 00:01:56 | INFO  | http_client_post:143 | making POST request to address: http://wmytych.usermd.net//insert_data.php[0m
[0m1970-01-01 00:01:57 | DEBUG | inspect_task:97 | Currently available heap: 201264[0m
[0m1970-01-01 00:01:57 | DEBUG | inspect_task:98 | The minimum heap size that was ever available: 196608[0m
[0m1970-01-01 00:01:58 | DEBUG | _http_event_handler:27 | HTTP_EVENT_ON_CONNECTED[0m
[0m1970-01-01 00:01:58 | DEBUG | _http_event_handler:30 | HTTP_EVENT_HEADER_SENT[0m
[0m1970-01-01 00:02:02 | DEBUG | inspect_task:97 | Currently available heap: 199776[0m
[0m1970-01-01 00:02:02 | DEBUG | inspect_task:98 | The minimum heap size that was ever available: 196340[0m
[0;33mW (123677) HTTP_CLIENT: Connection timed out before data was ready![0m
[0;31m1970-01-01 00:02:03 | ERROR | lib/http_client/src/http_client.c:164 | http_client_post:164 | HTTP POST request failed: ESP_ERR_HTTP_EAGAIN[0m
[0m1970-01-01 00:02:03 | DEBUG | _http_event_handler:66 | HTTP_EVENT_DISCONNECTED[0m
[0m1970-01-01 00:02:07 | DEBUG | inspect_task:97 | Currently available heap: 204244[0m
[0m1970-01-01 00:02:07 | DEBUG | inspect_task:98 | The minimum heap size that was ever available: 196340[0m
[0m1970-01-01 00:02:12 | DEBUG | inspect_task:97 | Currently available heap: 204244[0m
[0m1970-01-01 00:02:12 | DEBUG | inspect_task:98 | The minimum heap size that was ever available: 196340[0m
[0m1970-01-01 00:02:17 | DEBUG | inspect_task:97 | Currently available heap: 204244[0m
[0m1970-01-01 00:02:17 | DEBUG | inspect_task:98 | The minimum heap size that was ever available: 196340[0m
[0m1970-01-01 00:02:22 | DEBUG | inspect_task:97 | Currently available heap: 204456[0m
[0m1970-01-01 00:02:22 | DEBUG | inspect_task:98 | The minimum heap size that was ever available: 196340[0m
[0m1970-01-01 00:02:27 | DEBUG | inspect_task:97 | Currently available heap: 204456[0m
[0m1970-01-01 00:02:27 | DEBUG | inspect_task:98 | The minimum heap size that was ever available: 196340[0m
[0m1970-01-01 00:02:32 | DEBUG | inspect_task:97 | Currently available heap: 204456[0m
[0m1970-01-01 00:02:32 | DEBUG | inspect_task:98 | The minimum heap size that was ever available: 196340[0m
[0m1970-01-01 00:02:33 | DEBUG | bmp_i2c_readout:333 | reading temperature of BMP280 device...[0m
[0m1970-01-01 00:02:33 | DEBUG | bmp_i2c_readout:337 | reading pressure of BMP280 device...[0m
[0;32m1970-01-01 00:02:33 | INFO  | read_temperature_task:71 | temperature: 23.03 C[0m
[0;32m1970-01-01 00:02:33 | INFO  | read_temperature_task:72 | pressure: 986.53hPa[0m
[0;32m1970-01-01 00:02:33 | INFO  | read_temperature_task:73 | altitude: 224.82 m. n. p. m.[0m
[0m1970-01-01 00:02:33 | DEBUG | read_temperature_task:75 | data to send to database: device_id=2&temperature=23.03&pressure=986.53&altitude=224.82[0m
[0;32m1970-01-01 00:02:33 | INFO  | http_client_post:143 | making POST request to address: http://wmytych.usermd.net//insert_data.php[0m
[0m1970-01-01 00:02:34 | DEBUG | _http_event_handler:27 | HTTP_EVENT_ON_CONNECTED[0m
[0m1970-01-01 00:02:34 | DEBUG | _http_event_handler:30 | HTTP_EVENT_HEADER_SENT[0m
[0m1970-01-01 00:02:37 | DEBUG | _http_event_handler:33 | HTTP_EVENT_ON_HEADER, key=Server, value=nginx[0m
[0m1970-01-01 00:02:37 | DEBUG | _http_event_handler:33 | HTTP_EVENT_ON_HEADER, key=Date, value=Tue, 16 Jan 2024 19:11:23 GMT[0m
[0m1970-01-01 00:02:37 | DEBUG | _http_event_handler:33 | HTTP_EVENT_ON_HEADER, key=Content-Type, value=text/html; charset=UTF-8[0m
[0m1970-01-01 00:02:37 | DEBUG | _http_event_handler:33 | HTTP_EVENT_ON_HEADER, key=Transfer-Encoding, value=chunked[0m
[0m1970-01-01 00:02:37 | DEBUG | _http_event_handler:33 | HTTP_EVENT_ON_HEADER, key=Connection, value=keep-alive[0m
[0m1970-01-01 00:02:37 | DEBUG | _http_event_handler:33 | HTTP_EVENT_ON_HEADER, key=X-Powered-By, value=PHP/8.1.26[0m
[0m1970-01-01 00:02:37 | DEBUG | _http_event_handler:36 | HTTP_EVENT_ON_DATA, len=39[0m
[0m1970-01-01 00:02:37 | DEBUG | _http_event_handler:37 | HTTP_EVENT_ON_DATA, output_len=0[0m
[0m1970-01-01 00:02:37 | DEBUG | _http_event_handler:38 | HTTP_EVENT_ON_DATA, content_length=-1[0m
[0m1970-01-01 00:02:37 | DEBUG | _http_event_handler:56 | HTTP_EVENT_ON_FINISH[0m
[0m1970-01-01 00:02:37 | DEBUG | http_client_post:158 | HTTP GET Status = 200, content_length = 1073429912[0m
[0;32m1970-01-01 00:02:37 | INFO  | http_client_post:161 | 
data stored in a database successfully.[0m
[0m1970-01-01 00:02:37 | DEBUG | _http_event_handler:66 | HTTP_EVENT_DISCONNECTED[0m
[0m1970-01-01 00:02:37 | DEBUG | inspect_task:97 | Currently available heap: 204244[0m
[0m1970-01-01 00:02:37 | DEBUG | inspect_task:98 | The minimum heap size that was ever available: 196340[0m
[0m1970-01-01 00:02:42 | DEBUG | inspect_task:97 | Currently available heap: 204244[0m
[0m1970-01-01 00:02:42 | DEBUG | inspect_task:98 | The minimum heap size that was ever available: 196340[0m
[0m1970-01-01 00:02:47 | DEBUG | inspect_task:97 | Currently available heap: 204244[0m
[0m1970-01-01 00:02:47 | DEBUG | inspect_task:98 | The minimum heap size that was ever available: 196340[0m
I (172367) wifi:<ba-add>idx:1 (ifx:0, 84:16:f9:ad:83:12), tid:5, ssn:0, winSize:64
[0m2024-01-16 19:11:39 | DEBUG | inspect_task:97 | Currently available heap: 204172[0m
[0m2024-01-16 19:11:39 | DEBUG | inspect_task:98 | The minimum heap size that was ever available: 196340[0m
[0m2024-01-16 19:11:44 | DEBUG | inspect_task:97 | Currently available heap: 204172[0m
[0m2024-01-16 19:11:44 | DEBUG | inspect_task:98 | The minimum heap size that was ever available: 196340[0m
[0m2024-01-16 19:11:49 | DEBUG | inspect_task:97 | Currently available heap: 204376[0m
[0m2024-01-16 19:11:49 | DEBUG | inspect_task:98 | The minimum heap size that was ever available: 196340[0m
[0m2024-01-16 19:11:54 | DEBUG | bmp_i2c_readout:333 | reading temperature of BMP280 device...[0m
[0m2024-01-16 19:11:54 | DEBUG | bmp_i2c_readout:337 | reading pressure of BMP280 device...[0m
[0;32m2024-01-16 19:11:54 | INFO  | read_temperature_task:71 | temperature: 23.06 C[0m
[0;32m2024-01-16 19:11:54 | INFO  | read_temperature_task:72 | pressure: 986.56hPa[0m
[0;32m2024-01-16 19:11:54 | INFO  | read_temperature_task:73 | altitude: 224.55 m. n. p. m.[0m
[0m2024-01-16 19:11:54 | DEBUG | read_temperature_task:75 | data to send to database: device_id=2&temperature=23.06&pressure=986.56&altitude=224.55[0m
[0;32m2024-01-16 19:11:54 | INFO  | http_client_post:143 | making POST request to address: http://wmytych.usermd.net//insert_data.php[0m
[0m2024-01-16 19:11:54 | DEBUG | _http_event_handler:27 | HTTP_EVENT_ON_CONNECTED[0m
[0m2024-01-16 19:11:54 | DEBUG | _http_event_handler:30 | HTTP_EVENT_HEADER_SENT[0m
[0m2024-01-16 19:11:54 | DEBUG | inspect_task:97 | Currently available heap: 198356[0m
[0m2024-01-16 19:11:54 | DEBUG | inspect_task:98 | The minimum heap size that was ever available: 196340[0m
[0m2024-01-16 19:11:54 | DEBUG | _http_event_handler:33 | HTTP_EVENT_ON_HEADER, key=Server, value=nginx[0m
[0m2024-01-16 19:11:54 | DEBUG | _http_event_handler:33 | HTTP_EVENT_ON_HEADER, key=Date, value=Tue, 16 Jan 2024 19:11:54 GMT[0m
[0m2024-01-16 19:11:54 | DEBUG | _http_event_handler:33 | HTTP_EVENT_ON_HEADER, key=Content-Type, value=text/html; charset=UTF-8[0m
[0m2024-01-16 19:11:54 | DEBUG | _http_event_handler:33 | HTTP_EVENT_ON_HEADER, key=Transfer-Encoding, value=chunked[0m
[0m2024-01-16 19:11:54 | DEBUG | _http_event_handler:33 | HTTP_EVENT_ON_HEADER, key=Connection, value=keep-alive[0m
[0m2024-01-16 19:11:54 | DEBUG | _http_event_handler:33 | HTTP_EVENT_ON_HEADER, key=X-Powered-By, value=PHP/8.1.26[0m
[0m2024-01-16 19:11:54 | DEBUG | _http_event_handler:36 | HTTP_EVENT_ON_DATA, len=39[0m
[0m2024-01-16 19:11:54 | DEBUG | _http_event_handler:37 | HTTP_EVENT_ON_DATA, output_len=0[0m
[0m2024-01-16 19:11:54 | DEBUG | _http_event_handler:38 | HTTP_EVENT_ON_DATA, content_length=-1[0m
[0m2024-01-16 19:11:54 | DEBUG | _http_event_handler:56 | HTTP_EVENT_ON_FINISH[0m
[0m2024-01-16 19:11:54 | DEBUG | http_client_post:158 | HTTP GET Status = 200, content_length = 1073429912[0m
[0;32m2024-01-16 19:11:54 | INFO  | http_client_post:161 | 
data stored in a database successfully.[0m
[0m2024-01-16 19:11:54 | DEBUG | _http_event_handler:66 | HTTP_EVENT_DISCONNECTED[0m
[0m2024-01-16 19:11:59 | DEBUG | inspect_task:97 | Currently available heap: 204164[0m
[0m2024-01-16 19:11:59 | DEBUG | inspect_task:98 | The minimum heap size that was ever available: 196340[0m
[0m2024-01-16 19:12:04 | DEBUG | inspect_task:97 | Currently available heap: 204164[0m
[0m2024-01-16 19:12:04 | DEBUG | inspect_task:98 | The minimum heap size that was ever available: 196340[0m
[0m2024-01-16 19:12:09 | DEBUG | inspect_task:97 | Currently available heap: 204164[0m
[0m2024-01-16 19:12:09 | DEBUG | inspect_task:98 | The minimum heap size that was ever available: 196340[0m
[0m2024-01-16 19:12:14 | DEBUG | inspect_task:97 | Currently available heap: 204376[0m
[0m2024-01-16 19:12:14 | DEBUG | inspect_task:98 | The minimum heap size that was ever available: 196340[0m
[0m2024-01-16 19:12:19 | DEBUG | inspect_task:97 | Currently available heap: 204376[0m
[0m2024-01-16 19:12:19 | DEBUG | inspect_task:98 | The minimum heap size that was ever available: 196340[0m
[0m2024-01-16 19:12:24 | DEBUG | inspect_task:97 | Currently available heap: 204376[0m
[0m2024-01-16 19:12:24 | DEBUG | inspect_task:98 | The minimum heap size that was ever available: 196340[0m
[0m2024-01-16 19:12:24 | DEBUG | bmp_i2c_readout:333 | reading temperature of BMP280 device...[0m
[0m2024-01-16 19:12:24 | DEBUG | bmp_i2c_readout:337 | reading pressure of BMP280 device...[0m
[0;32m2024-01-16 19:12:24 | INFO  | read_temperature_task:71 | temperature: 23.08 C[0m
[0;32m2024-01-16 19:12:24 | INFO  | read_temperature_task:72 | pressure: 986.57hPa[0m
[0;32m2024-01-16 19:12:24 | INFO  | read_temperature_task:73 | altitude: 224.49 m. n. p. m.[0m
[0m2024-01-16 19:12:24 | DEBUG | read_temperature_task:75 | data to send to database: device_id=2&temperature=23.08&pressure=986.57&altitude=224.49[0m
[0;32m2024-01-16 19:12:24 | INFO  | http_client_post:143 | making POST request to address: http://wmytych.usermd.net//insert_data.php[0m
[0m2024-01-16 19:12:24 | DEBUG | _http_event_handler:27 | HTTP_EVENT_ON_CONNECTED[0m
[0m2024-01-16 19:12:24 | DEBUG | _http_event_handler:30 | HTTP_EVENT_HEADER_SENT[0m
[0m2024-01-16 19:12:26 | DEBUG | _http_event_handler:33 | HTTP_EVENT_ON_HEADER, key=Server, value=nginx[0m
[0m2024-01-16 19:12:26 | DEBUG | _http_event_handler:33 | HTTP_EVENT_ON_HEADER, key=Date, value=Tue, 16 Jan 2024 19:12:26 GMT[0m
[0m2024-01-16 19:12:26 | DEBUG | _http_event_handler:33 | HTTP_EVENT_ON_HEADER, key=Content-Type, value=text/html; charset=UTF-8[0m
[0m2024-01-16 19:12:26 | DEBUG | _http_event_handler:33 | HTTP_EVENT_ON_HEADER, key=Transfer-Encoding, value=chunked[0m
[0m2024-01-16 19:12:26 | DEBUG | _http_event_handler:33 | HTTP_EVENT_ON_HEADER, key=Connection, value=keep-alive[0m
[0m2024-01-16 19:12:26 | DEBUG | _http_event_handler:33 | HTTP_EVENT_ON_HEADER, key=X-Powered-By, value=PHP/8.1.26[0m
[0m2024-01-16 19:12:26 | DEBUG | _http_event_handler:36 | HTTP_EVENT_ON_DATA, len=39[0m
[0m2024-01-16 19:12:26 | DEBUG | _http_event_handler:37 | HTTP_EVENT_ON_DATA, output_len=0[0m
[0m2024-01-16 19:12:26 | DEBUG | _http_event_handler:38 | HTTP_EVENT_ON_DATA, content_length=-1[0m
[0m2024-01-16 19:12:26 | DEBUG | _http_event_handler:56 | HTTP_EVENT_ON_FINISH[0m
[0m2024-01-16 19:12:26 | DEBUG | http_client_post:158 | HTTP GET Status = 200, content_length = 1073429912[0m
[0;32m2024-01-16 19:12:26 | INFO  | http_client_post:161 | 
data stored in a database successfully.[0m
[0m2024-01-16 19:12:26 | DEBUG | _http_event_handler:66 | HTTP_EVENT_DISCONNECTED[0m
[0m2024-01-16 19:12:29 | DEBUG | inspect_task:97 | Currently available heap: 204164[0m
[0m2024-01-16 19:12:29 | DEBUG | inspect_task:98 | The minimum heap size that was ever available: 196340[0m
[0m2024-01-16 19:12:34 | DEBUG | inspect_task:97 | Currently available heap: 204164[0m
[0m2024-01-16 19:12:34 | DEBUG | inspect_task:98 | The minimum heap size that was ever available: 196340[0m
[0m2024-01-16 19:12:39 | DEBUG | inspect_task:97 | Currently available heap: 204164[0m
[0m2024-01-16 19:12:39 | DEBUG | inspect_task:98 | The minimum heap size that was ever available: 196340[0m
[0m2024-01-16 19:12:44 | DEBUG | inspect_task:97 | Currently available heap: 204164[0m
[0m2024-01-16 19:12:44 | DEBUG | inspect_task:98 | The minimum heap size that was ever available: 196340[0m
[0m2024-01-16 19:12:49 | DEBUG | inspect_task:97 | Currently available heap: 204164[0m
[0m2024-01-16 19:12:49 | DEBUG | inspect_task:98 | The minimum heap size that was ever available: 196340[0m
[0m2024-01-16 19:12:54 | DEBUG | inspect_task:97 | Currently available heap: 204164[0m
[0m2024-01-16 19:12:54 | DEBUG | inspect_task:98 | The minimum heap size that was ever available: 196340[0m
[0m2024-01-16 19:12:56 | DEBUG | bmp_i2c_readout:333 | reading temperature of BMP280 device...[0m
[0m2024-01-16 19:12:56 | DEBUG | bmp_i2c_readout:337 | reading pressure of BMP280 device...[0m
[0;32m2024-01-16 19:12:56 | INFO  | read_temperature_task:71 | temperature: 23.11 C[0m
[0;32m2024-01-16 19:12:56 | INFO  | read_temperature_task:72 | pressure: 986.53hPa[0m
[0;32m2024-01-16 19:12:56 | INFO  | read_temperature_task:73 | altitude: 224.81 m. n. p. m.[0m
[0m2024-01-16 19:12:56 | DEBUG | read_temperature_task:75 | data to send to database: device_id=2&temperature=23.11&pressure=986.53&altitude=224.81[0m
[0;32m2024-01-16 19:12:56 | INFO  | http_client_post:143 | making POST request to address: http://wmytych.usermd.net//insert_data.php[0m
[0m2024-01-16 19:12:56 | DEBUG | _http_event_handler:27 | HTTP_EVENT_ON_CONNECTED[0m
[0m2024-01-16 19:12:56 | DEBUG | _http_event_handler:30 | HTTP_EVENT_HEADER_SENT[0m
[0m2024-01-16 19:12:59 | DEBUG | inspect_task:97 | Currently available heap: 199700[0m
[0m2024-01-16 19:12:59 | DEBUG | inspect_task:98 | The minimum heap size that was ever available: 196340[0m
[0m2024-01-16 19:13:00 | DEBUG | _http_event_handler:33 | HTTP_EVENT_ON_HEADER, key=Server, value=nginx[0m
[0m2024-01-16 19:13:00 | DEBUG | _http_event_handler:33 | HTTP_EVENT_ON_HEADER, key=Date, value=Tue, 16 Jan 2024 19:12:59 GMT[0m
[0m2024-01-16 19:13:00 | DEBUG | _http_event_handler:33 | HTTP_EVENT_ON_HEADER, key=Content-Type, value=text/html; charset=UTF-8[0m
[0m2024-01-16 19:13:00 | DEBUG | _http_event_handler:33 | HTTP_EVENT_ON_HEADER, key=Transfer-Encoding, value=chunked[0m
[0m2024-01-16 19:13:00 | DEBUG | _http_event_handler:33 | HTTP_EVENT_ON_HEADER, key=Connection, value=keep-alive[0m
[0m2024-01-16 19:13:00 | DEBUG | _http_event_handler:33 | HTTP_EVENT_ON_HEADER, key=X-Powered-By, value=PHP/8.1.26[0m
[0m2024-01-16 19:13:00 | DEBUG | _http_event_handler:36 | HTTP_EVENT_ON_DATA, len=39[0m
[0m2024-01-16 19:13:00 | DEBUG | _http_event_handler:37 | HTTP_EVENT_ON_DATA, output_len=0[0m
[0m2024-01-16 19:13:00 | DEBUG | _http_event_handler:38 | HTTP_EVENT_ON_DATA, content_length=-1[0m
[0m2024-01-16 19:13:00 | DEBUG | _http_event_handler:56 | HTTP_EVENT_ON_FINISH[0m
[0m2024-01-16 19:13:00 | DEBUG | http_client_post:158 | HTTP GET Status = 200, content_length = 1073429912[0m
[0;32m2024-01-16 19:13:00 | INFO  | http_client_post:161 | 
data stored in a database successfully.[0m
[0m2024-01-16 19:13:00 | DEBUG | _http_event_handler:66 | HTTP_EVENT_DISCONNECTED[0m
[0m2024-01-16 19:13:04 | DEBUG | inspect_task:97 | Currently available heap: 203952[0m
[0m2024-01-16 19:13:04 | DEBUG | inspect_task:98 | The minimum heap size that was ever available: 196340[0m
[0m2024-01-16 19:13:09 | DEBUG | inspect_task:97 | Currently available heap: 203952[0m
[0m2024-01-16 19:13:09 | DEBUG | inspect_task:98 | The minimum heap size that was ever available: 196340[0m
[0m2024-01-16 19:13:14 | DEBUG | inspect_task:97 | Currently available heap: 203952[0m
[0m2024-01-16 19:13:14 | DEBUG | inspect_task:98 | The minimum heap size that was ever available: 196340[0m
[0m2024-01-16 19:13:19 | DEBUG | inspect_task:97 | Currently available heap: 203952[0m
[0m2024-01-16 19:13:19 | DEBUG | inspect_task:98 | The minimum heap size that was ever available: 196340[0m
[0m2024-01-16 19:13:24 | DEBUG | inspect_task:97 | Currently available heap: 203952[0m
[0m2024-01-16 19:13:24 | DEBUG | inspect_task:98 | The minimum heap size that was ever available: 196340[0m
[0m2024-01-16 19:13:29 | DEBUG | inspect_task:97 | Currently available heap: 203952[0m
[0m2024-01-16 19:13:29 | DEBUG | inspect_task:98 | The minimum heap size that was ever available: 196340[0m
[0m2024-01-16 19:13:30 | DEBUG | bmp_i2c_readout:333 | reading temperature of BMP280 device...[0m
[0m2024-01-16 19:13:30 | DEBUG | bmp_i2c_readout:337 | reading pressure of BMP280 device...[0m
[0;32m2024-01-16 19:13:30 | INFO  | read_temperature_task:71 | temperature: 23.13 C[0m
[0;32m2024-01-16 19:13:30 | INFO  | read_temperature_task:72 | pressure: 986.62hPa[0m
[0;32m2024-01-16 19:13:30 | INFO  | read_temperature_task:73 | altitude: 224.09 m. n. p. m.[0m
[0m2024-01-16 19:13:30 | DEBUG | read_temperature_task:75 | data to send to database: device_id=2&temperature=23.13&pressure=986.62&altitude=224.09[0m
[0;32m2024-01-16 19:13:30 | INFO  | http_client_post:143 | making POST request to address: http://wmytych.usermd.net//insert_data.php[0m
[0m2024-01-16 19:13:31 | DEBUG | _http_event_handler:27 | HTTP_EVENT_ON_CONNECTED[0m
[0m2024-01-16 19:13:31 | DEBUG | _http_event_handler:30 | HTTP_EVENT_HEADER_SENT[0m
[0m2024-01-16 19:13:32 | DEBUG | _http_event_handler:33 | HTTP_EVENT_ON_HEADER, key=Server, value=nginx[0m
[0m2024-01-16 19:13:32 | DEBUG | _http_event_handler:33 | HTTP_EVENT_ON_HEADER, key=Date, value=Tue, 16 Jan 2024 19:13:32 GMT[0m
[0m2024-01-16 19:13:32 | DEBUG | _http_event_handler:33 | HTTP_EVENT_ON_HEADER, key=Content-Type, value=text/html; charset=UTF-8[0m
[0m2024-01-16 19:13:32 | DEBUG | _http_event_handler:33 | HTTP_EVENT_ON_HEADER, key=Transfer-Encoding, value=chunked[0m
[0m2024-01-16 19:13:32 | DEBUG | _http_event_handler:33 | HTTP_EVENT_ON_HEADER, key=Connection, value=keep-alive[0m
[0m2024-01-16 19:13:32 | DEBUG | _http_event_handler:33 | HTTP_EVENT_ON_HEADER, key=X-Powered-By, value=PHP/8.1.26[0m
[0m2024-01-16 19:13:32 | DEBUG | _http_event_handler:36 | HTTP_EVENT_ON_DATA, len=39[0m
[0m2024-01-16 19:13:32 | DEBUG | _http_event_handler:37 | HTTP_EVENT_ON_DATA, output_len=0[0m
[0m2024-01-16 19:13:32 | DEBUG | _http_event_handler:38 | HTTP_EVENT_ON_DATA, content_length=-1[0m
[0m2024-01-16 19:13:32 | DEBUG | _http_event_handler:56 | HTTP_EVENT_ON_FINISH[0m
[0m2024-01-16 19:13:32 | DEBUG | http_client_post:158 | HTTP GET Status = 200, content_length = 1073429912[0m
[0;32m2024-01-16 19:13:32 | INFO  | http_client_post:161 | 
data stored in a database successfully.[0m
[0m2024-01-16 19:13:32 | DEBUG | _http_event_handler:66 | HTTP_EVENT_DISCONNECTED[0m
[0m2024-01-16 19:13:34 | DEBUG | inspect_task:97 | Currently available heap: 203832[0m
[0m2024-01-16 19:13:34 | DEBUG | inspect_task:98 | The minimum heap size that was ever available: 196340[0m
[0m2024-01-16 19:13:39 | DEBUG | inspect_task:97 | Currently available heap: 203952[0m
[0m2024-01-16 19:13:39 | DEBUG | inspect_task:98 | The minimum heap size that was ever available: 196340[0m
[0m2024-01-16 19:13:44 | DEBUG | inspect_task:97 | Currently available heap: 203952[0m
[0m2024-01-16 19:13:44 | DEBUG | inspect_task:98 | The minimum heap size that was ever available: 196340[0m
[0m2024-01-16 19:13:49 | DEBUG | inspect_task:97 | Currently available heap: 203952[0m
[0m2024-01-16 19:13:49 | DEBUG | inspect_task:98 | The minimum heap size that was ever available: 196340[0m
[0m2024-01-16 19:13:54 | DEBUG | inspect_task:97 | Currently available heap: 203952[0m
[0m2024-01-16 19:13:54 | DEBUG | inspect_task:98 | The minimum heap size that was ever available: 196340[0m
[0m2024-01-16 19:13:59 | DEBUG | inspect_task:97 | Currently available heap: 204164[0m
[0m2024-01-16 19:13:59 | DEBUG | inspect_task:98 | The minimum heap size that was ever available: 196340[0m
[0m2024-01-16 19:14:02 | DEBUG | bmp_i2c_readout:333 | reading temperature of BMP280 device...[0m
[0m2024-01-16 19:14:02 | DEBUG | bmp_i2c_readout:337 | reading pressure of BMP280 device...[0m
[0;32m2024-01-16 19:14:02 | INFO  | read_temperature_task:71 | temperature: 23.15 C[0m
[0;32m2024-01-16 19:14:02 | INFO  | read_temperature_task:72 | pressure: 986.59hPa[0m
[0;32m2024-01-16 19:14:02 | INFO  | read_temperature_task:73 | altitude: 224.32 m. n. p. m.[0m
[0m2024-01-16 19:14:02 | DEBUG | read_temperature_task:75 | data to send to database: device_id=2&temperature=23.15&pressure=986.59&altitude=224.32[0m
[0;32m2024-01-16 19:14:02 | INFO  | http_client_post:143 | making POST request to address: http://wmytych.usermd.net//insert_data.php[0m
[0m2024-01-16 19:14:04 | DEBUG | inspect_task:97 | Currently available heap: 201180[0m
[0m2024-01-16 19:14:04 | DEBUG | inspect_task:98 | The minimum heap size that was ever available: 196340[0m
[0m2024-01-16 19:14:06 | DEBUG | _http_event_handler:27 | HTTP_EVENT_ON_CONNECTED[0m
[0m2024-01-16 19:14:06 | DEBUG | _http_event_handler:30 | HTTP_EVENT_HEADER_SENT[0m
[0m2024-01-16 19:14:08 | DEBUG | _http_event_handler:33 | HTTP_EVENT_ON_HEADER, key=Server, value=nginx[0m
[0m2024-01-16 19:14:08 | DEBUG | _http_event_handler:33 | HTTP_EVENT_ON_HEADER, key=Date, value=Tue, 16 Jan 2024 19:14:07 GMT[0m
[0m2024-01-16 19:14:08 | DEBUG | _http_event_handler:33 | HTTP_EVENT_ON_HEADER, key=Content-Type, value=text/html; charset=UTF-8[0m
[0m2024-01-16 19:14:08 | DEBUG | _http_event_handler:33 | HTTP_EVENT_ON_HEADER, key=Transfer-Encoding, value=chunked[0m
[0m2024-01-16 19:14:08 | DEBUG | _http_event_handler:33 | HTTP_EVENT_ON_HEADER, key=Connection, value=keep-alive[0m
[0m2024-01-16 19:14:08 | DEBUG | _http_event_handler:33 | HTTP_EVENT_ON_HEADER, key=X-Powered-By, value=PHP/8.1.26[0m
[0m2024-01-16 19:14:08 | DEBUG | _http_event_handler:36 | HTTP_EVENT_ON_DATA, len=39[0m
[0m2024-01-16 19:14:08 | DEBUG | _http_event_handler:37 | HTTP_EVENT_ON_DATA, output_len=0[0m
[0m2024-01-16 19:14:08 | DEBUG | _http_event_handler:38 | HTTP_EVENT_ON_DATA, content_length=-1[0m
[0m2024-01-16 19:14:08 | DEBUG | _http_event_handler:56 | HTTP_EVENT_ON_FINISH[0m
[0m2024-01-16 19:14:08 | DEBUG | http_client_post:158 | HTTP GET Status = 200, content_length = 1073429912[0m
[0;32m2024-01-16 19:14:08 | INFO  | http_client_post:161 | 
data stored in a database successfully.[0m
[0m2024-01-16 19:14:08 | DEBUG | _http_event_handler:66 | HTTP_EVENT_DISCONNECTED[0m
[0m2024-01-16 19:14:09 | DEBUG | inspect_task:97 | Currently available heap: 203952[0m
[0m2024-01-16 19:14:09 | DEBUG | inspect_task:98 | The minimum heap size that was ever available: 196064[0m
[0m2024-01-16 19:14:14 | DEBUG | inspect_task:97 | Currently available heap: 203952[0m
[0m2024-01-16 19:14:14 | DEBUG | inspect_task:98 | The minimum heap size that was ever available: 196064[0m
[0m2024-01-16 19:14:19 | DEBUG | inspect_task:97 | Currently available heap: 203952[0m
[0m2024-01-16 19:14:19 | DEBUG | inspect_task:98 | The minimum heap size that was ever available: 196064[0m
[0m2024-01-16 19:14:24 | DEBUG | inspect_task:97 | Currently available heap: 203952[0m
[0m2024-01-16 19:14:24 | DEBUG | inspect_task:98 | The minimum heap size that was ever available: 196064[0m
[0m2024-01-16 19:14:29 | DEBUG | inspect_task:97 | Currently available heap: 204164[0m
[0m2024-01-16 19:14:29 | DEBUG | inspect_task:98 | The minimum heap size that was ever available: 196064[0m
[0m2024-01-16 19:14:34 | DEBUG | inspect_task:97 | Currently available heap: 204164[0m
[0m2024-01-16 19:14:34 | DEBUG | inspect_task:98 | The minimum heap size that was ever available: 196064[0m
[0m2024-01-16 19:14:38 | DEBUG | bmp_i2c_readout:333 | reading temperature of BMP280 device...[0m
[0m2024-01-16 19:14:38 | DEBUG | bmp_i2c_readout:337 | reading pressure of BMP280 device...[0m
[0;32m2024-01-16 19:14:38 | INFO  | read_temperature_task:71 | temperature: 23.17 C[0m
[0;32m2024-01-16 19:14:38 | INFO  | read_temperature_task:72 | pressure: 986.63hPa[0m
[0;32m2024-01-16 19:14:38 | INFO  | read_temperature_task:73 | altitude: 223.98 m. n. p. m.[0m
[0m2024-01-16 19:14:38 | DEBUG | read_temperature_task:75 | data to send to database: device_id=2&temperature=23.17&pressure=986.63&altitude=223.98[0m
[0;32m2024-01-16 19:14:38 | INFO  | http_client_post:143 | making POST request to address: http://wmytych.usermd.net//insert_data.php[0m
[0m2024-01-16 19:14:39 | DEBUG | inspect_task:97 | Currently available heap: 201196[0m
[0m2024-01-16 19:14:39 | DEBUG | inspect_task:98 | The minimum heap size that was ever available: 196064[0m
[0m2024-01-16 19:14:41 | DEBUG | _http_event_handler:27 | HTTP_EVENT_ON_CONNECTED[0m
[0m2024-01-16 19:14:41 | DEBUG | _http_event_handler:30 | HTTP_EVENT_HEADER_SENT[0m
[0m2024-01-16 19:14:44 | DEBUG | _http_event_handler:33 | HTTP_EVENT_ON_HEADER, key=Server, value=nginx[0m
[0m2024-01-16 19:14:44 | DEBUG | _http_event_handler:33 | HTTP_EVENT_ON_HEADER, key=Date, value=Tue, 16 Jan 2024 19:14:44 GMT[0m
[0m2024-01-16 19:14:44 | DEBUG | _http_event_handler:33 | HTTP_EVENT_ON_HEADER, key=Content-Type, value=text/html; charset=UTF-8[0m
[0m2024-01-16 19:14:44 | DEBUG | _http_event_handler:33 | HTTP_EVENT_ON_HEADER, key=Transfer-Encoding, value=chunked[0m
[0m2024-01-16 19:14:44 | DEBUG | _http_event_handler:33 | HTTP_EVENT_ON_HEADER, key=Connection, value=keep-alive[0m
[0m2024-01-16 19:14:44 | DEBUG | _http_event_handler:33 | HTTP_EVENT_ON_HEADER, key=X-Powered-By, value=PHP/8.1.26[0m
[0m2024-01-16 19:14:44 | DEBUG | _http_event_handler:36 | HTTP_EVENT_ON_DATA, len=39[0m
[0m2024-01-16 19:14:44 | DEBUG | _http_event_handler:37 | HTTP_EVENT_ON_DATA, output_len=0[0m
[0m2024-01-16 19:14:44 | DEBUG | _http_event_handler:38 | HTTP_EVENT_ON_DATA, content_length=-1[0m
[0m2024-01-16 19:14:44 | DEBUG | _http_event_handler:56 | HTTP_EVENT_ON_FINISH[0m
[0m2024-01-16 19:14:44 | DEBUG | http_client_post:158 | HTTP GET Status = 200, content_length = 1073429912[0m
[0;32m2024-01-16 19:14:44 | INFO  | http_client_post:161 | 
data stored in a database successfully.[0m
[0m2024-01-16 19:14:44 | DEBUG | _http_event_handler:66 | HTTP_EVENT_DISCONNECTED[0m
[0m2024-01-16 19:14:44 | DEBUG | inspect_task:97 | Currently available heap: 203832[0m
[0m2024-01-16 19:14:44 | DEBUG | inspect_task:98 | The minimum heap size that was ever available: 196064[0m
[0m2024-01-16 19:14:49 | DEBUG | inspect_task:97 | Currently available heap: 203964[0m
[0m2024-01-16 19:14:49 | DEBUG | inspect_task:98 | The minimum heap size that was ever available: 196064[0m
[0m2024-01-16 19:14:54 | DEBUG | inspect_task:97 | Currently available heap: 203964[0m
[0m2024-01-16 19:14:54 | DEBUG | inspect_task:98 | The minimum heap size that was ever available: 196064[0m
[0m2024-01-16 19:14:59 | DEBUG | inspect_task:97 | Currently available heap: 203964[0m
[0m2024-01-16 19:14:59 | DEBUG | inspect_task:98 | The minimum heap size that was ever available: 196064[0m
[0m2024-01-16 19:15:04 | DEBUG | inspect_task:97 | Currently available heap: 203964[0m
[0m2024-01-16 19:15:04 | DEBUG | inspect_task:98 | The minimum heap size that was ever available: 196064[0m
[0m2024-01-16 19:15:09 | DEBUG | inspect_task:97 | Currently available heap: 203964[0m
[0m2024-01-16 19:15:09 | DEBUG | inspect_task:98 | The minimum heap size that was ever available: 196064[0m
[0m2024-01-16 19:15:14 | DEBUG | bmp_i2c_readout:333 | reading temperature of BMP280 device...[0m
[0m2024-01-16 19:15:14 | DEBUG | bmp_i2c_readout:337 | reading pressure of BMP280 device...[0m
[0;32m2024-01-16 19:15:14 | INFO  | read_temperature_task:71 | temperature: 23.22 C[0m
[0;32m2024-01-16 19:15:14 | INFO  | read_temperature_task:72 | pressure: 986.63hPa[0m
[0;32m2024-01-16 19:15:14 | INFO  | read_temperature_task:73 | altitude: 224.02 m. n. p. m.[0m
[0m2024-01-16 19:15:14 | DEBUG | read_temperature_task:75 | data to send to database: device_id=2&temperature=23.22&pressure=986.63&altitude=224.02[0m
[0;32m2024-01-16 19:15:14 | INFO  | http_client_post:143 | making POST request to address: http://wmytych.usermd.net//insert_data.php[0m
[0m2024-01-16 19:15:14 | DEBUG | _http_event_handler:27 | HTTP_EVENT_ON_CONNECTED[0m
[0m2024-01-16 19:15:14 | DEBUG | _http_event_handler:30 | HTTP_EVENT_HEADER_SENT[0m
[0m2024-01-16 19:15:14 | DEBUG | inspect_task:97 | Currently available heap: 199708[0m
[0m2024-01-16 19:15:14 | DEBUG | inspect_task:98 | The minimum heap size that was ever available: 196064[0m
[0m2024-01-16 19:15:14 | DEBUG | _http_event_handler:33 | HTTP_EVENT_ON_HEADER, key=Server, value=nginx[0m
[0m2024-01-16 19:15:14 | DEBUG | _http_event_handler:33 | HTTP_EVENT_ON_HEADER, key=Date, value=Tue, 16 Jan 2024 19:15:14 GMT[0m
[0m2024-01-16 19:15:14 | DEBUG | _http_event_handler:33 | HTTP_EVENT_ON_HEADER, key=Content-Type, value=text/html; charset=UTF-8[0m
[0m2024-01-16 19:15:14 | DEBUG | _http_event_handler:33 | HTTP_EVENT_ON_HEADER, key=Transfer-Encoding, value=chunked[0m
[0m2024-01-16 19:15:14 | DEBUG | _http_event_handler:33 | HTTP_EVENT_ON_HEADER, key=Connection, value=keep-alive[0m
[0m2024-01-16 19:15:14 | DEBUG | _http_event_handler:33 | HTTP_EVENT_ON_HEADER, key=X-Powered-By, value=PHP/8.1.26[0m
[0m2024-01-16 19:15:14 | DEBUG | _http_event_handler:36 | HTTP_EVENT_ON_DATA, len=39[0m
[0m2024-01-16 19:15:14 | DEBUG | _http_event_handler:37 | HTTP_EVENT_ON_DATA, output_len=0[0m
[0m2024-01-16 19:15:14 | DEBUG | _http_event_handler:38 | HTTP_EVENT_ON_DATA, content_length=-1[0m
[0m2024-01-16 19:15:14 | DEBUG | _http_event_handler:56 | HTTP_EVENT_ON_FINISH[0m
[0m2024-01-16 19:15:14 | DEBUG | http_client_post:158 | HTTP GET Status = 200, content_length = 1073429912[0m
[0;32m2024-01-16 19:15:14 | INFO  | http_client_post:161 | 
data stored in a database successfully.[0m
[0m2024-01-16 19:15:14 | DEBUG | _http_event_handler:66 | HTTP_EVENT_DISCONNECTED[0m
[0m2024-01-16 19:15:19 | DEBUG | inspect_task:97 | Currently available heap: 203964[0m
[0m2024-01-16 19:15:19 | DEBUG | inspect_task:98 | The minimum heap size that was ever available: 196064[0m
[0m2024-01-16 19:15:24 | DEBUG | inspect_task:97 | Currently available heap: 203964[0m
[0m2024-01-16 19:15:24 | DEBUG | inspect_task:98 | The minimum heap size that was ever available: 196064[0m
[0m2024-01-16 19:15:29 | DEBUG | inspect_task:97 | Currently available heap: 203964[0m
[0m2024-01-16 19:15:29 | DEBUG | inspect_task:98 | The minimum heap size that was ever available: 196064[0m
[0m2024-01-16 19:15:34 | DEBUG | inspect_task:97 | Currently available heap: 203964[0m
[0m2024-01-16 19:15:34 | DEBUG | inspect_task:98 | The minimum heap size that was ever available: 196064[0m
[0m2024-01-16 19:15:39 | DEBUG | inspect_task:97 | Currently available heap: 204176[0m
[0m2024-01-16 19:15:39 | DEBUG | inspect_task:98 | The minimum heap size that was ever available: 196064[0m
[0m2024-01-16 19:15:44 | DEBUG | inspect_task:97 | Currently available heap: 204176[0m
[0m2024-01-16 19:15:44 | DEBUG | inspect_task:98 | The minimum heap size that was ever available: 196064[0m
[0m2024-01-16 19:15:44 | DEBUG | bmp_i2c_readout:333 | reading temperature of BMP280 device...[0m
[0m2024-01-16 19:15:44 | DEBUG | bmp_i2c_readout:337 | reading pressure of BMP280 device...[0m
[0;32m2024-01-16 19:15:44 | INFO  | read_temperature_task:71 | temperature: 23.23 C[0m
[0;32m2024-01-16 19:15:44 | INFO  | read_temperature_task:72 | pressure: 986.65hPa[0m
[0;32m2024-01-16 19:15:44 | INFO  | read_temperature_task:73 | altitude: 223.81 m. n. p. m.[0m
[0m2024-01-16 19:15:44 | DEBUG | read_temperature_task:75 | data to send to database: device_id=2&temperature=23.23&pressure=986.65&altitude=223.81[0m
[0;32m2024-01-16 19:15:44 | INFO  | http_client_post:143 | making POST request to address: http://wmytych.usermd.net//insert_data.php[0m
[0m2024-01-16 19:15:47 | DEBUG | _http_event_handler:27 | HTTP_EVENT_ON_CONNECTED[0m
[0m2024-01-16 19:15:47 | DEBUG | _http_event_handler:30 | HTTP_EVENT_HEADER_SENT[0m
[0m2024-01-16 19:15:49 | DEBUG | _http_event_handler:33 | HTTP_EVENT_ON_HEADER, key=Server, value=nginx[0m
[0m2024-01-16 19:15:49 | DEBUG | _http_event_handler:33 | HTTP_EVENT_ON_HEADER, key=Date, value=Tue, 16 Jan 2024 19:15:49 GMT[0m
[0m2024-01-16 19:15:49 | DEBUG | _http_event_handler:33 | HTTP_EVENT_ON_HEADER, key=Content-Type, value=text/html; charset=UTF-8[0m
[0m2024-01-16 19:15:49 | DEBUG | _http_event_handler:33 | HTTP_EVENT_ON_HEADER, key=Transfer-Encoding, value=chunked[0m
[0m2024-01-16 19:15:49 | DEBUG | _http_event_handler:33 | HTTP_EVENT_ON_HEADER, key=Connection, value=keep-alive[0m
[0m2024-01-16 19:15:49 | DEBUG | _http_event_handler:33 | HTTP_EVENT_ON_HEADER, key=X-Powered-By, value=PHP/8.1.26[0m
[0m2024-01-16 19:15:49 | DEBUG | _http_event_handler:36 | HTTP_EVENT_ON_DATA, len=39[0m
[0m2024-01-16 19:15:49 | DEBUG | _http_event_handler:37 | HTTP_EVENT_ON_DATA, output_len=0[0m
[0m2024-01-16 19:15:49 | DEBUG | _http_event_handler:38 | HTTP_EVENT_ON_DATA, content_length=-1[0m
[0m2024-01-16 19:15:49 | DEBUG | _http_event_handler:56 | HTTP_EVENT_ON_FINISH[0m
[0m2024-01-16 19:15:49 | DEBUG | http_client_post:158 | HTTP GET Status = 200, content_length = 1073429912[0m
[0;32m2024-01-16 19:15:49 | INFO  | http_client_post:161 | 
data stored in a database successfully.[0m
[0m2024-01-16 19:15:49 | DEBUG | _http_event_handler:66 | HTTP_EVENT_DISCONNECTED[0m
[0m2024-01-16 19:15:49 | DEBUG | inspect_task:97 | Currently available heap: 203964[0m
[0m2024-01-16 19:15:49 | DEBUG | inspect_task:98 | The minimum heap size that was ever available: 196064[0m
[0m2024-01-16 19:15:54 | DEBUG | inspect_task:97 | Currently available heap: 203964[0m
[0m2024-01-16 19:15:54 | DEBUG | inspect_task:98 | The minimum heap size that was ever available: 196064[0m
[0m2024-01-16 19:15:59 | DEBUG | inspect_task:97 | Currently available heap: 203964[0m
[0m2024-01-16 19:15:59 | DEBUG | inspect_task:98 | The minimum heap size that was ever available: 196064[0m
[0m2024-01-16 19:16:04 | DEBUG | inspect_task:97 | Currently available heap: 203964[0m
[0m2024-01-16 19:16:04 | DEBUG | inspect_task:98 | The minimum heap size that was ever available: 196064[0m
[0m2024-01-16 19:16:09 | DEBUG | inspect_task:97 | Currently available heap: 204176[0m
[0m2024-01-16 19:16:09 | DEBUG | inspect_task:98 | The minimum heap size that was ever available: 196064[0m
[0m2024-01-16 19:16:14 | DEBUG | inspect_task:97 | Currently available heap: 201836[0m
[0m2024-01-16 19:16:14 | DEBUG | inspect_task:98 | The minimum heap size that was ever available: 196064[0m
[0m2024-01-16 19:16:17 | DEBUG | wifi_c_get_status_as_json:236 | storing wifi_c_status structure as JSON string...[0m
[0m2024-01-16 19:16:17 | DEBUG | wifi_c_scan_all_ap:502 | scanning for Access Points...[0m
[0m2024-01-16 19:16:19 | DEBUG | bmp_i2c_readout:333 | reading temperature of BMP280 device...[0m
[0m2024-01-16 19:16:19 | DEBUG | bmp_i2c_readout:337 | reading pressure of BMP280 device...[0m
[0;32m2024-01-16 19:16:19 | INFO  | read_temperature_task:71 | temperature: 23.24 C[0m
[0;32m2024-01-16 19:16:19 | INFO  | read_temperature_task:72 | pressure: 986.68hPa[0m
[0;32m2024-01-16 19:16:19 | INFO  | read_temperature_task:73 | altitude: 223.52 m. n. p. m.[0m
[0m2024-01-16 19:16:19 | DEBUG | read_temperature_task:75 | data to send to database: device_id=2&temperature=23.24&pressure=986.68&altitude=223.52[0m
[0;32m2024-01-16 19:16:19 | INFO  | http_client_post:143 | making POST request to address: http://wmytych.usermd.net//insert_data.php[0m
[0m2024-01-16 19:16:19 | DEBUG | inspect_task:97 | Currently available heap: 186128[0m
[0m2024-01-16 19:16:19 | DEBUG | inspect_task:98 | The minimum heap size that was ever available: 184104[0m
[0;32m2024-01-16 19:16:20 | INFO  | wifi_c_ap_event_handler:81 | Total APs scanned: 10[0m
[0m2024-01-16 19:16:20 | DEBUG | wifi_manager_fetch_ap_list:27 | wifi manager scan complete, scanned: 42405 APs[0m
[0;33mW (453827) httpd_uri: httpd_uri: URI '/favicon.ico' not found[0m
[0;33mW (453827) httpd_txrx: httpd_resp_send_err: 404 Not Found - Nothing matches the given URI[0m
[0m2024-01-16 19:16:20 | DEBUG | _http_event_handler:27 | HTTP_EVENT_ON_CONNECTED[0m
[0m2024-01-16 19:16:20 | DEBUG | _http_event_handler:30 | HTTP_EVENT_HEADER_SENT[0m
[0m2024-01-16 19:16:22 | DEBUG | _http_event_handler:33 | HTTP_EVENT_ON_HEADER, key=Server, value=nginx[0m
[0m2024-01-16 19:16:22 | DEBUG | _http_event_handler:33 | HTTP_EVENT_ON_HEADER, key=Date, value=Tue, 16 Jan 2024 19:16:22 GMT[0m
[0m2024-01-16 19:16:22 | DEBUG | _http_event_handler:33 | HTTP_EVENT_ON_HEADER, key=Content-Type, value=text/html; charset=UTF-8[0m
[0m2024-01-16 19:16:22 | DEBUG | _http_event_handler:33 | HTTP_EVENT_ON_HEADER, key=Transfer-Encoding, value=chunked[0m
[0m2024-01-16 19:16:22 | DEBUG | _http_event_handler:33 | HTTP_EVENT_ON_HEADER, key=Connection, value=keep-alive[0m
[0m2024-01-16 19:16:22 | DEBUG | _http_event_handler:33 | HTTP_EVENT_ON_HEADER, key=X-Powered-By, value=PHP/8.1.26[0m
[0m2024-01-16 19:16:22 | DEBUG | _http_event_handler:36 | HTTP_EVENT_ON_DATA, len=39[0m
[0m2024-01-16 19:16:22 | DEBUG | _http_event_handler:37 | HTTP_EVENT_ON_DATA, output_len=0[0m
[0m2024-01-16 19:16:22 | DEBUG | _http_event_handler:38 | HTTP_EVENT_ON_DATA, content_length=-1[0m
[0m2024-01-16 19:16:22 | DEBUG | _http_event_handler:56 | HTTP_EVENT_ON_FINISH[0m
[0m2024-01-16 19:16:22 | DEBUG | http_client_post:158 | HTTP GET Status = 200, content_length = 1073429912[0m
[0;32m2024-01-16 19:16:22 | INFO  | http_client_post:161 | 
data stored in a database successfully.[0m
[0m2024-01-16 19:16:22 | DEBUG | _http_event_handler:66 | HTTP_EVENT_DISCONNECTED[0m
[0m2024-01-16 19:16:24 | DEBUG | inspect_task:97 | Currently available heap: 193116[0m
[0m2024-01-16 19:16:24 | DEBUG | inspect_task:98 | The minimum heap size that was ever available: 180352[0m
[0m2024-01-16 19:16:29 | DEBUG | inspect_task:97 | Currently available heap: 193236[0m
[0m2024-01-16 19:16:29 | DEBUG | inspect_task:98 | The minimum heap size that was ever available: 180352[0m
[0m2024-01-16 19:16:34 | DEBUG | inspect_task:97 | Currently available heap: 193236[0m
[0m2024-01-16 19:16:34 | DEBUG | inspect_task:98 | The minimum heap size that was ever available: 180352[0m
[0m2024-01-16 19:16:39 | DEBUG | inspect_task:97 | Currently available heap: 193236[0m
[0m2024-01-16 19:16:39 | DEBUG | inspect_task:98 | The minimum heap size that was ever available: 180352[0m
[0m2024-01-16 19:16:44 | DEBUG | inspect_task:97 | Currently available heap: 193236[0m
[0m2024-01-16 19:16:44 | DEBUG | inspect_task:98 | The minimum heap size that was ever available: 180352[0m
[0m2024-01-16 19:16:49 | DEBUG | inspect_task:97 | Currently available heap: 193236[0m
[0m2024-01-16 19:16:49 | DEBUG | inspect_task:98 | The minimum heap size that was ever available: 180352[0m
[0m2024-01-16 19:16:52 | DEBUG | bmp_i2c_readout:333 | reading temperature of BMP280 device...[0m
[0m2024-01-16 19:16:52 | DEBUG | bmp_i2c_readout:337 | reading pressure of BMP280 device...[0m
[0;32m2024-01-16 19:16:52 | INFO  | read_temperature_task:71 | temperature: 23.22 C[0m
[0;32m2024-01-16 19:16:52 | INFO  | read_temperature_task:72 | pressure: 986.63hPa[0m
[0;32m2024-01-16 19:16:52 | INFO  | read_temperature_task:73 | altitude: 223.95 m. n. p. m.[0m
[0m2024-01-16 19:16:52 | DEBUG | read_temperature_task:75 | data to send to database: device_id=2&temperature=23.22&pressure=986.63&altitude=223.95[0m
[0;32m2024-01-16 19:16:52 | INFO  | http_client_post:143 | making POST request to address: http://wmytych.usermd.net//insert_data.php[0m
[0m2024-01-16 19:16:53 | DEBUG | _http_event_handler:27 | HTTP_EVENT_ON_CONNECTED[0m
[0m2024-01-16 19:16:53 | DEBUG | _http_event_handler:30 | HTTP_EVENT_HEADER_SENT[0m
[0m2024-01-16 19:16:54 | DEBUG | inspect_task:97 | Currently available heap: 187360[0m
[0m2024-01-16 19:16:54 | DEBUG | inspect_task:98 | The minimum heap size that was ever available: 180352[0m
[0m2024-01-16 19:16:56 | DEBUG | _http_event_handler:33 | HTTP_EVENT_ON_HEADER, key=Server, value=nginx[0m
[0m2024-01-16 19:16:56 | DEBUG | _http_event_handler:33 | HTTP_EVENT_ON_HEADER, key=Date, value=Tue, 16 Jan 2024 19:16:55 GMT[0m
[0m2024-01-16 19:16:56 | DEBUG | _http_event_handler:33 | HTTP_EVENT_ON_HEADER, key=Content-Type, value=text/html; charset=UTF-8[0m
[0m2024-01-16 19:16:56 | DEBUG | _http_event_handler:33 | HTTP_EVENT_ON_HEADER, key=Transfer-Encoding, value=chunked[0m
[0m2024-01-16 19:16:56 | DEBUG | _http_event_handler:33 | HTTP_EVENT_ON_HEADER, key=Connection, value=keep-alive[0m
[0m2024-01-16 19:16:56 | DEBUG | _http_event_handler:33 | HTTP_EVENT_ON_HEADER, key=X-Powered-By, value=PHP/8.1.26[0m
[0m2024-01-16 19:16:56 | DEBUG | _http_event_handler:36 | HTTP_EVENT_ON_DATA, len=39[0m
[0m2024-01-16 19:16:56 | DEBUG | _http_event_handler:37 | HTTP_EVENT_ON_DATA, output_len=0[0m
[0m2024-01-16 19:16:56 | DEBUG | _http_event_handler:38 | HTTP_EVENT_ON_DATA, content_length=-1[0m
[0m2024-01-16 19:16:56 | DEBUG | _http_event_handler:56 | HTTP_EVENT_ON_FINISH[0m
[0m2024-01-16 19:16:56 | DEBUG | http_client_post:158 | HTTP GET Status = 200, content_length = 1073429912[0m
[0;32m2024-01-16 19:16:56 | INFO  | http_client_post:161 | 
data stored in a database successfully.[0m
[0m2024-01-16 19:16:56 | DEBUG | _http_event_handler:66 | HTTP_EVENT_DISCONNECTED[0m
[0m2024-01-16 19:16:59 | DEBUG | inspect_task:97 | Currently available heap: 193236[0m
[0m2024-01-16 19:16:59 | DEBUG | inspect_task:98 | The minimum heap size that was ever available: 180352[0m
[0m2024-01-16 19:17:04 | DEBUG | inspect_task:97 | Currently available heap: 193236[0m
[0m2024-01-16 19:17:04 | DEBUG | inspect_task:98 | The minimum heap size that was ever available: 180352[0m
