[0m2024-01-16 21:52:49 | DEBUG | root_handler:64 | serving GET "/" request...[0m
[0m2024-01-16 21:52:49 | DEBUG | script_handler:85 | serving GET "/code.js" request...[0m
[0m2024-01-16 21:52:49 | DEBUG | state_json_handler:112 | serving GET "/state" request...[0m
[0m2024-01-16 21:52:49 | DEBUG | wifi_c_get_status_as_json:236 | storing wifi_c_status structure as JSON string...[0m
[0m2024-01-16 21:52:49 | DEBUG | ap_json_handler:96 | serving GET "/scan" request...[0m
[0m2024-01-16 21:52:49 | DEBUG | wifi_c_scan_all_ap:488 | scanning for Access Points...[0m
[0m2024-01-16 21:52:49 | DEBUG | inspect_task:97 | Currently available heap: 190960[0m
[0m2024-01-16 21:52:49 | DEBUG | inspect_task:98 | The minimum heap size that was ever available: 182356[0m
[0;32m2024-01-16 21:52:52 | INFO  | wifi_c_ap_event_handler:81 | Total APs scanned: 30[0m
[0m2024-01-16 21:52:52 | DEBUG | wifi_manager_fetch_ap_list:27 | wifi manager scan complete, scanned: 57856 APs[0m
[0m2024-01-16 21:52:54 | DEBUG | inspect_task:97 | Currently available heap: 191400[0m
[0m2024-01-16 21:52:54 | DEBUG | inspect_task:98 | The minimum heap size that was ever available: 182356[0m
[0m2024-01-16 21:52:59 | DEBUG | inspect_task:97 | Currently available heap: 191400[0m
[0m2024-01-16 21:52:59 | DEBUG | inspect_task:98 | The minimum heap size that was ever available: 182356[0m
[0m2024-01-16 21:53:02 | DEBUG | connect_handler:134 | serving POST "/connect" request...[0m
[0;32m2024-01-16 21:53:02 | INFO  | connect_handler:168 | Received APs credentials!
	SSID: TP-LINK_AD8313
	Password: 20232887[0m
I (55008) wifi:state: run -> init (0)
I (55008) wifi:pm stop, total sleep time: 37802259 us / 49812876 us

I (55018) wifi:<ba-del>idx:0, tid:0
I (55018) wifi:new:<11,2>, old:<11,2>, ap:<11,2>, sta:<11,2>, prof:1
[0m2024-01-16 21:53:02 | DEBUG | wifi_c_start_sta:414 | WiFi successfully configured as STA.[0m
E (55068) wifi:sta is connecting, return error
E (55068) wifi:sta is connecting, return error
[0;31m2024-01-16 21:53:02 | ERROR | lib/wifi_controller/src/wifi_controller.c:451 | wifi_c_start_sta:451 | Error when starting STA: 12295, 
ESP-IDF error: ESP_ERR_WIFI_CONN[0;33m2024-01-16 21:53:02 | WARN  | lib/wifi_controller/src/wifi_controller.c:99 | wifi_c_sta_event_handler:99 | [0m
Failed to connect to AP, trying again.[0m
[0m2024-01-16 21:53:04 | DEBUG | inspect_task:97 | Currently available heap: 192084[0m
[0m2024-01-16 21:53:04 | DEBUG | inspect_task:98 | The minimum heap size that was ever available: 182356[0m
I (57908) wifi:primary chan differ, old=11, new=11, start CSA timer
I (57908) wifi:new:<11,2>, old:<11,2>, ap:<11,2>, sta:<11,2>, prof:1
I (59078) wifi:state: init -> auth (b0)
I (59088) wifi:state: auth -> assoc (0)
[0;32m2024-01-16 21:53:06 | INFO  | wifi_c_ap_event_handler:78 | Station 10:02:b5:33:2e:17 left, AID=1[0m
[0;32m2024-01-16 21:53:06 | INFO  | wifi_c_ap_event_handler:78 | Station 10:02:b5:33:2e:17 left, AID=1[0m
[0;32m2024-01-16 21:53:06 | INFO  | wifi_c_ap_event_handler:78 | Station 10:02:b5:33:2e:17 left, AID=1[0m
I (59108) wifi:state: assoc -> run (10)
I (59148) wifi:connected with TP-LINK_AD8313, aid = 4, channel 11, 40D, bssid = 84:16:f9:ad:83:12
I (59148) wifi:security: WPA2-PSK, phy: bgn, rssi: -40
I (59168) wifi:pm start, type: 1

I (59178) wifi:<ba-add>idx:0 (ifx:0, 84:16:f9:ad:83:12), tid:0, ssn:0, winSize:64
I (59238) wifi:AP's beacon interval = 102400 us, DTIM period = 1
[0;32m2024-01-16 21:53:07 | INFO  | wifi_c_sta_event_handler:106 | Got IP:192.168.0.103[0m
[0;32mI (60168) esp_netif_handlers: sta ip: 192.168.0.103, mask: 255.255.255.0, gw: 192.168.0.1[0m
[0;32m2024-01-16 21:53:09 | INFO  | wifi_c_ap_event_handler:78 | Station 10:02:b5:33:2e:17 left, AID=1[0m
I (62028) wifi:starting SA query procedure with STA(10:02:b5:33:2e:17)
I (62028) wifi:Send SA Query req with transaction id 181f
I (62228) wifi:Send SA Query req with transaction id 1820
[0m2024-01-16 21:53:09 | DEBUG | inspect_task:97 | Currently available heap: 191176[0m
[0m2024-01-16 21:53:09 | DEBUG | inspect_task:98 | The minimum heap size that was ever available: 174868[0m
I (62428) wifi:Send SA Query req with transaction id 1821
I (62628) wifi:Send SA Query req with transaction id 1822
I (62828) wifi:Send SA Query req with transaction id 1823
I (63028) wifi:Send SA Query req with transaction id 1824
I (63058) wifi:STA not responded to 6 SA Query attempts, Reset connection sending disassoc
I (63218) wifi:station: 10:02:b5:33:2e:17 leave, AID = 1, bss_flags is 658547, bss:0x3ffcefd0
I (63218) wifi:new:<11,2>, old:<11,2>, ap:<11,2>, sta:<11,2>, prof:1
I (63218) wifi:<ba-del>idx:2, tid:0
[0;32m2024-01-16 21:53:10 | INFO  | wifi_c_ap_event_handler:78 | Station 10:02:b5:33:2e:17 left, AID=1[0m
I (63608) wifi:new:<11,2>, old:<11,2>, ap:<11,2>, sta:<11,2>, prof:1
I (63608) wifi:station: 10:02:b5:33:2e:17 join, AID=1, bgn, 40D
[0;32m2024-01-16 21:53:11 | INFO  | wifi_c_ap_event_handler:74 | Station 10:02:b5:33:2e:17 joined, AID=1[0m
[0;32mI (63758) esp_netif_lwip: DHCP server assigned IP to a client, IP is: 192.168.4.2[0m
I (65258) wifi:<ba-add>idx:2 (ifx:1, 10:02:b5:33:2e:17), tid:0, ssn:23, winSize:64
[0m2024-01-16 21:53:14 | DEBUG | inspect_task:97 | Currently available heap: 191548[0m
[0m2024-01-16 21:53:14 | DEBUG | inspect_task:98 | The minimum heap size that was ever available: 174868[0m
[0m2024-01-16 21:53:19 | DEBUG | inspect_task:97 | Currently available heap: 191548[0m
[0m2024-01-16 21:53:19 | DEBUG | inspect_task:98 | The minimum heap size that was ever available: 174868[0m
[0m2024-01-16 21:53:24 | DEBUG | inspect_task:97 | Currently available heap: 191548[0m
[0m2024-01-16 21:53:24 | DEBUG | inspect_task:98 | The minimum heap size that was ever available: 174868[0m
[0m2024-01-16 21:53:29 | DEBUG | inspect_task:97 | Currently available heap: 191548[0m
[0m2024-01-16 21:53:29 | DEBUG | inspect_task:98 | The minimum heap size that was ever available: 174868[0m
I (86248) wifi:station: 10:02:b5:33:2e:17 leave, AID = 1, bss_flags is 134259, bss:0x3ffcefd0
I (86248) wifi:new:<11,2>, old:<11,2>, ap:<11,2>, sta:<11,2>, prof:1
I (86248) wifi:<ba-del>idx:2, tid:0
[0;32m2024-01-16 21:53:33 | INFO  | wifi_c_ap_event_handler:78 | Station 10:02:b5:33:2e:17 left, AID=1[0m
[0m2024-01-16 21:53:34 | DEBUG | inspect_task:97 | Currently available heap: 193676[0m
[0m2024-01-16 21:53:34 | DEBUG | inspect_task:98 | The minimum heap size that was ever available: 174868[0m
[0m2024-01-16 21:53:39 | DEBUG | inspect_task:97 | Currently available heap: 193676[0m
[0m2024-01-16 21:53:39 | DEBUG | inspect_task:98 | The minimum heap size that was ever available: 174868[0m
[0m2024-01-16 21:53:44 | DEBUG | inspect_task:97 | Currently available heap: 193676[0m
[0m2024-01-16 21:53:44 | DEBUG | inspect_task:98 | The minimum heap size that was ever available: 174868[0m
[0m2024-01-16 21:53:49 | DEBUG | inspect_task:97 | Currently available heap: 193676[0m
[0m2024-01-16 21:53:49 | DEBUG | inspect_task:98 | The minimum heap size that was ever available: 174868[0m
[0m2024-01-16 21:53:54 | DEBUG | inspect_task:97 | Currently available heap: 193676[0m
[0m2024-01-16 21:53:54 | DEBUG | inspect_task:98 | The minimum heap size that was ever available: 174868[0m
[0m2024-01-16 21:53:59 | DEBUG | inspect_task:97 | Currently available heap: 193676[0m
[0m2024-01-16 21:53:59 | DEBUG | inspect_task:98 | The minimum heap size that was ever available: 174868[0m
[0m2024-01-16 21:54:04 | DEBUG | inspect_task:97 | Currently available heap: 193676[0m
[0m2024-01-16 21:54:04 | DEBUG | inspect_task:98 | The minimum heap size that was ever available: 174868[0m
[0m2024-01-16 21:54:09 | DEBUG | inspect_task:97 | Currently available heap: 193676[0m
[0m2024-01-16 21:54:09 | DEBUG | inspect_task:98 | The minimum heap size that was ever available: 174868[0m
[0m2024-01-16 21:54:14 | DEBUG | inspect_task:97 | Currently available heap: 193676[0m
[0m2024-01-16 21:54:14 | DEBUG | inspect_task:98 | The minimum heap size that was ever available: 174868[0m
[0m2024-01-16 21:54:19 | DEBUG | inspect_task:97 | Currently available heap: 193696[0m
[0m2024-01-16 21:54:19 | DEBUG | inspect_task:98 | The minimum heap size that was ever available: 174868[0m
[0m2024-01-16 21:54:24 | DEBUG | inspect_task:97 | Currently available heap: 193696[0m
[0m2024-01-16 21:54:24 | DEBUG | inspect_task:98 | The minimum heap size that was ever available: 174868[0m
[0m2024-01-16 21:54:29 | DEBUG | inspect_task:97 | Currently available heap: 193696[0m
[0m2024-01-16 21:54:29 | DEBUG | inspect_task:98 | The minimum heap size that was ever available: 174868[0m
[0m2024-01-16 21:54:34 | DEBUG | inspect_task:97 | Currently available heap: 193696[0m
[0m2024-01-16 21:54:34 | DEBUG | inspect_task:98 | The minimum heap size that was ever available: 174868[0m
[0m2024-01-16 21:54:39 | DEBUG | inspect_task:97 | Currently available heap: 193696[0m
[0m2024-01-16 21:54:39 | DEBUG | inspect_task:98 | The minimum heap size that was ever available: 174868[0m
[0m2024-01-16 21:54:44 | DEBUG | inspect_task:97 | Currently available heap: 193696[0m
[0m2024-01-16 21:54:44 | DEBUG | inspect_task:98 | The minimum heap size that was ever available: 174868[0m
[0m2024-01-16 21:54:49 | DEBUG | inspect_task:97 | Currently available heap: 193696[0m
[0m2024-01-16 21:54:49 | DEBUG | inspect_task:98 | The minimum heap size that was ever available: 174868[0m
[0m2024-01-16 21:54:54 | DEBUG | inspect_task:97 | Currently available heap: 193696[0m
[0m2024-01-16 21:54:54 | DEBUG | inspect_task:98 | The minimum heap size that was ever available: 174868[0m
[0m2024-01-16 21:54:59 | DEBUG | inspect_task:97 | Currently available heap: 193696[0m
[0m2024-01-16 21:54:59 | DEBUG | inspect_task:98 | The minimum heap size that was ever available: 174868[0m
[0m2024-01-16 21:55:04 | DEBUG | inspect_task:97 | Currently available heap: 193716[0m
[0m2024-01-16 21:55:04 | DEBUG | inspect_task:98 | The minimum heap size that was ever available: 174868[0m
[0m2024-01-16 21:55:09 | DEBUG | inspect_task:97 | Currently available heap: 193716[0m
[0m2024-01-16 21:55:09 | DEBUG | inspect_task:98 | The minimum heap size that was ever available: 174868[0m
[0m2024-01-16 21:55:14 | DEBUG | inspect_task:97 | Currently available heap: 193716[0m
[0m2024-01-16 21:55:14 | DEBUG | inspect_task:98 | The minimum heap size that was ever available: 174868[0m
[0m2024-01-16 21:55:19 | DEBUG | inspect_task:97 | Currently available heap: 193716[0m
[0m2024-01-16 21:55:19 | DEBUG | inspect_task:98 | The minimum heap size that was ever available: 174868[0m
[0m2024-01-16 21:55:24 | DEBUG | inspect_task:97 | Currently available heap: 193716[0m
[0m2024-01-16 21:55:24 | DEBUG | inspect_task:98 | The minimum heap size that was ever available: 174868[0m
[0m2024-01-16 21:55:29 | DEBUG | inspect_task:97 | Currently available heap: 193716[0m
[0m2024-01-16 21:55:29 | DEBUG | inspect_task:98 | The minimum heap size that was ever available: 174868[0m
[0m2024-01-16 21:55:34 | DEBUG | inspect_task:97 | Currently available heap: 193716[0m
[0m2024-01-16 21:55:34 | DEBUG | inspect_task:98 | The minimum heap size that was ever available: 174868[0m
[0m2024-01-16 21:55:39 | DEBUG | inspect_task:97 | Currently available heap: 193716[0m
[0m2024-01-16 21:55:39 | DEBUG | inspect_task:98 | The minimum heap size that was ever available: 174868[0m
[0m2024-01-16 21:55:44 | DEBUG | inspect_task:97 | Currently available heap: 193716[0m
[0m2024-01-16 21:55:44 | DEBUG | inspect_task:98 | The minimum heap size that was ever available: 174868[0m
[0m2024-01-16 21:55:49 | DEBUG | inspect_task:97 | Currently available heap: 193716[0m
[0m2024-01-16 21:55:49 | DEBUG | inspect_task:98 | The minimum heap size that was ever available: 174868[0m
[0m2024-01-16 21:55:54 | DEBUG | inspect_task:97 | Currently available heap: 193716[0m
[0m2024-01-16 21:55:54 | DEBUG | inspect_task:98 | The minimum heap size that was ever available: 174868[0m
[0m2024-01-16 21:55:59 | DEBUG | inspect_task:97 | Currently available heap: 193716[0m
[0m2024-01-16 21:55:59 | DEBUG | inspect_task:98 | The minimum heap size that was ever available: 174868[0m
[0m2024-01-16 21:56:04 | DEBUG | inspect_task:97 | Currently available heap: 193716[0m
[0m2024-01-16 21:56:04 | DEBUG | inspect_task:98 | The minimum heap size that was ever available: 174868[0m
[0m2024-01-16 21:56:09 | DEBUG | inspect_task:97 | Currently available heap: 193716[0m
[0m2024-01-16 21:56:09 | DEBUG | inspect_task:98 | The minimum heap size that was ever available: 174868[0m
[0m2024-01-16 21:56:14 | DEBUG | inspect_task:97 | Currently available heap: 193716[0m
[0m2024-01-16 21:56:14 | DEBUG | inspect_task:98 | The minimum heap size that was ever available: 174868[0m
[0m2024-01-16 21:56:19 | DEBUG | inspect_task:97 | Currently available heap: 193716[0m
[0m2024-01-16 21:56:19 | DEBUG | inspect_task:98 | The minimum heap size that was ever available: 174868[0m
[0m2024-01-16 21:56:24 | DEBUG | inspect_task:97 | Currently available heap: 193716[0m
[0m2024-01-16 21:56:24 | DEBUG | inspect_task:98 | The minimum heap size that was ever available: 174868[0m
[0m2024-01-16 21:56:29 | DEBUG | inspect_task:97 | Currently available heap: 193716[0m
[0m2024-01-16 21:56:29 | DEBUG | inspect_task:98 | The minimum heap size that was ever available: 174868[0m
[0m2024-01-16 21:56:34 | DEBUG | inspect_task:97 | Currently available heap: 193716[0m
[0m2024-01-16 21:56:34 | DEBUG | inspect_task:98 | The minimum heap size that was ever available: 174868[0m
[0m2024-01-16 21:56:39 | DEBUG | inspect_task:97 | Currently available heap: 193716[0m
[0m2024-01-16 21:56:39 | DEBUG | inspect_task:98 | The minimum heap size that was ever available: 174868[0m
[0m2024-01-16 21:56:44 | DEBUG | inspect_task:97 | Currently available heap: 193716[0m
[0m2024-01-16 21:56:44 | DEBUG | inspect_task:98 | The minimum heap size that was ever available: 174868[0m
[0m2024-01-16 21:56:49 | DEBUG | inspect_task:97 | Currently available heap: 193716[0m
[0m2024-01-16 21:56:49 | DEBUG | inspect_task:98 | The minimum heap size that was ever available: 174868[0m
[0m2024-01-16 21:56:54 | DEBUG | inspect_task:97 | Currently available heap: 193716[0m
[0m2024-01-16 21:56:54 | DEBUG | inspect_task:98 | The minimum heap size that was ever available: 174868[0m
[0m2024-01-16 21:56:59 | DEBUG | inspect_task:97 | Currently available heap: 193716[0m
[0m2024-01-16 21:56:59 | DEBUG | inspect_task:98 | The minimum heap size that was ever available: 174868[0m
