[0;32mI (122) esp_image: segment 1: paddr=0003c2d8 vaddr=3fc91eI (3148) wifi:new:<11,2>, old:<1,0>, ap:<255,255>, sta:<11,2>, prof:1
I (3148) wifi:state: init -> auth (b0)
I (3158) wifi:state: auth -> assoc (0)
I (3158) wifi:state: assoc -> run (10)
I (3168) wifi:connected with TP-LINK_AD8313, aid = 6, channel 11, 40D, bssid = 84:16:f9:ad:83:12
I (3168) wifi:security: WPA2-PSK, phy: bgn, rssi: -57
I (3178) wifi:pm start, type: 1

I (3178) wifi:set rx beacon pti, rx_bcn_pti: 0, bcn_timeout: 25000, mt_pti: 0, mt_time: 10000
I (3188) wifi:AP's beacon interval = 102400 us, DTIM period = 1
I (3218) wifi:<ba-add>idx:0 (ifx:0, 84:16:f9:ad:83:12), tid:0, ssn:0, winSize:64
[0;32m2024-01-27 17:00:59 | INFO  | wifi_c_sta_event_handler:116 | Got IP:192.168.0.100[0m
[0;32mI (4188) esp_netif_handlers: sta ip: 192.168.0.100, mask: 255.255.255.0, gw: 192.168.0.1[0m
[0m2024-01-27 17:00:59 | DEBUG | wifi_c_check_sta_connection_result:128 | WIFI_C_CONNECTED_BIT is set![0m
[0;32m2024-01-27 17:00:59 | INFO  | bmp_init:427 | preparing new BMP280 device...[0m
[0m2024-01-27 17:00:59 | DEBUG | inspect_task:74 | Currently available heap: 212740[0m
[0m2024-01-27 17:00:59 | DEBUG | inspect_task:75 | The minimum heap size that was ever available: 212740[0m
[0m2024-01-27 17:00:59 | DEBUG | bmp_i2c_identify_chip:283 | Trying to find BMP280 device on bus with 0x77 address...[0m
[0m2024-01-27 17:00:59 | DEBUG | tcp_create_socket:168 | preparing socket...[0m
[0m2024-01-27 17:00:59 | DEBUG | i2c_c_set_device_addr:115 | changed device address from 0 to 0XEE[0m
[0m2024-01-27 17:00:59 | DEBUG | tcp_create_socket:175 | created socket: 54[0m
[0m2024-01-27 17:00:59 | DEBUG | tcp_prepare_address:211 | preparing address...[0m
[0m2024-01-27 17:00:59 | DEBUG | tcp_prepare_address:220 | prepared address 192.168.0.100:27015[0m
[0m2024-01-27 17:00:59 | DEBUG | tcp_bind_socket:232 | binding socket: 54 to address: 192.168.0.100:34665[0m
[0m2024-01-27 17:00:59 | DEBUG | bmp_i2c_identify_chip:289 | found BMP280 device on bus with address: 0XEE and ID: 0[0m
[0m2024-01-27 17:00:59 | DEBUG | tcp_bind_socket:242 | [0m2024-01-27 17:00:59 | DEBUG | bmp_i2c_get_ctrl_meas:94 | readed ctr_meas register value: 0X4F[0m
[0m2024-01-27 17:00:59 | DEBUG | bmp_i2c_calibrate:252 | reading BMP280 out calibration values...[0m
socket: 54 bound to address: 192.168.0.100:27015[0m
[0m2024-01-27 17:00:59 | DEBUG | tcp_socket_listen:253 | trying to listen on socket: 54[0m
[0m2024-01-27 17:00:59 | DEBUG | bmp_i2c_calibrate:272 | compensation values of BMP280 device updated:
	T1: 0
	T2: 0x1
	T3: 0x3fc99000
	P1: 0
	P2: 0xa0000000
	P3: 0xa
	P4: 0x3fc99000
	P5: 0x3c0c0000
	P6: 0x3c0c018c
	P7: 0x3fc9a0a0
	P8: 0x3fc99000
	P9: 0x68f66e18 [0m
[0;32m2024-01-27 17:00:59 | INFO  | tcp_socket_listen:260 | listening on socket: 192.168.0.100:27015[0m
[0;32m2024-01-27 17:00:59 | INFO  | cli_set_remote_logging:63 | Connect to device on IP 192.168.0.100 with port 27015 to capture logs.[0m
[0;32m2024-01-27 17:00:59 | INFO  | bmp_init:444 | new BMP280 device ready to use![0m
[0m2024-01-27 17:00:59 | DEBUG | bmp_i2c_get_config:79 | readed config register value: 0XA0[0m
[0m2024-01-27 17:00:59 | DEBUG | bmp_i2c_set_standby_time:173 | config register value changed to: 160[0m
[0m2024-01-27 17:00:59 | DEBUG | bmp_i2c_get_config:79 | readed config register value: 0XA0[0m
[0m2024-01-27 17:00:59 | DEBUG | bmp_i2c_set_iir_filter:237 | config register value of BMP280 device changed to: 0xa0[0m
[0m2024-01-27 17:00:59 | DEBUG | bmp_i2c_get_ctrl_meas:94 | readed ctr_meas register value: 0X4F[0m
[0m2024-01-27 17:00:59 | DEBUG | bmp_i2c_set_press_oversampling:197 | BMP280 device ctrl_meas register was set to: 0X4F[0m
[0m2024-01-27 17:00:59 | DEBUG | bmp_i2c_get_ctrl_meas:94 | readed ctr_meas register value: 0X4F[0m
[0m2024-01-27 17:00:59 | DEBUG | bmp_i2c_set_temp_oversampling:221 | BMP280 device ctrl_meas register was set to: 0X6E[0m
[0m2024-01-27 17:01:00 | DEBUG | bmp_i2c_get_ctrl_meas:94 | readed ctr_meas register value: 0X4F[0m
[0m2024-01-27 17:01:00 | DEBUG | bmp_i2c_set_mode:150 | BMP280 device mode was set to: 3[0m
[0;32m2024-01-27 17:01:00 | INFO  | read_temperature_task:52 | Identified BMP280 device:
 address: ee
 chip id: 58
 mode: 3[0m
[0m2024-01-27 17:01:00 | DEBUG | bmp_i2c_readout:333 | reading temperature of BMP280 device...[0m
[0m2024-01-27 17:01:00 | DEBUG | bmp_i2c_readout:337 | reading pressure of BMP280 device...[0m
[0;32m2024-01-27 17:01:00 | INFO  | read_temperature_task:57 | temperature: 26.29 C[0m
[0;32m2024-01-27 17:01:00 | INFO  | read_temperature_task:58 | pressure: 1000.56hPa[0m
[0;32m2024-01-27 17:01:00 | INFO  | read_temperature_task:59 | altitude: 106.13 m. n. p. m.[0m
[0m2024-01-27 17:01:00 | DEBUG | read_temperature_task:61 | data to send to database: device_id=333333&temperature=26.29&pressure=1000.56&altitude=106.13[0m
[0;32m2024-01-27 17:01:00 | INFO  | http_client_post:143 | making POST request to address: http://wmytych.usermd.net/modules/setters/insert_data.php[0m
[0m2024-01-27 17:01:00 | DEBUG | _http_event_handler:27 | HTTP_EVENT_ON_CONNECTED[0m
[0m2024-01-27 17:01:00 | DEBUG | _http_event_handler:30 | HTTP_[0m2024-01-27 17:01:14 | DEBUG | inspect_task:74 | Currently available heap: 211156[0m
[0m2024-01-27 17:01:14 | DEBUG | inspect_task:75 | The minimum heap size that was ever available: 203620[0m
[0m2024-01-27 17:01:19 | DEBUG | inspect_task:74 | Currently available heap: 211156[0m
[0m2024-01-27 17:01:19 | DEBUG | inspect_task:75 | The minimum heap size that was ever available: 203620[0m
[0m2024-01-27 17:01:24 | DEBUG | inspect_task:74 | Currently available heap: 211156[0m
[0m2024-01-27 17:01:24 | DEBUG | inspect_task:75 | The minimum heap size that was ever available: 203620[0m
[0m2024-01-27 17:01:29 | DEBUG | inspect_task:74 | Currently available heap: 211156[0m
[0m2024-01-27 17:01:29 | DEBUG | inspect_task:75 | The minimum heap size that was ever available: 203620[0m
[0m2024-01-27 17:01:30 | DEBUG | bmp_i2c_readout:333 | reading temperature of BMP280 device...[0m
[0m2024-01-27 17:01:30 | DEBUG | bmp_i2c_readout:337 | reading pressure of BMP280 device...[0m
[0;32m2024-01-27 17:01:30 | INFO  | read_temperature_task:57 | temperature: 26.30 C[0m
[0;32m2024-01-27 17:01:30 | INFO  | read_temperature_task:58 | pressure: 1000.55hPa[0m
[0;32m2024-01-27 17:01:30 | INFO  | read_temperature_task:59 | altitude: 106.24 m. n. p. m.[0m
[0m2024-01-27 17:01:30 | DEBUG | read_temperature_task:61 | data to send to database: device_id=333333&temperature=26.30&pressure=1000.55&altitude=106.24[0m
[0;32m2024-01-27 17:01:30 | INFO  | http_client_post:143 | making POST request to address: http://wmytych.usermd.net/modules/setters/insert_data.php[0m
[0m2024-01-27 17:01:30 | DEBUG | _http_event_handler:27 | HTTP_EVENT_ON_CONNECTED[0m
[0m2024-01-27 17:01:30 | DEBUG | _http_event_handler:30 | HTTP_EVENT_HEADER_SENT[0m
[0m2024-01-27 17:01:30 | DEBUG | _http_event_handler:33 | HTTP_EVENT_ON_HEADER, key=Server, value=nginx[0m
[0m2024-01-27 17:01:30 | DEBUG | _http_event_handler:33 | HTTP_EVENT_ON_HEADER, key=Date, value=Sat, 27 Jan 2024 17:01:30 GMT[0m
[0m2024-01-27 17:01:30 | DEBUG | _http_event_handler:33 | HTTP_EVENT_ON_HEADER, key=Content-Type, value=text/html; charset=UTF-8[0m
[0m2024-01-27 17:01:30 | DEBUG | _http_event_handler:33 | HTTP_EVENT_ON_HEADER, key=Transfer-Encoding, value=chunked[0m
[0m2024-01-27 17:01:30 | DEBUG | _http_event_handler:33 | HTTP_EVENT_ON_HEADER, key=Connection, value=keep-alive[0m
[0m2024-01-27 17:01:30 | DEBUG | _http_event_handler:33 | HTTP_EVENT_ON_HEADER, key=X-Powered-By, value=PHP/8.3.0[0m
[0m2024-01-27 17:01:30 | DEBUG | _http_event_handler:36 | HTTP_EVENT_ON_DATA, len=39[0m
[0m2024-01-27 17:01:30 | DEBUG | _http_event_handler:37 | HTTP_EVENT_ON_DATA, output_len=0[0m
[0m2024-01-27 17:01:30 | DEBUG | _http_event_handler:38 | HTTP_EVENT_ON_DATA, content_length=-1[0m
[0m2024-01-27 17:01:30 | DEBUG | _http_event_handler:56 | HTTP_EVENT_ON_FINISH[0m
[0m2024-01-27 17:01:30 | DEBUG | http_client_post:159 | HTTP GET Status = 200, content_length = 1[0m
[0;32m2024-01-27 17:01:30 | INFO  | http_client_post:162 | 
data stored in a database successfully.[0m
[0m2024-01-27 17:01:30 | DEBUG | _http_event_handler:66 | HTTP_EVENT_DISCONNECTED[0m
[0;32m2024-01-27 17:01:30 | INFO  | read_temperature_task:63 | Client POST request returned: 0[0m
[0m2024-01-27 17:01:34 | DEBUG | inspect_task:74 | Currently available heap: 210944[0m
[0m2024-01-27 17:01:34 | DEBUG | inspect_task:75 | The minimum heap size that was ever available: 203368[0m
[0m2024-01-27 17:01:39 | DEBUG | inspect_task:74 | Currently available heap: 210944[0m
[0m2024-01-27 17:01:39 | DEBUG | inspect_task:75 | The minimum heap size that was ever available: 203368[0m
[0m2024-01-27 17:01:44 | DEBUG | inspect_task:74 | Currently available heap: 210944[0m
[0m2024-01-27 17:01:44 | DEBUG | inspect_task:75 | The minimum heap size that was ever available: 203368[0m
[0m2024-01-27 17:01:49 | DEBUG | inspect_task:74 | Currently available heap: 210944[0m
[0m2024-01-27 17:01:49 | DEBUG | inspect_task:75 | The minimum heap size that was ever available: 203368[0m
[0m2024-01-27 17:01:54 | DEBUG | inspect_task:74 | Currently available heap: 210944[0m
[0m2024-01-27 17:01:54 | DEBUG | inspect_task:75 | The minimum heap size that was ever available: 203368[0m
[0m2024-01-27 17:01:59 | DEBUG | inspect_task:74 | Currently available heap: 210932[0m
[0m2024-01-27 17:01:59 | DEBUG | inspect_task:75 | The minimum heap size that was ever available: 203368[0m
[0m2024-01-27 17:02:00 | DEBUG | bmp_i2c_readout:333 | reading temperature of BMP280 device...[0m
[0;31m2024-01-27 17:02:00 | ERROR | lib/i2c_controller/src/i2c_controller.c:144 | i2c_c_read:144 | error -1 during reading registers on I2C: ESP_FAIL[0m
[0;31m2024-01-27 17:02:00 | ERROR | lib/i2c_controller/src/i2c_controller.c:144 | i2c_c_read:144 | error -1 during reading registers on I2C: ESP_FAIL[0m
[0;31m2024-01-27 17:02:00 | ERROR | lib/bmp280/src/bmp280.c:341 | bmp_i2c_readout:341 | error -1 during reading results from BMP280 device: ESP_FAIL[0m
[0;32m2024-01-27 17:02:00 | INFO  | read_temperature_task:57 | temperature: 26.30 C[0m
[0;32m2024-01-27 17:02:00 | INFO  | read_temperature_task:58 | pressure: 1000.55hPa[0m
[0;32m2024-01-27 17:02:00 | INFO  | read_temperature_task:59 | altitude: 106.24 m. n. p. m.[0m
[0m2024-01-27 17:02:00 | DEBUG | read_temperature_task:61 | data to send to database: device_id=333333&temperature=26.30&pressure=1000.55&altitude=106.24[0m
[0;32m2024-01-27 17:02:00 | INFO  | http_client_post:143 | making POST request to address: http://wmytych.usermd.net/modules/setters/insert_data.php[0m
[0m2024-01-27 17:02:00 | DEBUG | _http_event_handler:27 | HTTP_EVENT_ON_CONNECTED[0m
[0m2024-01-27 17:02:00 | DEBUG | _http_event_handler:30 | HTTP_EVENT_HEADER_SENT[0m
[0m2024-01-27 17:02:00 | DEBUG | _http_event_handler:33 | HTTP_EVENT_ON_HEADER, key=Server, value=nginx[0m
[0m2024-01-27 17:02:00 | DEBUG | _http_event_handler:33 | HTTP_EVENT_ON_HEADER, key=Date, value=Sat, 27 Jan 2024 17:02:00 GMT[0m
[0m2024-01-27 17:02:00 | DEBUG | _http_event_handler:33 | HTTP_EVENT_ON_HEADER, key=Content-Type, value=text/html; charset=UTF-8[0m
[0m2024-01-27 17:02:00 | DEBUG | _http_event_handler:33 | HTTP_EVENT_ON_HEADER, key=Transfer-Encoding, value=chunked[0m
[0m2024-01-27 17:02:00 | DEBUG | _http_event_handler:33 | HTTP_EVENT_ON_HEADER, key=Connection, value=keep-alive[0m
[0m2024-01-27 17:02:00 | DEBUG | _http_event_handler:33 | HTTP_EVENT_ON_HEADER, key=X-Powered-By, value=PHP/8.3.0[0m
[0m2024-01-27 17:02:00 | DEBUG | _http_event_handler:36 | HTTP_EVENT_ON_DATA, len=39[0m
[0m2024-01-27 17:02:00 | DEBUG | _http_event_handler:37 | HTTP_EVENT_ON_DATA, output_len=0[0m
[0m2024-01-27 17:02:00 | DEBUG | _http_event_handler:38 | HTTP_EVENT_ON_DATA, content_length=-1[0m
[0m2024-01-27 17:02:00 | DEBUG | _http_event_handler:56 | HTTP_EVENT_ON_FINISH[0m
[0m2024-01-27 17:02:00 | DEBUG | http_client_post:159 | HTTP GET Status = 200, content_length = 1[0m
[0;32m2024-01-27 17:02:00 | INFO  | http_client_post:162 | 
data stored in a database successfully.[0m
[0m2024-01-27 17:02:00 | DEBUG | _http_event_handler:66 | HTTP_EVENT_DISCONNECTED[0m
[0;32m2024-01-27 17:02:00 | INFO  | read_temperature_task:63 | Client POST request returned: 0[0m
[0m2024-01-27 17:02:04 | DEBUG | inspect_task:74 | Currently available heap: 210300[0m
[0m2024-01-27 17:02:04 | DEBUG | inspect_task:75 | The minimum heap size that was ever available: 202716[0m
[0m2024-01-27 17:02:09 | DEBUG | inspect_task:74 | Currently available heap: 210300[0m
[0m2024-01-27 17:02:09 | DEBUG | inspect_task:75 | The minimum heap size that was ever available: 202716[0m
