I (1026) wifi:mode : sta (c8:f0:9e:f8:01:a8)
I (1026) wifi:enable tsf
[0;32m1970-01-01 00:00:00 | INFO  | wifi_c_sta_event_handler:158 | Station started, connecting to WiFi.[0m
[0m1970-01-01 00:00:00 | DEBUG | wifi_c_init_wifi:503 | wifi successfully initialized[0m
[0m1970-01-01 00:00:00 | DEBUG | nvs_c_open_read_only:79 | opened namespace nvs for read only operations[0m
[0;32m1970-01-01 00:00:00 | INFO  | nvs_c_read_string:131 | read 15 bytes from namespace: nvs[0m
[0m1970-01-01 00:00:00 | DEBUG | wifi_manager_get_stored_ap:79 | found stored SSID in NVS: TP-LINK_AD8313[0m
[0;32m1970-01-01 00:00:00 | INFO  | nvs_c_read_string:131 | read 9 bytes from namespace: nvs[0m
[0m1970-01-01 00:00:00 | DEBUG | wifi_manager_get_stored_ap:83 | found stored password in NVS: 20232887[0m
[0m1970-01-01 00:00:00 | DEBUG | nvs_c_close:88 | nvs namespace: nvs was closed[0m
[0;32m1970-01-01 00:00:00 | INFO  | wifi_manager_init:232 | found stored AP, connecting to: TP-LINK_AD8313[0m
[0m1970-01-01 00:00:00 | DEBUG | wifi_c_start_sta:667 | WiFi successfully configured as STA.[0m
I (3526) wifi:new:<1,1>, old:<1,0>, ap:<255,255>, sta:<1,1>, prof:1
I (3526) wifi:state: init -> auth (b0)
I (3546) wifi:state: auth -> assoc (0)
I (3556) wifi:state: assoc -> run (10)
I (3606) wifi:connected with TP-LINK_AD8313, aid = 4, channel 1, 40U, bssid = 84:16:f9:ad:83:12
I (3606) wifi:security: WPA2-PSK, phy: bgn, rssi: -50
I (3616) wifi:pm start, type: 1

I (3626) wifi:<ba-add>idx:0 (ifx:0, 84:16:f9:ad:83:12), tid:0, ssn:0, winSize:64
I (3706) wifi:AP's beacon interval = 102400 us, DTIM period = 1
[0;32m1970-01-01 00:00:04 | INFO  | wifi_c_sta_event_handler:184 | Got IP:192.168.0.103[0m
[0;32mI (4616) esp_netif_handlers: sta ip: 192.168.0.103, mask: 255.255.255.0, gw: 192.168.0.1[0m
[0;32m1970-01-01 00:00:04 | INFO  | http_client_get:185 | making GET request to address: http://wmytych.usermd.net/modules/getters/get_gpio_state.php?device_id=222222[0m1970-01-01 00:00:04 | DEBUG | wifi_c_check_sta_connection_result:202 | [0m
WIFI_C_CONNECTED_BIT is set![0m
[0m1970-01-01 00:00:04 | DEBUG | ota_c_prepare_url_with_device_id:151 | prepared url with device id for ota update:
http://wmytych.usermd.net/modules/getters/ota.php?device_id=222222[0m
[0m1970-01-01 00:00:04 | DEBUG | inspect_task:92 | Currently available heap: 218812[0m
[0m1970-01-01 00:00:04 | DEBUG | inspect_task:93 | The minimum heap size that was ever available: 218812[0m
[0m1970-01-01 00:00:04 | DEBUG | tcp_create_socket:168 | preparing socket...[0m
[0m1970-01-01 00:00:04 | DEBUG | _http_event_handler:27 | HTTP_EVENT_ON_CONNECTED[0m
[0m1970-01-01 00:00:04 | DEBUG | _http_event_handler:30 | HTTP_EVENT_HEADER_SENT[0m
[0m1970-01-01 00:00:04 | DEBUG | tcp_create_socket:175 | created socket: 55[0m
[0m1970-01-01 00:00:04 | DEBUG | tcp_prepare_address:211 | preparing address...[0m
[0m1970-01-01 00:00:04 | DEBUG | tcp_prepare_address:220 | prepared address 192.168.0.103:27015[0m
[0m1970-01-01 00:00:04 | DEBUG | tcp_bind_socket:232 | binding socket: 55 to address: 192.168.0.103:34665[0m
[0m1970-01-01 00:00:04 | DEBUG | tcp_bind_socket:242 | [0m1970-01-01 00:00:04 | DEBUG | _http_event_handler:33 | HTTP_EVENT_ON_HEADER, key=Server, value=nginx[0m
socket: 55 bound to address: 192.168.0.103:27015[0m
[0m1970-01-01 00:00:04 | DEBUG | _http_event_handler:33 | HTTP_EVENT_ON_HEADER, key=Date, value=Sat, 10 Feb 2024 20:22:26 GMT[0m
[0m1970-01-01 00:00:04 | DEBUG | _http_event_handler:33 | HTTP_EVENT_ON_HEADER, key=Content-Type, value=text/html; charset=UTF-8[0m
[0m1970-01-01 00:00:04 | DEBUG | _http_event_handler:33 | HTTP_EVENT_ON_HEADER, key=Transfer-Encoding, value=chunked[0m
[0m1970-01-01 00:00:04 | DEBUG | _http_event_handler:33 | HTTP_EVENT_ON_HEADER, key=Connection, value=keep-alive[0m
[0m1970-01-01 00:00:04 | DEBUG | _http_event_handler:33 | HTTP_EVENT_ON_HEADER, key=X-Powered-By, value=PHP/8.3.2[0m
[0m1970-01-01 00:00:04 | DEBUG | _http_event_handler:36 | HTTP_EVENT_ON_DATA, len=7[0m
[0m1970-01-01 00:00:04 | DEBUG | _http_event_handler:37 | HTTP_EVENT_ON_DATA, output_len=0[0m
[0m1970-01-01 00:00:04 | DEBUG | _http_event_handler:38 | HTTP_EVENT_ON_DATA, content_length=-1[0m
[0m1970-01-01 00:00:04 | DEBUG | _http_event_handler:56 | HTTP_EVENT_ON_FINISH[0m
[0m1970-01-01 00:00:04 | DEBUG | http_client_get:200 | HTTP GET Status = 200, content_length = 1073429340[0m
[0;32m1970-01-01 00:00:04 | INFO  | http_client_get:203 | 
[[2,1]][0m
[0m1970-01-01 00:00:04 | DEBUG | http_client_get:214 | HTTP response stored into buffer
[[0;32m1970-01-01 00:00:06 | INFO  | http_client_get:185 | making GET request to address: http://wmytych.usermd.net/modules/getters/get_gpio_state.php?device_id=222222[0m
[0m1970-01-01 00:00:06 | DEBUG | _http_event_handler:27 | HTTP_EVENT_ON_CONNECTED[0m
[0m1970-01-01 00:00:06 | DEBUG | _http_event_handler:30 | HTTP_EVENT_HEADER_SENT[0m
[0m1970-01-01 00:00:06 | DEBUG | _http_event_handler:33 | HTTP_EVENT_ON_HEADER, key=Server, value=nginx[0m
[0m1970-01-01 00:00:06 | DEBUG | _http_event_handler:33 | HTTP_EVENT_ON_HEADER, key=Date, value=Sat, 10 Feb 2024 20:22:28 GMT[0m
[0m1970-01-01 00:00:06 | DEBUG | _http_event_handler:33 | HTTP_EVENT_ON_HEADER, key=Content-Type, value=text/html; charset=UTF-8[0m
[0m1970-01-01 00:00:06 | DEBUG | _http_event_handler:33 | HTTP_EVENT_ON_HEADER, key=Transfer-Encoding, value=chunked[0m
[0m1970-01-01 00:00:06 | DEBUG | _http_event_handler:33 | HTTP_EVENT_ON_HEADER, key=Connection, value=keep-alive[0m
[0m1970-01-01 00:00:06 | DEBUG | _http_event_handler:33 | HTTP_EVENT_ON_HEADER, key=X-Powered-By, value=PHP/8.3.2[0m
[0m1970-01-01 00:00:06 | DEBUG | _http_event_handler:36 | HTTP_EVENT_ON_DATA, len=7[0m
[0m1970-01-01 00:00:06 | DEBUG | _http_event_handler:37 | HTTP_EVENT_ON_DATA, output_len=0[0m
[0m1970-01-01 00:00:06 | DEBUG | _http_event_handler:38 | HTTP_EVENT_ON_DATA, content_length=-1[0m
[0m1970-01-01 00:00:06 | DEBUG | _http_event_handler:56 | HTTP_EVENT_ON_FINISH[0m
[0m1970-01-01 00:00:06 | DEBUG | http_client_get:200 | HTTP GET Status = 200, content_length = 1073429340[0m
[0;32m1970-01-01 00:00:06 | INFO  | http_client_get:203 | 
[[2,1]][0m
[0m1970-01-01 00:00:06 | DEBUG | http_client_get:214 | HTTP response stored into buffer[0m
[0m1970-01-01 00:00:06 | DEBUG | _http_event_handler:66 | HTTP_EVENT_DISCONNECTED[0m
[0;32m1970-01-01 00:00:06 | INFO  | switch_gpio_task:55 | HTTP GET RESPONSE: [[2,1]][0m
[0;32m1970-01-01 00:00:08 | INFO  | http_client_get:185 | making GET request to address: http://wmytych.usermd.net/modules/getters/get_gpio_state.php?device_id=222222[0m
[0m1970-01-01 00:00:08 | DEBUG | _http_event_handler:27 | HTTP_EVENT_ON_CONNECTED[0m
[0m1970-01-01 00:00:08 | DEBUG | _http_event_handler:30 | HTTP_EVENT_HEADER_SENT[0m
[0m1970-01-01 00:00:09 | DEBUG | inspect_task:92 | Currently available heap: 216456[0m
[0m1970-01-01 00:00:09 | DEBUG | inspect_task:93 | The minimum heap size that was ever available: 214756[0m
[0m1970-01-01 00:00:09 | DEBUG | _http_event_handler:33 | HTTP_EVENT_ON_HEADER, key=Server, value=nginx[0m
[0m1970-01-01 00:00:09 | DEBUG | _http_event_handler:33 | HTTP_EVENT_ON_HEADER, key=Date, value=Sat, 10 Feb 2024 20:22:32 GMT[0m
[0m1970-01-01 00:00:09 | DEBUG | _http_event_handler:33 | HTTP_EVENT_ON_HEADER, key=Content-Type, value=text/html; charset=UTF-8[0m
[0m1970-01-01 00:00:09 | DEBUG | _http_event_handler:33 | HTTP_EVENT_ON_HEADER, key=Transfer-Encoding, value=chunked[0m
[0m1970-01-01 00:00:09 | DEBUG | _http_event_handler:33 | HTTP_EVENT_ON_HEADER, key=Connection, value=keep-alive[0m
[0m1970-01-01 00:00:09 | DEBUG | _http_event_handler:33 | HTTP_EVENT_ON_HEADER, key=X-Powered-By, value=PHP/8.3.2[0m
[0m1970-01-01 00:00:09 | DEBUG | _http_event_handler:36 | HTTP_EVENT_ON_DATA, len=7[0m
[0m1970-01-01 00:00:09 | DEBUG | _http_event_handler:37 | HTTP_EVENT_ON_DATA, output_len=0[0m
[0m1970-01-01 00:00:09 | DEBUG | _http_event_handler:38 | HTTP_EVENT_ON_DATA, content_length=-1[0m
[0m1970-01-01 00:00:09 | DEBUG | _http_event_handler:56 | HTTP_EVENT_ON_FINISH[0m
[0m1970-01-01 00:00:09 | DEBUG | http_client_get:200 | HTTP GET Status = 200, content_length = 1073429340[0m
[0;32m1970-01-01 00:00:10 | INFO  | http_client_get:203 | 
[[2,1]][0m
[0m1970-01-01 00:00:10 | DEBUG | http_client_get:214 | HTTP response stored into buffer[0m
[0m1970-01-01 00:00:10 | DEBUG | _http_event_handler:66 | HTTP_EVENT_DISCONNECTED[0m
[0;32m1970-01-01 00:00:10 | INFO  | switch_gpio_task:55 | HTTP GET RESPONSE: [[2,1]][0m
[0;32m1970-01-01 00:00:12 | INFO  | http_client_get:185 | making GET request to address: http://wmytych.usermd.net/modules/getters/get_gpio_state.php?device_id=222222[0m
[0m1970-01-01 00:00:12 | DEBUG | _http_event_handler:27 | HTTP_EVENT_ON_CONNECTED[0m
[0m1970-01-01 00:00:12 | DEBUG | _http_event_handler:30 | HTTP_EVENT_HEADER_SENT[0m
[0m1970-01-01 00:00:12 | DEBUG | _http_event_handler:33 | HTTP_EVENT_ON_HEADER, key=Server, value=nginx[0m
[0m1970-01-01 00:00:12 | DEBUG | _http_event_handler:33 | HTTP_EVENT_ON_HEADER, key=Date, value=Sat, 10 Feb 2024 20:22:34 GMT[0m
[0m1970-01-01 00:00:12 | DEBUG | _http_event_handler:33 | HTTP_EVENT_ON_HEADER, key=Content-Type, value=text/html; charset=UTF-8[0m
[0m1970-01-01 00:00:12 | DEBUG | _http_event_handler:33 | HTTP_EVENT_ON_HEADER, key=Transfer-Encoding, value=chunked[0m
[0m1970-01-01 00:00:12 | DEBUG | _http_event_handler:33 | HTTP_EVENT_ON_HEADER, key=Connection, value=keep-alive[0m
[0m1970-01-01 00:00:12 | DEBUG | _http_event_handler:33 | HTTP_EVENT_ON_HEADER, key=X-Powered-By, value=PHP/8.3.2[0m
[0m1970-01-01 00:00:12 | DEBUG | _http_event_handler:36 | HTTP_EVENT_ON_DATA, len=7[0m
[0m1970-01-01 00:00:12 | DEBUG | _http_event_handler:37 | HTTP_EVENT_ON_DATA, output_len=0[0m
[0m1970-01-01 00:00:12 | DEBUG | _http_event_handler:38 | HTTP_EVENT_ON_DATA, content_length=-1[0m
[0m1970-01-01 00:00:12 | DEBUG | _http_event_handler:56 | HTTP_EVENT_ON_FINISH[0m
[0m1970-01-01 00:00:12 | DEBUG | http_client_get:200 | HTTP GET Status = 200, content_length = 1073429340[0m
[0;32m1970-01-01 00:00:12 | INFO  | http_client_get:203 | 
[[2,1]][0m
[0m1970-01-01 00:00:12 | DEBUG | http_client_get:214 | HTTP response stored into buffer[0m
[0m1970-01-01 00:00:12 | DEBUG | _http_event_handler:66 | HTTP_EVENT_DISCONNECTED[0m
[0;32m1970-01-01 00:00:12 | INFO  | switch_gpio_task:55 | HTTP GET RESPONSE: [[2,1]][0m
[0m1970-01-01 00:00:14 | DEBUG | inspect_task:92 | Currently available heap: 220472[0m
[0m1970-01-01 00:00:14 | DEBUG | inspect_task:93 | The minimum heap size that was ever available: 214416[0m
[0;32m1970-01-01 00:00:14 | INFO  | http_client_get:185 | making GET request to address: http://wmytych.usermd.net/modules/getters/get_gpio_state.php?device_id=222222[0m
[0m1970-01-01 00:00:14 | DEBUG | _http_event_handler:27 | HTTP_EVENT_ON_CONNECTED[0m
[0m1970-01-01 00:00:14 | DEBUG | _http_event_handler:30 | HTTP_EVENT_HEADER_SENT[0m
[0m1970-01-01 00:00:15 | DEBUG | _http_event_handler:33 | HTTP_EVENT_ON_HEADER, key=Server, value=nginx[0m
[0m1970-01-01 00:00:15 | DEBUG | _http_event_handler:33 | HTTP_EVENT_ON_HEADER, key=Date, value=Sat, 10 Feb 2024 20:22:36 GMT[0m
[0m1970-01-01 00:00:15 | DEBUG | _http_event_handler:33 | HTTP_EVENT_ON_HEADER, key=Content-Type, value=text/html; charset=UTF-8[0m
[0m1970-01-01 00:00:15 | DEBUG | _http_event_handler:33 | HTTP_EVENT_ON_HEADER, key=Transfer-Encoding, value=chunked[0m
[0m1970-01-01 00:00:15 | DEBUG | _http_event_handler:33 | HTTP_EVENT_ON_HEADER, key=Connection, value=keep-alive[0m
[0m1970-01-01 00:00:15 | DEBUG | _http_event_handler:33 | HTTP_EVENT_ON_HEADER, key=X-Powered-By, value=PHP/8.3.2[0m
[0m1970-01-01 00:00:15 | DEBUG | _http_event_handler:36 | HTTP_EVENT_ON_DATA, len=7[0m
[0m1970-01-01 00:00:15 | DEBUG | _http_event_handler:37 | HTTP_EVENT_ON_DATA, output_len=0[0m
[0m1970-01-01 00:00:15 | DEBUG | _http_event_handler:38 | HTTP_EVENT_ON_DATA, content_length=-1[0m
[0m1970-01-01 00:00:15 | DEBUG | _http_event_handler:56 | HTTP_EVENT_ON_FINISH[0m
[0m1970-01-01 00:00:15 | DEBUG | http_client_get:200 | HTTP GET Status = 200, content_length = 1073429340[0m
[0;32m1970-01-01 00:00:15 | INFO  | http_client_get:203 | 
[[2,1]][0m
[0m1970-01-01 00:00:15 | DEBUG | http_client_get:214 | HTTP response stored into buffer[0m
[0m1970-01-01 00:00:15 | DEBUG | _http_event_handler:66 | HTTP_EVENT_DISCONNECTED[0m
[0;32m1970-01-01 00:00:15 | INFO  | switch_gpio_task:55 | HTTP GET RESPONSE: [[2,1]][0m
