I (862) wifi:wifi driver task: 3ffc09e4, prio:23, stack:6656, core=0
I (882) wifi:wifi firmware version: ce9244d
I (882) wifi:wifi certification version: v7.0
I (882) wifi:config NVS flash: enabled
I (882) wifi:config nano formating: disabled
I (892) wifi:Init data frame dynamic rx buffer num: 32
I (892) wifi:Init management frame dynamic rx buffer num: 32
I (902) wifi:Init management short buffer num: 32
I (902) wifi:Init dynamic tx buffer num: 32
I (902) wifi:Init static rx buffer size: 1600
I (912) wifi:Init static rx buffer num: 10
I (912) wifi:Init dynamic rx buffer num: 32
[0;32mI (922) wifi_init: rx ba win: 6[0m
[0;32mI (922) wifi_init: tcpip mbox: 32[0m
[0;32mI (922) wifi_init: udp mbox: 6[0m
[0;32mI (932) wifi_init: tcp mbox: 6[0m
[0;32mI (932) wifi_init: tcp tx win: 5744[0m
[0;32mI (942) wifi_init: tcp rx win: 5744[0m
[0;32mI (942) wifi_init: tcp mss: 1440[0m
[0;32mI (942) wifi_init: WiFi IRAM OP enabled[0m
[0;32mI (952) wifi_init: WiFi RX IRAM OP enabled[0m
[0;32m1970-01-01 00:00:00 | INFO  | wifi_c_init_wifi:309 | Wifi initialized.[0m
[0;32mI (962) phy_init: phy_version 4670,719f9f6,Feb 18 2021,17:07:07[0m
I (1072) wifi:mode : sta (c8:f0:9e:f8:01:a8)
I (1082) wifi:enable tsf
[0;32m1970-01-01 00:00:00 | INFO  | wifi_c_sta_event_handler:102 | Station started, connecting to WiFi.[0m
[0m1970-01-01 00:00:00 | DEBUG | wifi_c_init_wifi:313 | wifi successfully initialized[0m
[0m1970-01-01 00:00:00 | DEBUG | nvs_c_open_read_only:79 | opened namespace nvs for read only operations[0m
[0;32m1970-01-01 00:00:00 | INFO  | nvs_c_read_string:131 | read 15 bytes from namespace: nvs[0m
[0m1970-01-01 00:00:00 | DEBUG | wifi_manager_get_stored_ap:79 | found stored SSID in NVS: TP-LINK_AD8313[0m
[0;32m1970-01-01 00:00:00 | INFO  | nvs_c_read_string:131 | read 9 bytes from namespace: nvs[0m
[0m1970-01-01 00:00:00 | DEBUG | wifi_manager_get_stored_ap:83 | found stored password in NVS: 20232887[0m
[0m1970-01-01 00:00:00 | DEBUG | nvs_c_close:88 | nvs namespace: nvs was closed[0m
[0;32m1970-01-01 00:00:00 | INFO  | wifi_manager_init:232 | found stored AP, connecting to: TP-LINK_AD8313[0m
[0m1970-01-01 00:00:00 | DEBUG | wifi_c_start_sta:442 | WiFi successfully configured as STA.[0m
I (3572) wifi:new:<11,2>, old:<1,0>, ap:<255,255>, sta:<11,2>, prof:1
I (3582) wifi:state: init -> auth (b0)
I (3582) wifi:state: auth -> assoc (0)
I (3582) wifi:state: assoc -> run (10)
I (3602) wifi:connected with TP-LINK_AD8313, aid = 8, channel 11, 40D, bssid = 84:16:f9:ad:83:12
I (3602) wifi:security: WPA2-PSK, phy: bgn, rssi: -63
I (3602) wifi:pm start, type: 1

I (3612) wifi:<ba-add>idx:0 (ifx:0, 84:16:f9:ad:83:12), tid:0, ssn:0, winSize:64
I (3642) wifi:AP's beacon interval = 102400 us, DTIM period = 1
[0;32m1970-01-01 00:00:04 | INFO  | wifi_c_sta_event_handler:116 | Got IP:192.168.0.104[0m
[0;32mI (4612) esp_netif_handlers: sta ip: 192.168.0.104, mask: 255.255.255.0, gw: 192.168.0.1[0m
[0m1970-01-01 00:00:04 | DEBUG | wifi_c_check_sta_connection_result:128 | WIFI_C_CONNECTED_BIT is set![0m
[0;31mE (4622) esp_https_ota: No option for server verification is enabled in esp_http_client config.[0m
[0;31m1970-01-01 00:00:04 | ERROR | lib/ota_controller/src/ota_controller.c:157 | ota_c_start:157 | error 258, ESP HTTPS OTA Begin failed: ESP_ERR_INVALID_ARG[0m
[0;32m1970-01-01 00:00:04 | INFO  | bmp_init:427 | preparing new BMP280 device...[0m
[0m1970-01-01 00:00:04 | DEBUG | inspect_task:101 | Currently available heap: 216000[0m
[0m1970-01-01 00:00:04 | DEBUG | tcp_create_socket:168 | preparing socket...[0m
[0m1970-01-01 00:00:04 | DEBUG | inspect_task:102 | [0m1970-01-01 00:00:04 | DEBUG | bmp_i2c_identify_chip:283 | The minimum heap size that was ever available: 216000[0m
Trying to find BMP280 device on bus with 0x77 address...[0m
[0m1970-01-01 00:00:04 | DEBUG | tcp_create_socket:175 | created socket: 54[0m1970-01-01 00:00:04 | DEBUG | i2c_c_set_device_addr:115 | changed device address from 0 to 0XEE[0m
[0m
[0m1970-01-01 00:00:04 | DEBUG | tcp_prepare_address:211 | preparing address...[0m
[0;31m1970-01-01 00:00:04 | ERROR | lib/i2c_controller/src/i2c_controller.c:144 | i2c_c_read:144 | error -1 during reading registers on I2C: ESP_FAIL[0m1970-01-01 00:00:04 | DEBUG | tcp_prepare_address:220 | [0m
prepared address 192.168.0.104:27015[0m
[0m1970-01-01 00:00:04 | DEBUG | bmp_i2c_identify_chip:296 | BMP280 device with 0x77 address not found on bus, trying 0x76 address...[0m
[0m1970-01-01 00:00:04 | DEBUG | tcp_bind_socket:232 | binding socket: 54 to
aI (3534) wifi:new:<11,2>, old:<1,0>, ap:<255,255>, sta:<11,2>, prof:1
I (3534) wifi:state: init -> auth (b0)
I (3534) wifi:state: auth -> assoc (0)
I (3544) wifi:state: assoc -> run (10)
I (3564) wifi:connected with TP-LINK_AD8313, aid = 8, channel 11, 40D, bssid = 84:16:f9:ad:83:12
I (3564) wifi:security: WPA2-PSK, phy: bgn, rssi: -64
I (3574) wifi:pm start, type: 1

I (3574) wifi:<ba-add>idx:0 (ifx:0, 84:16:f9:ad:83:12), tid:0, ssn:0, winSize:64
I (3654) wifi:AP's beacon interval = 102400 us, DTIM period = 1
[0;32m1970-01-01 00:00:13 | INFO  | wifi_c_sta_event_handler:116 | Got IP:192.168.0.104[0m
[0;32mI (4574) esp_netif_handlers: sta ip: 192.168.0.104, mask: 255.255.255.0, gw: 192.168.0.1[0m
[0m1970-01-01 00:00:13 | DEBUG | wifi_c_check_sta_connection_result:128 | WIFI_C_CONNECTED_BIT is set![0m
[0;31mE (4594) esp_https_ota: No option for server verification is enabled in esp_http_client config.[0m
[0;31m1970-01-01 00:00:13 | ERROR | lib/ota_controller/src/ota_controller.c:157 | ota_c_start:157 | error 258, ESP HTTPS OTA Begin failed: ESP_ERR_INVALID_ARG[0m
[0;32m1970-01-01 00:00:13 | INFO  | bmp_init:427 | preparing new BMP280 device...[0m
[0m1970-01-01 00:00:13 | DEBUG | inspect_task:101 | Currently available heap: 216000[0m
[0m1970-01-01 00:00:13 | DEBUG | tcp_create_socket:168 | preparing socket...[0m
[0m1970-01-01 00:00:13 | DEBUG | inspect_task:102 | [0m1970-01-01 00:00:13 | DEBUG | bmp_i2c_identify_chip:283 | The minimum heap size that was ever available: 216000[0m
Trying to find BMP280 device on bus with 0x77 address...[0m
[0m1970-01-01 00:00:13 | DEBUG | tcp_create_socket:175 | created socket: 54[0m1970-01-01 00:00:13 | DEBUG | i2c_c_set_device_addr:115 | changed device address from 0 to 0XEE[0m
[0m
[0m1970-01-01 00:00:13 | DEBUG | tcp_prepare_address:211 | preparing address...[0m
[0;31m1970-01-01 00:00:13 | ERROR | lib/i2c_controller/src/i2c_controller.c:144 | i2c_c_read:144 | error -1 during reading registers on I2C: ESP_FAIL[0m
[0m1970-01-01 00:00:13 | DEBUG | tcp_prepare_address:220 | [0m1970-01-01 00:00:13 | DEBUG | bmp_i2c_identify_chip:296 | prepared address 192.168.0.104:27015BMP280 device with 0x77 address not found on bus, trying 0x76 address...[0m
[0m
[0m1970-01-01 00:00:14 | DEBUG | i2c_c_set_device_addr:115 | changed device address from 0XEE to 0XEC[0m
[0m1970-01-01 00:00:14 | DEBUG | tcp_bind_socket:232 | binding socket: 54 to address: 192.168.0.104:34665[0m
[0;31m1970-01-01 00:00:14 | ERROR | lib/i2c_controller/src/i2c_controller.c:144 | i2c_c_read:144 | error -1 during reading registers on I2C: ESP_FAIL[0m
[0m1970-01-01 00:00:14 | DEBUG | tcp_bind_socket:242 | [0;33m1970-01-01 00:00:14 | WARN  | lib/bmp280/src/bmp280.c:308 | bmp_i2c_identify_chip:308 | socket: 54 bound to address: 192.168.0.104:27015no BMP280 device found on bus![0m
[0m1970-01-01 00:00:14 | DEBUG | i2c_c_set_device_addr:115 | changed device address from 0XEC to 0[0m
[0m1970-01-01 00:00:14 | DEBUG | bmp_i2c_identify_chip:283 | Trying to find BMP280 device on bus with 0x77 address...[0m
[0m1970-01-01 00:00:14 | DEBUG | i2c_c_set_device_addr:115 | changed device address from 0 to 0XEE[0m
[0m
[0;31m1970-01-01 00:00:14 | ERROR | lib/i2c_controller/src/i2c_controller.c:144 | i2c_c_read:144 | [0m1970-01-01 00:00:14 | DEBUG | tcp_socket_listen:253 | error -1 during reading registers on I2C: ESP_FAIL[0m
I (4814) wifi:<ba-add>idx:1 (ifx:0, 84:16:f9:ad:83:12), tid:6, ssn:2, winSize:64
[0m1970-01-01 00:00:14 | DEBUG | bmp_i2c_identify_chip:296 | BMP280 device with 0x77 address not found on bus, trying 0x76 address...[0m
[0m2024-01-25 18:18:26 | DEBUG | i2c_c_set_device_addr:115 | changed device address from 0XEE to 0XEC[0m
trying to listen on socket: 54[0m
[0;31m2024-01-25 18:18:26 | ERROR | lib/i2c_controller/src/i2c_controller.c:144 | i2c_c_read:144 | error -1 during reading registers on I2C: ESP_FAIL[0m
[0;32m2024-01-25 18:18:26 | INFO  | tcp_socket_listen:260 | listening on socket: 192.168.0.104:27015[0m
[0;33m2024-01-25 18:18:26 | WARN  | lib/bmp280/src/bmp280.c:308 | bmp_i2c_identify_chip:308 | no BMP280 device found on bus![0m
[0m2024-01-25 18:18:26 | DEBUG | i2c_c_set_device_addr:115 | changed device address from 0XEC to 0[0m
Guru Meditation Error: Core  0 panic'ed (LoadProhibited). Exception was unhandled.

Core  0 register dump:
PC      : 0x400014fd  PS      : 0x00060230  A0      : 0x8016029e  A1      : 0x3ffba520  
A2      : 0x00000000  A3      : 0xfffffffc  A4      : 0x000000ff  A5      : 0x0000ff00  
A6      : 0x00ff0000  A7      : 0xff000000  A8      : 0x00000000  A9      : 0x3ffba4e0  
A10     : 0x3ffba500  A11     : 0x00060c23  A12     : 0x00060c20  A13     : 0x00000000  
A14     : 0x3ffba6cc  A15     : 0x3ffba790  SAR     : 0x00000004  EXCCAUSE: 0x0000001c  
EXCVADDR: 0x00000000  LBEG    : 0x400014fd  LEND    : 0x4000150d  LCOUNT  : 0xffffffff  


Backtrace: 0x400014fa:0x3ffba520 0x4016029b:0x3ffba530 0x40161876:0x3ffba850 0x400d3817:0x3ffc8490 0x3ffb549d:0x3ffc8472 |<-CORRUPTED

  #0  0x400014fa:0x3ffba520 in ?? ??:0
  #1  0x4016029b:0x3ffba530 in _vfprintf_r at /builds/idf/crosstool-NG/.build/xtensa-esp32-elf/src/newlib/newlib/libc/stdio/vfprintf.c:1524
  #2  0x40161876:0x3ffba850 in vfprintf at /builds/idf/crosstool-NG/.build/xtensa-esp32-elf/src/newlib/newlib/libc/stdio/vfprintf.c:647
  #3  0x400d3817:0x3ffc8490 in logger_write at lib/logger/src/logger.c:75
  #4  0x3ffb549d:0x3ffc8472 in ?? ??:0




ELF file SHA256: c746b8308a02c81d

Rebooting...
ets Jul 29 2019 12:21:46

rst:0xc (SW_CPU_RESET),boot:0x13 (SPI_FAST_FLASH_BOOT)
configsip: 0, SPIWP:0xee
clk_drv:0x00,q_drv:0x00,d_drv:0x00,cs0_drv:0x00,hd_drv:0x00,wp_drv:0x00
mode:DIO, clock div:2
load:0x3fff0030,len:7076
load:0x40078000,len:15584
ho 0 tail 12 room 4
load:0x40080400,len:4
load:0x40080404,len:3876
entry 0x4008064c
[0;32mI (31) boot: ESP-IDF 5.1.1 2nd stage bootloader[0m
[0;32mI (31) boot: compile time Jan 22 2024 23:03:42[0m
[0;32mI (31) boot: Multicore bootloader[0m
[0;32mI (35) boot: chip revision: v3.0[0m
[0;32mI (39) boot.esp32: SPI Speed      : 40MHz[0m
[0;32mI (44) boot.esp32: SPI Mode       : DIO[0m
[0;32mI (48) boot.esp32: SPI Flash Size : 4MB[0m
[0;32mI (53) boot: Enabling RNG early entropy source...[0m
[0;32mI (58) boot: Partition Table:[0m
[0;32mI (62) boot: ## Label            Usage          Type ST Offset   Length[0m
[0;32mI (69) boot:  0 nvs              WiFi data        01 02 00009000 00004000[0m
[0;32mI (76) boot:  1 otadata          OTA data         01 00 0000d000 00002000[0m
[0;32mI (84) boot:  2 phy_init         RF data          01 01 0000f000 00001000[0m
[0;32mI (91) boot:  3 factory          OTA app          00 10 00010000 00100000[0m
[0;32mI (99) boot:  4 ota_1            OTA app          00 11 00110000 00100000[0m
[0;32mI (106) boot:  5 storage          Unknown data     01 82 00210000 000f0000[0m
[0;32mI (114) boot: End of partition table[0m
[0;32mI (118) esp_image: segment 0: paddr=00010020 vaddr=3f400020 size=2de20h (187936) map[0m
[0;32mI (195) esp_image: segment 1: paddr=0003de48 vaddr=3ffb0000 size=021d0h (  8656) load[0m
[0;32mI (198) esp_image: segment 2: paddr=00040020 vaddr=400d0020 size=af230h (717360) map[0m
[0;32mI (459) esp_image: segment 3: paddr=000ef258 vaddr=3ffb21d0 size=01778h (  6008) load[0m
[0;32mI (462) esp_image: segment 4: paddr=000f09d8 vaddr=40080000 size=16c9ch ( 93340) load[0m
[0;32mI (515) boot: Loaded app from partition at offset 0x10000[0m
[0;32mI (515) boot: Disabling RNG early entropy source...[0m
[0;32mI (527) cpu_start: Multicore app[0m
[0;32mI (527) cpu_start: Pro cpu up.[0m
[0;32mI (527) cpu_start: Starting app cpu, entry point is 0x4008228c[0m
[0;32mI (515) cpu_start: App cpu up.[0m
[0;32mI (545) cpu_start: Pro cpu start user code[0m
[0;32mI (545) cpu_start: cpu freq: 160000000 Hz[0m
[0;32mI (545) cpu_start: Application information:[0m
[0;32mI (550) cpu_start: Project name:     esp_startup[0m
[0;32mI (555) cpu_start: App version:      0.0.0.1[0m
[0;32mI (560) cpu_start: Compile time:     Jan 22 2024 22:59:01[0m
[0;32mI (566) cpu_start: ELF file SHA256:  c746b8308a02c81d...[0m
[0;32mI (572) cpu_start: ESP-IDF:          5.1.1[0m
[0;32mI (577) cpu_start: Min chip rev:     v0.0[0m
[0;32mI (582) cpu_start: Max chip rev:     v3.99 [0m
[0;32mI (587) cpu_start: Chip rev:         v3.0[0m
[0;32mI (592) heap_init: Initializing. RAM available for dynamic allocation:[0m
[0;32mI (599) heap_init: At 3FFAE6E0 len 00001920 (6 KiB): DRAM[0m
[0;32mI (605) heap_init: At 3FFB86E8 len 00027918 (158 KiB): DRAM[0m
[0;32mI (611) heap_init: At 3FFE0440 len 00003AE0 (14 KiB): D/IRAM[0m
[0;32mI (617) heap_init: At 3FFE4350 len 0001BCB0 (111 KiB): D/IRAM[0m
[0;32mI (624) heap_init: At 40096C9C len 00009364 (36 KiB): IRAM[0m
[0;32mI (632) spi_flash: detected chip: generic[0m
[0;32mI (635) spi_flash: flash io: dio[0m
[0;32mI (640) app_start: Starting scheduler on CPU0[0m
[0;32mI (644) app_start: Starting scheduler on CPU1[0m
[0;32mI (644) main_task: Started on CPU0[0m
[0;32mI (654) main_task: Calling app_main()[0m
[0;32m2024-01-25 18:18:27 | INFO  | set_csb_and_sdo_to_high:118 | GPIO_NUM_33 level: 0[0m
[0;32m2024-01-25 18:18:27 | INFO  | set_csb_and_sdo_to_high:119 | GPIO_NUM_32 level: 0[0m
[0;32m2024-01-25 18:18:27 | INFO  | nvs_c_init_nvs:31 | nvs was initialized[0m
[0m2024-01-25 18:18:27 | DEBUG | wifi_c_init_netif:160 | netif initialized as STA[0m
I (814) wifi:wifi driver task: 3ffc09e4, prio:23, stack:6656, core=0
I (834) wifi:wifi firmware version: ce9244d
I (834) wifi:wifi certification version: v7.0
I (834) wifi:config NVS flash: enabled
I (834) wifi:config nano formating: disabled
I (844) wifi:Init data frame dynamic rx buffer num: 32
I (844) wifi:Init management frame dynamic rx buffer num: 32
I (854) wifi:Init management short buffer num: 32
I (854) wifi:Init dynamic tx buffer num: 32
I (854) wifi:Init static rx buffer size: 1600
I (864) wifi:Init static rx buffer num: 10
I (864) wifi:Init dynamic rx buffer num: 32
[0;32mI (874) wifi_init: rx ba win: 6[0m
[0;32mI (874) wifi_init: tcpip mbox: 32[0m
[0;32mI (874) wifi_init: udp mbox: 6[0m
[0;32mI (884) wifi_init: tcp mbox: 6[0m
[0;32mI (884) wifi_init: tcp tx win: 5744[0m
[0;32mI (894) wifi_init: tcp rx win: 5744[0m
[0;32mI (894) wifi_init: tcp mss: 1440[0m
[0;32mI (894) wifi_init: WiFi IRAM OP enabled[0m
[0;32mI (904) wifi_init: WiFi RX IRAM OP enabled[0m
[0;32m2024-01-25 18:18:27 | INFO  | wifi_c_init_wifi:309 | Wifi initialized.[0m
[0;32mI (914) phy_init: phy_version 4670,719f9f6,Feb 18 2021,17:07:07[0m
I (1034) wifi:mode : sta (c8:f0:9e:f8:01:a8)
I (1034) wifi:enable tsf
[0;32m2024-01-25 18:18:28 | INFO  | wifi_c_sta_event_handler:102 | Station started, connecting to WiFi.[0m
[0m2024-01-25 18:18:28 | DEBUG | wifi_c_init_wifi:313 | wifi successfully initialized[0m
[0m2024-01-25 18:18:28 | DEBUG | nvs_c_open_read_only:79 | opened namespace nvs for read only operations[0m
[0;32m2024-01-25 18:18:28 | INFO  | nvs_c_read_string:131 | read 15 bytes from namespace: nvs[0m
[0m2024-01-25 18:18:28 | DEBUG | wifi_manager_get_stored_ap:79 | found stored SSID in NVS: TP-LINK_AD8313[0m
[0;32m2024-01-25 18:18:28 | INFO  | nvs_c_read_string:131 | read 9 bytes from namespace: nvs[0m
[0m2024-01-25 18:18:28 | DEBUG | wifi_manager_get_stored_ap:83 | found stored password in NVS: 20232887[0m
[0m2024-01-25 18:18:28 | DEBUG | nvs_c_close:88 | nvs namespace: nvs was closed[0m
[0;32m2024-01-25 18:18:28 | INFO  | wifi_manager_init:232 | found stored AP, connecting to: TP-LINK_AD8313[0m
[0m2024-01-25 18:18:28 | DEBUG | wifi_c_start_sta:442 | WiFi successfully configured as STA.[0m
