[0m2024-01-16 16:17:42 | DEBUG | inspect_task:97 | Currently available heap: 195236[0m
[0m2024-01-16 16:17:42 | DEBUG | inspect_task:98 | The minimum heap size that was ever available: 187648[0m
[0m2024-01-16 16:17:47 | DEBUG | inspect_task:97 | Currently available heap: 195236[0m
[0m2024-01-16 16:17:47 | DEBUG | inspect_task:98 | The minimum heap size that was ever available: 187648[0m
[0m2024-01-16 16:17:52 | DEBUG | inspect_task:97 | Currently available heap: 195236[0m
[0m2024-01-16 16:17:52 | DEBUG | inspect_task:98 | The minimum heap size that was ever available: 187648[0m
[0m2024-01-16 16:17:57 | DEBUG | inspect_task:97 | Currently available heap: 195236[0m
[0m2024-01-16 16:17:57 | DEBUG | inspect_task:98 | The minimum heap size that was ever available: 187648[0m
[0m2024-01-16 16:18:02 | DEBUG | inspect_task:97 | Currently available heap: 195236[0m
[0m2024-01-16 16:18:02 | DEBUG | inspect_task:98 | The minimum heap size that was ever available: 187648[0m
[0m2024-01-16 16:18:07 | DEBUG | inspect_task:97 | Currently available heap: 195236[0m
[0m2024-01-16 16:18:07 | DEBUG | inspect_task:98 | The minimum heap size that was ever available: 187648[0m
[0m2024-01-16 16:18:08 | DEBUG | bmp_i2c_readout:333 | reading temperature of BMP280 device...[0m
[0m2024-01-16 16:18:08 | DEBUG | bmp_i2c_readout:337 | reading pressure of BMP280 device...[0m
[0;32m2024-01-16 16:18:08 | INFO  | read_temperature_task:71 | temperature: 22.93 C[0m
[0;32m2024-01-16 16:18:08 | INFO  | read_temperature_task:72 | pressure: 985.12hPa[0m
[0;32m2024-01-16 16:18:08 | INFO  | read_temperature_task:73 | altitude: 236.80 m. n. p. m.[0m
[0m2024-01-16 16:18:08 | DEBUG | read_temperature_task:75 | data to send to database: device_id=2&temperature=22.93&pressure=985.12&altitude=236.80[0m
[0;32m2024-01-16 16:18:08 | INFO  | http_client_post:143 | making POST request to address: http://wmytych.usermd.net//insert_data.php[0m
[0m2024-01-16 16:18:08 | DEBUG | _http_event_handler:27 | HTTP_EVENT_ON_CONNECTED[0m
[0m2024-01-16 16:18:08 | DEBUG | _http_event_handler:30 | HTTP_EVENT_HEADER_SENT[0m
[0m2024-01-16 16:18:08 | DEBUG | _http_event_handler:33 | HTTP_EVENT_ON_HEADER, key=Server, value=nginx[0m
[0m2024-01-16 16:18:08 | DEBUG | _http_event_handler:33 | HTTP_EVENT_ON_HEADER, key=Date, value=Tue, 16 Jan 2024 16:18:08 GMT[0m
[0m2024-01-16 16:18:08 | DEBUG | _http_event_handler:33 | HTTP_EVENT_ON_HEADER, key=Content-Type, value=text/html; charset=UTF-8[0m
[0m2024-01-16 16:18:08 | DEBUG | _http_event_handler:33 | HTTP_EVENT_ON_HEADER, key=Transfer-Encoding, value=chunked[0m
[0m2024-01-16 16:18:08 | DEBUG | _http_event_handler:33 | HTTP_EVENT_ON_HEADER, key=Connection, value=keep-alive[0m
[0m2024-01-16 16:18:08 | DEBUG | _http_event_handler:33 | HTTP_EVENT_ON_HEADER, key=X-Powered-By, value=PHP/8.1.26[0m
[0m2024-01-16 16:18:08 | DEBUG | _http_event_handler:36 | HTTP_EVENT_ON_DATA, len=39[0m
[0m2024-01-16 16:18:08 | DEBUG | _http_event_handler:37 | HTTP_EVENT_ON_DATA, output_len=0[0m
[0m2024-01-16 16:18:08 | DEBUG | _http_event_handler:38 | HTTP_EVENT_ON_DATA, content_length=-1[0m
[0m2024-01-16 16:18:08 | DEBUG | _http_event_handler:56 | HTTP_EVENT_ON_FINISH[0m
[0m2024-01-16 16:18:08 | DEBUG | http_client_post:158 | HTTP GET Status = 200, content_length = 1073429832[0m
[0;32m2024-01-16 16:18:08 | INFO  | http_client_post:161 | 
data stored in a database successfully.[0m
[0m2024-01-16 16:18:08 | DEBUG | _http_event_handler:66 | HTTP_EVENT_DISCONNECTED[0m
[0m2024-01-16 16:18:12 | DEBUG | inspect_task:97 | Currently available heap: 195024[0m
[0m2024-01-16 16:18:12 | DEBUG | inspect_task:98 | The minimum heap size that was ever available: 187412[0m
[0m2024-01-16 16:18:17 | DEBUG | inspect_task:97 | Currently available heap: 195024[0m
[0m2024-01-16 16:18:17 | DEBUG | inspect_task:98 | The minimum heap size that was ever available: 187412[0m
[0m2024-01-16 16:18:22 | DEBUG | inspect_task:97 | Currently available heap: 195024[0m
[0m2024-01-16 16:18:22 | DEBUG | inspect_task:98 | The minimum heap size that was ever available: 187412[0m
[0m2024-01-16 16:18:27 | DEBUG | inspect_task:97 | Currently available heap: 195024[0m
[0m2024-01-16 16:18:27 | DEBUG | inspect_task:98 | The minimum heap size that was ever available: 187412[0m
[0m2024-01-16 16:18:32 | DEBUG | inspect_task:97 | Currently available heap: 195024[0m
[0m2024-01-16 16:18:32 | DEBUG | inspect_task:98 | The minimum heap size that was ever available: 187412[0m
[0m2024-01-16 16:18:37 | DEBUG | inspect_task:97 | Currently available heap: 195024[0m
[0m2024-01-16 16:18:37 | DEBUG | inspect_task:98 | The minimum heap size that was ever available: 187412[0m
[0m2024-01-16 16:18:38 | DEBUG | bmp_i2c_readout:333 | reading temperature of BMP280 device...[0m
[0m2024-01-16 16:18:38 | DEBUG | bmp_i2c_readout:337 | reading pressure of BMP280 device...[0m
[0;32m2024-01-16 16:18:38 | INFO  | read_temperature_task:71 | temperature: 23.02 C[0m
[0;32m2024-01-16 16:18:38 | INFO  | read_temperature_task:72 | pressure: 985.24hPa[0m
[0;32m2024-01-16 16:18:38 | INFO  | read_temperature_task:73 | altitude: 235.84 m. n. p. m.[0m
[0m2024-01-16 16:18:38 | DEBUG | read_temperature_task:75 | data to send to database: device_id=2&temperature=23.02&pressure=985.24&altitude=235.84[0m
[0;32m2024-01-16 16:18:38 | INFO  | http_client_post:143 | making POST request to address: http://wmytych.usermd.net//insert_data.php[0m
[0m2024-01-16 16:18:39 | DEBUG | _http_event_handler:27 | HTTP_EVENT_ON_CONNECTED[0m
[0m2024-01-16 16:18:39 | DEBUG | _http_event_handler:30 | HTTP_EVENT_HEADER_SENT[0m
[0m2024-01-16 16:18:39 | DEBUG | _http_event_handler:33 | HTTP_EVENT_ON_HEADER, key=Server, value=nginx[0m
[0m2024-01-16 16:18:39 | DEBUG | _http_event_handler:33 | HTTP_EVENT_ON_HEADER, key=Date, value=Tue, 16 Jan 2024 16:18:39 GMT[0m
[0m2024-01-16 16:18:39 | DEBUG | _http_event_handler:33 | HTTP_EVENT_ON_HEADER, key=Content-Type, value=text/html; charset=UTF-8[0m
[0m2024-01-16 16:18:39 | DEBUG | _http_event_handler:33 | HTTP_EVENT_ON_HEADER, key=Transfer-Encoding, value=chunked[0m
[0m2024-01-16 16:18:39 | DEBUG | _http_event_handler:33 | HTTP_EVENT_ON_HEADER, key=Connection, value=keep-alive[0m
[0m2024-01-16 16:18:39 | DEBUG | _http_event_handler:33 | HTTP_EVENT_ON_HEADER, key=X-Powered-By, value=PHP/8.1.26[0m
[0m2024-01-16 16:18:39 | DEBUG | _http_event_handler:36 | HTTP_EVENT_ON_DATA, len=39[0m
[0m2024-01-16 16:18:39 | DEBUG | _http_event_handler:37 | HTTP_EVENT_ON_DATA, output_len=0[0m
[0m2024-01-16 16:18:39 | DEBUG | _http_event_handler:38 | HTTP_EVENT_ON_DATA, content_length=-1[0m
[0m2024-01-16 16:18:39 | DEBUG | _http_event_handler:56 | HTTP_EVENT_ON_FINISH[0m
[0m2024-01-16 16:18:39 | DEBUG | http_client_post:158 | HTTP GET Status = 200, content_length = 1073429832[0m
[0;32m2024-01-16 16:18:39 | INFO  | http_client_post:161 | 
data stored in a database successfully.[0m
[0m2024-01-16 16:18:39 | DEBUG | _http_event_handler:66 | HTTP_EVENT_DISCONNECTED[0m
[0m2024-01-16 16:18:42 | DEBUG | inspect_task:97 | Currently available heap: 195024[0m
[0m2024-01-16 16:18:42 | DEBUG | inspect_task:98 | The minimum heap size that was ever available: 187392[0m
[0m2024-01-16 16:18:47 | DEBUG | inspect_task:97 | Currently available heap: 195024[0m
[0m2024-01-16 16:18:47 | DEBUG | inspect_task:98 | The minimum heap size that was ever available: 187392[0m
[0m2024-01-16 16:18:52 | DEBUG | inspect_task:97 | Currently available heap: 195024[0m
[0m2024-01-16 16:18:52 | DEBUG | inspect_task:98 | The minimum heap size that was ever available: 187392[0m
[0m2024-01-16 16:18:57 | DEBUG | inspect_task:97 | Currently available heap: 195024[0m
[0m2024-01-16 16:18:57 | DEBUG | inspect_task:98 | The minimum heap size that was ever available: 187392[0m
[0m2024-01-16 16:19:02 | DEBUG | inspect_task:97 | Currently available heap: 195024[0m
[0m2024-01-16 16:19:02 | DEBUG | inspect_task:98 | The minimum heap size that was ever available: 187392[0m
[0m2024-01-16 16:19:07 | DEBUG | inspect_task:97 | Currently available heap: 195024[0m
[0m2024-01-16 16:19:07 | DEBUG | inspect_task:98 | The minimum heap size that was ever available: 187392[0m
[0m2024-01-16 16:19:09 | DEBUG | bmp_i2c_readout:333 | reading temperature of BMP280 device...[0m
[0m2024-01-16 16:19:09 | DEBUG | bmp_i2c_readout:337 | reading pressure of BMP280 device...[0m
[0;32m2024-01-16 16:19:09 | INFO  | read_temperature_task:71 | temperature: 23.07 C[0m
[0;32m2024-01-16 16:19:09 | INFO  | read_temperature_task:72 | pressure: 985.17hPa[0m
[0;32m2024-01-16 16:19:09 | INFO  | read_temperature_task:73 | altitude: 236.41 m. n. p. m.[0m
[0m2024-01-16 16:19:09 | DEBUG | read_temperature_task:75 | data to send to database: device_id=2&temperature=23.07&pressure=985.17&altitude=236.41[0m
[0;32m2024-01-16 16:19:09 | INFO  | http_client_post:143 | making POST request to address: http://wmytych.usermd.net//insert_data.php[0m
[0m2024-01-16 16:19:09 | DEBUG | _http_event_handler:27 | HTTP_EVENT_ON_CONNECTED[0m
[0m2024-01-16 16:19:09 | DEBUG | _http_event_handler:30 | HTTP_EVENT_HEADER_SENT[0m
[0m2024-01-16 16:19:09 | DEBUG | _http_event_handler:33 | HTTP_EVENT_ON_HEADER, key=Server, value=nginx[0m
[0m2024-01-16 16:19:09 | DEBUG | _http_event_handler:33 | HTTP_EVENT_ON_HEADER, key=Date, value=Tue, 16 Jan 2024 16:19:09 GMT[0m
[0m2024-01-16 16:19:09 | DEBUG | _http_event_handler:33 | HTTP_EVENT_ON_HEADER, key=Content-Type, value=text/html; charset=UTF-8[0m
[0m2024-01-16 16:19:09 | DEBUG | _http_event_handler:33 | HTTP_EVENT_ON_HEADER, key=Transfer-Encoding, value=chunked[0m
[0m2024-01-16 16:19:09 | DEBUG | _http_event_handler:33 | HTTP_EVENT_ON_HEADER, key=Connection, value=keep-alive[0m
[0m2024-01-16 16:19:09 | DEBUG | _http_event_handler:33 | HTTP_EVENT_ON_HEADER, key=X-Powered-By, value=PHP/8.1.26[0m
[0m2024-01-16 16:19:09 | DEBUG | _http_event_handler:36 | HTTP_EVENT_ON_DATA, len=39[0m
[0m2024-01-16 16:19:09 | DEBUG | _http_event_handler:37 | HTTP_EVENT_ON_DATA, output_len=0[0m
[0m2024-01-16 16:19:09 | DEBUG | _http_event_handler:38 | HTTP_EVENT_ON_DATA, content_length=-1[0m
[0m2024-01-16 16:19:09 | DEBUG | _http_event_handler:56 | HTTP_EVENT_ON_FINISH[0m
[0m2024-01-16 16:19:09 | DEBUG | http_client_post:158 | HTTP GET Status = 200, content_length = 1073429832[0m
[0;32m2024-01-16 16:19:09 | INFO  | http_client_post:161 | 
data stored in a database successfully.[0m
[0m2024-01-16 16:19:09 | DEBUG | _http_event_handler:66 | HTTP_EVENT_DISCONNECTED[0m
[0m2024-01-16 16:19:12 | DEBUG | inspect_task:97 | Currently available heap: 195024[0m
[0m2024-01-16 16:19:12 | DEBUG | inspect_task:98 | The minimum heap size that was ever available: 187392[0m
[0m2024-01-16 16:19:17 | DEBUG | inspect_task:97 | Currently available heap: 195024[0m
[0m2024-01-16 16:19:17 | DEBUG | inspect_task:98 | The minimum heap size that was ever available: 187392[0m
[0m2024-01-16 16:19:22 | DEBUG | inspect_task:97 | Currently available heap: 195024[0m
[0m2024-01-16 16:19:22 | DEBUG | inspect_task:98 | The minimum heap size that was ever available: 187392[0m
[0m2024-01-16 16:19:27 | DEBUG | inspect_task:97 | Currently available heap: 195236[0m
[0m2024-01-16 16:19:27 | DEBUG | inspect_task:98 | The minimum heap size that was ever available: 187392[0m
[0m2024-01-16 16:19:32 | DEBUG | inspect_task:97 | Currently available heap: 195236[0m
[0m2024-01-16 16:19:32 | DEBUG | inspect_task:98 | The minimum heap size that was ever available: 187392[0m
[0m2024-01-16 16:19:37 | DEBUG | inspect_task:97 | Currently available heap: 195236[0m
[0m2024-01-16 16:19:37 | DEBUG | inspect_task:98 | The minimum heap size that was ever available: 187392[0m
[0m2024-01-16 16:19:39 | DEBUG | bmp_i2c_readout:333 | reading temperature of BMP280 device...[0m
[0m2024-01-16 16:19:39 | DEBUG | bmp_i2c_readout:337 | reading pressure of BMP280 device...[0m
[0;32m2024-01-16 16:19:39 | INFO  | read_temperature_task:71 | temperature: 23.12 C[0m
[0;32m2024-01-16 16:19:39 | INFO  | read_temperature_task:72 | pressure: 985.16hPa[0m
[0;32m2024-01-16 16:19:39 | INFO  | read_temperature_task:73 | altitude: 236.45 m. n. p. m.[0m
[0m2024-01-16 16:19:39 | DEBUG | read_temperature_task:75 | data to send to database: device_id=2&temperature=23.12&pressure=985.16&altitude=236.45[0m
[0;32m2024-01-16 16:19:39 | INFO  | http_client_post:143 | making POST request to address: http://wmytych.usermd.net//insert_data.php[0m
[0m2024-01-16 16:19:39 | DEBUG | _http_event_handler:27 | HTTP_EVENT_ON_CONNECTED[0m
[0m2024-01-16 16:19:39 | DEBUG | _http_event_handler:30 | HTTP_EVENT_HEADER_SENT[0m
[0m2024-01-16 16:19:39 | DEBUG | _http_event_handler:33 | HTTP_EVENT_ON_HEADER, key=Server, value=nginx[0m
[0m2024-01-16 16:19:39 | DEBUG | _http_event_handler:33 | HTTP_EVENT_ON_HEADER, key=Date, value=Tue, 16 Jan 2024 16:19:39 GMT[0m
[0m2024-01-16 16:19:39 | DEBUG | _http_event_handler:33 | HTTP_EVENT_ON_HEADER, key=Content-Type, value=text/html; charset=UTF-8[0m
[0m2024-01-16 16:19:39 | DEBUG | _http_event_handler:33 | HTTP_EVENT_ON_HEADER, key=Transfer-Encoding, value=chunked[0m
[0m2024-01-16 16:19:39 | DEBUG | _http_event_handler:33 | HTTP_EVENT_ON_HEADER, key=Connection, value=keep-alive[0m
[0m2024-01-16 16:19:39 | DEBUG | _http_event_handler:33 | HTTP_EVENT_ON_HEADER, key=X-Powered-By, value=PHP/8.1.26[0m
[0m2024-01-16 16:19:39 | DEBUG | _http_event_handler:36 | HTTP_EVENT_ON_DATA, len=39[0m
[0m2024-01-16 16:19:39 | DEBUG | _http_event_handler:37 | HTTP_EVENT_ON_DATA, output_len=0[0m
[0m2024-01-16 16:19:39 | DEBUG | _http_event_handler:38 | HTTP_EVENT_ON_DATA, content_length=-1[0m
[0m2024-01-16 16:19:39 | DEBUG | _http_event_handler:56 | HTTP_EVENT_ON_FINISH[0m
[0m2024-01-16 16:19:39 | DEBUG | http_client_post:158 | HTTP GET Status = 200, content_length = 1073429832[0m
[0;32m2024-01-16 16:19:39 | INFO  | http_client_post:161 | 
data stored in a database successfully.[0m
[0m2024-01-16 16:19:39 | DEBUG | _http_event_handler:66 | HTTP_EVENT_DISCONNECTED[0m
[0m2024-01-16 16:19:42 | DEBUG | inspect_task:97 | Currently available heap: 195236[0m
[0m2024-01-16 16:19:42 | DEBUG | inspect_task:98 | The minimum heap size that was ever available: 187392[0m
[0m2024-01-16 16:19:47 | DEBUG | inspect_task:97 | Currently available heap: 195236[0m
[0m2024-01-16 16:19:47 | DEBUG | inspect_task:98 | The minimum heap size that was ever available: 187392[0m
[0m2024-01-16 16:19:52 | DEBUG | inspect_task:97 | Currently available heap: 195236[0m
[0m2024-01-16 16:19:52 | DEBUG | inspect_task:98 | The minimum heap size that was ever available: 187392[0m
[0m2024-01-16 16:19:57 | DEBUG | inspect_task:97 | Currently available heap: 195236[0m
[0m2024-01-16 16:19:57 | DEBUG | inspect_task:98 | The minimum heap size that was ever available: 187392[0m
[0m2024-01-16 16:20:02 | DEBUG | inspect_task:97 | Currently available heap: 195236[0m
[0m2024-01-16 16:20:02 | DEBUG | inspect_task:98 | The minimum heap size that was ever available: 187392[0m
[0m2024-01-16 16:20:07 | DEBUG | inspect_task:97 | Currently available heap: 195236[0m
[0m2024-01-16 16:20:07 | DEBUG | inspect_task:98 | The minimum heap size that was ever available: 187392[0m
[0m2024-01-16 16:20:09 | DEBUG | bmp_i2c_readout:333 | reading temperature of BMP280 device...[0m
[0m2024-01-16 16:20:09 | DEBUG | bmp_i2c_readout:337 | reading pressure of BMP280 device...[0m
[0;32m2024-01-16 16:20:09 | INFO  | read_temperature_task:71 | temperature: 23.16 C[0m
[0;32m2024-01-16 16:20:09 | INFO  | read_temperature_task:72 | pressure: 985.14hPa[0m
[0;32m2024-01-16 16:20:09 | INFO  | read_temperature_task:73 | altitude: 236.63 m. n. p. m.[0m
[0m2024-01-16 16:20:09 | DEBUG | read_temperature_task:75 | data to send to database: device_id=2&temperature=23.16&pressure=985.14&altitude=236.63[0m
[0;32m2024-01-16 16:20:09 | INFO  | http_client_post:143 | making POST request to address: http://wmytych.usermd.net//insert_data.php[0m
[0m2024-01-16 16:20:09 | DEBUG | _http_event_handler:27 | HTTP_EVENT_ON_CONNECTED[0m
[0m2024-01-16 16:20:09 | DEBUG | _http_event_handler:30 | HTTP_EVENT_HEADER_SENT[0m
[0m2024-01-16 16:20:09 | DEBUG | _http_event_handler:33 | HTTP_EVENT_ON_HEADER, key=Server, value=nginx[0m
[0m2024-01-16 16:20:09 | DEBUG | _http_event_handler:33 | HTTP_EVENT_ON_HEADER, key=Date, value=Tue, 16 Jan 2024 16:20:09 GMT[0m
[0m2024-01-16 16:20:09 | DEBUG | _http_event_handler:33 | HTTP_EVENT_ON_HEADER, key=Content-Type, value=text/html; charset=UTF-8[0m
[0m2024-01-16 16:20:09 | DEBUG | _http_event_handler:33 | HTTP_EVENT_ON_HEADER, key=Transfer-Encoding, value=chunked[0m
[0m2024-01-16 16:20:09 | DEBUG | _http_event_handler:33 | HTTP_EVENT_ON_HEADER, key=Connection, value=keep-alive[0m
[0m2024-01-16 16:20:09 | DEBUG | _http_event_handler:33 | HTTP_EVENT_ON_HEADER, key=X-Powered-By, value=PHP/8.1.26[0m
[0m2024-01-16 16:20:09 | DEBUG | _http_event_handler:36 | HTTP_EVENT_ON_DATA, len=39[0m
[0m2024-01-16 16:20:10 | DEBUG | _http_event_handler:37 | HTTP_EVENT_ON_DATA, output_len=0[0m
[0m2024-01-16 16:20:10 | DEBUG | _http_event_handler:38 | HTTP_EVENT_ON_DATA, content_length=-1[0m
[0m2024-01-16 16:20:10 | DEBUG | _http_event_handler:56 | HTTP_EVENT_ON_FINISH[0m
[0m2024-01-16 16:20:10 | DEBUG | http_client_post:158 | HTTP GET Status = 200, content_length = 1073429832[0m
[0;32m2024-01-16 16:20:10 | INFO  | http_client_post:161 | 
data stored in a database successfully.[0m
[0m2024-01-16 16:20:10 | DEBUG | _http_event_handler:66 | HTTP_EVENT_DISCONNECTED[0m
[0m2024-01-16 16:20:12 | DEBUG | inspect_task:97 | Currently available heap: 195236[0m
[0m2024-01-16 16:20:12 | DEBUG | inspect_task:98 | The minimum heap size that was ever available: 187392[0m
[0m2024-01-16 16:20:17 | DEBUG | inspect_task:97 | Currently available heap: 195236[0m
[0m2024-01-16 16:20:17 | DEBUG | inspect_task:98 | The minimum heap size that was ever available: 187392[0m
[0m2024-01-16 16:20:22 | DEBUG | inspect_task:97 | Currently available heap: 195236[0m
[0m2024-01-16 16:20:22 | DEBUG | inspect_task:98 | The minimum heap size that was ever available: 187392[0m
[0m2024-01-16 16:20:27 | DEBUG | inspect_task:97 | Currently available heap: 195236[0m
[0m2024-01-16 16:20:27 | DEBUG | inspect_task:98 | The minimum heap size that was ever available: 187392[0m
[0m2024-01-16 16:20:32 | DEBUG | inspect_task:97 | Currently available heap: 195236[0m
[0m2024-01-16 16:20:32 | DEBUG | inspect_task:98 | The minimum heap size that was ever available: 187392[0m
[0m2024-01-16 16:20:37 | DEBUG | inspect_task:97 | Currently available heap: 195236[0m
[0m2024-01-16 16:20:37 | DEBUG | inspect_task:98 | The minimum heap size that was ever available: 187392[0m
[0m2024-01-16 16:20:40 | DEBUG | bmp_i2c_readout:333 | reading temperature of BMP280 device...[0m
[0m2024-01-16 16:20:40 | DEBUG | bmp_i2c_readout:337 | reading pressure of BMP280 device...[0m
[0;32m2024-01-16 16:20:40 | INFO  | read_temperature_task:71 | temperature: 23.20 C[0m
[0;32m2024-01-16 16:20:40 | INFO  | read_temperature_task:72 | pressure: 985.18hPa[0m
[0;32m2024-01-16 16:20:40 | INFO  | read_temperature_task:73 | altitude: 236.30 m. n. p. m.[0m
[0m2024-01-16 16:20:40 | DEBUG | read_temperature_task:75 | data to send to database: device_id=2&temperature=23.20&pressure=985.18&altitude=236.30[0m
[0;32m2024-01-16 16:20:40 | INFO  | http_client_post:143 | making POST request to address: http://wmytych.usermd.net//insert_data.php[0m
[0m2024-01-16 16:20:40 | DEBUG | _http_event_handler:27 | HTTP_EVENT_ON_CONNECTED[0m
[0m2024-01-16 16:20:40 | DEBUG | _http_event_handler:30 | HTTP_EVENT_HEADER_SENT[0m
[0m2024-01-16 16:20:40 | DEBUG | _http_event_handler:33 | HTTP_EVENT_ON_HEADER, key=Server, value=nginx[0m
[0m2024-01-16 16:20:40 | DEBUG | _http_event_handler:33 | HTTP_EVENT_ON_HEADER, key=Date, value=Tue, 16 Jan 2024 16:20:40 GMT[0m
[0m2024-01-16 16:20:40 | DEBUG | _http_event_handler:33 | HTTP_EVENT_ON_HEADER, key=Content-Type, value=text/html; charset=UTF-8[0m
[0m2024-01-16 16:20:40 | DEBUG | _http_event_handler:33 | HTTP_EVENT_ON_HEADER, key=Transfer-Encoding, value=chunked[0m
[0m2024-01-16 16:20:40 | DEBUG | _http_event_handler:33 | HTTP_EVENT_ON_HEADER, key=Connection, value=keep-alive[0m
[0m2024-01-16 16:20:40 | DEBUG | _http_event_handler:33 | HTTP_EVENT_ON_HEADER, key=X-Powered-By, value=PHP/8.1.26[0m
[0m2024-01-16 16:20:40 | DEBUG | _http_event_handler:36 | HTTP_EVENT_ON_DATA, len=39[0m
[0m2024-01-16 16:20:40 | DEBUG | _http_event_handler:37 | HTTP_EVENT_ON_DATA, output_len=0[0m
[0m2024-01-16 16:20:40 | DEBUG | _http_event_handler:38 | HTTP_EVENT_ON_DATA, content_length=-1[0m
[0m2024-01-16 16:20:40 | DEBUG | _http_event_handler:56 | HTTP_EVENT_ON_FINISH[0m
[0m2024-01-16 16:20:40 | DEBUG | http_client_post:158 | HTTP GET Status = 200, content_length = 1073429832[0m
[0;32m2024-01-16 16:20:40 | INFO  | http_client_post:161 | 
data stored in a database successfully.[0m
[0m2024-01-16 16:20:40 | DEBUG | _http_event_handler:66 | HTTP_EVENT_DISCONNECTED[0m
[0m2024-01-16 16:20:42 | DEBUG | inspect_task:97 | Currently available heap: 195236[0m
[0m2024-01-16 16:20:42 | DEBUG | inspect_task:98 | The minimum heap size that was ever available: 187392[0m
[0m2024-01-16 16:20:47 | DEBUG | inspect_task:97 | Currently available heap: 195236[0m
[0m2024-01-16 16:20:47 | DEBUG | inspect_task:98 | The minimum heap size that was ever available: 187392[0m
[0m2024-01-16 16:20:52 | DEBUG | inspect_task:97 | Currently available heap: 195236[0m
[0m2024-01-16 16:20:52 | DEBUG | inspect_task:98 | The minimum heap size that was ever available: 187392[0m
[0m2024-01-16 16:20:57 | DEBUG | inspect_task:97 | Currently available heap: 195236[0m
[0m2024-01-16 16:20:57 | DEBUG | inspect_task:98 | The minimum heap size that was ever available: 187392[0m
[0m2024-01-16 16:21:02 | DEBUG | inspect_task:97 | Currently available heap: 195236[0m
[0m2024-01-16 16:21:02 | DEBUG | inspect_task:98 | The minimum heap size that was ever available: 187392[0m
[0m2024-01-16 16:21:07 | DEBUG | inspect_task:97 | Currently available heap: 195236[0m
[0m2024-01-16 16:21:07 | DEBUG | inspect_task:98 | The minimum heap size that was ever available: 187392[0m
[0m2024-01-16 16:21:10 | DEBUG | bmp_i2c_readout:333 | reading temperature of BMP280 device...[0m
[0m2024-01-16 16:21:10 | DEBUG | bmp_i2c_readout:337 | reading pressure of BMP280 device...[0m
[0;32m2024-01-16 16:21:10 | INFO  | read_temperature_task:71 | temperature: 23.23 C[0m
[0;32m2024-01-16 16:21:10 | INFO  | read_temperature_task:72 | pressure: 985.21hPa[0m
[0;32m2024-01-16 16:21:10 | INFO  | read_temperature_task:73 | altitude: 236.10 m. n. p. m.[0m
[0m2024-01-16 16:21:10 | DEBUG | read_temperature_task:75 | data to send to database: device_id=2&temperature=23.23&pressure=985.21&altitude=236.10[0m
[0;32m2024-01-16 16:21:10 | INFO  | http_client_post:143 | making POST request to address: http://wmytych.usermd.net//insert_data.php[0m
[0m2024-01-16 16:21:10 | DEBUG | _http_event_handler:27 | HTTP_EVENT_ON_CONNECTED[0m
[0m2024-01-16 16:21:10 | DEBUG | _http_event_handler:30 | HTTP_EVENT_HEADER_SENT[0m
[0m2024-01-16 16:21:10 | DEBUG | _http_event_handler:33 | HTTP_EVENT_ON_HEADER, key=Server, value=nginx[0m
[0m2024-01-16 16:21:10 | DEBUG | _http_event_handler:33 | HTTP_EVENT_ON_HEADER, key=Date, value=Tue, 16 Jan 2024 16:21:10 GMT[0m
[0m2024-01-16 16:21:10 | DEBUG | _http_event_handler:33 | HTTP_EVENT_ON_HEADER, key=Content-Type, value=text/html; charset=UTF-8[0m
[0m2024-01-16 16:21:10 | DEBUG | _http_event_handler:33 | HTTP_EVENT_ON_HEADER, key=Transfer-Encoding, value=chunked[0m
[0m2024-01-16 16:21:10 | DEBUG | _http_event_handler:33 | HTTP_EVENT_ON_HEADER, key=Connection, value=keep-alive[0m
[0m2024-01-16 16:21:10 | DEBUG | _http_event_handler:33 | HTTP_EVENT_ON_HEADER, key=X-Powered-By, value=PHP/8.1.26[0m
[0m2024-01-16 16:21:10 | DEBUG | _http_event_handler:36 | HTTP_EVENT_ON_DATA, len=39[0m
[0m2024-01-16 16:21:10 | DEBUG | _http_event_handler:37 | HTTP_EVENT_ON_DATA, output_len=0[0m
[0m2024-01-16 16:21:10 | DEBUG | _http_event_handler:38 | HTTP_EVENT_ON_DATA, content_length=-1[0m
[0m2024-01-16 16:21:10 | DEBUG | _http_event_handler:56 | HTTP_EVENT_ON_FINISH[0m
[0m2024-01-16 16:21:10 | DEBUG | http_client_post:158 | HTTP GET Status = 200, content_length = 1073429832[0m
[0;32m2024-01-16 16:21:10 | INFO  | http_client_post:161 | 
data stored in a database successfully.[0m
[0m2024-01-16 16:21:10 | DEBUG | _http_event_handler:66 | HTTP_EVENT_DISCONNECTED[0m
[0m2024-01-16 16:21:12 | DEBUG | inspect_task:97 | Currently available heap: 195236[0m
[0m2024-01-16 16:21:12 | DEBUG | inspect_task:98 | The minimum heap size that was ever available: 187392[0m
[0m2024-01-16 16:21:17 | DEBUG | inspect_task:97 | Currently available heap: 195236[0m
[0m2024-01-16 16:21:17 | DEBUG | inspect_task:98 | The minimum heap size that was ever available: 187392[0m
[0m2024-01-16 16:21:22 | DEBUG | inspect_task:97 | Currently available heap: 195236[0m
[0m2024-01-16 16:21:22 | DEBUG | inspect_task:98 | The minimum heap size that was ever available: 187392[0m
[0m2024-01-16 16:21:27 | DEBUG | inspect_task:97 | Currently available heap: 195236[0m
[0m2024-01-16 16:21:27 | DEBUG | inspect_task:98 | The minimum heap size that was ever available: 187392[0m
[0m2024-01-16 16:21:32 | DEBUG | inspect_task:97 | Currently available heap: 195236[0m
[0m2024-01-16 16:21:32 | DEBUG | inspect_task:98 | The minimum heap size that was ever available: 187392[0m
[0m2024-01-16 16:21:37 | DEBUG | inspect_task:97 | Currently available heap: 195236[0m
[0m2024-01-16 16:21:37 | DEBUG | inspect_task:98 | The minimum heap size that was ever available: 187392[0m
[0m2024-01-16 16:21:40 | DEBUG | bmp_i2c_readout:333 | reading temperature of BMP280 device...[0m
[0m2024-01-16 16:21:40 | DEBUG | bmp_i2c_readout:337 | reading pressure of BMP280 device...[0m
[0;32m2024-01-16 16:21:40 | INFO  | read_temperature_task:71 | temperature: 23.26 C[0m
[0;32m2024-01-16 16:21:40 | INFO  | read_temperature_task:72 | pressure: 985.21hPa[0m
[0;32m2024-01-16 16:21:40 | INFO  | read_temperature_task:73 | altitude: 236.06 m. n. p. m.[0m
[0m2024-01-16 16:21:40 | DEBUG | read_temperature_task:75 | data to send to database: device_id=2&temperature=23.26&pressure=985.21&altitude=236.06[0m
[0;32m2024-01-16 16:21:40 | INFO  | http_client_post:143 | making POST request to address: http://wmytych.usermd.net//insert_data.php[0m
[0m2024-01-16 16:21:40 | DEBUG | _http_event_handler:27 | HTTP_EVENT_ON_CONNECTED[0m
[0m2024-01-16 16:21:40 | DEBUG | _http_event_handler:30 | HTTP_EVENT_HEADER_SENT[0m
[0m2024-01-16 16:21:40 | DEBUG | _http_event_handler:33 | HTTP_EVENT_ON_HEADER, key=Server, value=nginx[0m
[0m2024-01-16 16:21:40 | DEBUG | _http_event_handler:33 | HTTP_EVENT_ON_HEADER, key=Date, value=Tue, 16 Jan 2024 16:21:40 GMT[0m
[0m2024-01-16 16:21:40 | DEBUG | _http_event_handler:33 | HTTP_EVENT_ON_HEADER, key=Content-Type, value=text/html; charset=UTF-8[0m
[0m2024-01-16 16:21:40 | DEBUG | _http_event_handler:33 | HTTP_EVENT_ON_HEADER, key=Transfer-Encoding, value=chunked[0m
[0m2024-01-16 16:21:40 | DEBUG | _http_event_handler:33 | HTTP_EVENT_ON_HEADER, key=Connection, value=keep-alive[0m
[0m2024-01-16 16:21:40 | DEBUG | _http_event_handler:33 | HTTP_EVENT_ON_HEADER, key=X-Powered-By, value=PHP/8.1.26[0m
[0m2024-01-16 16:21:40 | DEBUG | _http_event_handler:36 | HTTP_EVENT_ON_DATA, len=39[0m
[0m2024-01-16 16:21:40 | DEBUG | _http_event_handler:37 | HTTP_EVENT_ON_DATA, output_len=0[0m
[0m2024-01-16 16:21:40 | DEBUG | _http_event_handler:38 | HTTP_EVENT_ON_DATA, content_length=-1[0m
[0m2024-01-16 16:21:40 | DEBUG | _http_event_handler:56 | HTTP_EVENT_ON_FINISH[0m
[0m2024-01-16 16:21:40 | DEBUG | http_client_post:158 | HTTP GET Status = 200, content_length = 1073429832[0m
[0;32m2024-01-16 16:21:40 | INFO  | http_client_post:161 | 
data stored in a database successfully.[0m
[0m2024-01-16 16:21:40 | DEBUG | _http_event_handler:66 | HTTP_EVENT_DISCONNECTED[0m
[0m2024-01-16 16:21:42 | DEBUG | inspect_task:97 | Currently available heap: 195236[0m
[0m2024-01-16 16:21:42 | DEBUG | inspect_task:98 | The minimum heap size that was ever available: 185996[0m
[0m2024-01-16 16:21:47 | DEBUG | inspect_task:97 | Currently available heap: 195236[0m
[0m2024-01-16 16:21:47 | DEBUG | inspect_task:98 | The minimum heap size that was ever available: 185996[0m
[0m2024-01-16 16:21:52 | DEBUG | inspect_task:97 | Currently available heap: 195236[0m
[0m2024-01-16 16:21:52 | DEBUG | inspect_task:98 | The minimum heap size that was ever available: 185996[0m
[0m2024-01-16 16:21:57 | DEBUG | inspect_task:97 | Currently available heap: 195236[0m
[0m2024-01-16 16:21:57 | DEBUG | inspect_task:98 | The minimum heap size that was ever available: 185996[0m
[0m2024-01-16 16:22:02 | DEBUG | inspect_task:97 | Currently available heap: 195236[0m
[0m2024-01-16 16:22:02 | DEBUG | inspect_task:98 | The minimum heap size that was ever available: 185996[0m
[0m2024-01-16 16:22:07 | DEBUG | inspect_task:97 | Currently available heap: 195236[0m
[0m2024-01-16 16:22:07 | DEBUG | inspect_task:98 | The minimum heap size that was ever available: 185996[0m
[0m2024-01-16 16:22:10 | DEBUG | bmp_i2c_readout:333 | reading temperature of BMP280 device...[0m
[0m2024-01-16 16:22:10 | DEBUG | bmp_i2c_readout:337 | reading pressure of BMP280 device...[0m
[0;32m2024-01-16 16:22:10 | INFO  | read_temperature_task:71 | temperature: 23.28 C[0m
[0;32m2024-01-16 16:22:10 | INFO  | read_temperature_task:72 | pressure: 985.23hPa[0m
[0;32m2024-01-16 16:22:10 | INFO  | read_temperature_task:73 | altitude: 235.85 m. n. p. m.[0m
[0m2024-01-16 16:22:10 | DEBUG | read_temperature_task:75 | data to send to database: device_id=2&temperature=23.28&pressure=985.23&altitude=235.85[0m
[0;32m2024-01-16 16:22:10 | INFO  | http_client_post:143 | making POST request to address: http://wmytych.usermd.net//insert_data.php[0m
[0m2024-01-16 16:22:10 | DEBUG | _http_event_handler:27 | HTTP_EVENT_ON_CONNECTED[0m
[0m2024-01-16 16:22:10 | DEBUG | _http_event_handler:30 | HTTP_EVENT_HEADER_SENT[0m
[0m2024-01-16 16:22:11 | DEBUG | _http_event_handler:33 | HTTP_EVENT_ON_HEADER, key=Server, value=nginx[0m
[0m2024-01-16 16:22:11 | DEBUG | _http_event_handler:33 | HTTP_EVENT_ON_HEADER, key=Date, value=Tue, 16 Jan 2024 16:22:11 GMT[0m
[0m2024-01-16 16:22:11 | DEBUG | _http_event_handler:33 | HTTP_EVENT_ON_HEADER, key=Content-Type, value=text/html; charset=UTF-8[0m
[0m2024-01-16 16:22:11 | DEBUG | _http_event_handler:33 | HTTP_EVENT_ON_HEADER, key=Transfer-Encoding, value=chunked[0m
[0m2024-01-16 16:22:11 | DEBUG | _http_event_handler:33 | HTTP_EVENT_ON_HEADER, key=Connection, value=keep-alive[0m
[0m2024-01-16 16:22:11 | DEBUG | _http_event_handler:33 | HTTP_EVENT_ON_HEADER, key=X-Powered-By, value=PHP/8.1.26[0m
[0m2024-01-16 16:22:11 | DEBUG | _http_event_handler:36 | HTTP_EVENT_ON_DATA, len=39[0m
[0m2024-01-16 16:22:11 | DEBUG | _http_event_handler:37 | HTTP_EVENT_ON_DATA, output_len=0[0m
[0m2024-01-16 16:22:11 | DEBUG | _http_event_handler:38 | HTTP_EVENT_ON_DATA, content_length=-1[0m
[0m2024-01-16 16:22:11 | DEBUG | _http_event_handler:56 | HTTP_EVENT_ON_FINISH[0m
[0m2024-01-16 16:22:11 | DEBUG | http_client_post:158 | HTTP GET Status = 200, content_length = 1073429832[0m
[0;32m2024-01-16 16:22:11 | INFO  | http_client_post:161 | 
data stored in a database successfully.[0m
[0m2024-01-16 16:22:11 | DEBUG | _http_event_handler:66 | HTTP_EVENT_DISCONNECTED[0m
[0m2024-01-16 16:22:12 | DEBUG | inspect_task:97 | Currently available heap: 195236[0m
[0m2024-01-16 16:22:12 | DEBUG | inspect_task:98 | The minimum heap size that was ever available: 185996[0m
[0m2024-01-16 16:22:17 | DEBUG | inspect_task:97 | Currently available heap: 195236[0m
[0m2024-01-16 16:22:17 | DEBUG | inspect_task:98 | The minimum heap size that was ever available: 185996[0m
[0m2024-01-16 16:22:22 | DEBUG | inspect_task:97 | Currently available heap: 195236[0m
[0m2024-01-16 16:22:22 | DEBUG | inspect_task:98 | The minimum heap size that was ever available: 185996[0m
[0m2024-01-16 16:22:27 | DEBUG | inspect_task:97 | Currently available heap: 195236[0m
[0m2024-01-16 16:22:27 | DEBUG | inspect_task:98 | The minimum heap size that was ever available: 185996[0m
[0m2024-01-16 16:22:32 | DEBUG | inspect_task:97 | Currently available heap: 195236[0m
[0m2024-01-16 16:22:32 | DEBUG | inspect_task:98 | The minimum heap size that was ever available: 185996[0m
[0m2024-01-16 16:22:37 | DEBUG | inspect_task:97 | Currently available heap: 195236[0m
[0m2024-01-16 16:22:37 | DEBUG | inspect_task:98 | The minimum heap size that was ever available: 185996[0m
[0m2024-01-16 16:22:41 | DEBUG | bmp_i2c_readout:333 | reading temperature of BMP280 device...[0m
[0m2024-01-16 16:22:41 | DEBUG | bmp_i2c_readout:337 | reading pressure of BMP280 device...[0m
[0;32m2024-01-16 16:22:41 | INFO  | read_temperature_task:71 | temperature: 23.30 C[0m
[0;32m2024-01-16 16:22:41 | INFO  | read_temperature_task:72 | pressure: 985.22hPa[0m
[0;32m2024-01-16 16:22:41 | INFO  | read_temperature_task:73 | altitude: 235.95 m. n. p. m.[0m
[0m2024-01-16 16:22:41 | DEBUG | read_temperature_task:75 | data to send to database: device_id=2&temperature=23.30&pressure=985.22&altitude=235.95[0m
[0;32m2024-01-16 16:22:41 | INFO  | http_client_post:143 | making POST request to address: http://wmytych.usermd.net//insert_data.php[0m
[0m2024-01-16 16:22:41 | DEBUG | _http_event_handler:27 | HTTP_EVENT_ON_CONNECTED[0m
[0m2024-01-16 16:22:41 | DEBUG | _http_event_handler:30 | HTTP_EVENT_HEADER_SENT[0m
[0m2024-01-16 16:22:41 | DEBUG | _http_event_handler:33 | HTTP_EVENT_ON_HEADER, key=Server, value=nginx[0m
[0m2024-01-16 16:22:41 | DEBUG | _http_event_handler:33 | HTTP_EVENT_ON_HEADER, key=Date, value=Tue, 16 Jan 2024 16:22:41 GMT[0m
[0m2024-01-16 16:22:41 | DEBUG | _http_event_handler:33 | HTTP_EVENT_ON_HEADER, key=Content-Type, value=text/html; charset=UTF-8[0m
[0m2024-01-16 16:22:41 | DEBUG | _http_event_handler:33 | HTTP_EVENT_ON_HEADER, key=Transfer-Encoding, value=chunked[0m
[0m2024-01-16 16:22:41 | DEBUG | _http_event_handler:33 | HTTP_EVENT_ON_HEADER, key=Connection, value=keep-alive[0m
[0m2024-01-16 16:22:41 | DEBUG | _http_event_handler:33 | HTTP_EVENT_ON_HEADER, key=X-Powered-By, value=PHP/8.1.26[0m
[0m2024-01-16 16:22:41 | DEBUG | _http_event_handler:36 | HTTP_EVENT_ON_DATA, len=39[0m
[0m2024-01-16 16:22:41 | DEBUG | _http_event_handler:37 | HTTP_EVENT_ON_DATA, output_len=0[0m
[0m2024-01-16 16:22:41 | DEBUG | _http_event_handler:38 | HTTP_EVENT_ON_DATA, content_length=-1[0m
[0m2024-01-16 16:22:41 | DEBUG | _http_event_handler:56 | HTTP_EVENT_ON_FINISH[0m
[0m2024-01-16 16:22:41 | DEBUG | http_client_post:158 | HTTP GET Status = 200, content_length = 1073429832[0m
[0;32m2024-01-16 16:22:41 | INFO  | http_client_post:161 | 
data stored in a database successfully.[0m
[0m2024-01-16 16:22:41 | DEBUG | _http_event_handler:66 | HTTP_EVENT_DISCONNECTED[0m
[0m2024-01-16 16:22:42 | DEBUG | inspect_task:97 | Currently available heap: 195236[0m
[0m2024-01-16 16:22:42 | DEBUG | inspect_task:98 | The minimum heap size that was ever available: 185996[0m
[0m2024-01-16 16:22:47 | DEBUG | inspect_task:97 | Currently available heap: 195236[0m
[0m2024-01-16 16:22:47 | DEBUG | inspect_task:98 | The minimum heap size that was ever available: 185996[0m
[0m2024-01-16 16:22:52 | DEBUG | inspect_task:97 | Currently available heap: 195236[0m
[0m2024-01-16 16:22:52 | DEBUG | inspect_task:98 | The minimum heap size that was ever available: 185996[0m
[0m2024-01-16 16:22:57 | DEBUG | inspect_task:97 | Currently available heap: 195236[0m
[0m2024-01-16 16:22:57 | DEBUG | inspect_task:98 | The minimum heap size that was ever available: 185996[0m
[0m2024-01-16 16:23:02 | DEBUG | inspect_task:97 | Currently available heap: 195236[0m
[0m2024-01-16 16:23:02 | DEBUG | inspect_task:98 | The minimum heap size that was ever available: 185996[0m
[0m2024-01-16 16:23:07 | DEBUG | inspect_task:97 | Currently available heap: 195236[0m
[0m2024-01-16 16:23:07 | DEBUG | inspect_task:98 | The minimum heap size that was ever available: 185996[0m
[0m2024-01-16 16:23:11 | DEBUG | bmp_i2c_readout:333 | reading temperature of BMP280 device...[0m
[0m2024-01-16 16:23:11 | DEBUG | bmp_i2c_readout:337 | reading pressure of BMP280 device...[0m
[0;32m2024-01-16 16:23:11 | INFO  | read_temperature_task:71 | temperature: 23.09 C[0m
[0;32m2024-01-16 16:23:11 | INFO  | read_temperature_task:72 | pressure: 985.18hPa[0m
[0;32m2024-01-16 16:23:11 | INFO  | read_temperature_task:73 | altitude: 236.35 m. n. p. m.[0m
[0m2024-01-16 16:23:11 | DEBUG | read_temperature_task:75 | data to send to database: device_id=2&temperature=23.09&pressure=985.18&altitude=236.35[0m
[0;32m2024-01-16 16:23:11 | INFO  | http_client_post:143 | making POST request to address: http://wmytych.usermd.net//insert_data.php[0m
[0m2024-01-16 16:23:11 | DEBUG | _http_event_handler:27 | HTTP_EVENT_ON_CONNECTED[0m
[0m2024-01-16 16:23:11 | DEBUG | _http_event_handler:30 | HTTP_EVENT_HEADER_SENT[0m
[0m2024-01-16 16:23:11 | DEBUG | _http_event_handler:33 | HTTP_EVENT_ON_HEADER, key=Server, value=nginx[0m
[0m2024-01-16 16:23:11 | DEBUG | _http_event_handler:33 | HTTP_EVENT_ON_HEADER, key=Date, value=Tue, 16 Jan 2024 16:23:11 GMT[0m
[0m2024-01-16 16:23:11 | DEBUG | _http_event_handler:33 | HTTP_EVENT_ON_HEADER, key=Content-Type, value=text/html; charset=UTF-8[0m
[0m2024-01-16 16:23:11 | DEBUG | _http_event_handler:33 | HTTP_EVENT_ON_HEADER, key=Transfer-Encoding, value=chunked[0m
[0m2024-01-16 16:23:11 | DEBUG | _http_event_handler:33 | HTTP_EVENT_ON_HEADER, key=Connection, value=keep-alive[0m
[0m2024-01-16 16:23:11 | DEBUG | _http_event_handler:33 | HTTP_EVENT_ON_HEADER, key=X-Powered-By, value=PHP/8.1.26[0m
[0m2024-01-16 16:23:11 | DEBUG | _http_event_handler:36 | HTTP_EVENT_ON_DATA, len=39[0m
[0m2024-01-16 16:23:11 | DEBUG | _http_event_handler:37 | HTTP_EVENT_ON_DATA, output_len=0[0m
[0m2024-01-16 16:23:11 | DEBUG | _http_event_handler:38 | HTTP_EVENT_ON_DATA, content_length=-1[0m
[0m2024-01-16 16:23:11 | DEBUG | _http_event_handler:56 | HTTP_EVENT_ON_FINISH[0m
[0m2024-01-16 16:23:11 | DEBUG | http_client_post:158 | HTTP GET Status = 200, content_length = 1073429832[0m
[0;32m2024-01-16 16:23:11 | INFO  | http_client_post:161 | 
data stored in a database successfully.[0m
[0m2024-01-16 16:23:11 | DEBUG | _http_event_handler:66 | HTTP_EVENT_DISCONNECTED[0m
[0m2024-01-16 16:23:12 | DEBUG | inspect_task:97 | Currently available heap: 195236[0m
[0m2024-01-16 16:23:12 | DEBUG | inspect_task:98 | The minimum heap size that was ever available: 185996[0m
[0m2024-01-16 16:23:17 | DEBUG | inspect_task:97 | Currently available heap: 195640[0m
[0m2024-01-16 16:23:17 | DEBUG | inspect_task:98 | The minimum heap size that was ever available: 185996[0m
[0m2024-01-16 16:23:22 | DEBUG | inspect_task:97 | Currently available heap: 195640[0m
[0m2024-01-16 16:23:22 | DEBUG | inspect_task:98 | The minimum heap size that was ever available: 185996[0m
[0m2024-01-16 16:23:27 | DEBUG | inspect_task:97 | Currently available heap: 195640[0m
[0m2024-01-16 16:23:27 | DEBUG | inspect_task:98 | The minimum heap size that was ever available: 185996[0m
[0m2024-01-16 16:23:32 | DEBUG | inspect_task:97 | Currently available heap: 195640[0m
[0m2024-01-16 16:23:32 | DEBUG | inspect_task:98 | The minimum heap size that was ever available: 185996[0m
[0m2024-01-16 16:23:37 | DEBUG | inspect_task:97 | Currently available heap: 195632[0m
[0m2024-01-16 16:23:37 | DEBUG | inspect_task:98 | The minimum heap size that was ever available: 185996[0m
[0m2024-01-16 16:23:41 | DEBUG | bmp_i2c_readout:333 | reading temperature of BMP280 device...[0m
[0m2024-01-16 16:23:41 | DEBUG | bmp_i2c_readout:337 | reading pressure of BMP280 device...[0m
[0;32m2024-01-16 16:23:41 | INFO  | read_temperature_task:71 | temperature: 22.98 C[0m
[0;32m2024-01-16 16:23:41 | INFO  | read_temperature_task:72 | pressure: 985.20hPa[0m
[0;32m2024-01-16 16:23:41 | INFO  | read_temperature_task:73 | altitude: 236.17 m. n. p. m.[0m
[0m2024-01-16 16:23:41 | DEBUG | read_temperature_task:75 | data to send to database: device_id=2&temperature=22.98&pressure=985.20&altitude=236.17[0m
[0;32m2024-01-16 16:23:41 | INFO  | http_client_post:143 | making POST request to address: http://wmytych.usermd.net//insert_data.php[0m
[0m2024-01-16 16:23:41 | DEBUG | _http_event_handler:27 | HTTP_EVENT_ON_CONNECTED[0m
[0m2024-01-16 16:23:41 | DEBUG | _http_event_handler:30 | HTTP_EVENT_HEADER_SENT[0m
[0m2024-01-16 16:23:41 | DEBUG | _http_event_handler:33 | HTTP_EVENT_ON_HEADER, key=Server, value=nginx[0m
[0m2024-01-16 16:23:41 | DEBUG | _http_event_handler:33 | HTTP_EVENT_ON_HEADER, key=Date, value=Tue, 16 Jan 2024 16:23:41 GMT[0m
[0m2024-01-16 16:23:41 | DEBUG | _http_event_handler:33 | HTTP_EVENT_ON_HEADER, key=Content-Type, value=text/html; charset=UTF-8[0m
[0m2024-01-16 16:23:41 | DEBUG | _http_event_handler:33 | HTTP_EVENT_ON_HEADER, key=Transfer-Encoding, value=chunked[0m
[0m2024-01-16 16:23:41 | DEBUG | _http_event_handler:33 | HTTP_EVENT_ON_HEADER, key=Connection, value=keep-alive[0m
[0m2024-01-16 16:23:41 | DEBUG | _http_event_handler:33 | HTTP_EVENT_ON_HEADER, key=X-Powered-By, value=PHP/8.1.26[0m
[0m2024-01-16 16:23:41 | DEBUG | _http_event_handler:36 | HTTP_EVENT_ON_DATA, len=39[0m
[0m2024-01-16 16:23:41 | DEBUG | _http_event_handler:37 | HTTP_EVENT_ON_DATA, output_len=0[0m
[0m2024-01-16 16:23:41 | DEBUG | _http_event_handler:38 | HTTP_EVENT_ON_DATA, content_length=-1[0m
[0m2024-01-16 16:23:41 | DEBUG | _http_event_handler:56 | HTTP_EVENT_ON_FINISH[0m
[0m2024-01-16 16:23:41 | DEBUG | http_client_post:158 | HTTP GET Status = 200, content_length = 1073429832[0m
[0;32m2024-01-16 16:23:41 | INFO  | http_client_post:161 | 
data stored in a database successfully.[0m
[0m2024-01-16 16:23:41 | DEBUG | _http_event_handler:66 | HTTP_EVENT_DISCONNECTED[0m
[0m2024-01-16 16:23:42 | DEBUG | inspect_task:97 | Currently available heap: 195632[0m
[0m2024-01-16 16:23:42 | DEBUG | inspect_task:98 | The minimum heap size that was ever available: 185996[0m
[0m2024-01-16 16:23:47 | DEBUG | inspect_task:97 | Currently available heap: 195632[0m
[0m2024-01-16 16:23:47 | DEBUG | inspect_task:98 | The minimum heap size that was ever available: 185996[0m
[0m2024-01-16 16:23:52 | DEBUG | inspect_task:97 | Currently available heap: 195632[0m
[0m2024-01-16 16:23:52 | DEBUG | inspect_task:98 | The minimum heap size that was ever available: 185996[0m
[0m2024-01-16 16:23:57 | DEBUG | inspect_task:97 | Currently available heap: 195632[0m
[0m2024-01-16 16:23:57 | DEBUG | inspect_task:98 | The minimum heap size that was ever available: 185996[0m
[0m2024-01-16 16:24:02 | DEBUG | inspect_task:97 | Currently available heap: 195632[0m
[0m2024-01-16 16:24:02 | DEBUG | inspect_task:98 | The minimum heap size that was ever available: 185996[0m
[0m2024-01-16 16:24:07 | DEBUG | inspect_task:97 | Currently available heap: 195632[0m
[0m2024-01-16 16:24:07 | DEBUG | inspect_task:98 | The minimum heap size that was ever available: 185996[0m
[0m2024-01-16 16:24:11 | DEBUG | bmp_i2c_readout:333 | reading temperature of BMP280 device...[0m
[0m2024-01-16 16:24:11 | DEBUG | bmp_i2c_readout:337 | reading pressure of BMP280 device...[0m
[0;32m2024-01-16 16:24:11 | INFO  | read_temperature_task:71 | temperature: 22.87 C[0m
[0;32m2024-01-16 16:24:11 | INFO  | read_temperature_task:72 | pressure: 985.23hPa[0m
[0;32m2024-01-16 16:24:11 | INFO  | read_temperature_task:73 | altitude: 235.92 m. n. p. m.[0m
[0m2024-01-16 16:24:11 | DEBUG | read_temperature_task:75 | data to send to database: device_id=2&temperature=22.87&pressure=985.23&altitude=235.92[0m
[0;32m2024-01-16 16:24:11 | INFO  | http_client_post:143 | making POST request to address: http://wmytych.usermd.net//insert_data.php[0m
[0m2024-01-16 16:24:12 | DEBUG | _http_event_handler:27 | HTTP_EVENT_ON_CONNECTED[0m
[0m2024-01-16 16:24:12 | DEBUG | _http_event_handler:30 | HTTP_EVENT_HEADER_SENT[0m
[0m2024-01-16 16:24:12 | DEBUG | _http_event_handler:33 | HTTP_EVENT_ON_HEADER, key=Server, value=nginx[0m
[0m2024-01-16 16:24:12 | DEBUG | _http_event_handler:33 | HTTP_EVENT_ON_HEADER, key=Date, value=Tue, 16 Jan 2024 16:24:12 GMT[0m
[0m2024-01-16 16:24:12 | DEBUG | _http_event_handler:33 | HTTP_EVENT_ON_HEADER, key=Content-Type, value=text/html; charset=UTF-8[0m
[0m2024-01-16 16:24:12 | DEBUG | _http_event_handler:33 | HTTP_EVENT_ON_HEADER, key=Transfer-Encoding, value=chunked[0m
[0m2024-01-16 16:24:12 | DEBUG | _http_event_handler:33 | HTTP_EVENT_ON_HEADER, key=Connection, value=keep-alive[0m
[0m2024-01-16 16:24:12 | DEBUG | _http_event_handler:33 | HTTP_EVENT_ON_HEADER, key=X-Powered-By, value=PHP/8.1.26[0m
[0m2024-01-16 16:24:12 | DEBUG | _http_event_handler:36 | HTTP_EVENT_ON_DATA, len=39[0m
[0m2024-01-16 16:24:12 | DEBUG | _http_event_handler:37 | HTTP_EVENT_ON_DATA, output_len=0[0m
[0m2024-01-16 16:24:12 | DEBUG | _http_event_handler:38 | HTTP_EVENT_ON_DATA, content_length=-1[0m
[0m2024-01-16 16:24:12 | DEBUG | _http_event_handler:56 | HTTP_EVENT_ON_FINISH[0m
[0m2024-01-16 16:24:12 | DEBUG | http_client_post:158 | HTTP GET Status = 200, content_length = 1073429832[0m
[0;32m2024-01-16 16:24:12 | INFO  | http_client_post:161 | 
data stored in a database successfully.[0m
[0m2024-01-16 16:24:12 | DEBUG | _http_event_handler:66 | HTTP_EVENT_DISCONNECTED[0m
[0m2024-01-16 16:24:12 | DEBUG | inspect_task:97 | Currently available heap: 195632[0m
[0m2024-01-16 16:24:12 | DEBUG | inspect_task:98 | The minimum heap size that was ever available: 185996[0m
[0m2024-01-16 16:24:17 | DEBUG | inspect_task:97 | Currently available heap: 195652[0m
[0m2024-01-16 16:24:17 | DEBUG | inspect_task:98 | The minimum heap size that was ever available: 185996[0m
[0m2024-01-16 16:24:22 | DEBUG | inspect_task:97 | Currently available heap: 195652[0m
[0m2024-01-16 16:24:22 | DEBUG | inspect_task:98 | The minimum heap size that was ever available: 185996[0m
[0m2024-01-16 16:24:27 | DEBUG | inspect_task:97 | Currently available heap: 195652[0m
[0m2024-01-16 16:24:27 | DEBUG | inspect_task:98 | The minimum heap size that was ever available: 185996[0m
[0m2024-01-16 16:24:32 | DEBUG | inspect_task:97 | Currently available heap: 195652[0m
[0m2024-01-16 16:24:32 | DEBUG | inspect_task:98 | The minimum heap size that was ever available: 185996[0m
[0m2024-01-16 16:24:37 | DEBUG | inspect_task:97 | Currently available heap: 195660[0m
[0m2024-01-16 16:24:37 | DEBUG | inspect_task:98 | The minimum heap size that was ever available: 185996[0m
[0m2024-01-16 16:24:42 | DEBUG | bmp_i2c_readout:333 | reading temperature of BMP280 device...[0m
[0m2024-01-16 16:24:42 | DEBUG | bmp_i2c_readout:337 | reading pressure of BMP280 device...[0m
[0;32m2024-01-16 16:24:42 | INFO  | read_temperature_task:71 | temperature: 22.79 C[0m
[0;32m2024-01-16 16:24:42 | INFO  | read_temperature_task:72 | pressure: 985.17hPa[0m
[0;32m2024-01-16 16:24:42 | INFO  | read_temperature_task:73 | altitude: 236.37 m. n. p. m.[0m
[0m2024-01-16 16:24:42 | DEBUG | read_temperature_task:75 | data to send to database: device_id=2&temperature=22.79&pressure=985.17&altitude=236.37[0m
[0;32m2024-01-16 16:24:42 | INFO  | http_client_post:143 | making POST request to address: http://wmytych.usermd.net//insert_data.php[0m
[0m2024-01-16 16:24:42 | DEBUG | _http_event_handler:27 | HTTP_EVENT_ON_CONNECTED[0m
[0m2024-01-16 16:24:42 | DEBUG | _http_event_handler:30 | HTTP_EVENT_HEADER_SENT[0m
[0m2024-01-16 16:24:42 | DEBUG | _http_event_handler:33 | HTTP_EVENT_ON_HEADER, key=Server, value=nginx[0m
[0m2024-01-16 16:24:42 | DEBUG | _http_event_handler:33 | HTTP_EVENT_ON_HEADER, key=Date, value=Tue, 16 Jan 2024 16:24:42 GMT[0m
[0m2024-01-16 16:24:42 | DEBUG | _http_event_handler:33 | HTTP_EVENT_ON_HEADER, key=Content-Type, value=text/html; charset=UTF-8[0m
[0m2024-01-16 16:24:42 | DEBUG | _http_event_handler:33 | HTTP_EVENT_ON_HEADER, key=Transfer-Encoding, value=chunked[0m
[0m2024-01-16 16:24:42 | DEBUG | _http_event_handler:33 | HTTP_EVENT_ON_HEADER, key=Connection, value=keep-alive[0m
[0m2024-01-16 16:24:42 | DEBUG | _http_event_handler:33 | HTTP_EVENT_ON_HEADER, key=X-Powered-By, value=PHP/8.1.26[0m
[0m2024-01-16 16:24:42 | DEBUG | _http_event_handler:36 | HTTP_EVENT_ON_DATA, len=39[0m
[0m2024-01-16 16:24:42 | DEBUG | _http_event_handler:37 | HTTP_EVENT_ON_DATA, output_len=0[0m
[0m2024-01-16 16:24:42 | DEBUG | _http_event_handler:38 | HTTP_EVENT_ON_DATA, content_length=-1[0m
[0m2024-01-16 16:24:42 | DEBUG | _http_event_handler:56 | HTTP_EVENT_ON_FINISH[0m
[0m2024-01-16 16:24:42 | DEBUG | http_client_post:158 | HTTP GET Status = 200, content_length = 1073429832[0m
[0;32m2024-01-16 16:24:42 | INFO  | http_client_post:161 | 
data stored in a database successfully.[0m
[0m2024-01-16 16:24:42 | DEBUG | _http_event_handler:66 | HTTP_EVENT_DISCONNECTED[0m
[0m2024-01-16 16:24:42 | DEBUG | inspect_task:97 | Currently available heap: 195640[0m
[0m2024-01-16 16:24:42 | DEBUG | inspect_task:98 | The minimum heap size that was ever available: 185996[0m
[0m2024-01-16 16:24:47 | DEBUG | inspect_task:97 | Currently available heap: 195632[0m
[0m2024-01-16 16:24:47 | DEBUG | inspect_task:98 | The minimum heap size that was ever available: 185996[0m
[0m2024-01-16 16:24:52 | DEBUG | inspect_task:97 | Currently available heap: 195632[0m
[0m2024-01-16 16:24:52 | DEBUG | inspect_task:98 | The minimum heap size that was ever available: 185996[0m
[0m2024-01-16 16:24:57 | DEBUG | inspect_task:97 | Currently available heap: 195632[0m
[0m2024-01-16 16:24:57 | DEBUG | inspect_task:98 | The minimum heap size that was ever available: 185996[0m
[0m2024-01-16 16:25:02 | DEBUG | inspect_task:97 | Currently available heap: 195632[0m
[0m2024-01-16 16:25:02 | DEBUG | inspect_task:98 | The minimum heap size that was ever available: 185996[0m
[0m2024-01-16 16:25:07 | DEBUG | inspect_task:97 | Currently available heap: 195632[0m
[0m2024-01-16 16:25:07 | DEBUG | inspect_task:98 | The minimum heap size that was ever available: 185996[0m
[0m2024-01-16 16:25:12 | DEBUG | bmp_i2c_readout:333 | reading temperature of BMP280 device...[0m
[0m2024-01-16 16:25:12 | DEBUG | bmp_i2c_readout:337 | reading pressure of BMP280 device...[0m
[0;32m2024-01-16 16:25:12 | INFO  | read_temperature_task:71 | temperature: 22.78 C[0m
[0;32m2024-01-16 16:25:12 | INFO  | read_temperature_task:72 | pressure: 985.13hPa[0m
[0;32m2024-01-16 16:25:12 | INFO  | read_temperature_task:73 | altitude: 236.73 m. n. p. m.[0m
[0m2024-01-16 16:25:12 | DEBUG | read_temperature_task:75 | data to send to database: device_id=2&temperature=22.78&pressure=985.13&altitude=236.73[0m
[0;32m2024-01-16 16:25:12 | INFO  | http_client_post:143 | making POST request to address: http://wmytych.usermd.net//insert_data.php[0m
[0m2024-01-16 16:25:12 | DEBUG | _http_event_handler:27 | HTTP_EVENT_ON_CONNECTED[0m
[0m2024-01-16 16:25:12 | DEBUG | _http_event_handler:30 | HTTP_EVENT_HEADER_SENT[0m
[0m2024-01-16 16:25:12 | DEBUG | inspect_task:97 | Currently available heap: 189584[0m
[0m2024-01-16 16:25:12 | DEBUG | inspect_task:98 | The minimum heap size that was ever available: 185996[0m
[0m2024-01-16 16:25:12 | DEBUG | _http_event_handler:33 | HTTP_EVENT_ON_HEADER, key=Server, value=nginx[0m
[0m2024-01-16 16:25:12 | DEBUG | _http_event_handler:33 | HTTP_EVENT_ON_HEADER, key=Date, value=Tue, 16 Jan 2024 16:25:12 GMT[0m
[0m2024-01-16 16:25:12 | DEBUG | _http_event_handler:33 | HTTP_EVENT_ON_HEADER, key=Content-Type, value=text/html; charset=UTF-8[0m
[0m2024-01-16 16:25:12 | DEBUG | _http_event_handler:33 | HTTP_EVENT_ON_HEADER, key=Transfer-Encoding, value=chunked[0m
[0m2024-01-16 16:25:12 | DEBUG | _http_event_handler:33 | HTTP_EVENT_ON_HEADER, key=Connection, value=keep-alive[0m
[0m2024-01-16 16:25:12 | DEBUG | _http_event_handler:33 | HTTP_EVENT_ON_HEADER, key=X-Powered-By, value=PHP/8.1.26[0m
[0m2024-01-16 16:25:12 | DEBUG | _http_event_handler:36 | HTTP_EVENT_ON_DATA, len=39[0m
[0m2024-01-16 16:25:12 | DEBUG | _http_event_handler:37 | HTTP_EVENT_ON_DATA, output_len=0[0m
[0m2024-01-16 16:25:12 | DEBUG | _http_event_handler:38 | HTTP_EVENT_ON_DATA, content_length=-1[0m
[0m2024-01-16 16:25:12 | DEBUG | _http_event_handler:56 | HTTP_EVENT_ON_FINISH[0m
[0m2024-01-16 16:25:12 | DEBUG | http_client_post:158 | HTTP GET Status = 200, content_length = 1073429832[0m
[0;32m2024-01-16 16:25:12 | INFO  | http_client_post:161 | 
data stored in a database successfully.[0m
[0m2024-01-16 16:25:12 | DEBUG | _http_event_handler:66 | HTTP_EVENT_DISCONNECTED[0m
[0m2024-01-16 16:25:17 | DEBUG | inspect_task:97 | Currently available heap: 195632[0m
[0m2024-01-16 16:25:17 | DEBUG | inspect_task:98 | The minimum heap size that was ever available: 185996[0m
[0m2024-01-16 16:25:22 | DEBUG | inspect_task:97 | Currently available heap: 195632[0m
[0m2024-01-16 16:25:22 | DEBUG | inspect_task:98 | The minimum heap size that was ever available: 185996[0m
[0m2024-01-16 16:25:27 | DEBUG | inspect_task:97 | Currently available heap: 195632[0m
[0m2024-01-16 16:25:27 | DEBUG | inspect_task:98 | The minimum heap size that was ever available: 185996[0m
[0m2024-01-16 16:25:32 | DEBUG | inspect_task:97 | Currently available heap: 195632[0m
[0m2024-01-16 16:25:32 | DEBUG | inspect_task:98 | The minimum heap size that was ever available: 185996[0m
