0:9e:f8:01:a8)
I (1030) wifi:enable tsf
[0;32m1970-01-01 00:00:00 | INFO  | wifi_c_sta_event_handler:158 | Station started, connecting to WiFi.[0m
[0m1970-01-01 00:00:00 | DEBUG | wifi_c_init_wifi:503 | wifi successfully initialized[0m
[0m1970-01-01 00:00:00 | DEBUG | nvs_c_open_read_only:79 | opened namespace nvs for read only operations[0m
[0;32m1970-01-01 00:00:00 | INFO  | nvs_c_read_string:131 | read 15 bytes from namespace: nvs[0m
[0m1970-01-01 00:00:00 | DEBUG | wifi_manager_get_stored_ap:79 | found stored SSID in NVS: TP-LINK_AD8313[0m
[0;32m1970-01-01 00:00:00 | INFO  | nvs_c_read_string:131 | read 9 bytes from namespace: nvs[0m
[0m1970-01-01 00:00:00 | DEBUG | wifi_manager_get_stored_ap:83 | found stored password in NVS: 20232887[0m
[0m1970-01-01 00:00:00 | DEBUG | nvs_c_close:88 | nvs namespace: nvs was closed[0m
[0;32m1970-01-01 00:00:00 | INFO  | wifi_manager_init:232 | found stored AP, connecting to: TP-LINK_AD8313[0m
[0m1970-01-01 00:00:00 | DEBUG | wifi_c_start_sta:667 | WiFi successfully configured as STA.[0m
I (3520) wifi:new:<1,1>, old:<1,0>, ap:<255,255>, sta:<1,1>, prof:1
I (3530) wifi:state: init -> auth (b0)
I (3530) wifi:state: auth -> assoc (0)
I (3540) wifi:state: assoc -> run (10)
I (3550) wifi:connected with TP-LINK_AD8313, aid = 4, channel 1, 40U, bssid = 84:16:f9:ad:83:12
I (3550) wifi:security: WPA2-PSK, phy: bgn, rssi: -58
I (3560) wifi:pm start, type: 1

I (3570) wifi:AP's beacon interval = 102400 us, DTIM period = 1
I (3580) wifi:<ba-add>idx:0 (ifx:0, 84:16:f9:ad:83:12), tid:0, ssn:0, winSize:64
[0;32m1970-01-01 00:00:04 | INFO  | wifi_c_sta_event_handler:184 | Got IP:192.168.0.103[0m
[0;32mI (4560) esp_netif_handlers: sta ip: 192.168.0.103, mask: 255.255.255.0, gw: 192.168.0.1[0m
[0;32m1970-01-01 00:00:04 | INFO  | http_client_get:185 | making GET request to address: http://wmytych.usermd.net/modules/getters/get_gpio_state.php?device_id=222222[0m
[0m1970-01-01 00:00:04 | DEBUG | wifi_c_check_sta_connection_result:202 | WIFI_C_CONNECTED_BIT is set![0m
[0m1970-01-01 00:00:04 | DEBUG | ota_c_prepare_url_with_device_id:151 | prepared url with device id for ota update:
http://wmytych.usermd.net/modules/getters/ota.php?device_id=222222[0m
[0m1970-01-01 00:00:04 | DEBUG | inspect_task:120 | Currently available heap: 218796[0m
[0m1970-01-01 00:00:04 | DEBUG | _http_event_handler:27 | HTTP_EVENT_ON_CONNECTED[0m
[0m1970-01-01 00:00:04 | DEBUG | inspect_task:121 | The minimum heap size that was ever available: 218796[0m
[0m1970-01-01 00:00:04 | DEBUG | _http_event_handler:30 | HTTP_EVENT_HEADER_SENT[0m
[0m1970-01-01 00:00:04 | DEBUG | tcp_create_socket:168 | preparing socket...[0m
[0m1970-01-01 00:00:04 | DEBUG | _http_event_handler:33 | HTTP_EVENT_ON_HEADER, key=Server, value=nginx[0m
[0m1970-01-01 00:00:04 | DEBUG | _http_event_handler:33 | HTTP_EVENT_ON_HEADER, key=Date, value=Sat, 10 Feb 2024 21:06:31 GMT[0m
[0m1970-01-01 00:00:04 | DEBUG | _http_event_handler:33 | HTTP_EVENT_ON_HEADER, key=Content-Type, value=text/html; charset=UTF-8[0m
[0m1970-01-01 00:00:04 | DEBUG | _http_event_handler:33 | HTTP_EVENT_ON_HEADER, key=Transfer-Encoding, value=chunked[0m
[0m1970-01-01 00:00:04 | DEBUG | _http_event_handler:33 | HTTP_EVENT_ON_HEADER, key=Connection, value=keep-alive[0m
[0m1970-01-01 00:00:04 | DEBUG | _http_event_handler:33 | HTTP_EVENT_ON_HEADER, key=X-Powered-By, value=PHP/8.3.2[0m
[0m1970-01-01 00:00:04 | DEBUG | tcp_create_socket:175 | created socket: 55[0m
[0m1970-01-01 00:00:04 | DEBUG | _http_event_handler:36 | HTTP_EVENT_ON_DATA, len=44[0m
[0m1970-01-01 00:00:04 | DEBUG | _http_event_handler:37 | HTTP_EVENT_ON_DATA, output_len=0[0m
[0m1970-01-01 00:00:04 | DEBUG | _http_event_handler:38 | HTTP_EVENT_ON_DATA, content_length=-1[0m
[0m1970-01-01 00:00:04 | DEBUG | _http_event_handler:56 | HTTP_EVENT_ON_FINISH[0m
[0m1970-01-01 00:00:04 | DEBUG | http_client_get:200 | HTTP GET Status = 200, content_length = 1073429340[0m
[0;32m1970-01-01 00:00:04 | INFO  | http_client_get:203 | 
[{"gpio":2,"state":1},{"gpio":18,"state":0}][0m
[0m1970-01-01 00:00:04 | DEBUG | http_client_get:214 | HTTP response stored into buffer[0m
[0m1970-01-01 00:00:04 | DEBUG | _http_event_handler:66 | HTTP_EVENT_DISCONNECTED[0m
[0m1970-01-01 00:00:04 | DEBUG | switch_gpio_task:57 | HTTP GET RESPONSE: [{"gpio":2,"state":1},{"gpio":18,"state":0}][0m
[0m1970-01-01 00:00:04 | DEBUG | tcp_prepare_address:211 | preparing address...[0m
[0;32m1970-01-01 00:00:04 | INFO  | switch_gpio_task:81 | GPIO: 2[0m
[0;32m1970-01-01 00:00:04 | IN
O[0;32m1970-01-01 00:00:08 | INFO  | http_client_get:185 | making GET request to address: http://wmytych.usermd.net/modules/getters/get_gpio_state.php?device_id=222222[0m
[0m1970-01-01 00:00:08 | DEBUG | _http_event_handler:27 | HTTP_EVENT_ON_CONNECTED[0m
[0m1970-01-01 00:00:08 | DEBUG | _http_event_handler:30 | HTTP_EVENT_HEADER_SENT[0m
[0m1970-01-01 00:00:08 | DEBUG | _http_event_handler:33 | HTTP_EVENT_ON_HEADER, key=Server, value=nginx[0m
[0m1970-01-01 00:00:08 | DEBUG | _http_event_handler:33 | HTTP_EVENT_ON_HEADER, key=Date, value=Sat, 10 Feb 2024 21:06:35 GMT[0m
[0m1970-01-01 00:00:08 | DEBUG | _http_event_handler:33 | HTTP_EVENT_ON_HEADER, key=Content-Type, value=text/html; charset=UTF-8[0m
[0m1970-01-01 00:00:08 | DEBUG | _http_event_handler:33 | HTTP_EVENT_ON_HEADER, key=Transfer-Encoding, value=chunked[0m
[0m1970-01-01 00:00:08 | DEBUG | _http_event_handler:33 | HTTP_EVENT_ON_HEADER, key=Connection, value=keep-alive[0m
[0m1970-01-01 00:00:08 | DEBUG | _http_event_handler:33 | HTTP_EVENT_ON_HEADER, key=X-Powered-By, value=PHP/8.3.2[0m
[0m1970-01-01 00:00:08 | DEBUG | _http_event_handler:36 | HTTP_EVENT_ON_DATA, len=44[0m
[0m1970-01-01 00:00:08 | DEBUG | _http_event_handler:37 | HTTP_EVENT_ON_DATA, output_len=0[0m
[0m1970-01-01 00:00:08 | DEBUG | _http_event_handler:38 | HTTP_EVENT_ON_DATA, content_length=-1[0m
[0m1970-01-01 00:00:08 | DEBUG | _http_event_handler:56 | HTTP_EVENT_ON_FINISH[0m
[0m1970-01-01 00:00:08 | DEBUG | http_client_get:200 | HTTP GET Status = 200, content_length = 1073429340[0m
[0;32m1970-01-01 00:00:08 | INFO  | http_client_get:203 | 
[{"gpio":2,"state":1},{"gpio":18,"state":0}][0m
[0m1970-01-01 00:00:08 | DEBUG | http_client_get:214 | HTTP response stored into buffer[0m
[0m1970-01-01 00:00:08 | DEBUG | _http_event_handler:66 | HTTP_EVENT_DISCONNECTED[0m
[0m1970-01-01 00:00:08 | DEBUG | switch_gpio_task:57 | HTTP GET RESPONSE: [{"gpio":2,"state":1},{"gpio":18,"state":0}][0m
[0;32m1970-01-01 00:00:08 | INFO  | switch_gpio_task:81 | GPIO: 2[0m
[0;32m1970-01-01 00:00:08 | INFO  | switch_gpio_task:82 | STATE: 1[0m
[0;32m1970-01-01 00:00:08 | INFO  | switch_gpio_task:81 | GPIO: 18[0m
[0;32m1970-01-01 00:00:08 | INFO  | switch_gpio_task:82 | STATE: 0[0m
[0m1970-01-01 00:00:09 | DEBUG | inspect_task:120 | Currently available heap: 219492[0m
[0m1970-01-01 00:00:09 | DEBUG | inspect_task:121 | The minimum heap size that was ever available: 213916[0m
[0;32m1970-01-01 00:00:10 | INFO  | http_client_get:185 | making GET request to address: http://wmytych.usermd.net/modules/getters/get_gpio_state.php?device_id=222222[0m
[0m1970-01-01 00:00:10 | DEBUG | _http_event_handler:27 | HTTP_EVENT_ON_CONNECTED[0m
[0m1970-01-01 00:00:10 | DEBUG | _http_event_handler:30 | HTTP_EVENT_HEADER_SENT[0m
[0m1970-01-01 00:00:10 | DEBUG | _http_event_handler:33 | HTTP_EVENT_ON_HEADER, key=Server, value=nginx[0m
[0m1970-01-01 00:00:10 | DEBUG | _http_event_handler:33 | HTTP_EVENT_ON_HEADER, key=Date, value=Sat, 10 Feb 2024 21:06:37 GMT[0m
[0m1970-01-01 00:00:10 | DEBUG | _http_event_handler:33 | HTTP_EVENT_ON_HEADER, key=Content-Type, value=text/html; charset=UTF-8[0m
[0m1970-01-01 00:00:10 | DEBUG | _http_event_handler:33 | HTTP_EVENT_ON_HEADER, key=Transfer-Encoding, value=chunked[0m
[0m1970-01-01 00:00:10 | DEBUG | _http_event_handler:33 | HTTP_EVENT_ON_HEADER, key=Connection, value=keep-alive[0m
[0m1970-01-01 00:00:10 | DEBUG | _http_event_handler:33 | HTTP_EVENT_ON_HEADER, key=X-Powered-By, value=PHP/8.3.2[0m
[0m1970-01-01 00:00:10 | DEBUG | _http_event_handler:36 | HTTP_EVENT_ON_DATA, len=44[0m
[0m1970-01-01 00:00:10 | DEBUG | _http_event_handler:37 | HTTP_EVENT_ON_DATA, output_len=0[0m
[0m1970-01-01 00:00:10 | DEBUG | _http_event_handler:38 | HTTP_EVENT_ON_DATA, content_length=-1[0m
[0m1970-01-01 00:00:10 | DEBUG | _http_event_handler:56 | HTTP_EVENT_ON_FINISH[0m
[0m1970-01-01 00:00:10 | DEBUG | http_client_get:200 | HTTP GET Status = 200, content_length = 1073429340[0m
[0;32m1970-01-01 00:00:10 | INFO  | http_client_get:203 | 
[{"gpio":2,"state":1},{"gpio":18,"state":0}][0m
[0m1970-01-01 00:00:10 | DEBUG | http_client_get:214 | HTTP response stored into buffer[0m
[0m1970-01-01 00:00:10 | DEBUG | _http_event_handler:66 | HTTP_EVENT_DISCONNECTED[0m
[0m1970-01-01 00:00:10 | DEBUG | switch_gpio_task:57 | HTTP GET RESPONSE: [{"gpio":2,"state":1},{"gpio":18,"state":0}][0m
[0;32m1970-01-01 00:00:10 | INFO  | switch_gpio_task:81 | GPIO: 2[0m
[0;32m1970-01-01 00:00:10 | INFO  | switch_gpio_task:82 | STATE: 1[0m
[0;32m1970-01-01 00:00:10 | INFO  | switch_gpio_task:81 | GPIO: 18[0m
[0;32m1970-01-01 00:00:10 | INFO  | switch_gpio_task:82 | STATE: 0[0m
[0;32m1970-01-01 00:00:12 | INFO  | http_client_get:185 | making GET request to address: http://wmytych.usermd.net/modules/getters/get_gpio_state.php?device_id=222222[0m
[0m1970-01-01 00:00:12 | DEBUG | _http_event_handler:27 | HTTP_EVENT_ON_CONNECTED[0m
[0m1970-01-01 00:00:12 | DEBUG | _http_event_handler:30 | HTTP_EVENT_HEADER_SENT[0m
[0m1970-01-01 00:00:12 | DEBUG | _http_event_handler:33 | HTTP_EVENT_ON_HEADER, key=Server, value=nginx[0m
[0m1970-01-01 00:00:12 | DEBUG | _http_event_handler:33 | HTTP_EVENT_ON_HEADER, key=Date, value=Sat, 10 Feb 2024 21:06:40 GMT[0m
[0m1970-01-01 00:00:13 | DEBUG | _http_event_handler:33 | HTTP_EVENT_ON_HEADER, key=Content-Type, value=text/html; charset=UTF-8[0m
[0m1970-01-01 00:00:13 | DEBUG | _http_event_handler:33 | HTTP_EVENT_ON_HEADER, key=Transfer-Encoding, value=chunked[0m
[0m1970-01-01 00:00:13 | DEBUG | _http_event_handler:33 | HTTP_EVENT_ON_HEADER, key=Connection, value=keep-alive[0m
[0m1970-01-01 00:00:13 | DEBUG | _http_event_handler:33 | HTTP_EVENT_ON_HEADER, key=X-Powered-By, value=PHP/8.3.2[0m
[0m1970-01-01 00:00:13 | DEBUG | _http_event_handler:36 | HTTP_EVENT_ON_DATA, len=44[0m
[0m1970-01-01 00:00:13 | DEBUG | _http_event_handler:37 | HTTP_EVENT_ON_DATA, output_len=0[0m
[0m1970-01-01 00:00:13 | DEBUG | _http_event_handler:38 | HTTP_EVENT_ON_DATA, content_length=-1[0m
[0m1970-01-01 00:00:13 | DEBUG | _http_event_handler:56 | HTTP_EVENT_ON_FINISH[0m
[0m1970-01-01 00:00:13 | DEBUG | http_client_get:200 | HTTP GET Status = 200, content_length = 1073429340[0m
[0;32m1970-01-01 00:00:13 | INFO  | http_client_get:203 | 
[{"gpio":2,"state":1},{"gpio":18,"state":0}][0m
[0m1970-01-01 00:00:13 | DEBUG | http_client_get:214 | HTTP response stored into buffer[0m
[0m1970-01-01 00:00:13 | DEBUG | _http_event_handler:66 | HTTP_EVENT_DISCONNECTED[0m
[0m1970-01-01 00:00:13 | DEBUG | switch_gpio_task:57 | HTTP GET RESPONSE: [{"gpio":2,"state":1},{"gpio":18,"state":0}][0m
[0;32m1970-01-01 00:00:13 | INFO  | switch_gpio_task:81 | GPIO: 2[0m
[0;32m1970-01-01 00:00:13 | INFO  | switch_gpio_task:82 | STATE: 1[0m
[0;32m1970-01-01 00:00:13 | INFO  | switch_gpio_task:81 | GPIO: 18[0m
[0;32m1970-01-01 00:00:13 | INFO  | switch_gpio_task:82 | STATE: 0[0m
[0m1970-01-01 00:00:14 | DEBUG | inspect_task:120 | Currently available heap: 218280[0m
[0m1970-01-01 00:00:14 | DEBUG | inspect_task:121 | The minimum heap size that was ever available: 212732[0m
[0;32m1970-01-01 00:00:15 | INFO  | http_client_get:185 | making GET request to address: http://wmytych.usermd.net/modules/getters/get_gpio_state.php?device_id=222222[0m
[0m1970-01-01 00:00:15 | DEBUG | _http_event_handler:27 | HTTP_EVENT_ON_CONNECTED[0m
[0m1970-01-01 00:00:15 | DEBUG | _http_event_handler:30 | HTTP_EVENT_HEADER_SENT[0m
[0m1970-01-01 00:00:15 | DEBUG | _http_event_handler:33 | HTTP_EVENT_ON_HEADER, key=Server, value=nginx[0m
[0m1970-01-01 00:00:15 | DEBUG | _http_event_handler:33 | HTTP_EVENT_ON_HEADER, key=Date, value=Sat, 10 Feb 2024 21:06:42 GMT[0m
[0m1970-01-01 00:00:15 | DEBUG | _http_event_handler:33 | HTTP_EVENT_ON_HEADER, key=Content-Type, value=text/html; charset=UTF-8[0m
[0m1970-01-01 00:00:15 | DEBUG | _http_event_handler:33 | HTTP_EVENT_ON_HEADER, key=Transfer-Encoding, value=chunked[0m
[0m1970-01-01 00:00:15 | DEBUG | _http_event_handler:33 | HTTP_EVENT_ON_HEADER, key=Connection, value=keep-alive[0m
[0m1970-01-01 00:00:15 | DEBUG | _http_event_handler:33 | HTTP_EVENT_ON_HEADER, key=X-Powered-By, value=PHP/8.3.2[0m
[0m1970-01-01 00:00:15 | DEBUG | _http_event_handler:36 | HTTP_EVENT_ON_DATA, len=44[0m
[0m1970-01-01 00:00:15 | DEBUG | _http_event_handler:37 | HTTP_EVENT_ON_DATA, output_len=0[0m
[0m1970-01-01 00:00:15 | DEBUG | _http_event_handler:38 | HTTP_EVENT_ON_DATA, content_length=-1[0m
[0m1970-01-01 00:00:15 | DEBUG | _http_event_handler:56 | HTTP_EVENT_ON_FINISH[0m
[0m1970-01-01 00:00:15 | DEBUG | http_client_get:200 | HTTP GET Status = 200, content_length = 1073429340[0m
[0;32m1970-01-01 00:00:15 | INFO  | http_client_get:203 | 
[{"gpio":2,"state":1},{"gpio":18,"state":0}][0m
[0m1970-01-01 00:00:15 | DEBUG | http_client_get:214 | HTTP response stored into buffer[0m
[0m1970-01-01 00:00:15 | DEBUG | _http_event_handler:66 | HTTP_EVENT_DISCONNECTED[0m
[0m1970-01-01 00:00:15 | DEBUG | switch_gpio_task:57 | HTTP GET RESPONSE: [{"gpio":2,"state":1},{"gpio":18,"state":0}][0m
[0;32m1970-01-01 00:00:15 | INFO  | switch_gpio_task:81 | GPIO: 2[0m
[0;32m1970-01-01 00:00:15 | INFO  | switch_gpio_task:82 | STATE: 1[0m
[0;32m1970-01-01 00:00:15 | INFO  | switch_gpio_task:81 | GPIO: 18[0m
[0;32m1970-01-01 00:00:15 | INFO  | switch_gpio_task:82 | STATE: 0[0m
[0;32m1970-01-01 00:00:17 | INFO  | http_client_get:185 | making GET request to address: http://wmytych.usermd.net/modules/getters/get_gpio_state.php?device_id=222222[0m
[0m1970-01-01 00:00:17 | DEBUG | _http_event_handler:27 | HTTP_EVENT_ON_CONNECTED[0m
[0m1970-01-01 00:00:17 | DEBUG | _http_event_handler:30 | HTTP_EVENT_HEADER_SENT[0m
[0m1970-01-01 00:00:17 | DEBUG | _http_event_handler:33 | HTTP_EVENT_ON_HEADER, key=Server, value=nginx[0m
[0m1970-01-01 00:00:17 | DEBUG | _http_event_handler:33 | HTTP_EVENT_ON_HEADER, key=Date, value=Sat, 10 Feb 2024 21:06:44 GMT[0m
[0m1970-01-01 00:00:17 | DEBUG | _http_event_handler:33 | HTTP_EVENT_ON_HEADER, key=Content-Type, value=text/html; charset=UTF-8[0m
[0m1970-01-01 00:00:17 | DEBUG | _http_event_handler:33 | HTTP_EVENT_ON_HEADER, key=Transfer-Encoding, value=chunked[0m
[0m1970-01-01 00:00:17 | DEBUG | _http_event_handler:33 | HTTP_EVENT_ON_HEADER, key=Connection, value=keep-alive[0m
[0m1970-01-01 00:00:17 | DEBUG | _http_event_handler:33 | HTTP_EVENT_ON_HEADER, key=X-Powered-By, value=PHP/8.3.2[0m
[0m1970-01-01 00:00:17 | DEBUG | _http_event_handler:36 | HTTP_EVENT_ON_DATA, len=44[0m
[0m1970-01-01 00:00:17 | DEBUG | _http_event_handler:37 | HTTP_EVENT_ON_DATA, output_len=0[0m
[0m1970-01-01 00:00:17 | DEBUG | _http_event_handler:38 | HTTP_EVENT_ON_DATA, content_length=-1[0m
[0m1970-01-01 00:00:17 | DEBUG | _http_event_handler:56 | HTTP_EVENT_ON_FINISH[0m
[0m1970-01-01 00:00:17 | DEBUG | http_client_get:200 | HTTP GET Status = 200, content_length = 1073429340[0m
[0;32m1970-01-01 00:00:17 | INFO  | http_client_get:203 | 
[{"gpio":2,"state":1},{"gpio":18,"state":0}][0m
[0m1970-01-01 00:00:17 | DEBUG | http_client_get:214 | HTTP response stored into buffer[0m
[0m1970-01-01 00:00:17 | DEBUG | _http_event_handler:66 | HTTP_EVENT_DISCONNECTED[0m
[0m1970-01-01 00:00:17 | DEBUG | switch_gpio_task:57 | HTTP GET RESPONSE: [{"gpio":2,"state":1},{"gpio":18,"state":0}][0m
[0;32m1970-01-01 00:00:17 | INFO  | switch_gpio_task:81 | GPIO: 2[0m
[0;32m1970-01-01 00:00:17 | INFO  | switch_gpio_task:82 | STATE: 1[0m
[0;32m1970-01-01 00:00:17 | INFO  | switch_gpio_task:81 | GPIO: 18[0m
[0;32m1970-01-01 00:00:17 | INFO  | switch_gpio_task:82 | STATE: 0[0m
[0m1970-01-01 00:00:19 | DEBUG | inspect_task:120 | Currently available heap: 217088[0m
[0m1970-01-01 00:00:19 | DEBUG | inspect_task:121 | The minimum heap size that was ever available: 211480[0m
[0;32m1970-01-01 00:00:19 | INFO  | http_client_get:185 | making GET request to address: http://wmytych.usermd.net/modules/getters/get_gpio_state.php?device_id=222222[0m
[0m1970-01-01 00:00:19 | DEBUG | _http_event_handler:27 | HTTP_EVENT_ON_CONNECTED[0m
[0m1970-01-01 00:00:19 | DEBUG | _http_event_handler:30 | HTTP_EVENT_HEADER_SENT[0m
[0m1970-01-01 00:00:19 | DEBUG | _http_event_handler:33 | HTTP_EVENT_ON_HEADER, key=Server, value=nginx[0m
[0m1970-01-01 00:00:19 | DEBUG | _http_event_handler:33 | HTTP_EVENT_ON_HEADER, key=Date, value=Sat, 10 Feb 2024 21:06:46 GMT[0m
[0m1970-01-01 00:00:19 | DEBUG | _http_event_handler:33 | HTTP_EVENT_ON_HEADER, key=Content-Type, value=text/html; charset=UTF-8[0m
[0m1970-01-01 00:00:19 | DEBUG | _http_event_handler:33 | HTTP_EVENT_ON_HEADER, key=Transfer-Encoding, value=chunked[0m
[0m1970-01-01 00:00:19 | DEBUG | _http_event_handler:33 | HTTP_EVENT_ON_HEADER, key=Connection, value=keep-alive[0m
[0m1970-01-01 00:00:19 | DEBUG | _http_event_handler:33 | HTTP_EVENT_ON_HEADER, key=X-Powered-By, value=PHP/8.3.2[0m
[0m1970-01-01 00:00:19 | DEBUG | _http_event_handler:36 | HTTP_EVENT_ON_DATA, len=44[0m
[0m1970-01-01 00:00:19 | DEBUG | _http_event_handler:37 | HTTP_EVENT_ON_DATA, output_len=0[0m
[0m1970-01-01 00:00:19 | DEBUG | _http_event_handler:38 | HTTP_EVENT_ON_DATA, content_length=-1[0m
[0m1970-01-01 00:00:19 | DEBUG | _http_event_handler:56 | HTTP_EVENT_ON_FINISH[0m
[0m1970-01-01 00:00:19 | DEBUG | http_client_get:200 | HTTP GET Status = 200, content_length = 1073429340[0m
[0;32m1970-01-01 00:00:19 | INFO  | http_client_get:203 | 
[{"gpio":2,"state":1},{"gpio":18,"state":0}][0m
[0m1970-01-01 00:00:19 | DEBUG | http_client_get:214 | HTTP response stored into buffer[0m
[0m1970-01-01 00:00:19 | DEBUG | _http_event_handler:66 | HTTP_EVENT_DISCONNECTED[0m
[0m1970-01-01 00:00:19 | DEBUG | switch_gpio_task:57 | HTTP GET RESPONSE: [{"gpio":2,"state":1},{"gpio":18,"state":0}][0m
[0;32m1970-01-01 00:00:19 | INFO  | switch_gpio_task:81 | GPIO: 2[0m
[0;32m1970-01-01 00:00:19 | INFO  | switch_gpio_task:82 | STATE: 1[0m
[0;32m1970-01-01 00:00:19 | INFO  | switch_gpio_task:81 | GPIO: 18[0m
[0;32m1970-01-01 00:00:19 | INFO  | switch_gpio_task:82 | STATE: 0[0m
[0;32m1970-01-01 00:00:21 | INFO  | http_client_get:185 | making GET request to address: http://wmytych.usermd.net/modules/getters/get_gpio_state.php?device_id=222222[0m
[0m1970-01-01 00:00:21 | DEBUG | _http_event_handler:27 | HTTP_EVENT_ON_CONNECTED[0m
[0m1970-01-01 00:00:21 | DEBUG | _http_event_handler:30 | HTTP_EVENT_HEADER_SENT[0m
[0m1970-01-01 00:00:21 | DEBUG | _http_event_handler:33 | HTTP_EVENT_ON_HEADER, key=Server, value=nginx[0m
[0m1970-01-01 00:00:21 | DEBUG | _http_event_handler:33 | HTTP_EVENT_ON_HEADER, key=Date, value=Sat, 10 Feb 2024 21:06:49 GMT[0m
[0m1970-01-01 00:00:21 | DEBUG | _http_event_handler:33 | HTTP_EVENT_ON_HEADER, key=Content-Type, value=text/html; charset=UTF-8[0m
[0m1970-01-01 00:00:21 | DEBUG | _http_event_handler:33 | HTTP_EVENT_ON_HEADER, key=Transfer-Encoding, value=chunked[0m
[0m1970-01-01 00:00:21 | DEBUG | _http_event_handler:33 | HTTP_EVENT_ON_HEADER, key=Connection, value=keep-alive[0m
[0m1970-01-01 00:00:21 | DEBUG | _http_event_handler:33 | HTTP_EVENT_ON_HEADER, key=X-Powered-By, value=PHP/8.3.2[0m
[0m1970-01-01 00:00:21 | DEBUG | _http_event_handler:36 | HTTP_EVENT_ON_DATA, len=44[0m
[0m1970-01-01 00:00:21 | DEBUG | _http_event_handler:37 | HTTP_EVENT_ON_DATA, output_len=0[0m
[0m1970-01-01 00:00:21 | DEBUG | _http_event_handler:38 | HTTP_EVENT_ON_DATA, content_length=-1[0m
[0m1970-01-01 00:00:21 | DEBUG | _http_event_handler:56 | HTTP_EVENT_ON_FINISH[0m
[0m1970-01-01 00:00:21 | DEBUG | http_client_get:200 | HTTP GET Status = 200, content_length = 1073429340[0m
[0;32m1970-01-01 00:00:21 | INFO  | http_client_get:203 | 
[{"gpio":2,"state":1},{"gpio":18,"state":0}][0m
[0m1970-01-01 00:00:21 | DEBUG | http_client_get:214 | HTTP response stored into buffer[0m
[0m1970-01-01 00:00:21 | DEBUG | _http_event_handler:66 | HTTP_EVENT_DISCONNECTED[0m
[0m1970-01-01 00:00:21 | DEBUG | switch_gpio_task:57 | HTTP GET RESPONSE: [{"gpio":2,"state":1},{"gpio":18,"state":0}][0m
[0;32m1970-01-01 00:00:21 | INFO  | switch_gpio_task:81 | GPIO: 2[0m
[0;32m1970-01-01 00:00:21 | INFO  | switch_gpio_task:82 | STATE: 1[0m
[0;32m1970-01-01 00:00:21 | INFO  | switch_gpio_task:81 | GPIO: 18[0m
[0;32m1970-01-01 00:00:21 | INFO  | switch_gpio_task:82 | STATE: 0[0m
[0;32m1970-01-01 00:00:23 | INFO  | http_client_get:185 | making GET request to address: http://wmytych.usermd.net/modules/getters/get_gpio_state.php?device_id=222222[0m
[0m1970-01-01 00:00:23 | DEBUG | _http_event_handler:27 | HTTP_EVENT_ON_CONNECTED[0m
[0m1970-01-01 00:00:24 | DEBUG | _http_event_handler:30 | HTTP_EVENT_HEADER_SENT[0m
[0m1970-01-01 00:00:24 | DEBUG | _http_event_handler:33 | HTTP_EVENT_ON_HEADER, key=Server, value=nginx[0m
[0m1970-01-01 00:00:24 | DEBUG | _http_event_handler:33 | HTTP_EVENT_ON_HEADER, key=Date, value=Sat, 10 Feb 2024 21:06:51 GMT[0m
[0m1970-01-01 00:00:24 | DEBUG | _http_event_handler:33 | HTTP_EVENT_ON_HEADER, key=Content-Type, value=text/html; charset=UTF-8[0m
[0m1970-01-01 00:00:24 | DEBUG | _http_event_handler:33 | HTTP_EVENT_ON_HEADER, key=Transfer-Encoding, value=chunked[0m
[0m1970-01-01 00:00:24 | DEBUG | _http_event_handler:33 | HTTP_EVENT_ON_HEADER, key=Connection, value=keep-alive[0m
[0m1970-01-01 00:00:24 | DEBUG | _http_event_handler:33 | HTTP_EVENT_ON_HEADER, key=X-Powered-By, value=PHP/8.3.2[0m
[0m1970-01-01 00:00:24 | DEBUG | _http_event_handler:36 | HTTP_EVENT_ON_DATA, len=44[0m
[0m1970-01-01 00:00:24 | DEBUG | _http_event_handler:37 | HTTP_EVENT_ON_DATA, output_len=0[0m
[0m1970-01-01 00:00:24 | DEBUG | _http_event_handler:38 | HTTP_EVENT_ON_DATA, content_length=-1[0m
[0m1970-01-01 00:00:24 | DEBUG | _http_event_handler:56 | HTTP_EVENT_ON_FINISH[0m
[0m1970-01-01 00:00:24 | DEBUG | inspect_task:120 | Currently available heap: 213116[0m
[0m1970-01-01 00:00:24 | DEBUG | http_client_get:200 | [0m1970-01-01 00:00:24 | DEBUG | inspect_task:121 | The minimum heap size that was ever available: 209688HTTP GET Status = 200, content_length = 1073429340[0m
[0m
[0;32m1970-01-01 00:00:24 | INFO  | http_client_get:203 | 
[{"gpio":2,"state":1},{"gpio":18,"state":0}][0m
[0m1970-01-01 00:00:24 | DEBUG | http_client_get:214 | HTTP response stored into buffer[0m
[0m1970-01-01 00:00:24 | DEBUG | _http_event_handler:66 | HTTP_EVENT_DISCONNECTED[0m
[0m1970-01-01 00:00:24 | DEBUG | switch_gpio_task:57 | HTTP GET RESPONSE: [{"gpio":2,"state":1},{"gpio":18,"state":0}][0m
[0;32m1970-01-01 00:00:24 | INFO  | switch_gpio_task:81 | GPIO: 2[0m
[0;32m1970-01-01 00:00:24 | INFO  | switch_gpio_task:82 | STATE: 1[0m
[0;32m1970-01-01 00:00:24 | INFO  | switch_gpio_task:81 | GPIO: 18[0m
[0;32m1970-01-01 00:00:24 | INFO  | switch_gpio_task:82 | STATE: 0[0m
[0;32m1970-01-01 00:00:26 | INFO  | http_client_get:185 | making GET request to address: http://wmytych.usermd.net/modules/getters/get_gpio_state.php?device_id=222222[0m
[0m1970-01-01 00:00:26 | DEBUG | _http_event_handler:27 | HTTP_EVENT_ON_CONNECTED[0m
[0m1970-01-01 00:00:26 | DEBUG | _http_event_handler:30 | HTTP_EVENT_HEADER_SENT[0m
[0m1970-01-01 00:00:26 | DEBUG | _http_event_handler:33 | HTTP_EVENT_ON_HEADER, key=Server, value=nginx[0m
[0m1970-01-01 00:00:26 | DEBUG | _http_event_handler:33 | HTTP_EVENT_ON_HEADER, key=Date, value=Sat, 10 Feb 2024 21:06:53 GMT[0m
[0m1970-01-01 00:00:26 | DEBUG | _http_event_handler:33 | HTTP_EVENT_ON_HEADER, key=Content-Type, value=text/html; charset=UTF-8[0m
[0m1970-01-01 00:00:26 | DEBUG | _http_event_handler:33 | HTTP_EVENT_ON_HEADER, key=Transfer-Encoding, value=chunked[0m
[0m1970-01-01 00:00:26 | DEBUG | _http_event_handler:33 | HTTP_EVENT_ON_HEADER, key=Connection, value=keep-alive[0m
[0m1970-01-01 00:00:26 | DEBUG | _http_event_handler:33 | HTTP_EVENT_ON_HEADER, key=X-Powered-By, value=PHP/8.3.2[0m
[0m1970-01-01 00:00:26 | DEBUG | _http_event_handler:36 | HTTP_EVENT_ON_DATA, len=44[0m
[0m1970-01-01 00:00:26 | DEBUG | _http_event_handler:37 | HTTP_EVENT_ON_DATA, output_len=0[0m
[0m1970-01-01 00:00:26 | DEBUG | _http_event_handler:38 | HTTP_EVENT_ON_DATA, content_length=-1[0m
[0m1970-01-01 00:00:26 | DEBUG | _http_event_handler:56 | HTTP_EVENT_ON_FINISH[0m
[0m1970-01-01 00:00:26 | DEBUG | http_client_get:200 | HTTP GET Status = 200, content_length = 1073429340[0m
[0;32m1970-01-01 00:00:26 | INFO  | http_client_get:203 | 
[{"gpio":2,"state":1},{"gpio":18,"state":0}][0m
[0m1970-01-01 00:00:26 | DEBUG | http_client_get:214 | HTTP response stored into buffer[0m
[0m1970-01-01 00:00:26 | DEBUG | _http_event_handler:66 | HTTP_EVENT_DISCONNECTED[0m
[0m1970-01-01 00:00:26 | DEBUG | switch_gpio_task:57 | HTTP GET RESPONSE: [{"gpio":2,"state":1},{"gpio":18,"state":0}][0m
[0;32m1970-01-01 00:00:26 | INFO  | switch_gpio_task:81 | GPIO: 2[0m
[0;32m1970-01-01 00:00:26 | INFO  | switch_gpio_task:82 | STATE: 1[0m
[0;32m1970-01-01 00:00:26 | INFO  | switch_gpio_task:81 | GPIO: 18[0m
[0;32m1970-01-01 00:00:26 | INFO  | switch_gpio_task:82 | STATE: 0[0m
[0;32m1970-01-01 00:00:28 | INFO  | http_client_get:185 | making GET request to address: http://wmytych.usermd.net/modules/getters/get_gpio_state.php?device_id=222222[0m
[0m1970-01-01 00:00:28 | DEBUG | _http_event_handler:27 | HTTP_EVENT_ON_CONNECTED[0m
[0m1970-01-01 00:00:28 | DEBUG | _http_event_handler:30 | HTTP_EVENT_HEADER_SENT[0m
[0m1970-01-01 00:00:28 | DEBUG | _http_event_handler:33 | HTTP_EVENT_ON_HEADER, key=Server, value=nginx[0m
[0m1970-01-01 00:00:28 | DEBUG | _http_event_handler:33 | HTTP_EVENT_ON_HEADER, key=Date, value=Sat, 10 Feb 2024 21:06:55 GMT[0m
[0m1970-01-01 00:00:28 | DEBUG | _http_event_handler:33 | HTTP_EVENT_ON_HEADER, key=Content-Type, value=text/html; charset=UTF-8[0m
[0m1970-01-01 00:00:28 | DEBUG | _http_event_handler:33 | HTTP_EVENT_ON_HEADER, key=Transfer-Encoding, value=chunked[0m
[0m1970-01-01 00:00:28 | DEBUG | _http_event_handler:33 | HTTP_EVENT_ON_HEADER, key=Connection, value=keep-alive[0m
[0m1970-01-01 00:00:28 | DEBUG | _http_event_handler:33 | HTTP_EVENT_ON_HEADER, key=X-Powered-By, value=PHP/8.3.2[0m
[0m1970-01-01 00:00:28 | DEBUG | _http_event_handler:36 | HTTP_EVENT_ON_DATA, len=44[0m
[0m1970-01-01 00:00:28 | DEBUG | _http_event_handler:37 | HTTP_EVENT_ON_DATA, output_len=0[0m
[0m1970-01-01 00:00:28 | DEBUG | _http_event_handler:38 | HTTP_EVENT_ON_DATA, content_length=-1[0m
[0m1970-01-01 00:00:28 | DEBUG | _http_event_handler:56 | HTTP_EVENT_ON_FINISH[0m
[0m1970-01-01 00:00:28 | DEBUG | http_client_get:200 | HTTP GET Status = 200, content_length = 1073429340[0m
[0;32m1970-01-01 00:00:28 | INFO  | http_client_get:203 | 
[{"gpio":2,"state":1},{"gpio":18,"state":0}][0m
[0m1970-01-01 00:00:28 | DEBUG | http_client_get:214 | HTTP response stored into buffer[0m
[0m1970-01-01 00:00:28 | DEBUG | _http_event_handler:66 | HTTP_EVENT_DISCONNECTED[0m
[0m1970-01-01 00:00:28 | DEBUG | switch_gpio_task:57 | HTTP GET RESPONSE: [{"gpio":2,"state":1},{"gpio":18,"state":0}][0m
[0;32m1970-01-01 00:00:28 | INFO  | switch_gpio_task:81 | GPIO: 2[0m
[0;32m1970-01-01 00:00:28 | INFO  | switch_gpio_task:82 | STATE: 1[0m
[0;32m1970-01-01 00:00:28 | INFO  | switch_gpio_task:81 | GPIO: 18[0m
[0;32m1970-01-01 00:00:28 | INFO  | switch_gpio_task:82 | STATE: 0[0m
[0m1970-01-01 00:00:29 | DEBUG | inspect_task:120 | Currently available heap: 214088[0m
[0m1970-01-01 00:00:29 | DEBUG | inspect_task:121 | The minimum heap size that was ever available: 208512[0m
[0;32m1970-01-01 00:00:30 | INFO  | http_client_get:185 | making GET request to address: http://wmytych.usermd.net/modules/getters/get_gpio_state.php?device_id=222222[0m
[0m1970-01-01 00:00:30 | DEBUG | _http_event_handler:27 | HTTP_EVENT_ON_CONNECTED[0m
[0m1970-01-01 00:00:30 | DEBUG | _http_event_handler:30 | HTTP_EVENT_HEADER_SENT[0m
[0m1970-01-01 00:00:30 | DEBUG | _http_event_handler:33 | HTTP_EVENT_ON_HEADER, key=Server, value=nginx[0m
[0m1970-01-01 00:00:30 | DEBUG | _http_event_handler:33 | HTTP_EVENT_ON_HEADER, key=Date, value=Sat, 10 Feb 2024 21:06:57 GMT[0m
[0m1970-01-01 00:00:30 | DEBUG | _http_event_handler:33 | HTTP_EVENT_ON_HEADER, key=Content-Type, value=text/html; charset=UTF-8[0m
[0m1970-01-01 00:00:30 | DEBUG | _http_event_handler:33 | HTTP_EVENT_ON_HEADER, key=Transfer-Encoding, value=chunked[0m
[0m1970-01-01 00:00:30 | DEBUG | _http_event_handler:33 | HTTP_EVENT_ON_HEADER, key=Connection, value=keep-alive[0m
[0m1970-01-01 00:00:30 | DEBUG | _http_event_handler:33 | HTTP_EVENT_ON_HEADER, key=X-Powered-By, value=PHP/8.3.2[0m
[0m1970-01-01 00:00:30 | DEBUG | _http_event_handler:36 | HTTP_EVENT_ON_DATA, len=44[0m
[0m1970-01-01 00:00:30 | DEBUG | _http_event_handler:37 | HTTP_EVENT_ON_DATA, output_len=0[0m
[0m1970-01-01 00:00:30 | DEBUG | _http_event_handler:38 | HTTP_EVENT_ON_DATA, content_length=-1[0m
[0m1970-01-01 00:00:30 | DEBUG | _http_event_handler:56 | HTTP_EVENT_ON_FINISH[0m
[0m1970-01-01 00:00:30 | DEBUG | http_client_get:200 | HTTP GET Status = 200, content_length = 1073429340[0m
[0;32m1970-01-01 00:00:30 | INFO  | http_client_get:203 | 
[{"gpio":2,