I (3434) wifi:new:<11,2>, old:<1,0>, ap:<255,255>, sta:<11,2>, prof:1
I (4614) wifi:state: init -> auth (b0)
I (4614) wifi:state: auth -> assoc (0)
I (4624) wifi:state: assoc -> run (10)
I (4634) wifi:connected with TP-LINK_AD8313, aid = 8, channel 11, 40D, bssid = 84:16:f9:ad:83:12
I (4634) wifi:security: WPA2-PSK, phy: bgn, rssi: -56
I (4654) wifi:pm start, type: 1

I (4664) wifi:<ba-add>idx:0 (ifx:0, 84:16:f9:ad:83:12), tid:0, ssn:0, winSize:64
I (4704) wifi:AP's beacon interval = 102400 us, DTIM period = 1
[0;32m1970-01-01 00:00:05 | INFO  | wifi_c_sta_event_handler:105 | Got IP:192.168.0.110[0m
[0;32mI (5654) esp_netif_handlers: sta ip: 192.168.0.110, mask: 255.255.255.0, gw: 192.168.0.1[0m
[0m1970-01-01 00:00:05 | DEBUG | wifi_c_check_sta_connection_result:117 | WIFI_C_CONNECTED_BIT is set![0m
[0;32m1970-01-01 00:00:05 | INFO  | app_main:100 | Connected to wifi, current ip: 192.168.0.110[0m
[0;32m1970-01-01 00:00:05 | INFO  | bmp_init:427 | preparing new BMP280 device...[0m
[0m1970-01-01 00:00:05 | DEBUG | bmp_i2c_identify_chip:283 | Trying to find BMP280 device on bus with 0x77 address...[0m
[0m1970-01-01 00:00:05 | DEBUG | inspect_task:69 | Currently available heap: 216172[0m
[0m1970-01-01 00:00:05 | DEBUG | inspect_task:70 | The minimum heap size that was ever available: 204160[0m
[0m1970-01-01 00:00:05 | DEBUG | i2c_c_set_device_addr:115 | changed device address from 0 to 0XEE[0m1970-01-01 00:00:05 | DEBUG | tcp_create_socket:168 | [0m
preparing socket...[0m
[0m1970-01-01 00:00:05 | DEBUG | bmp_i2c_identify_chip:289 | found BMP280 device on bus with address: 0XEE and ID: 0[0m
[0m1970-01-01 00:00:05 | DEBUG | tcp_create_socket:175 | created socket: 54[0m
[0m1970-01-01 00:00:05 | DEBUG | bmp_i2c_get_ctrl_meas:94 | readed ctr_meas register value: 0X6F[0m
[0m1970-01-01 00:00:05 | DEBUG | tcp_prepare_address:211 | [0m1970-01-01 00:00:05 | DEBUG | bmp_i2c_calibrate:252 | reading BMP280 out calibration values...preparing address...[0m
[0m
[0m1970-01-01 00:00:05 | DEBUG | tcp_prepare_address:220 | prepared address 192.168.0.110:27015[0m1970-01-01 00:00:05 | DEBUG | bmp_i2c_calibrate:272 | compensation values of BMP280 device updated:
	T1: 0x3f40019c
	T2: 0x3ffb3980
	T3: 0x3f400228
	P1: 0x3f4019b0
	P2: 0x110
	P3: 0x3ffb3980
	P4: 0x3f400228
	P5: 0x3f401a4c
	P6: 0x673d6b0a
	P7: 0x91d3fc18
	P8: 0xbd0d632
	P9: 0x9516af [0m
[0m
[0;32m1970-01-01 00:00:05 | INFO  | bmp_init:444 | new BMP280 device ready to use![0m
[0m1970-01-01 00:00:05 | DEBUG | tcp_bind_socket:232 | binding socket: 54 to address: 192.168.0.110:34665[0m
[0m1970-01-01 00:00:05 | DEBUG | bmp_i2c_get_config:79 | readed config register value: 0XA0[0m
[0m1970-01-01 00:00:05 | DEBUG | tcp_bind_socket:242 | [0m1970-01-01 00:00:05 | DEBUG | bmp_i2c_set_standby_time:173 | config register value changed to: 160[0m
socket: 54 bound to address: 192.168.0.110:27015[0m
[0m1970-01-01 00:00:05 | DEBUG | bmp_i2c_get_config:79 | readed config register value: 0XA0[0m
[0m1970-01-01 00:00:05 | DEBUG | bmp_i2c_set_iir_filter:237 | [0m1970-01-01 00:00:05 | DEBUG | tcp_socket_listen:253 | config register value of BMP280 device changed to: 0xa0[0m
trying to listen on socket: 54[0m
[0m1970-01-01 00:00:05 | DEBUG | bmp_i2c_get_ctrl_meas:94 | readed ctr_meas register value: 0X6F[0m
[0;32m1970-01-01 00:00:05 | INFO  | tcp_socket_listen:260 | [0m1970-01-01 00:00:05 | DEBUG | bmp_i2c_set_press_oversampling:197 | BMP280 device ctrl_meas register was set to: 0X6F[0m
listening on socket: 192.168.0.110:27015[0m1970-01-01 00:00:05 | DEBUG | bmp_i2c_get_ctrl_meas:94 | readed ctr_meas register value: 0X6F[0m
[0m
[0m1970-01-01 00:00:05 | DEBUG | bmp_i2c_set_temp_oversampling:221 | BMP280 device ctrl_meas register was set to: 0X6E[0m
[0;32m1970-01-01 00:00:05 | INFO  | cli_set_remote_logging:63 | Connect to device on IP 192.168.0.110 with port 27015 to capture logs.[0m1970-01-01 00:00:05 | DEBUG | bmp_i2c_get_ctrl_meas:94 | [0m
readed ctr_meas register value: 0X6F[0m
[0m1970-01-01 00:00:05 | DEBUG | bmp_i2c_set_mode:150 | BMP280 device mode was set to: 3[0m
[0;32m1970-01-01 00:00:05 | INFO  | log_task:47 | Identified BMP280 device:
 address: ee
 chip id: 58
 mode: 3[0m
[0m1970-01-01 00:00:05 | DEBUG | bmp_i2c_readout:333 | reading temperature of BMP280 device...[0m
[0m1970-01-01 00:00:05 | DEBUG | bmp_i2c_readout:337 | reading pressure of BMP280 device...[0m
[0;32m1970-01-01 00:00:05 | INFO  | log_task:52 | temperature: 23.50 C[0m
[0;32m1970-01-01 00:00:05 | INFO  | log_task:53 | pressure
 [0m1970-01-01 00:00:10 | DEBUG | inspect_task:69 | Currently available heap: 214976[0m
[0m1970-01-01 00:00:10 | DEBUG | inspect_task:70 | The minimum heap size that was ever available: 204160[0m
I (11494) wifi:<ba-add>idx:1 (ifx:0, 84:16:f9:ad:83:12), tid:5, ssn:0, winSize:64
[0m2024-01-12 18:57:28 | DEBUG | inspect_task:69 | Currently available heap: 214956[0m
[0m2024-01-12 18:57:28 | DEBUG | inspect_task:70 | The minimum heap size that was ever available: 204160[0m
[0m2024-01-12 18:57:33 | DEBUG | inspect_task:69 | Currently available heap: 214956[0m
[0m2024-01-12 18:57:33 | DEBUG | inspect_task:70 | The minimum heap size that was ever available: 204160[0m
[0m2024-01-12 18:57:38 | DEBUG | inspect_task:69 | Currently available heap: 214956[0m
[0m2024-01-12 18:57:38 | DEBUG | inspect_task:70 | The minimum heap size that was ever available: 204160[0m
[0m2024-01-12 18:57:43 | DEBUG | inspect_task:69 | Currently available heap: 214956[0m
[0m2024-01-12 18:57:43 | DEBUG | inspect_task:70 | The minimum heap size that was ever available: 204160[0m
[0m2024-01-12 18:57:48 | DEBUG | inspect_task:69 | Currently available heap: 214956[0m
[0m2024-01-12 18:57:48 | DEBUG | inspect_task:70 | The minimum heap size that was ever available: 204160[0m
[0m2024-01-12 18:57:48 | DEBUG | bmp_i2c_readout:333 | reading temperature of BMP280 device...[0m
[0m2024-01-12 18:57:48 | DEBUG | bmp_i2c_readout:337 | reading pressure of BMP280 device...[0m
[0;32m2024-01-12 18:57:48 | INFO  | log_task:52 | temperature: 22.98 C[0m
[0;32m2024-01-12 18:57:48 | INFO  | log_task:53 | pressure: 994.41hPa[0m
[0;32m2024-01-12 18:57:48 | INFO  | log_task:54 | altitude: 158.01 m. n. p. m.[0m
[0m2024-01-12 18:57:48 | DEBUG | log_task:56 | data to send to database: device_id=1&temperature=22.98&pressure=994.41&altitude=158.01[0m
[0;32m2024-01-12 18:57:48 | INFO  | http_client_post:143 | making POST request to address: http://wmytych.usermd.net//insert_data.php[0m
[0m2024-01-12 18:57:48 | DEBUG | _http_event_handler:27 | HTTP_EVENT_ON_CONNECTED[0m
[0m2024-01-12 18:57:48 | DEBUG | _http_event_handler:30 | HTTP_EVENT_HEADER_SENT[0m
[0m2024-01-12 18:57:48 | DEBUG | _http_event_handler:33 | HTTP_EVENT_ON_HEADER, key=Server, value=nginx[0m
[0m2024-01-12 18:57:48 | DEBUG | _http_event_handler:33 | HTTP_EVENT_ON_HEADER, key=Date, value=Fri, 12 Jan 2024 18:57:48 GMT[0m
[0m2024-01-12 18:57:48 | DEBUG | _http_event_handler:33 | HTTP_EVENT_ON_HEADER, key=Content-Type, value=text/html; charset=UTF-8[0m
[0m2024-01-12 18:57:48 | DEBUG | _http_event_handler:33 | HTTP_EVENT_ON_HEADER, key=Transfer-Encoding, value=chunked[0m
[0m2024-01-12 18:57:48 | DEBUG | _http_event_handler:33 | HTTP_EVENT_ON_HEADER, key=Connection, value=keep-alive[0m
[0m2024-01-12 18:57:48 | DEBUG | _http_event_handler:33 | HTTP_EVENT_ON_HEADER, key=X-Powered-By, value=PHP/8.1.26[0m
[0m2024-01-12 18:57:48 | DEBUG | _http_event_handler:36 | HTTP_EVENT_ON_DATA, len=39[0m
[0m2024-01-12 18:57:48 | DEBUG | _http_event_handler:37 | HTTP_EVENT_ON_DATA, output_len=0[0m
[0m2024-01-12 18:57:48 | DEBUG | _http_event_handler:38 | HTTP_EVENT_ON_DATA, content_length=-1[0m
[0m2024-01-12 18:57:48 | DEBUG | _http_event_handler:56 | HTTP_EVENT_ON_FINISH[0m
[0m2024-01-12 18:57:48 | DEBUG | http_client_post:158 | HTTP GET Status = 200, content_length = 1073428928[0m
[0;32m2024-01-12 18:57:48 | INFO  | http_client_post:161 | 
data stored in a database successfully.[0m
[0m2024-01-12 18:57:48 | DEBUG | _http_event_handler:66 | HTTP_EVENT_DISCONNECTED[0m
[0;32m2024-01-12 18:57:51 | INFO  | tcp_accept_client:281 | connected to socket: 192.168.0.108:27015[0m
[0;32mI (40464) main_task: Returned from app_main()[0m
[0m2024-01-12 18:57:53 | DEBUG | inspect_task:69 | Currently available heap: 216600[0m
[0m2024-01-12 18:57:53 | DEBUG | inspect_task:70 | The minimum heap size that was ever available: 204160[0m
[0m2024-01-12 18:57:58 | DEBUG | inspect_task:69 | Currently available heap: 216332[0m
[0m2024-01-12 18:57:58 | DEBUG | inspect_task:70 | The minimum heap size that was ever available: 204160[0m
[0m2024-01-12 18:58:03 | DEBUG | inspect_task:69 | Currently available heap: 216332[0m
[0m2024-01-12 18:58:03 | DEBUG | inspect_task:70 | The minimum heap size that was ever available: 204160[0m
[0m2024-01-12 18:58:08 | DEBUG | inspect_task:69 | Currently available heap: 216332[0m
[0m2024-01-12 18:58:08 | DEBUG | inspect_task:70 | The minimum heap size that was ever available: 204160[0m
[0m2024-01-12 18:58:13 | DEBUG | inspect_task:69 | Currently available heap: 216332[0m
[0m2024-01-12 18:58:13 | DEBUG | inspect_task:70 | The minimum heap size that was ever available: 204160[0m
[0m2024-01-12 18:58:18 | DEBUG | inspect_task:69 | Currently available heap: 216332[0m
[0m2024-01-12 18:58:18 | DEBUG | inspect_task:70 | The minimum heap size that was ever available: 204160[0m
[0m2024-01-12 18:58:18 | DEBUG | bmp_i2c_readout:333 | reading temperature of BMP280 device...[0m
[0m2024-01-12 18:58:18 | DEBUG | bmp_i2c_readout:337 | reading pressure of BMP280 device...[0m
[0;32m2024-01-12 18:58:18 | INFO  | log_task:52 | temperature: 22.65 C[0m
[0;32m2024-01-12 18:58:18 | INFO  | log_task:53 | pressure: 994.38hPa[0m
[0;32m2024-01-12 18:58:18 | INFO  | log_task:54 | altitude: 158.25 m. n. p. m.[0m
[0m2024-01-12 18:58:18 | DEBUG | log_task:56 | data to send to database: device_id=1&temperature=22.65&pressure=994.38&altitude=158.25[0m
[0;32m2024-01-12 18:58:18 | INFO  | http_client_post:143 | making POST request to address: http://wmytych.usermd.net//insert_data.php[0m
[0m2024-01-12 18:58:18 | DEBUG | _http_event_handler:27 | HTTP_EVENT_ON_CONNECTED[0m
[0m2024-01-12 18:58:18 | DEBUG | _http_event_handler:30 | HTTP_EVENT_HEADER_SENT[0m
[0m2024-01-12 18:58:19 | DEBUG | _http_event_handler:33 | HTTP_EVENT_ON_HEADER, key=Server, value=nginx[0m
[0m2024-01-12 18:58:19 | DEBUG | _http_event_handler:33 | HTTP_EVENT_ON_HEADER, key=Date, value=Fri, 12 Jan 2024 18:58:19 GMT[0m
[0m2024-01-12 18:58:19 | DEBUG | _http_event_handler:33 | HTTP_EVENT_ON_HEADER, key=Content-Type, value=text/html; charset=UTF-8[0m
[0m2024-01-12 18:58:19 | DEBUG | _http_event_handler:33 | HTTP_EVENT_ON_HEADER, key=Transfer-Encoding, value=chunked[0m
[0m2024-01-12 18:58:19 | DEBUG | _http_event_handler:33 | HTTP_EVENT_ON_HEADER, key=Connection, value=keep-alive[0m
[0m2024-01-12 18:58:19 | DEBUG | _http_event_handler:33 | HTTP_EVENT_ON_HEADER, key=X-Powered-By, value=PHP/8.1.26[0m
[0m2024-01-12 18:58:19 | DEBUG | _http_event_handler:36 | HTTP_EVENT_ON_DATA, len=39[0m
[0m2024-01-12 18:58:19 | DEBUG | _http_event_handler:37 | HTTP_EVENT_ON_DATA, output_len=0[0m
[0m2024-01-12 18:58:19 | DEBUG | _http_event_handler:38 | HTTP_EVENT_ON_DATA, content_length=-1[0m
[0m2024-01-12 18:58:19 | DEBUG | _http_event_handler:56 | HTTP_EVENT_ON_FINISH[0m
[0m2024-01-12 18:58:19 | DEBUG | http_client_post:158 | HTTP GET Status = 200, content_length = 1073428928[0m
[0;32m2024-01-12 18:58:19 | INFO  | http_client_post:161 | 
data stored in a database successfully.[0m
[0m2024-01-12 18:58:19 | DEBUG | _http_event_handler:66 | HTTP_EVENT_DISCONNECTED[0m
[0m2024-01-12 18:58:23 | DEBUG | inspect_task:69 | Currently available heap: 216120[0m
[0m2024-01-12 18:58:23 | DEBUG | inspect_task:70 | The minimum heap size that was ever available: 204160[0m
[0m2024-01-12 18:58:28 | DEBUG | inspect_task:69 | Currently available heap: 216120[0m
[0m2024-01-12 18:58:28 | DEBUG | inspect_task:70 | The minimum heap size that was ever available: 204160[0m
[0m2024-01-12 18:58:33 | DEBUG | inspect_task:69 | Currently available heap: 216120[0m
[0m2024-01-12 18:58:33 | DEBUG | inspect_task:70 | The minimum heap size that was ever available: 204160[0m
[0m2024-01-12 18:58:38 | DEBUG | inspect_task:69 | Currently available heap: 216120[0m
[0m2024-01-12 18:58:38 | DEBUG | inspect_task:70 | The minimum heap size that was ever available: 204160[0m
[0m2024-01-12 18:58:43 | DEBUG | inspect_task:69 | Currently available heap: 216120[0m
[0m2024-01-12 18:58:43 | DEBUG | inspect_task:70 | The minimum heap size that was ever available: 204160[0m
[0m2024-01-12 18:58:48 | DEBUG | inspect_task:69 | Currently available heap: 216120[0m
[0m2024-01-12 18:58:48 | DEBUG | inspect_task:70 | The minimum heap size that was ever available: 204160[0m
[0m2024-01-12 18:58:49 | DEBUG | bmp_i2c_readout:333 | reading temperature of BMP280 device...[0m
[0m2024-01-12 18:58:49 | DEBUG | bmp_i2c_readout:337 | reading pressure of BMP280 device...[0m
[0;32m2024-01-12 18:58:49 | INFO  | log_task:52 | temperature: 22.43 C[0m
[0;32m2024-01-12 18:58:49 | INFO  | log_task:53 | pressure: 994.33hPa[0m
[0;32m2024-01-12 18:58:49 | INFO  | log_task:54 | altitude: 158.69 m. n. p. m.[0m
[0m2024-01-12 18:58:49 | DEBUG | log_task:56 | data to send to database: device_id=1&temperature=22.43&pressure=994.33&altitude=158.69[0m
[0;32m2024-01-12 18:58:49 | INFO  | http_client_post:143 | making POST request to address: http://wmytych.usermd.net//insert_data.php[0m
[0m2024-01-12 18:58:49 | DEBUG | _http_event_handler:27 | HTTP_EVENT_ON_CONNECTED[0m
[0m2024-01-12 18:58:49 | DEBUG | _http_event_handler:30 | HTTP_EVENT_HEADER_SENT[0m
[0m2024-01-12 18:58:49 | DEBUG | _http_event_handler:33 | HTTP_EVENT_ON_HEADER, key=Server, value=nginx[0m
[0m2024-01-12 18:58:49 | DEBUG | _http_event_handler:33 | HTTP_EVENT_ON_HEADER, key=Date, value=Fri, 12 Jan 2024 18:58:49 GMT[0m
[0m2024-01-12 18:58:49 | DEBUG | _http_event_handler:33 | HTTP_EVENT_ON_HEADER, key=Content-Type, value=text/html; charset=UTF-8[0m
[0m2024-01-12 18:58:49 | DEBUG | _http_event_handler:33 | HTTP_EVENT_ON_HEADER, key=Transfer-Encoding, value=chunked[0m
[0m2024-01-12 18:58:49 | DEBUG | _http_event_handler:33 | HTTP_EVENT_ON_HEADER, key=Connection, value=keep-alive[0m
[0m2024-01-12 18:58:49 | DEBUG | _http_event_handler:33 | HTTP_EVENT_ON_HEADER, key=X-Powered-By, value=PHP/8.1.26[0m
[0m2024-01-12 18:58:49 | DEBUG | _http_event_handler:36 | HTTP_EVENT_ON_DATA, len=39[0m
[0m2024-01-12 18:58:49 | DEBUG | _http_event_handler:37 | HTTP_EVENT_ON_DATA, output_len=0[0m
[0m2024-01-12 18:58:49 | DEBUG | _http_event_handler:38 | HTTP_EVENT_ON_DATA, content_length=-1[0m
[0m2024-01-12 18:58:49 | DEBUG | _http_event_handler:56 | HTTP_EVENT_ON_FINISH[0m
[0m2024-01-12 18:58:49 | DEBUG | http_client_post:158 | HTTP GET Status = 200, content_length = 1073428928[0m
[0;32m2024-01-12 18:58:49 | INFO  | http_client_post:161 | 
data stored in a database successfully.[0m
[0m2024-01-12 18:58:49 | DEBUG | _http_event_handler:66 | HTTP_EVENT_DISCONNECTED[0m
[0m2024-01-12 18:58:53 | DEBUG | inspect_task:69 | Currently available heap: 215908[0m
[0m2024-01-12 18:58:53 | DEBUG | inspect_task:70 | The minimum heap size that was ever available: 204160[0m
[0m2024-01-12 18:58:58 | DEBUG | inspect_task:69 | Currently available heap: 215908[0m
[0m2024-01-12 18:58:58 | DEBUG | inspect_task:70 | The minimum heap size that was ever available: 204160[0m
[0m2024-01-12 18:59:03 | DEBUG | inspect_task:69 | Currently available heap: 215908[0m
[0m2024-01-12 18:59:03 | DEBUG | inspect_task:70 | The minimum heap size that was ever available: 204160[0m
[0m2024-01-12 18:59:08 | DEBUG | inspect_task:69 | Currently available heap: 215908[0m
[0m2024-01-12 18:59:08 | DEBUG | inspect_task:70 | The minimum heap size that was ever available: 204160[0m
[0m2024-01-12 18:59:13 | DEBUG | inspect_task:69 | Currently available heap: 215908[0m
[0m2024-01-12 18:59:13 | DEBUG | inspect_task:70 | The minimum heap size that was ever available: 204160[0m
[0m2024-01-12 18:59:18 | DEBUG | inspect_task:69 | Currently available heap: 215908[0m
[0m2024-01-12 18:59:18 | DEBUG | inspect_task:70 | The minimum heap size that was ever available: 204160[0m
[0m2024-01-12 18:59:19 | DEBUG | bmp_i2c_readout:333 | reading temperature of BMP280 device...[0m
[0m2024-01-12 18:59:19 | DEBUG | bmp_i2c_readout:337 | reading pressure of BMP280 device...[0m
[0;32m2024-01-12 18:59:19 | INFO  | log_task:52 | temperature: 22.30 C[0m
[0;32m2024-01-12 18:59:19 | INFO  | log_task:53 | pressure: 994.34hPa[0m
[0;32m2024-01-12 18:59:19 | INFO  | log_task:54 | altitude: 158.62 m. n. p. m.[0m
[0m2024-01-12 18:59:19 | DEBUG | log_task:56 | data to send to database: device_id=1&temperature=22.30&pressure=994.34&altitude=158.62[0m
[0;32m2024-01-12 18:59:19 | INFO  | http_client_post:143 | making POST request to address: http://wmytych.usermd.net//insert_data.php[0m
[0m2024-01-12 18:59:19 | DEBUG | _http_event_handler:27 | HTTP_EVENT_ON_CONNECTED[0m
[0m2024-01-12 18:59:19 | DEBUG | _http_event_handler:30 | HTTP_EVENT_HEADER_SENT[0m
[0m2024-01-12 18:59:19 | DEBUG | _http_event_handler:33 | HTTP_EVENT_ON_HEADER, key=Server, value=nginx[0m
[0m2024-01-12 18:59:19 | DEBUG | _http_event_handler:33 | HTTP_EVENT_ON_HEADER, key=Date, value=Fri, 12 Jan 2024 18:59:19 GMT[0m
[0m2024-01-12 18:59:19 | DEBUG | _http_event_handler:33 | HTTP_EVENT_ON_HEADER, key=Content-Type, value=text/html; charset=UTF-8[0m
[0m2024-01-12 18:59:19 | DEBUG | _http_event_handler:33 | HTTP_EVENT_ON_HEADER, key=Transfer-Encoding, value=chunked[0m
[0m2024-01-12 18:59:19 | DEBUG | _http_event_handler:33 | HTTP_EVENT_ON_HEADER, key=Connection, value=keep-alive[0m
[0m2024-01-12 18:59:19 | DEBUG | _http_event_handler:33 | HTTP_EVENT_ON_HEADER, key=X-Powered-By, value=PHP/8.1.26[0m
[0m2024-01-12 18:59:19 | DEBUG | _http_event_handler:36 | HTTP_EVENT_ON_DATA, len=39[0m
[0m2024-01-12 18:59:19 | DEBUG | _http_event_handler:37 | HTTP_EVENT_ON_DATA, output_len=0[0m
[0m2024-01-12 18:59:19 | DEBUG | _http_event_handler:38 | HTTP_EVENT_ON_DATA, content_length=-1[0m
[0m2024-01-12 18:59:19 | DEBUG | _http_event_handler:56 | HTTP_EVENT_ON_FINISH[0m
[0m2024-01-12 18:59:19 | DEBUG | http_client_post:158 | HTTP GET Status = 200, content_length = 1073428928[0m
[0;32m2024-01-12 18:59:19 | INFO  | http_client_post:161 | 
data stored in a database successfully.[0m
[0m2024-01-12 18:59:19 | DEBUG | _http_event_handler:66 | HTTP_EVENT_DISCONNECTED[0m
[0m2024-01-12 18:59:23 | DEBUG | inspect_task:69 | Currently available heap: 215908[0m
[0m2024-01-12 18:59:23 | DEBUG | inspect_task:70 | The minimum heap size that was ever available: 204160[0m
[0m2024-01-12 18:59:28 | DEBUG | inspect_task:69 | Currently available heap: 215908[0m
[0m2024-01-12 18:59:28 | DEBUG | inspect_task:70 | The minimum heap size that was ever available: 204160[0m
[0m2024-01-12 18:59:33 | DEBUG | inspect_task:69 | Currently available heap: 215908[0m
[0m2024-01-12 18:59:33 | DEBUG | inspect_task:70 | The minimum heap size that was ever available: 204160[0m
[0m2024-01-12 18:59:38 | DEBUG | inspect_task:69 | Currently available heap: 215908[0m
[0m2024-01-12 18:59:38 | DEBUG | inspect_task:70 | The minimum heap size that was ever available: 204160[0m
[0m2024-01-12 18:59:43 | DEBUG | inspect_task:69 | Currently available heap: 215908[0m
[0m2024-01-12 18:59:43 | DEBUG | inspect_task:70 | The minimum heap size that was ever available: 204160[0m
[0m2024-01-12 18:59:48 | DEBUG | inspect_task:69 | Currently available heap: 215908[0m
[0m2024-01-12 18:59:48 | DEBUG | inspect_task:70 | The minimum heap size that was ever available: 204160[0m
[0m2024-01-12 18:59:49 | DEBUG | bmp_i2c_readout:333 | reading temperature of BMP280 device...[0m
[0m2024-01-12 18:59:49 | DEBUG | bmp_i2c_readout:337 | reading pressure of BMP280 device...[0m
[0;32m2024-01-12 18:59:49 | INFO  | log_task:52 | temperature: 22.20 C[0m
[0;32m2024-01-12 18:59:49 | INFO  | log_task:53 | pressure: 994.35hPa[0m
[0;32m2024-01-12 18:59:49 | INFO  | log_task:54 | altitude: 158.55 m. n. p. m.[0m
[0m2024-01-12 18:59:49 | DEBUG | log_task:56 | data to send to database: device_id=1&temperature=22.20&pressure=994.35&altitude=158.55[0m
[0;32m2024-01-12 18:59:49 | INFO  | http_client_post:143 | making POST request to address: http://wmytych.usermd.net//insert_data.php[0m
[0m2024-01-12 18:59:49 | DEBUG | _http_event_handler:27 | HTTP_EVENT_ON_CONNECTED[0m
[0m2024-01-12 18:59:49 | DEBUG | _http_event_handler:30 | HTTP_EVENT_HEADER_SENT[0m
[0m2024-01-12 18:59:49 | DEBUG | _http_event_handler:33 | HTTP_EVENT_ON_HEADER, key=Server, value=nginx[0m
[0m2024-01-12 18:59:49 | DEBUG | _http_event_handler:33 | HTTP_EVENT_ON_HEADER, key=Date, value=Fri, 12 Jan 2024 18:59:49 GMT[0m
[0m2024-01-12 18:59:49 | DEBUG | _http_event_handler:33 | HTTP_EVENT_ON_HEADER, key=Content-Type, value=text/html; charset=UTF-8[0m
[0m2024-01-12 18:59:49 | DEBUG | _http_event_handler:33 | HTTP_EVENT_ON_HEADER, key=Transfer-Encoding, value=chunked[0m
[0m2024-01-12 18:59:49 | DEBUG | _http_event_handler:33 | HTTP_EVENT_ON_HEADER, key=Connection, value=keep-alive[0m
[0m2024-01-12 18:59:49 | DEBUG | _http_event_handler:33 | HTTP_EVENT_ON_HEADER, key=X-Powered-By, value=PHP/8.1.26[0m
[0m2024-01-12 18:59:49 | DEBUG | _http_event_handler:36 | HTTP_EVENT_ON_DATA, len=39[0m
[0m2024-01-12 18:59:49 | DEBUG | _http_event_handler:37 | HTTP_EVENT_ON_DATA, output_len=0[0m
[0m2024-01-12 18:59:49 | DEBUG | _http_event_handler:38 | HTTP_EVENT_ON_DATA, content_length=-1[0m
[0m2024-01-12 18:59:49 | DEBUG | _http_event_handler:56 | HTTP_EVENT_ON_FINISH[0m
[0m2024-01-12 18:59:49 | DEBUG | http_client_post:158 | HTTP GET Status = 200, content_length = 1073428928[0m
[0;32m2024-01-12 18:59:49 | INFO  | http_client_post:161 | 
data stored in a database successfully.[0m
[0m2024-01-12 18:59:49 | DEBUG | _http_event_handler:66 | HTTP_EVENT_DISCONNECTED[0m
[0m2024-01-12 18:59:53 | DEBUG | inspect_task:69 | Currently available heap: 215908[0m
[0m2024-01-12 18:59:53 | DEBUG | inspect_task:70 | The minimum heap size that was ever available: 204160[0m
I (163224) wifi:new:<11,0>, old:<11,2>, ap:<255,255>, sta:<11,0>, prof:1
I (164244) wifi:new:<11,2>, old:<11,0>, ap:<255,255>, sta:<11,2>, prof:1
[0m2024-01-12 18:59:58 | DEBUG | inspect_task:69 | Currently available heap: 215908[0m
[0m2024-01-12 18:59:58 | DEBUG | inspect_task:70 | The minimum heap size that was ever available: 204160[0m
[0m2024-01-12 19:00:03 | DEBUG | inspect_task:69 | Currently available heap: 215908[0m
[0m2024-01-12 19:00:03 | DEBUG | inspect_task:70 | The minimum heap size that was ever available: 204160[0m
