[0;32mI (286) esp_image: segment 4: paddr=000f7030 vaddr=40385218 size=0ca60h ( 51808) load[0m
[0;32mI (302) boot: Loaded app from partition at offset 0x10000[0m
[0;32mI (302) boot: Disabling RNG early entropy source...[0m
[0;32mI (313) cpu_start: Unicore app[0m
[0;32mI (314) cpu_start: Pro cpu up.[0m
[0;32mI (323) cpu_start: Pro cpu start user code[0m
[0;32mI (323) cpu_start: cpu freq: 160000000 Hz[0m
[0;32mI (323) cpu_start: Application information:[0m
[0;32mI (326) cpu_start: Project name:     esp_startup[0m
[0;32mI (331) cpu_start: App version:      b66229a-dirty[0m
[0;32mI (337) cpu_start: Compile time:     Jan 13 2024 14:48:48[0m
[0;32mI (343) cpu_start: ELF file SHA256:  bc5ba769fad08912...[0m
[0;32mI (349) cpu_start: ESP-IDF:          5.1.1[0m
[0;32mI (353) cpu_start: Min chip rev:     v0.3[0m
[0;32mI (358) cpu_start: Max chip rev:     v0.99 [0m
[0;32mI (363) cpu_start: Chip rev:         v0.4[0m
[0;32mI (368) heap_init: Initializing. RAM available for dynamic allocation:[0m
[0;32mI (375) heap_init: At 3FC99090 len 00043680 (269 KiB): DRAM[0m
[0;32mI (381) heap_init: At 3FCDC710 len 00002950 (10 KiB): STACK/DRAM[0m
[0;32mI (388) heap_init: At 50000010 len 00001FD8 (7 KiB): RTCRAM[0m
[0;32mI (395) spi_flash: detected chip: generic[0m
[0;32mI (399) spi_flash: flash io: dio[0m
[0;32mI (403) sleep: Configure to isolate all GPIO pins in sleep state[0m
[0;32mI (409) sleep: Enable automatic switching of GPIO sleep configuration[0m
[0;32mI (417) app_start: Starting scheduler on CPU0[0m
[0;32mI (422) main_task: Started on CPU0[0m
[0;32mI (422) main_task: Calling app_main()[0m

assert failed: xQueueSemaphoreTake queue.c:1653 (( pxQueue ))
Core  0 register dump:
MEPC    : 0x403811a0  RA      : 0x40387f7a  SP      : 0x3fc9c070  GP      : 0x3fc92600  
TP      : 0x3fc746ec  T0      : 0x37363534  T1      : 0x7271706f  T2      : 0x33323130  
S0/FP   : 0x0000008a  S1      : 0x00000001  A0      : 0x3fc9c0ac  A1      : 0x3fc938d5  
A2      : 0x00000001  A3      : 0x00000029  A4      : 0x00000001  A5      : 0x3fc99000  
A6      : 0x7a797877  A7      : 0x76757473  S2      : 0x00000009  S3      : 0x3fc9c1bd  
S4      : 0x3fc938d4  S5      : 0x00000000  S6      : 0x00000000  S7      : 0x00000000  
S8      : 0x00000000  S9      : 0x00000000  S10     : 0x00000000  S11     : 0x00000000  
T3      : 0x6e6d6c6b  T4      : 0x6a696867  T5      : 0x66656463  T6      : 0x62613938  
MSTATUS : 0x00001881  MTVEC   : 0x40380001  MCAUSE  : 0x00000007  MTVAL   : 0x00000000  
MHARTID : 0x00000000  

Stack memory:
3fc9c070: 0xa5a5a5a5 0xa5a5a5a5 0x3c0c96ec 0x4038ef96 0x3fc93cac 0x3c0c96ec 0x3fc94030 0x3c0c918e
3fc9c090: 0x3fc93cbc 0x3fc9c0a4 0x3fc93cc0 0x3c0c95c8 0x3fc938d4 0x33353631 0xa5a5a500 0x65737361
3fc9c0b0: 0x66207472 0x656c6961 0x78203a64 0x75657551 0x6d655365 0x6f687061 0x61546572 0x7120656b
3fc9c0d0: 0x65756575 0x313a632e 0x20333536 0x70202828 0x65755178 0x29206575 0xa5a50029 0xa5a5a5a5
3fc9c0f0: 0xa5a5a5a5 0xa5a5a5a5 0xa5a5a5a5 0xa5a5a5a5 0xa5a5a5a5 0xa5a5a5a5 0xa5a5a5a5 0xa5a5a5a5
3fc9c110: 0xa5a5a5a5 0xa5a5a5a5 0xa5a5a5a5 0xa5a5a5a5 0xa5a5a5a5 0xa5a5a5a5 0xa5a5a5a5 0xa5a5a5a5
3fc9c130: 0xa5a5a5a5 0xa5a5a5a5 0x00000000 0x4038ce46 0x00000000 0x00000000 0x3fc9a04c 0x40388090
3fc9c150: 0x00000000 0x00000000 0x3fc9a04c 0x40388688 0xa5a5a5a5 0xa5a5a5a5 0x00000000 0x00000000
3fc9c170: 0x00001800 0x00000000 0x00000000 0x40000000 0x3fc9c9e8 0x00000010 0x00000000 0x00000000
3fc9c190: 0x00000000 0x00000000 0x3c0ca000 0x40388c78 0x00000000 0x00000000 0x00000000 0x00000064
3fc9c1b0: 0x00000000 0x00000000 0x00000000 0x4200750a 0x00000000 0x00000000 0x3c0ca000 0x42000512
3fc9c1d0: 0x00000000 0x00000000 0x00000000 0x00000000 0x00000000 0x00000000 0x3c0ca000 0x420005c8
3fc9c1f0: 0x3fc9cc00 0x3fc9cc00 0x3fc9c234 0x3fc9c21c 0x00000000 0x00000000 0x00000001 0x4038adae
3fc9c210: 0x00000000 0x3fc9cc00 0x00000000 0x000001a6 0x3c0ca184 0x00000000 0x3c0ca000 0x4038adb6
3fc9c230: 0x00000000 0x00001388 0x00000001 0x00000000 0x00000000 0x00000000 0x00000000 0x4038aade
3fc9c250: 0x00000000 0x00000000 0x00000000 0x00000000 0x00000000 0x00000000 0x00000000 0x00000000
3fc9c270: 0x00000000 0xa5a5a5a5 0xa5a5a5a5 0xa5a5a5a5 0xa5a5a5a5 0xa5a5a5a5 0x00000154 0x3fc9c1e0
3fc9c290: 0x3fc990a4 0x3fc949dc 0x3fc949dc 0x3fc9c28c 0x3fc949d4 0x00000018 0x3fc9e630 0x3fc9e630
3fc9c2b0: 0x3fc9c28c 0x00000000 0x00000001 0x3fc9b288 0x6e69616d 0xa5a5a500 0xa5a5a5a5 0x00a5a5a5
3fc9c2d0: 0x00000000 0x3fc9c280 0x00000001 0x00000000 0x00000000 0x00000000 0x00000000 0x3fc99a90
3fc9c2f0: 0x3fc99af8 0x3fc99b60 0x00000000 0x00000000 0x00000001 0x00000000 0x00000000 0x00000000
3fc9c310: 0x42092c5a 0x00000000 0x00000000 0x00000000 0x00000000 0x00000000 0x00000000 0x00000000
3fc9c330: 0x00000000 0x00000000 0x00000000 0x00000000 0x00000000 0x00000000 0x00000000 0x00000000
3fc9c350: 0x00000000 0x00000000 0x00000000 0x00000000 0x00000000 0x00000000 0x00000000 0x00000000
3fc9c370: 0x00000000 0x00000000 0x00000000 0x00000000 0x00000000 0x00000000 0x00000000 0x00000000
3fc9c390: 0x00000000 0x00000000 0x00000000 0x00000000 0x00000000 0x00000000 0x00000000 0x00000000
3fc9c3b0: 0x00000000 0x00000000 0x00000000 0x00000000 0x00000000 0x00000000 0x00000000 0x00000000
3fc9c3d0: 0x00000000 0x00000000 0x00000000 0x3f000000 0x00000600 0xa5a5a5a5 0xa5a5a5a5 0xa5a5a5a5
3fc9c3f0: 0xa5a5a5a5 0xa5a5a5a5 0xa5a5a5a5 0xa5a5a5a5 0xa5a5a5a5 0xa5a5a5a5 0xa5a5a5a5 0xa5a5a5a5
3fc9c410: 0xa5a5a5a5 0xa5a5a5a5 0xa5a5a5a5 0xa5a5a5a5 0xa5a5a5a5 0xa5a5a5a5 0xa5a5a5a5 0xa5a5a5a5
3fc9c430: 0xa5a5a5a5 0xa5a5a5a5 0xa5a5a5a5 0xa5a5a5a5 0xa5a5a5a5 0xa5a5a5a5 0xa5a5a5a5 0xa5a5a5a5
3fc9c450: 0xa5a5a5a5 0xa5a5a5a5 0xa5a5a5a5 0xa5a5a5a5 0xa5a5a5a5 0xa5a5a5a5 0xa5a5a5a5 0xa5a5a5a5



ELF file SHA256: bc5ba769fad08912

Rebooting...
ESP-ROM:esp32c3-api1-20210207
Build:Feb  7 2021
rst:0x3 (RTC_SW_SYS_RST),boot:0xd (SPI_FAST_FLASH_BOOT)
0000 00100000[0m
[0;32mI (106) boot:  5 storage          Unknown data     01 82 00210000 000f0000[0m
[0;32mI (113) boot: End of partition table[0m
[0;32mI (118) esp_image: segment 0: paddr=00010020 vaddr=3c0c0020 size=28478h (164984) map[0m
[0;32mI (152) esp_image: segment 1: paddr=000384a0 vaddr=3fc91e00 size=02958h ( 10584) load[0m
[0;32mI (155) esp_image: segment 2: paddr=0003ae00 vaddr=40380000 size=05218h ( 21016) load[0m
[0;32mI (162) esp_image: segment 3: paddr=00040020 vaddr=42000020 size=b7008h (749576) map[0m
[0;32mI (286) esp_image: segment 4: paddr=000f7030 vaddr=40385218 size=0ca60h ( 51808) load[0m
[0;32mI (302) boot: Loaded app from partition at offset 0x10000[0m
[0;32mI (302) boot: Disabling RNG early entropy source...[0m
[0;32mI (313) cpu_start: Unicore app[0m
[0;32mI (314) cpu_start: Pro cpu up.[0m
[0;32mI (323) cpu_start: Pro cpu start user code[0m
[0;32mI (323) cpu_start: cpu freq: 160000000 Hz[0m
[0;32mI (323) cpu_start: Application information:[0m
[0;32mI (326) cpu_start: Project name:     esp_startup[0m
[0;32mI (331) cpu_start: App version:      b66229a-dirty[0m
[0;32mI (337) cpu_start: Compile time:     Jan 13 2024 14:48:48[0m
[0;32mI (343) cpu_start: ELF file SHA256:  bc5ba769fad08912...[0m
[0;32mI (349) cpu_start: ESP-IDF:          5.1.1[0m
[0;32mI (353) cpu_start: Min chip rev:     v0.3[0m
[0;32mI (358) cpu_start: Max chip rev:     v0.99 [0m
[0;32mI (363) cpu_start: Chip rev:         v0.4[0m
[0;32mI (368) heap_init: Initializing. RAM available for dynamic allocation:[0m
[0;32mI (375) heap_init: At 3FC99090 len 00043680 (269 KiB): DRAM[0m
[0;32mI (381) heap_init: At 3FCDC710 len 00002950 (10 KiB): STACK/DRAM[0m
[0;32mI (388) heap_init: At 50000010 len 00001FD8 (7 KiB): RTCRAM[0m
[0;32mI (395) spi_flash: detected chip: generic[0m
[0;32mI (399) spi_flash: flash io: dio[0m
[0;32mI (403) sleep: Configure to isolate all GPIO pins in sleep state[0m
[0;32mI (409) sleep: Enable automatic switching of GPIO sleep configuration[0m
[0;32mI (417) app_start: Starting scheduler on CPU0[0m
[0;32mI (422) main_task: Started on CPU0[0m
[0;32mI (422) main_task: Calling app_main()[0m

assert failed: xQueueSemaphoreTake queue.c:1653 (( pxQueue ))
Core  0 register dump:
MEPC    : 0x403811a0  RA      : 0x40387f7a  SP      : 0x3fc9c070  GP      : 0x3fc92600  
TP      : 0x3fc746ec  T0      : 0x37363534  T1      : 0x7271706f  T2      : 0x33323130  
S0/FP   : 0x0000008a  S1      : 0x00000001  A0      : 0x3fc9c0ac  A1      : 0x3fc938d5  
A2      : 0x00000001  A3      : 0x00000029  A4      : 0x00000001  A5      : 0x3fc99000  
A6      : 0x7a797877  A7      : 0x76757473  S2      : 0x00000009  S3      : 0x3fc9c1bd  
S4      : 0x3fc938d4  S5      : 0x00000000  S6      : 0x00000000  S7      : 0x00000000  
S8      : 0x00000000  S9      : 0x00000000  S10     : 0x00000000  S11     : 0x00000000  
T3      : 0x6e6d6c6b  T4      : 0x6a696867  T5      : 0x66656463  T6      : 0x62613938  
MSTATUS : 0x00001881  MTVEC   : 0x40380001  MCAUSE  : 0x00000007  MTVAL   : 0x00000000  
MHARTID : 0x00000000  

Stack memory:
3fc9c070: 0xa5a5a5a5 0xa5a5a5a5 0x3c0c96ec 0x4038ef96 0x3fc93cac 0x3c0c96ec 0x3fc94030 0x3c0c918e
3fc9c090: 0x3fc93cbc 0x3fc9c0a4 0x3fc93cc0 0x3c0c95c8 0x3fc938d4 0x33353631 0xa5a5a500 0x65737361
3fc9c0b0: 0x66207472 0x656c6961 0x78203a64 0x75657551 0x6d655365 0x6f687061 0x61546572 0x7120656b
3fc9c0d0: 0x65756575 0x313a632e 0x20333536 0x70202828 0x65755178 0x29206575 0xa5a50029 0xa5a5a5a5
3fc9c0f0: 0xa5a5a5a5 0xa5a5a5a5 0xa5a5a5a5 0xa5a5a5a5 0xa5a5a5a5 0xa5a5a5a5 0xa5a5a5a5 0xa5a5a5a5
3fc9c110: 0xa5a5a5a5 0xa5a5a5a5 0xa5a5a5a5 0xa5a5a5a5 0xa5a5a5a5 0xa5a5a5a5 0xa5a5a5a5 0xa5a5a5a5
3fc9c130: 0xa5a5a5a5 0xa5a5a5a5 0x00000000 0x4038ce46 0x00000000 0x00000000 0x3fc9a04c 0x40388090
3fc9c150: 0x00000000 0x00000000 0x3fc9a04c 0x40388688 0xa5a5a5a5 0xa5a5a5a5 0x00000000 0x00000000
3fc9c170: 0x00001800 0x00000000 0x00000000 0x40000000 0x3fc9c9e8 0x00000010 0x00000000 0x00000000
3fc9c190: 0x00000000 0x00000000 0x3c0ca000 0x40388c78 0x00000000 0x00000000 0x00000000 0x00000064
3fc9c1b0: 0x00000000 0x00000000 0x00000000 0x4200750a 0x00000000 0x00000000 0x3c0ca000 0x42000512
3fc9c1d0: 0x00000000 0x00000000 0x00000000 0x00000000 0x00000000 0x00000000 0x3c0ca000 0x420005c8
3fc9c1f0: 0x3fc9cc00 0x3fc9cc00 0x3fc9c234 0x3fc9c21c 0x00000000 0x00000000 0x00000001 0x4038adae
3fc9c210: 0x00000000 0x3fc9cc00 0x00000000 0x000001a6 0x3c0ca184 0x00000000 0x3c0ca000 0x4038adb6
3fc9c230: 0x00000000 0x00001388 0x00000001 0x00000000 0x00000000 0x00000000 0x00000000 0x4038aade
3fc9c250: 0x00000000 0x00000000 0x00000000 0x00000000 0x00000000 0x00000000 0x00000000 0x00000000
3fc9c270: 0x00000000 0xa5a5a5a5 0xa5a5a5a5 0xa5a5a5a5 0xa5a5a5a5 0xa5a5a5a5 0x00000154 0x3fc9c1e0
3fc9c290: 0x3fc990a4 0x3fc949dc 0x3fc949dc 0x3fc9c28c 0x3fc949d4 0x00000018 0x3fc9e630 0x3fc9e630
3fc9c2b0: 0x3fc9c28c 0x00000000 0x00000001 0x3fc9b288 0x6e69616d 0xa5a5a500 0xa5a5a5a5 0x00a5a5a5
3fc9c2d0: 0x00000000 0x3fc9c280 0x00000001 0x00000000 0x00000000 0x00000000 0x00000000 0x3fc99a90
3fc9c2f0: 0x3fc99af8 0x3fc99b60 0x00000000 0x00000000 0x00000001 0x00000000 0x00000000 0x00000000
3fc9c310: 0x42092c5a 0x00000000 0x00000000 0x00000000 0x00000000 0x00000000 0x00000000 0x00000000
3fc9c330: 0x00000000 0x00000000 0x00000000 0x00000000 0x00000000 0x00000000 0x00000000 0x00000000
3fc9c350: 0x00000000 0x00000000 0x00000000 0x00000000 0x00000000 0x00000000 0x00000000 0x00000000
3fc9c370: 0x00000000 0x00000000 0x00000000 0x00000000 0x00000000 0x00000000 0x00000000 0x00000000
3fc9c390: 0x00000000 0x00000000 0x00000000 0x00000000 0x00000000 0x00000000 0x00000000 0x00000000
3fc9c3b0: 0x00000000 0x00000000 0x00000000 0x00000000 0x00000000 0x00000000 0x00000000 0x00000000
3fc9c3d0: 0x00000000 0x00000000 0x00000000 0x3f000000 0x00000600 0xa5a5a5a5 0xa5a5a5a5 0xa5a5a5a5
3fc9c3f0: 0xa5a5a5a5 0xa5a5a5a5 0xa5a5a5a5 0xa5a5a5a5 0xa5a5a5a5 0xa5a5a5a5 0xa5a5a5a5 0xa5a5a5a5
3fc9c410: 0xa5a5a5a5 0xa5a5a5a5 0xa5a5a5a5 0xa5a5a5a5 0xa5a5a5a5 0xa5a5a5a5 0xa5a5a5a5 0xa5a5a5a5
3fc9c430: 0xa5a5a5a5 0xa5a5a5a5 0xa5a5a5a5 0xa5a5a5a5 0xa5a5a5a5 0xa5a5a5a5 0xa5a5a5a5 0xa5a5a5a5
3fc9c450: 0xa5a5a5a5 0xa5a5a5a5 0xa5a5a5a5 0xa5a5a5a5 0xa5a5a5a5 0xa5a5a5a5 0xa5a5a5a5 0xa5a5a5a5



ELF file SHA256: bc5ba769fad08912

Rebooting...
ESP-ROM:esp32c3-api1-20210207
Build:Feb  7 2021
rst:0x3 (RTC_SW_SYS_RST),boot:0xd (SPI_FAST_FLASH_BOOT)
Saved PC:0x40048b82
SPIWP:0xee
mode:DIO, clock div:1
load:0x3fcd5820,len:0x1704
load:0x403cc710,len:0x968
load:0x403ce710,len:0x2f68
entry 0x403cc710
[0;32mI (24) boot: ESP-IDF 5.1.1 2nd stage bootloader[0m
[0;32mI (24) boot: compile time Jan 13 2024 14:50:44[0m
[0;32mI (24) boot: chip revision: v0.4[0m
[0;32mI (27) boot.esp32c3: SPI Speed      : 80MHz[0m
[0;32mI (32) boot.esp32c3: SPI Mode       : DIO[0m
[0;32mI (36) boot.esp32c3: SPI Flash Size : 4MB[0m
[0;32mI (41) boot: Enabling RNG early entropy source...[0m
[0;32mI (46) boot: Partition Table:[0m
[0;32mI (50) boot: ## Label            Usage          Type ST Offset   Length[0m
[0;32mI (57) boot:  0 nvs              WiFi data        01 02 00009000 00004000[0m
[0;32mI (65) boot:  1 otadata          OTA data         01 00 0000d000 00002000[0m
[0;32mI (72) boot:  2 phy_init         RF data          01 01 0000f000 00001000[0m
[0;32mI (80) boot:  3 factory          OTA app          00 10 00010000 00100000[0m
[0;32mI (87) boot:  4 ota_1            OTA app          00 11 00110000 00100000[0m
[0;32mI (95) boot:  5 storage          Unknown data     01 82 00210000 000f0000[0m
[0;32mI (102) boot: End of partition table[0m
[0;32mI (106) esp_image: segment 0: paddr=00010020 vaddr=3c0c0020 size=28478h (164984) map[0m
[0;32mI (141) esp_image: segment 1: paddr=000384a0 vaddr=3fc91e00 size=02958h ( 10584) load[0m
[0;32mI (143) esp_image: segment 2: paddr=0003ae00 vaddr=40380000 size=05218h ( 21016) load[0m
[0;32mI (151) esp_image: segment 3: paddr=00040020 vaddr=42000020 size=b7008h (749576) map[0m
[0;32mI (275) esp_image: segment 4: paddr=000f7030 vaddr=40385218 size=0ca60h ( 51808) load[0m
[0;32mI (290) boot: Loaded app from partition at offset 0x10000[0m
[0;32mI (291) boot: Disabling RNG early entropy source...[0m
[0;32mI (302) cpu_start: Unicore app[0m
[0;32mI (302) cpu_start: Pro cpu up.[0m
[0;32mI (311) cpu_start: Pro cpu start user code[0m
[0;32mI (311) cpu_start: cpu freq: 160000000 Hz[0m
[0;32mI (312) cpu_start: Application information:[0m
[0;32mI (314) cpu_start: Project name:     esp_startup[0m
[0;32mI (320) cpu_start: App version:      b66229a-dirty[0m
[0;32mI (325) cpu_start: Compile time:     Jan 13 2024 14:48:48[0m
[0;32mI (331) cpu_start: ELF file SHA256:  bc5ba769fad08912...[0m
[0;32mI (337) cpu_start: ESP-IDF:          5.1.1[0m
[0;32mI (342) cpu_start: Min chip rev:     v0.3[0m
[0;32mI (347) cpu_start: Max chip rev:     v0.99 [0m
[0;32mI (352) cpu_start: Chip rev:         v0.4[0m
[0;32mI (356) heap_init: Initializing. RAM available for dynamic allocation:[0m
[0;32mI (364) heap_init: At 3FC99090 len 00043680 (269 KiB): DRAM[0m
[0;32mI (370) heap_init: At 3FCDC710 len 00002950 (10 KiB): STACK/DRAM[0m
[0;32mI (376) heap_init: At 50000010 len 00001FD8 (7 KiB): RTCRAM[0m
[0;32mI (383) spi_flash: detected chip: generic[0m
[0;32mI (387) spi_flash: flash io: dio[0m
[0;32mI (392) sleep: Configure to isolate all GPIO pins in sleep state[0m
[0;32mI (398) sleep: Enable automatic switching of GPIO sleep configuration[0m
[0;32mI (405) app_start: Starting scheduler on CPU0[0m
[0;32mI (410) main_task: Started on CPU0[0m
[0;32mI (410) main_task: Calling app_main()[0m

assert failed: xQueueSemaphoreTake queue.c:1653 (( pxQueue ))
Core  0 register dump:
MEPC    : 0x403811a0  RA      : 0x40387f7a  SP      : 0x3fc9c070  GP      : 0x3fc92600  
TP      : 0x3fc746ec  T0      : 0x37363534  T1      : 0x7271706f  T2      : 0x33323130  
S0/FP   : 0x0000008a  S1      : 0x00000001  A0      : 0x3fc9c0ac  A1      : 0x3fc938d5  
A2      : 0x00000001  A3      : 0x00000029  A4      : 0x00000001  A5      : 0x3fc99000  
A6      : 0x7a797877  A7      : 0x76757473  S2      : 0x00000009  S3      : 0x3fc9c1bd  
S4      : 0x3fc938d4  S5      : 0x00000000  S6      : 0x00000000  S7      : 0x00000000  
S8      : 0x00000000  S9      : 0x00000000  S10     : 0x00000000  S11     : 0x00000000  
T3      : 0x6e6d6c6b  T4      : 0x6a696867  T5      : 0x66656463  T6      : 0x62613938  
MSTATUS : 0x00001881  MTVEC   : 0x40380001  MCAUSE  : 0x00000007  MTVAL   : 0x00000000  
MHARTID : 0x00000000  

Stack memory:
3fc9c070: 0xa5a5a5a5 0xa5a5a5a5 0x3c0c96ec 0x4038ef96 0x3fc93cac 0x3c0c96ec 0x3fc94030 0x3c0c918e
3fc9c090: 0x3fc93cbc 0x3fc9c0a4 0x3fc93cc0 0x3c0c95c8 0x3fc938d4 0x33353631 0xa5a5a500 0x65737361
3fc9c0b0: 0x66207472 0x656c6961 0x78203a64 0x75657551 0x6d655365 0x6f687061 0x61546572 0x7120656b
3fc9c0d0: 0x65756575 0x313a632e 0x20333536 0x70202828 0x65755178 0x29206575 0xa5a50029 0xa5a5a5a5
3fc9c0f0: 0xa5a5a5a5 0xa5a5a5a5 0xa5a5a5a5 0xa5a5a5a5 0xa5a5a5a5 0xa5a5a5a5 0xa5a5a5a5 0xa5a5a5a5
3fc9c110: 0xa5a5a5a5 0xa5a5a5a5 0xa5a5a5a5 0xa5a5a5a5 0xa5a5a5a5 0xa5a5a5a5 0xa5a5a5a5 0xa5a5a5a5
3fc9c130: 0xa5a5a5a5 0xa5a5a5a5 0x00000000 0x4038ce46 0x00000000 0x00000000 0x3fc9a04c 0x40388090
3fc9c150: 0x00000000 0x00000000 0x3fc9a04c 0x40388688 0xa5a5a5a5 0xa5a5a5a5 0x00000000 0x00000000
3fc9c170: 0x00001800 0x00000000 0x00000000 0x40000000 0x3fc9c9e8 0x00000010 0x00000000 0x00000000
3fc9c190: 0x00000000 0x00000000 0x3c0ca000 0x40388c78 0x00000000 0x00000000 0x00000000 0x00000064
3fc9c1b0: 0x00000000 0x00000000 0x00000000 0x4200750a 0x00000000 0x00000000 0x3c0ca000 0x42000512
3fc9c1d0: 0x00000000 0x00000000 0x00000000 0x00000000 0x00000000 0x00000000 0x3c0ca000 0x420005c8
3fc9c1f0: 0x3fc9cc00 0x3fc9cc00 0x3fc9c234 0x3fc9c21c 0x00000000 0x00000000 0x00000001 0x4038adae
3fc9c210: 0x00000000 0x3fc9cc00 0x00000000 0x0000019a 0x3c0ca184 0x00000000 0x3c0ca000 0x4038adb6
3fc9c230: 0x00000000 0x00001388 0x00000001 0x00000000 0x00000000 0x00000000 0x00000000 0x4038aade
3fc9c250: 0x00000000 0x00000000 0x00000000 0x00000000 0x00000000 0x00000000 0x00000000 0x00000000
3fc9c270: 0x00000000 0xa5a5a5a5 0xa5a5a5a5 0xa5a5a5a5 0xa5a5a5a5 0xa5a5a5a5 0x00000154 0x3fc9c1e0
3fc9c290: 0x3fc990a4 0x3fc949dc 0x3fc949dc 0x3fc9c28c 0x3fc949d4 0x00000018 0x3fc9e630 0x3fc9e630
3fc9c2b0: 0x3fc9c28c 0x00000000 0x00000001 0x3fc9b288 0x6e69616d 0xa5a5a500 0xa5a5a5a5 0x00a5a5a5
3fc9c2d0: 0x00000000 0x3fc9c280 0x00000001 0x00000000 0x00000000 0x00000000 0x00000000 0x3fc99a90
3fc9c2f0: 0x3fc99af8 0x3fc99b60 0x00000000 0x00000000 0x00000001 0x00000000 0x00000000 0x00000000
3fc9c310: 0x42092c5a 0x00000000 0x00000000 0x00000000 0x00000000 0x00000000 0x00000000 0x00000000
3fc9c330: 0x00000000 0x00000000 0x00000000 0x00000000 0x00000000 0x00000000 0x00000000 0x00000000
3fc9c350: 0x00000000 0x00000000 0x00000000 0x00000000 0x00000000 0x00000000 0x00000000 0x00000000
3fc9c370: 0x00000000 0x00000000 0x00000000 0x00000000 0x00000000 0x00000000 0x00000000 0x00000000
3fc9c390: 0x00000000 0x00000000 0x00000000 0x00000000 0x00000000 0x00000000 0x00000000 0x00000000
3fc9c3b0: 0x00000000 0x00000000 0x00000000 0x00000000 0x00000000 0x00000000 0x00000000 0x00000000
3fc9c3d0: 0x00000000 0x00000000 0x00000000 0x3f000000 0x00000600 0xa5a5a5a5 0xa5a5a5a5 0xa5a5a5a5
3fc9c3f0: 0xa5a5a5a5 0xa5a5a5a5 0xa5a5a5a5 0xa5a5a5a5 0xa5a5a5a5 0xa5a5a5a5 0xa5a5a5a5 0xa5a5a5a5
3fc9c410: 0xa5a5a5a5 0xa5a5a5a5 0xa5a5a5a5 0xa5a5a5a5 0xa5a5a5a5 0xa5a5a5a5 0xa5a5a5a5 0xa5a5a5a5
3fc9c430: 0xa5a5a5a5 0xa5a5a5a5 0xa5a5a5a5 0xa5a5a5a5 0xa5a5a5a5 0xa5a5a5a5 0xa5a5a5a5 0xa5a5a5a5
3fc9c450: 0xa5a5a5a5 0xa5a5a5a5 0xa5a5a5a5 0xa5a5a5a5 0xa5a5a5a5 0xa5a5a5a5 0xa5a5a5a5 0xa5a5a5a5



ELF file SHA256: bc5ba769fad08912

Rebooting...
ESP-ROM:esp32c3-api1-20210207
Build:Feb  7 2021
rst:0x3 (RTC_SW_SYS_RST),boot:0xd (SPI_FAST_FLASH_BOOT)
Saved PC:0x40048b82
SPIWP:0xee
mode:DIO, clock div:1
load:0x3fcd5820,len:0x1704
load:0x403cc710,len:0x968
load:0x403ce710,len:0x2f68
entry 0x403cc710
[0;32mI (24) boot: ESP-IDF 5.1.1 2nd stage bootloader[0m
[0;32mI (24) boot: compile time Jan 13 2024 14:50:44[0m
[0;32mI (24) boot: chip revision: v0.4[0m
[0;32mI (27) boot.esp32c3: SPI Speed      : 80MHz[0m
[0;32mI (32) boot.esp32c3: SPI Mode       : DIO[0m
[0;32mI (36) boot.esp32c3: SPI Flash Size : 4MB[0m
[0;32mI (41) boot: Enabling RNG early entropy source...[0m
[0;32mI (46) boot: Partition Table:[0m
[0;32mI (50) boot: ## Label            Usage          Type ST Offset   Length[0m
[0;32mI (57) boot:  0 nvs              WiFi data        01 02 00009000 00004000[0m
[0;32mI (65) boot:  1 otadata          OTA data         01 00 0000d000 00002000[0m
[0;32mI (72) boot:  2 phy_init         RF data          01 01 0000f000 00001000[0m
[0;32mI (80) boot:  3 factory          OTA app          00 10 00010000 00100000[0m
[0;32mI (87) boot:  4 ota_1            OTA app          00 11 00110000 00100000[0m
[0;32mI (95) boot:  5 storage          Unknown data     01 82 00210000 000f0000[0m
[0;32mI (102) boot: End of partition table[0m
[0;32mI (106) esp_image: segment 0: paddr=00010020 vaddr=3c0c0020 size=28478h (164984) map[0m
[0;32mI (141) esp_image: segment 1: paddr=000384a0 vaddr=3fc91e00 size=02958h ( 10584) load[0m
[0;32mI (144) esp_image: segment 2: paddr=0003ae00 vaddr=40380000 size=05218h ( 21016) load[0m
[0;32mI (151) esp_image: segment 3: paddr=00040020 vaddr=42000020 size=b7008h (749576) map[0m
[0;32mI (275) esp_image: segment 4: paddr=000f7030 vaddr=40385218 size=0ca60h ( 51808) load[0m
[0;32mI (290) boot: Loaded app from partition at offset 0x10000[0m
[0;32mI (291) boot: Disabling RNG early entropy source...[0m
[0;32mI (302) cpu_start: Unicore app[0m
[0;32mI (302) cpu_start: Pro cpu up.[0m
[0;32mI (311) cpu_start: Pro cpu start user code[0m
[0;32mI (311) cpu_start: cpu freq: 160000000 Hz[0m
[0;32mI (312) cpu_start: Application information:[0m
[0;32mI (314) cpu_start: Project name:     esp_startup[0m
[0;32mI (320) cpu_start: App version:      b66229a-dirty[0m
[0;32mI (325) cpu_start: Compile time:     Jan 13 2024 14:48:48[0m
[0;32mI (331) cpu_start: ELF file SHA256:  bc5ba769fad08912...[0m
[0;32mI (337) cpu_start: ESP-IDF:          5.1.1[0m
[0;32mI (342) cpu_start: Min chip rev:     v0.3[0m
[0;32mI (347) cpu_start: Max chip rev:     v0.99 [0m
[0;32mI (352) cpu_start: Chip rev:         v0.4[0m
[0;32mI (356) heap_init: Initializing. RAM available for dynamic allocation:[0m
[0;32mI (364) heap_init: At 3FC99090 len 00043680 (269 KiB): DRAM[0m
[0;32mI (370) heap_init: At 3FCDC710 len 00002950 (10 KiB): STACK/DRAM[0m
[0;32mI (376) heap_init: At 50000010 len 00001FD8 (7 KiB): RTCRAM[0m
[0;32mI (384) spi_flash: detected chip: generic[0m
[0;32mI (387) spi_flash: flash io: dio[0m
[0;32mI (392) sleep: Configure to isolate all GPIO pins in sleep state[0m
[0;32mI (398) sleep: Enable automatic switching of GPIO sleep configuration[0m
[0;32mI (405) app_start: Starting scheduler on CPU0[0m
[0;32mI (410) main_task: Started on CPU0[0m
[0;32mI (410) main_task: Calling app_main()[0m

assert failed: xQueueSemaphoreTake queue.c:1653 (( pxQueue ))
Core  0 register dump:
MEPC    : 0x403811a0  RA      : 0x40387f7a  SP      : 0x3fc9c070  GP      : 0x3fc92600  
TP      : 0x3fc746ec  T0      : 0x37363534  T1      : 0x7271706f  T2      : 0x33323130  
S0/FP   : 0x0000008a  S1      : 0x00000001  A0      : 0x3fc9c0ac  A1      : 0x3fc938d5  
A2      : 0x00000001  A3      : 0x00000029  A4      : 0x00000001  A5      : 0x3fc99000  
A6      : 0x7a797877  A7      : 0x76757473  S2      : 0x00000009  S3      : 0x3fc9c1bd  
S4      : 0x3fc938d4  S5      : 0x00000000  S6      : 0x00000000  S7      : 0x00000000  
S8      : 0x00000000  S9      : 0x00000000  S10     : 0x00000000  S11     : 0x00000000  
T3      : 0x6e6d6c6b  T4      : 0x6a696867  T5      : 0x66656463  T6      : 0x62613938  
MSTATUS : 0x00001881  MTVEC   : 0x40380001  MCAUSE  : 0x00000007  MTVAL   : 0x00000000  
MHARTID : 0x00000000  

Stack memory:
3fc9c070: 0xa5a5a5a5 0xa5a5a5a5 0x3c0c96ec 0x4038ef96 0x3fc93cac 0x3c0c96ec 0x3fc94030 0x3c0c918e
3fc9c090: 0x3fc93cbc 0x3fc9c0a4 0x3fc93cc0 0x3c0c95c8 0x3fc938d4 0x33353631 0xa5a5a500 0x65737361
3fc9c0b0: 0x66207472 0x656c6961 0x78203a64 0x75657551 0x6d655365 0x6f687061 0x61546572 0x7120656b
3fc9c0d0: 0x65756575 0x313a632e 0x20333536 0x70202828 0x65755178 0x29206575 0xa5a50029 0xa5a5a5a5
3fc9c0f0: 0xa5a5a5a5 0xa5a5a5a5 0xa5a5a5a5 0xa5a5a5a5 0xa5a5a5a5 0xa5a5a5a5 0xa5a5a5a5 0xa5a5a5a5
3fc9c110: 0xa5a5a5a5 0xa5a5a5a5 0xa5a5a5a5 0xa5a5a5a5 0xa5a5a5a5 0xa5a5a5a5 0xa5a5a5a5 0xa5a5a5a5
3fc9c130: 0xa5a5a5a5 0xa5a5a5a5 0x00000000 0x4038ce46 0x00000000 0x00000000 0x3fc9a04c 0x40388090
3fc9c150: 0x00000000 0x00000000 0x3fc9a04c 0x40388688 0xa5a5a5a5 0xa5a5a5a5 0x00000000 0x00000000
3fc9c170: 0x00001800 0x00000000 0x00000000 0x40000000 0x3fc9c9e8 0x00000010 0x00000000 0x00000000
3fc9c190: 0x00000000 0x00000000 0x3c0ca000 0x40388c78 0x00000000 0x00000000 0x00000000 0x00000064
3fc9c1b0: 0x00000000 0x00000000 0x00000000 0x4200750a 0x00000000 0x00000000 0x3c0ca000 0x42000512
3fc9c1d0: 0x00000000 0x00000000 0x00000000 0x00000000 0x00000000 0x00000000 0x3c0ca000 0x420005c8
3fc9c1f0: 0x3fc9cc00 0x3fc9cc00 0x3fc9c234 0x3fc9c21c 0x00000000 0x00000000 0x00000001 0x4038adae
3fc9c210: 0x00000000 0x3fc9cc00 0x00000000 0x0000019a 0x3c0ca184 0x00000000 0x3c0ca000 0x4038adb6
3fc9c230: 0x00000000 0x00001388 0x00000001 0x00000000 0x00000000 0x00000000 0x00000000 0x4038aade
3fc9c250: 0x00000000 0x00000000 0x00000000 0x00000000 0x00000000 0x00000000 0x00000000 0x00000000
3fc9c270: 0x00000000 0xa5a5a5a5 0xa5a5a5a5 0xa5a5a5a5 0xa5a5a5a5 0xa5a5a5a5 0x00000154 0x3fc9c1e0
3fc9c290: 0x3fc990a4 0x3fc949dc 0x3fc949dc 0x3fc9c28c 0x3fc949d4 0x00000018 0x3fc9e630 0x3fc9e630
3fc9c2b0: 0x3fc9c28c 0x00000000 0x00000001 0x3fc9b288 0x6e69616d 0xa5a5a500 0xa5a5a5a5 0x00a5a5a5
3fc9c2d0: 0x00000000 0x3fc9c280 0x00000001 0x00000000 0x00000000 0x00000000 0x00000000 0x3fc99a90
3fc9c2f0: 0x3fc99af8 0x3fc99b60 0x00000000 0x00000000 0x00000001 0x00000000 0x00000000 0x00000000
3fc9c310: 0x42092c5a 0x00000000 0x00000000 0x00000000 0x00000000 0x00000000 0x00000000 0x00000000
3fc9c330: 0x00000000 0x00000000 0x00000000 0x00000000 0x00000000 0x00000000 0x00000000 0x00000000
3fc9c350: 0x00000000 0x00000000 0x00000000 0x00000000 0x00000000 0x00000000 0x00000000 0x00000000
3fc9c370: 0x00000000 0x00000000 0x00000000 0x00000000 0x00000000 0x00000000 0x00000000 0x00000000
3fc9c390: 0x00000000 0x00000000 0x00000000 0x00000000 0x00000000 0x00000000 0x00000000 0x00000000
3fc9c3b0: 0x00000000 0x00000000 0x00000000 0x00000000 0x00000000 0x00000000 0x00000000 0x00000000
3fc9c3d0: 0x00000000 0x00000000 0x00000000 0x3f000000 0x00000600 0xa5a5a5a5 0xa5a5a5a5 0xa5a5a5a5
3fc9c3f0: 0xa5a5a5a5 0xa5a5a5a5 0xa5a5a5a5 0xa5a5a5a5 0xa5a5a5a5 0xa5a5a5a5 0xa5a5a5a5 0xa5a5a5a5
3fc9c410: 0xa5a5a5a5 0xa5a5a5a5 0xa5a5a5a5 0xa5a5a5a5 0xa5a5a5a5 0xa5a5a5a5 0xa5a5a5a5 0xa5a5a5a5
3fc9c430: 0xa5a5a5a5 0xa5a5a5a5 0xa5a5a5a5 0xa5a5a5a5 0xa5a5a5a5 0xa5a5a5a5 0xa5a5a5a5 0xa5a5a5a5
3fc9c450: 0xa5a5a5a5 0xa5a5a5a5 0xa5a5a5a5 0xa5a5a5a5 0xa5a5a5a5 0xa5a5a5a5 0xa5a5a5a5 0xa5a5a5a5



ELF file SHA256: bc5ba769fad08912

Rebooting...
ESP-ROM:esp32c3-api1-20210207
Build:Feb  7 2021
rst:0x3 (RTC_SW_SYS_RST),boot:0xd (SPI_FAST_FLASH_BOOT)
Saved PC:0x40048b82
SPIWP:0xee
mode:DIO, clock div:1
load:0x3fcd5820,len:0x1704
load:0x403cc710,len:0x968
load:0x403ce710,len:0x2f68
entry 0x403cc710
[0;32mI (24) boot: ESP-IDF 5.1.1 2nd stage bootloader[0m
[0;32mI (24) boot: compile time Jan 13 2024 14:50:44[0m
[0;32mI (24) boot: chip revision: v0.4[0m
[0;32mI (27) boot.esp32c3: SPI Speed      : 80MHz[0m
[0;32mI (32) boot.esp32c3: SPI Mode       : DIO[0m
[0;32mI (36) boot.esp32c3: SPI Flash Size : 4MB[0m
[0;32mI (41) boot: Enabling RNG early entropy source...[0m
[0;32mI (46) boot: Partition Table:[0m
[0;32mI (50) boot: ## Label            Usage          Type ST Offset   Length[0m
[0;32mI (57) boot:  0 nvs              WiFi data        01 02 00009000 00004000[0m
[0;32mI (65) boot:  1 otadata          OTA data         01 00 0000d000 00002000[0m
[0;32mI (72) boot:  2 phy_init         RF data          01 01 0000f000 00001000[0m
[0;32mI (80) boot:  3 factory          OTA app          00 10 00010000 00100000[0m
[0;32mI (87) boot:  4 ota_1            OTA app          00 11 00110000 00100000[0m
[0;32mI (95) boot:  5 storage          Unknown data     01 82 00210000 000f0000[0m
[0;32mI (102) boot: End of partition table[0m
[0;32mI (106) esp_image: segment 0: paddr=00010020 vaddr=3c0c0020 size=28478h (164984) map[0m
[0;32mI (141) esp_image: segment 1: paddr=000384a0 vaddr=3fc91e00 size=02958h ( 10584) load[0m
[0;32mI (144) esp_image: segment 2: paddr=0003ae00 vaddr=40380000 size=05218h ( 21016) load[0m
[0;32mI (151) esp_image: segment 3: paddr=00040020 vaddr=42000020 size=b7008h (749576) map[0m
[0;32mI (275) esp_image: segment 4: paddr=000f7030 vaddr=40385218 size=0ca60h ( 51808) load[0m
[0;32mI (290) boot: Loaded app from partition at offset 0x10000[0m
[0;32mI (291) boot: Disabling RNG early entropy source...[0m
[0;32mI (302) cpu_start: Unicore app[0m
[0;32mI (302) cpu_start: Pro cpu up.[0m
[0;32mI (311) cpu_start: Pro cpu start user code[0m
[0;32mI (311) cpu_start: cpu freq: 160000000 Hz[0m
[0;32mI (312) cpu_start: Application information:[0m
[0;32mI (314) cpu_start: Project name:     esp_startup[0m
[0;32mI (320) cpu_start: App version:      b66229a-dirty[0m
[0;32mI (325) cpu_start: Compile time:     Jan 13 2024 14:48:48[0m
[0;32mI (331) cpu_start: ELF file SHA256:  bc5ba769fad08912...[0m
[0;32mI (337) cpu_start: ESP-IDF:          5.1.1[0m
[0;32mI (342) cpu_start: Min chip rev:     v0.3[0m
[0;32mI (347) cpu_start: Max chip rev:     v0.99 [0m
[0;32mI (352) cpu_start: Chip rev:         v0.4[0m
[0;32mI (356) heap_init: Initializing. RAM available for dynamic allocation:[0m
[0;32mI (364) heap_init: At 3FC99090 len 00043680 (269 KiB): DRAM[0m
[0;32mI (370) heap_init: At 3FCDC710 len 00002950 (10 KiB): STACK/DRAM[0m
[0;32mI (376) heap_init: At 50000010 len 00001FD8 (7 KiB): RTCRAM[0m
[0;32mI (384) spi_flash: detected chip: generic[0m
[0;32mI (387) spi_flash: flash io: dio[0m
[0;32mI (392) sleep: Configure to isolate all GPIO pins in sleep state[0m
[0;32mI (398) sleep: Enable automatic switching of GPIO sleep configuration[0m
[0;32mI (405) app_start: Starting scheduler on CPU0[0m
[0;32mI (410) main_task: Started on CPU0[0m
[0;32mI (410) main_task: Calling app_main()[0m

assert failed: xQueueSemaphoreTake queue.c:1653 (( pxQueue ))
Core  0 register dump:
MEPC    : 0x403811a0  RA      : 0x40387f7a  SP      : 0x3fc9c070  GP      : 0x3fc92600  
TP      : 0x3fc746ec  T0      : 0x37363534  T1      : 0x7271706f  T2      : 0x33323130  
S0/FP   : 0x0000008a  S1      : 0x00000001  A0      : 0x3fc9c0ac  A1      : 0x3fc938d5  
A2      : 0x00000001  A3      : 0x00000029  A4      : 0x00000001  A5      : 0x3fc99000  
A6      : 0x7a797877  A7      : 0x76757473  S2      : 0x00000009  S3      : 0x3fc9c1bd  
S4      : 0x3fc938d4  S5      : 0x00000000  S6      : 0x00000000  S7      : 0x00000000  
S8      : 0x00000000  S9      : 0x00000000  S10     : 0x00000000  S11     : 0x00000000  
T3      : 0x6e6d6c6b  T4      : 0x6a696867  T5      : 0x66656463  T6      : 0x62613938  
MSTATUS : 0x00001881  MTVEC   : 0x40380001  MCAUSE  : 0x00000007  MTVAL   : 0x00000000  
MHARTID : 0x00000000  

Stack memory:
3fc9c070: 0xa5a5a5a5 0xa5a5a5a5 0x3c0c96ec 0x4038ef96 0x3fc93cac 0x3c0c96ec 0x3fc94030 0x3c0c918e
3fc9c090: 0x3fc93cbc 0x3fc9c0a4 0x3fc93cc0 0x3c0c95c8 0x3fc938d4 0x33353631 0xa5a5a500 0x65737361
3fc9c0b0: 0x66207472 0x656c6961 0x78203a64 0x75657551 0x6d655365 0x6f687061 0x61546572 0x7120656b
3fc9c0d0: 0x65756575 0x313a632e 0x20333536 0x70202828 0x65755178 0x29206575 0xa5a50029 0xa5a5a5a5
3fc9c0f0: 0xa5a5a5a5 0xa5a5a5a5 0xa5a5a5a5 0xa5a5a5a5 0xa5a5a5a5 0xa5a5a5a5 0xa5a5a5a5 0xa5a5a5a5
3fc9c110: 0xa5a5a5a5 0xa5a5a5a5 0xa5a5a5a5 0xa5a5a5a5 0xa5a5a5a5 0xa5a5a5a5 0xa5a5a5a5 0xa5a5a5a5
3fc9c130: 0xa5a5a5a5 0xa5a5a5a5 0x00000000 0x4038ce46 0x00000000 0x00000000 0x3fc9a04c 0x40388090
3fc9c150: 0x00000000 0x00000000 0x3fc9a04c 0x40388688 0xa5a5a5a5 0xa5a5a5a5 0x00000000 0x00000000
3fc9c170: 0x00001800 0x00000000 0x00000000 0x40000000 0x3fc9c9e8 0x00000010 0x00000000 0x00000000
3fc9c190: 0x00000000 0x00000000 0x3c0ca000 0x40388c78 0x00000000 0x00000000 0x00000000 0x00000064
3fc9c1b0: 0x00000000 0x00000000 0x00000000 0x4200750a 0x00000000 0x00000000 0x3c0ca000 0x42000512
3fc9c1d0: 0x00000000 0x00000000 0x00000000 0x00000000 0x00000000 0x00000000 0x3c0ca000 0x420005c8
3fc9c1f0: 0x3fc9cc00 0x3fc9cc00 0x3fc9c234 0x3fc9c21c 0x00000000 0x00000000 0x00000001 0x4038adae
3fc9c210: 0x00000000 0x3fc9cc00 0x00000000 0x0000019a 0x3c0ca184 0x00000000 0x3c0ca000 0x4038adb6
3fc9c230: 0x00000000 0x00001388 0x00000001 0x00000000 0x00000000 0x00000000 0x00000000 0x4038aade
3fc9c250: 0x00000000 0x00000000 0x00000000 0x00000000 0x00000000 0x00000000 0x00000000 0x00000000
3fc9c270: 0x00000000 0xa5a5a5a5 0xa5a5a5a5 0xa5a5a5a5 0xa5a5a5a5 0xa5a5a5a5 0x00000154 0x3fc9c1e0
3fc9c290: 0x3fc990a4 0x3fc949dc 0x3fc949dc 0x3fc9c28c 0x3fc949d4 0x00000018 0x3fc9e630 0x3fc9e630
3fc9c2b0: 0x3fc9c28c 0x00000000 0x00000001 0x3fc9b288 0x6e69616d 0xa5a5a500 0xa5a5a5a5 0x00a5a5a5
3fc9c2d0: 0x00000000 0x3fc9c280 0x00000001 0x00000000 0x00000000 0x00000000 0x00000000 0x3fc99a90
3fc9c2f0: 0x3fc99af8 0x3fc99b60 0x00000000 0x00000000 0x00000001 0x00000000 0x00000000 0x00000000
3fc9c310: 0x42092c5a 0x00000000 0x00000000 0x00000000 0x00000000 0x00000000 0x00000000 0x00000000
3fc9c330: 0x00000000 0x00000000 0x00000000 0x00000000 0x00000000 0x00000000 0x00000000 0x00000000
3fc9c350: 0x00000000 0x00000000 0x00000000 0x00000000 0x00000000 0x00000000 0x00000000 0x00000000
3fc9c370: 0x00000000 0x00000000 0x00000000 0x00000000 0x00000000 0x00000000 0x00000000 0x00000000
3fc9c390: 0x00000000 0x00000000 0x00000000 0x00000000 0x00000000 0x00000000 0x00000000 0x00000000
3fc9c3b0: 0x00000000 0x00000000 0x00000000 0x00000000 0x00000000 0x00000000 0x00000000 0x00000000
3fc9c3d0: 0x00000000 0x00000000 0x00000000 0x3f000000 0x00000600 0xa5a5a5a5 0xa5a5a5a5 0xa5a5a5a5
3fc9c3f0: 0xa5a5a5a5 0xa5a5a5a5 0xa5a5a5a5 0xa5a5a5a5 0xa5a5a5a5 0xa5a5a5a5 0xa5a5a5a5 0xa5a5a5a5
3fc9c410: 0xa5a5a5a5 0xa5a5a5a5 0xa5a5a5a5 0xa5a5a5a5 0xa5a5a5a5 0xa5a5a5a5 0xa5a5a5a5 0xa5a5a5a5
3fc9c430: 0xa5a5a5a5 0xa5a5a5a5 0xa5a5a5a5 0xa5a5a5a5 0xa5a5a5a5 0xa5a5a5a5 0xa5a5a5a5 0xa5a5a5a5
3fc9c450: 0xa5a5a5a5 0xa5a5a5a5 0xa5a5a5a5 0xa5a5a5a5 0xa5a5a5a5 0xa5a5a5a5 0xa5a5a5a5 0xa5a5a5a5



ELF file SHA256: bc5ba769fad08912

Rebooting...
ESP-ROM:esp32c3-api1-20210207
Build:Feb  7 2021
rst:0x3 (RTC_SW_SYS_RST),boot:0xd (SPI_FAST_FLASH_BOOT)
Saved PC:0x40048b82
SPIWP:0xee
mode:DIO, clock div:1
load:0x3fcd5820,len:0x1704
load:0x403cc710,len:0x968
load:0x403ce710,len:0x2f68
entry 0x403cc710
[0;32mI (24) boot: ESP-IDF 5.1.1 2nd stage bootloader[0m
[0;32mI (24) boot: compile time Jan 13 2024 14:50:44[0m
[0;32mI (24) boot: chip revision: v0.4[0m
[0;32mI (27) boot.esp32c3: SPI Speed      : 80MHz[0m
[0;32mI (32) boot.esp32c3: SPI Mode       : DIO[0m
[0;32mI (36) boot.esp32c3: SPI Flash Size : 4MB[0m
[0;32mI (41) boot: Enabling RNG early entropy source...[0m
[0;32mI (46) boot: Partition Table:[0m
[0;32mI (50) boot: ## Label            Usage          Type ST Offset   Length[0m
[0;32mI (57) boot:  0 nvs              WiFi data        01 02 00009000 00004000[0m
[0;32mI (65) boot:  1 otadata          OTA data         01 00 0000d000 00002000[0m
[0;32mI (72) boot:  2 phy_init         RF data          01 01 0000f000 00001000[0m
[0;32mI (80) boot:  3 factory          OTA app          00 10 00010000 00100000[0m
[0;32mI (87) boot:  4 ota_1            OTA app          00 11 00110000 00100000[0m
[0;32mI (95) boot:  5 storage          Unknown data     01 82 00210000 000f0000[0m
[0;32mI (102) boot: End of partition table[0m
[0;32mI (106) esp_image: segment 0: paddr=00010020 vaddr=3c0c0020 size=28478h (164984) map[0m
[0;32mI (141) esp_image: segment 1: paddr=000384a0 vaddr=3fc91e00 size=02958h ( 10584) load[0m
[0;32mI (144) esp_image: segment 2: paddr=0003ae00 vaddr=40380000 size=05218h ( 21016) load[0m
[0;32mI (151) esp_image: segment 3: paddr=00040020 vaddr=42000020 size=b7008h (749576) map[0m
[0;32mI (275) esp_image: segment 4: paddr=000f7030 vaddr=40385218 size=0ca60h ( 51808) load[0m
[0;32mI (290) boot: Loaded app from partition at offset 0x10000[0m
[0;32mI (291) boot: Disabling RNG early entropy source...[0m
[0;32mI (302) cpu_start: Unicore app[0m
[0;32mI (302) cpu_start: Pro cpu up.[0m
[0;32mI (311) cpu_start: Pro cpu start user code[0m
[0;32mI (311) cpu_start: cpu freq: 160000000 Hz[0m
[0;32mI (312) cpu_start: Application information:[0m
[0;32mI (314) cpu_start: Project name:     esp_startup[0m
[0;32mI (320) cpu_start: App version:      b66229a-dirty[0m
[0;32mI (325) cpu_start: Compile time:     Jan 13 2024 14:48:48[0m
[0;32mI (331) cpu_start: ELF file SHA256:  bc5ba769fad08912...[0m
[0;32mI (337) cpu_start: ESP-IDF:          5.1.1[0m
[0;32mI (342) cpu_start: Min chip rev:     v0.3[0m
[0;32mI (347) cpu_start: Max chip rev:     v0.99 [0m
[0;32mI (352) cpu_start: Chip rev:         v0.4[0m
[0;32mI (356) heap_init: Initializing. RAM available for dynamic allocation:[0m
[0;32mI (364) heap_init: At 3FC99090 len 00043680 (269 KiB): DRAM[0m
[0;32mI (370) heap_init: At 3FCDC710 len 00002950 (10 KiB): STACK/DRAM[0m
[0;32mI (376) heap_init: At 50000010 len 00001FD8 (7 KiB): RTCRAM[0m
[0;32mI (384) spi_flash: detected chip: generic[0m
[0;32mI (387) spi_flash: flash io: dio[0m
[0;32mI (392) sleep: Configure to isolate all GPIO pins in sleep state[0m
[0;32mI (398) sleep: Enable automatic switching of GPIO sleep configuration[0m
[0;32mI (405) app_start: Starting scheduler on CPU0[0m
[0;32mI (410) main_task: Started on CPU0[0m
[0;32mI (410) main_task: Calling app_main()[0m

assert failed: xQueueSemaphoreTake queue.c:1653 (( pxQueue ))
Core  0 register dump:
MEPC    : 0x403811a0  RA      : 0x40387f7a  SP      : 0x3fc9c070  GP      : 0x3fc92600  
TP      : 0x3fc746ec  T0      : 0x37363534  T1      : 0x7271706f  T2      : 0x33323130  
S0/FP   : 0x0000008a  S1      : 0x00000001  A0      : 0x3fc9c0ac  A1      : 0x3fc938d5  
A2      : 0x00000001  A3      : 0x00000029  A4      : 0x00000001  A5      : 0x3fc99000  
A6      : 0x7a797877  A7      : 0x76757473  S2      : 0x00000009  S3      : 0x3fc9c1bd  
S4      : 0x3fc938d4  S5      : 0x00000000  S6      : 0x00000000  S7      : 0x00000000  
S8      : 0x00000000  S9      : 0x00000000  S10     : 0x00000000  S11     : 0x00000000  
T3      : 0x6e6d6c6b  T4      : 0x6a696867  T5      : 0x66656463  T6      : 0x62613938  
MSTATUS : 0x00001881  MTVEC   : 0x40380001  MCAUSE  : 0x00000007  MTVAL   : 0x00000000  
MHARTID : 0x00000000  

Stack memory:
3fc9c070: 0xa5a5a5a5 0xa5a5a5a5 0x3c0c96ec 0x4038ef96 0x3fc93cac 0x3c0c96ec 0x3fc94030 0x3c0c918e
3fc9c090: 0x3fc93cbc 0x3fc9c0a4 0x3fc93cc0 0x3c0c95c8 0x3fc938d4 0x33353631 0xa5a5a500 0x65737361
3fc9c0b0: 0x66207472 0x656c6961 0x78203a64 0x75657551 0x6d655365 0x6f687061 0x61546572 0x7120656b
3fc9c0d0: 0x65756575 0x313a632e 0x20333536 0x70202828 0x65755178 0x29206575 0xa5a50029 0xa5a5a5a5
3fc9c0f0: 0xa5a5a5a5 0xa5a5a5a5 0xa5a5a5a5 0xa5a5a5a5 0xa5a5a5a5 0xa5a5a5a5 0xa5a5a5a5 0xa5a5a5a5
3fc9c110: 0xa5a5a5a5 0xa5a5a5a5 0xa5a5a5a5 0xa5a5a5a5 0xa5a5a5a5 0xa5a5a5a5 0xa5a5a5a5 0xa5a5a5a5
3fc9c130: 0xa5a5a5a5 0xa5a5a5a5 0x00000000 0x4038ce46 0x00000000 0x00000000 0x3fc9a04c 0x40388090
3fc9c150: 0x00000000 0x00000000 0x3fc9a04c 0x40388688 0xa5a5a5a5 0xa5a5a5a5 0x00000000 0x00000000
3fc9c170: 0x00001800 0x00000000 0x00000000 0x40000000 0x3fc9c9e8 0x00000010 0x00000000 0x00000000
3fc9c190: 0x00000000 0x00000000 0x3c0ca000 0x40388c78 0x00000000 0x00000000 0x00000000 0x00000064
3fc9c1b0: 0x00000000 0x00000000 0x00000000 0x4200750a 0x00000000 0x00000000 0x3c0ca000 0x42000512
3fc9c1d0: 0x00000000 0x00000000 0x00000000 0x00000000 0x00000000 0x00000000 0x3c0ca000 0x420005c8
3fc9c1f0: 0x3fc9cc00 0x3fc9cc00 0x3fc9c234 0x3fc9c21c 0x00000000 0x00000000 0x00000001 0x4038adae
3fc9c210: 0x00000000 0x3fc9cc00 0x00000000 0x0000019a 0x3c0ca184 0x00000000 0x3c0ca000 0x4038adb6
3fc9c230: 0x00000000 0x00001388 0x00000001 0x00000000 0x00000000 0x00000000 0x00000000 0x4038aade
3fc9c250: 0x00000000 0x00000000 0x00000000 0x00000000 0x00000000 0x00000000 0x00000000 0x00000000
3fc9c270: 0x00000000 0xa5a5a5a5 0xa5a5a5a5 0xa5a5a5a5 0xa5a5a5a5 0xa5a5a5a5 0x00000154 0x3fc9c1e0
3fc9c290: 0x3fc990a4 0x3fc949dc 0x3fc949dc 0x3fc9c28c 0x3fc949d4 0x00000018 0x3fc9e630 0x3fc9e630
3fc9c2b0: 0x3fc9c28c 0x00000000 0x00000001 0x3fc9b288 0x6e69616d 0xa5a5a500 0xa5a5a5a5 0x00a5a5a5
3fc9c2d0: 0x00000000 0x3fc9c280 0x00000001 0x00000000 0x00000000 0x00000000 0x00000000 0x3fc99a90
3fc9c2f0: 0x3fc99af8 0x3fc99b60 0x00000000 0x00000000 0x00000001 0x00000000 0x00000000 0x00000000
3fc9c310: 0x42092c5a 0x00000000 0x00000000 0x00000000 0x00000000 0x00000000 0x00000000 0x00000000
3fc9c330: 0x00000000 0x00000000 0x00000000 0x00000000 0x00000000 0x00000000 0x00000000 0x00000000
3fc9c350: 0x00000000 0x00000000 0x00000000 0x00000000 0x00000000 0x00000000 0x00000000 0x00000000
3fc9c370: 0x00000000 0x00000000 0x00000000 0x00000000 0x00000000 0x00000000 0x00000000 0x00000000
3fc9c390: 0x00000000 0x00000000 0x00000000 0x00000000 0x00000000 0x00000000 0x00000000 0x00000000
3fc9c3b0: 0x00000000 0x00000000 0x00000000 0x00000000 0x00000000 0x00000000 0x00000000 0x00000000
3fc9c3d0: 0x00000000 0x00000000 0x00000000 0x3f000000 0x00000600 0xa5a5a5a5 0xa5a5a5a5 0xa5a5a5a5
3fc9c3f0: 0xa5a5a5a5 0xa5a5a5a5 0xa5a5a5a5 0xa5a5a5a5 0xa5a5a5a5 0xa5a5a5a5 0xa5a5a5a5 0xa5a5a5a5
3fc9c410: 0xa5a5a5a5 0xa5a5a5a5 0xa5a5a5a5 0xa5a5a5a5 0xa5a5a5a5 0xa5a5a5a5 0xa5a5a5a5 0xa5a5a5a5
3fc9c430: 0xa5a5a5a5 0xa5a5a5a5 0xa5a5a5a5 0xa5a5a5a5 0xa5a5a5a5 0xa5a5a5a5 0xa5a5a5a5 0xa5a5a5a5
3fc9c450: 0xa5a5a5a5 0xa5a5a5a5 0xa5a5a5a5 0xa5a5a5a5 0xa5a5a5a5 0xa5a5a5a5 0xa5a5a5a5 0xa5a5a5a5



ELF file SHA256: bc5ba769fad08912

Rebooting...
ESP-ROM:esp32c3-api1-20210207
Build:Feb  7 2021
rst:0x3 (RTC_SW_SYS_RST),boot:0xd (SPI_FAST_FLASH_BOOT)
Saved PC:0x40048b82
SPIWP:0xee
mode:DIO, clock div:1
load:0x3fcd5820,len:0x1704
load:0x403cc710,len:0x968
load:0x403ce710,len:0x2f68
entry 0x403cc710
