ets Jul 29 2019 12:21:46

rst:0x1 (POWERON_RESET),boot:0x13 (SPI_FAST_FLASH_BOOT)
configsip: 0, SPIWP:0xee
clk_drv:0x00,q_drv:0x00,d_drv:0x00,cs0_drv:0x00,hd_drv:0x00,wp_drv:0x00
mode:DIO, clock div:2
load:0x3fff0030,len:7076
load:0x40078000,len:15584
ho 0 tail 12 room 4
load:0x40080400,len:4
load:0x40080404,len:3876
entry 0x4008064c
[0;32mI (31) boot: ESP-IDF 5.1.1 2nd stage bootloader[0m
[0;32mI (31) boot: compile time Jan 27 2024 18:25:44[0m
[0;32mI (31) boot: Multicore bootloader[0m
[0;32mI (35) boot: chip revision: v3.0[0m
[0;32mI (39) boot.esp32: SPI Speed      : 40MHz[0m
[0;32mI (44) boot.esp32: SPI Mode       : DIO[0m
[0;32mI (48) boot.esp32: SPI Flash Size : 4MB[0m
[0;32mI (53) boot: Enabling RNG early entropy source...[0m
[0;32mI (58) boot: Partition Table:[0m
[0;32mI (62) boot: ## Label            Usage          Type ST Offset   Length[0m
[0;32mI (69) boot:  0 nvs              WiFi data        01 02 00009000 00004000[0m
[0;32mI (77) boot:  1 otadata          OTA data         01 00 0000d000 00002000[0m
[0;32mI (84) boot:  2 phy_init         RF data          01 01 0000f000 00001000[0m
[0;32mI (92) boot:  3 factory          OTA app          00 10 00010000 00100000[0m
[0;32mI (99) boot:  4 ota_1            OTA app          00 11 00110000 00100000[0m
[0;32mI (106) boot:  5 storage          Unknown data     01 82 00210000 000f0000[0m
[0;32mI (114) boot: End of partition table[0m
[0;32mI (118) esp_image: segment 0: paddr=00010020 vaddr=3f400020 size=2ddech (187884) map[0m
[0;32mI (195) esp_image: segment 1: paddr=0003de14 vaddr=3ffb0000 size=02204h (  8708) load[0m
[0;32mI (198) esp_image: segment 2: paddr=00040020 vaddr=400d0020 size=ae14ch (713036) map[0m
[0;32mI (458) esp_image: segment 3: paddr=000ee174 vaddr=3ffb2204 size=01754h (  5972) load[0m
[0;32mI (460) esp_image: segment 4: paddr=000ef8d0 vaddr=40080000 size=16c9ch ( 93340) load[0m
[0;32mI (514) boot: Loaded app from partition at offset 0x10000[0m
[0;32mI (514) boot: Disabling RNG early entropy source...[0m
[0;32mI (525) cpu_start: Multicore app[0m
[0;32mI (526) cpu_start: Pro cpu up.[0m
[0;32mI (526) cpu_start: Starting app cpu, entry point is 0x4008228c[0m
[0;32mI (0) cpu_start: App cpu up.[0m
[0;32mI (544) cpu_start: Pro cpu start user code[0m
[0;32mI (544) cpu_start: cpu freq: 160000000 Hz[0m
[0;32mI (544) cpu_start: Application information:[0m
[0;32mI (548) cpu_start: Project name:     esp_startup[0m
[0;32mI (554) cpu_start: App version:      0.0.0.1[0m
[0;32mI (559) cpu_start: Compile time:     Jan 27 2024 18:23:18[0m
[0;32mI (565) cpu_start: ELF file SHA256:  09c3a7d3fd1c2dfb...[0m
[0;32mI (571) cpu_start: ESP-IDF:          5.1.1[0m
[0;32mI (576) cpu_start: Min chip rev:     v0.0[0m
[0;32mI (580) cpu_start: Max chip rev:     v3.99 [0m
[0;32mI (585) cpu_start: Chip rev:         v3.0[0m
[0;32mI (590) heap_init: Initializing. RAM available for dynamic allocation:[0m
[0;32mI (597) heap_init: At 3FFAE6E0 len 00001920 (6 KiB): DRAM[0m
[0;32mI (603) heap_init: At 3FFB8700 len 00027900 (158 KiB): DRAM[0m
[0;32mI (609) heap_init: At 3FFE0440 len 00003AE0 (14 KiB): D/IRAM[0m
[0;32mI (616) heap_init: At 3FFE4350 len 0001BCB0 (111 KiB): D/IRAM[0m
[0;32mI (622) heap_init: At 40096C9C len 00009364 (36 KiB): IRAM[0m
[0;32mI (630) spi_flash: detected chip: generic[0m
[0;32mI (633) spi_flash: flash io: dio[0m
[0;32mI (638) app_start: Starting scheduler on CPU0[0m
[0;32mI (642) app_start: Starting scheduler on CPU1[0m
[0;32mI (642) main_task: Started on CPU0[0m
[0;32mI (652) main_task: Calling app_main()[0m
[0;32m1970-01-01 00:00:00 | INFO  | nvs_c_init_nvs:31 | nvs was initialized[0m
[0m1970-01-01 00:00:00 | DEBUG | wifi_c_init_netif:160 | netif initialized as STA[0m
I (802) wifi:wifi driver task: 3ffc09fc, prio:23, stack:6656, core=0
I (822) wifi:wifi firmware version: ce9244d
I (822) wifi:wifi certification version: v7.0
I (822) wifi:config NVS flash: enabled
I (822) wifi:config nano formating: disabled
I (832) wifi:Init data frame dynamic rx buffer num: 32
I (832) wifi:Init management frame dynamic rx buffer num: 32
I (842) wifi:Init management short buffer num: 32
I (842) wifi:Init dynamic tx buffer num: 32
I (852) wifi:Init static rx buffer size: 1600
I (852) wifi:Init static rx buffer num: 10
I (852) wifi:Init dynamic rx buffer num: 32
[0;32mI (862) wifi_init: rx ba win: 6[0m
[0;32mI (862) wifi_init: tcpip mbox: 32[0m
[0;32mI (872) wifi_init: udp mbox: 6[0m
[0;32mI (872) wifi_init: tcp mbox: 6[0m
[0;32mI (872) wifi_init: tcp tx win: 5744[0m
[0;32mI (882) wifi_init: tcp rx win: 5744[0m
[0;32mI (882) wifi_init: tcp mss: 1440[0m
[0;32mI (892) wifi_init: WiFi IRAM OP enabled[0m
[0;32mI (892) wifi_init: WiFi RX IRAM OP enabled[0m
[0;32m1970-01-01 00:00:00 | INFO  | wifi_c_init_wifi:309 | Wifi initialized.[0m
[0;32mI (902) phy_init: phy_version 4670,719f9f6,Feb 18 2021,17:07:07[0m
I (1022) wifi:mode : sta (c8:f0:9e:f8:01:a8)
I (1022) wifi:enable tsf
[0;32m1970-01-01 00:00:00 | INFO  | wifi_c_sta_event_handler:102 | Station started, connecting to WiFi.[0m
[0m1970-01-01 00:00:00 | DEBUG | wifi_c_init_wifi:313 | wifi successfully initialized[0m
[0m1970-01-01 00:00:00 | DEBUG | nvs_c_open_read_only:79 | opened namespace nvs for read only operations[0m
[0;32m1970-01-01 00:00:00 | INFO  | nvs_c_read_string:131 | read 15 bytes from namespace: nvs[0m
[0m1970-01-01 00:00:00 | DEBUG | wifi_manager_get_stored_ap:79 | found stored SSID in NVS: TP-LINK_AD8313[0m
[0;32m1970-01-01 00:00:00 | INFO  | nvs_c_read_string:131 | read 9 bytes from namespace: nvs[0m
[0m1970-01-01 00:00:00 | DEBUG | wifi_manager_get_stored_ap:83 | found stored password in NVS: 20232887[0m
[0m1970-01-01 00:00:00 | DEBUG | nvs_c_close:88 | nvs namespace: nvs was closed[0m
[0;32m1970-01-01 00:00:00 | INFO  | wifi_manager_init:232 | found stored AP, connecting to: TP-LINK_AD8313[0m
[0m1970-01-01 00:00:00 | DEBUG | wifi_c_start_sta:442 | WiFi successfully configured as STA.[0m
I (3522) wifi:new:<11,2>, old:<1,0>, ap:<255,255>, sta:<11,2>, prof:1
I (3522) wifi:state: init -> auth (b0)
I (3522) wifi:state: auth -> assoc (0)
I (3532) wifi:state: assoc -> run (10)
I (3542) wifi:connected with TP-LINK_AD8313, aid = 7, channel 11, 40D, bssid = 84:16:f9:ad:83:12
I (3542) wifi:security: WPA2-PSK, phy: bgn, rssi: -58
I (3552) wifi:pm start, type: 1

I (3562) wifi:<ba-add>idx:0 (ifx:0, 84:16:f9:ad:83:12), tid:0, ssn:0, winSize:64
I (3572) wifi:AP's beacon interval = 102400 us, DTIM period = 1
[0;32m1970-01-01 00:00:04 | INFO  | wifi_c_sta_event_handler:116 | Got IP:192.168.0.104[0m
[0;32mI (4552) esp_netif_handlers: sta ip: 192.168.0.104, mask: 255.255.255.0, gw: 192.168.0.1[0m
[0m1970-01-01 00:00:04 | DEBUG | wifi_c_check_sta_connection_result:128 | WIFI_C_CONNECTED_BIT is set![0m
[0;31mE (4572) esp_https_ota: No option for server verification is enabled in esp_http_client config.[0m
[0;31m1970-01-01 00:00:04 | ERROR | lib/ota_controller/src/ota_controller.c:157 | ota_c_start:157 | error 258, ESP HTTPS OTA Begin failed: ESP_ERR_INVALID_ARG[0m
[0;32m1970-01-01 00:00:04 | INFO  | bmp_init:427 | preparing new BMP280 device...[0m
[0m1970-01-01 00:00:04 | DEBUG | inspect_task:74 | Currently available heap: 214880[0m
[0m1970-01-01 00:00:04 | DEBUG | bmp_i2c_identify_chip:283 | [0m1970-01-01 00:00:04 | DEBUG | tcp_create_socket:168 | preparing socket...[0m
[0m1970-01-01 00:00:04 | DEBUG | inspect_task:75 | Trying to find BMP280 device on bus with 0x77 address...The minimum heap size that was ever available: 214880[0m
[0m
[0m1970-01-01 00:00:04 | DEBUG | i2c_c_set_device_addr:115 | changed device address from 0 to 0XEE[0m
[0m1970-01-01 00:00:04 | DEBUG | tcp_create_socket:175 | created socket: 54[0m
[0m1970-01-01 00:00:04 | DEBUG | bmp_i2c_identify_chip:296 | BMP280 device with 0x77 address not found on bus, trying 0x76 address...[0m
[0m1970-01-01 00:00:04 | DEBUG | tcp_prepare_address:211 | preparing address...[0m
[0m1970-01-01 00:00:04 | DEBUG | i2c_c_set_device_addr:115 | changed device address from 0XEE to 0XEC[0m
[0m1970-01-01 00:00:04 | DEBUG | tcp_prepare_address:220 | prepared address 192.168.0.104:27015[0m
[0;33m1970-01-01 00:00:04 | WARN  | lib/bmp280/src/bmp280.c:308 | bmp_i2c_identify_chip:308 | no BMP280 device found on bus![0m
[0m1970-01-01 00:00:04 | DEBUG | i2c_c_set_device_addr:115 | changed device address from 0XEC to 0[0m
Guru Meditation Error: Core  0 panic'ed (LoadProhibited). Exception was unhandled.

Core  0 register dump:
PC      : 0x4011fec8  PS      : 0x00060d30  A0      : 0x8012f1f2  A1      : 0x3ffba4c0  
A2      : 0x00000004  A3      : 0x00000080  A4      : 0x3ffba744  A5      : 0x00000000  
A6      : 0x3ffba744  A7      : 0x00000001  A8      : 0x3f4242d4  A9      : 0x3ffba4a0  
A10     : 0x00000001  A11     : 0x00000000  A12     : 0x00000010  A13     : 0x00000080  
A14     : 0xffffff90  A15     : 0x00000010  SAR     : 0x00000004  EXCCAUSE: 0x0000001c  
EXCVADDR: 0x00000010  LBEG    : 0x400014fd  LEND    : 0x4000150d  LCOUNT  : 0xffffffff  


Backtrace: 0x4011fec5:0x3ffba4c0 0x4012f1ef:0x3ffba4f0 0x40127eb9:0x3ffba510 0x40128a2a:0x3ffba830

  #0  0x4011fec5:0x3ffba4c0 in __sfvwrite_r at /builds/idf/crosstool-NG/.build/xtensa-esp32-elf/src/newlib/newlib/libc/stdio/fvwrite.c:60
  #1  0x4012f1ef:0x3ffba4f0 in __sprint_r at /builds/idf/crosstool-NG/.build/xtensa-esp32-elf/src/newlib/newlib/libc/stdio/vfprintf.c:429
      (inlined by) __sprint_r at /builds/idf/crosstool-NG/.build/xtensa-esp32-elf/src/newlib/newlib/libc/stdio/vfprintf.c:399
  #2  0x40127eb9:0x3ffba510 in _vfprintf_r at /builds/idf/crosstool-NG/.build/xtensa-esp32-elf/src/newlib/newlib/libc/stdio/vfprintf.c:1681 (discriminator 3)
  #3  0x40128a2a:0x3ffba830 in vfprintf at /builds/idf/crosstool-NG/.build/xtensa-esp32-elf/src/newlib/newlib/libc/stdio/vfprintf.c:647




ELF file SHA256: 09c3a7d3fd1c2dfb

Rebooting...
ets Jul 29 2019 12:21:46

rst:0xc (SW_CPU_RESET),boot:0x13 (SPI_FAST_FLASH_BOOT)
configsip: 0, SPIWP:0xee
clk_drv:0x00,q_drv:0x00,d_drv:0x00,cs0_drv:0x00,hd_drv:0x00,wp_drv:0x00
mode:DIO, clock div:2
load:0x3fff0030,len:7076
load:0x40078000,len:15584
ho 0 tail 12 room 4
load:0x40080400,len:4
load:0x40080404,len:3876
entry 0x4008064c
[0;32mI (31) boot: ESP-IDF 5.1.1 2nd stage bootloader[0m
[0;32mI (31) boot: compile time Jan 27 2024 18:25:44[0m
[0;32mI (31) boot: Multicore bootloader[0m
[0;32mI (35) boot: chip revision: v3.0[0m
[0;32mI (39) boot.esp32: SPI Speed      : 40MHz[0m
[0;32mI (44) boot.esp32: SPI Mode       : DIO[0m
[0;32mI (48) boot.esp32: SPI Flash Size : 4MB[0m
[0;32mI (53) boot: Enabling RNG early entropy source...[0m
[0;32mI (58) boot: Partition Table:[0m
[0;32mI (62) boot: ## Label            Usage          Type ST Offset   Length[0m
[0;32mI (69) boot:  0 nvs              WiFi data        01 02 00009000 00004000[0m
[0;32mI (76) boot:  1 otadata          OTA data         01 00 0000d000 00002000[0m
[0;32mI (84) boot:  2 phy_init         RF data          01 01 0000f000 00001000[0m
[0;32mI (91) boot:  3 factory          OTA app          00 10 00010000 00100000[0m
[0;32mI (99) boot:  4 ota_1            OTA app          00 11 00110000 00100000[0m
[0;32mI (106) boot:  5 storage          Unknown data     01 82 00210000 000f0000[0m
[0;32mI (114) boot: End of partition table[0m
[0;32mI (118) esp_image: segment 0: paddr=00010020 vaddr=3f400020 size=2ddech (187884) map[0m
[0;32mI (195) esp_image: segment 1: paddr=0003de14 vaddr=3ffb0000 size=02204h (  8708) load[0m
[0;32mI (198) esp_image: segment 2: paddr=00040020 vaddr=400d0020 size=ae14ch (713036) map[0m
[0;32mI (458) esp_image: segment 3: paddr=000ee174 vaddr=3ffb2204 size=01754h (  5972) load[0m
[0;32mI (460) esp_image: segment 4: paddr=000ef8d0 vaddr=40080000 size=16c9ch ( 93340) load[0m
[0;32mI (514) boot: Loaded app from partition at offset 0x10000[0m
[0;32mI (514) boot: Disabling RNG early entropy source...[0m
[0;32mI (525) cpu_start: Multicore app[0m
[0;32mI (526) cpu_start: Pro cpu up.[0m
[0;32mI (526) cpu_start: Starting app cpu, entry point is 0x4008228c[0m
[0;32mI (513) cpu_start: App cpu up.[0m
[0;32mI (544) cpu_start: Pro cpu start user code[0m
[0;32mI (544) cpu_start: cpu freq: 160000000 Hz[0m
[0;32mI (544) cpu_start: Application information:[0m
[0;32mI (549) cpu_start: Project name:     esp_startup[0m
[0;32mI (554) cpu_start: App version:      0.0.0.1[0m
[0;32mI (559) cpu_start: Compile time:     Jan 27 2024 18:23:18[0m
[0;32mI (565) cpu_start: ELF file SHA256:  09c3a7d3fd1c2dfb...[0m
[0;32mI (571) cpu_start: ESP-IDF:          5.1.1[0m
[0;32mI (576) cpu_start: Min chip rev:     v0.0[0m
[0;32mI (580) cpu_start: Max chip rev:     v3.99 [0m
[0;32mI (585) cpu_start: Chip rev:         v3.0[0m
[0;32mI (590) heap_init: Initializing. RAM available for dynamic allocation:[0m
[0;32mI (597) heap_init: At 3FFAE6E0 len 00001920 (6 KiB): DRAM[0m
[0;32mI (603) heap_init: At 3FFB8700 len 00027900 (158 KiB): DRAM[0m
[0;32mI (609) heap_init: At 3FFE0440 len 00003AE0 (14 KiB): D/IRAM[0m
[0;32mI (616) heap_init: At 3FFE4350 len 0001BCB0 (111 KiB): D/IRAM[0m
[0;32mI (622) heap_init: At 40096C9C len 00009364 (36 KiB): IRAM[0m
[0;32mI (630) spi_flash: detected chip: generic[0m
[0;32mI (633) spi_flash: flash io: dio[0m
[0;32mI (638) app_start: Starting scheduler on CPU0[0m
[0;32mI (642) app_start: Starting scheduler on CPU1[0m
[0;32mI (642) main_task: Started on CPU0[0m
[0;32mI (652) main_task: Calling app_main()[0m
[0;32m1970-01-01 00:00:05 | INFO  | nvs_c_init_nvs:31 | nvs was initialized[0m
[0m1970-01-01 00:00:05 | DEBUG | wifi_c_init_netif:160 | netif initialized as STA[0m
I (802) wifi:wifi driver task: 3ffc09fc, prio:23, stack:6656, core=0
I (822) wifi:wifi firmware version: ce9244d
I (822) wifi:wifi certification version: v7.0
I (822) wifi:config NVS flash: enabled
I (822) wifi:config nano formating: disabled
I (832) wifi:Init data frame dynamic rx buffer num: 32
I (832) wifi:Init management frame dynamic rx buffer num: 32
I (842) wifi:Init management short buffer num: 32
I (842) wifi:Init dynamic tx buffer num: 32
I (852) wifi:Init static rx buffer size: 1600
I (852) wifi:Init static rx buffer num: 10
I (852) wifi:Init dynamic rx buffer num: 32
[0;32mI (862) wifi_init: rx ba win: 6[0m
[0;32mI (862) wifi_init: tcpip mbox: 32[0m
[0;32mI (872) wifi_init: udp mbox: 6[0m
[0;32mI (872) wifi_init: tcp mbox: 6[0m
[0;32mI (872) wifi_init: tcp tx win: 5744[0m
[0;32mI (882) wifi_init: tcp rx win: 5744[0m
[0;32mI (882) wifi_init: tcp mss: 1440[0m
[0;32mI (892) wifi_init: WiFi IRAM OP enabled[0m
[0;32mI (892) wifi_init: WiFi RX IRAM OP enabled[0m
[0;32m1970-01-01 00:00:05 | INFO  | wifi_c_init_wifi:309 | Wifi initialized.[0m
[0;32mI (902) phy_init: phy_version 4670,719f9f6,Feb 18 2021,17:07:07[0m
I (1022) wifi:mode : sta (c8:f0:9e:f8:01:a8)
I (1022) wifi:enable tsf
[0;32m1970-01-01 00:00:05 | INFO  | wifi_c_sta_event_handler:102 | Station started, connecting to WiFi.[0m
[0m1970-01-01 00:00:05 | DEBUG | wifi_c_init_wifi:313 | wifi successfully initialized[0m
[0m1970-01-01 00:00:05 | DEBUG | nvs_c_open_read_only:79 | opened namespace nvs for read only operations[0m
[0;32m1970-01-01 00:00:05 | INFO  | nvs_c_read_string:131 | read 15 bytes from namespace: nvs[0m
[0m1970-01-01 00:00:05 | DEBUG | wifi_manager_get_stored_ap:79 | found stored SSID in NVS: TP-LINK_AD8313[0m
[0;32m1970-01-01 00:00:05 | INFO  | nvs_c_read_string:131 | read 9 bytes from namespace: nvs[0m
[0m1970-01-01 00:00:05 | DEBUG | wifi_manager_get_stored_ap:83 | found stored password in NVS: 20232887[0m
[0m1970-01-01 00:00:05 | DEBUG | nvs_c_close:88 | nvs namespace: nvs was closed[0m
[0;32m1970-01-01 00:00:05 | INFO  | wifi_manager_init:232 | found stored AP, connecting to: TP-LINK_AD8313[0m
[0m1970-01-01 00:00:05 | DEBUG | wifi_c_start_sta:442 | WiFi successfully configured as STA.[0m
I (3522) wifi:new:<11,2>, old:<1,0>, ap:<255,255>, sta:<11,2>, prof:1
I (3522) wifi:state: init -> auth (b0)
I (3532) wifi:state: auth -> assoc (0)
I (3532) wifi:state: assoc -> run (10)
I (3542) wifi:connected with TP-LINK_AD8313, aid = 7, channel 11, 40D, bssid = 84:16:f9:ad:83:12
I (3542) wifi:security: WPA2-PSK, phy: bgn, rssi: -59
I (3552) wifi:pm start, type: 1

I (3562) wifi:<ba-add>idx:0 (ifx:0, 84:16:f9:ad:83:12), tid:0, ssn:0, winSize:64
I (3592) wifi:AP's beacon interval = 102400 us, DTIM period = 1
[0;32m1970-01-01 00:00:08 | INFO  | wifi_c_sta_event_handler:116 | Got IP:192.168.0.104[0m
[0;32mI (4552) esp_netif_handlers: sta ip: 192.168.0.104, mask: 255.255.255.0, gw: 192.168.0.1[0m
[0m1970-01-01 00:00:08 | DEBUG | wifi_c_check_sta_connection_result:128 | WIFI_C_CONNECTED_BIT is set![0m
[0;31mE (4572) esp_https_ota: No option for server verification is enabled in esp_http_client config.[0m
[0;31m1970-01-01 00:00:08 | ERROR | lib/ota_controller/src/ota_controller.c:157 | ota_c_start:157 | error 258, ESP HTTPS OTA Begin failed: ESP_ERR_INVALID_ARG[0m
[0;32m1970-01-01 00:00:08 | INFO  | bmp_init:427 | preparing new BMP280 device...[0m
[0m1970-01-01 00:00:08 | DEBUG | inspect_task:74 | Currently available heap: 214880[0m
[0m1970-01-01 00:00:08 | DEBUG | tcp_create_socket:168 | preparing socket...[0m
[0m1970-01-01 00:00:08 | DEBUG | inspect_task:75 | [0m1970-01-01 00:00:08 | DEBUG | bmp_i2c_identify_chip:283 | The minimum heap size that was ever available: 214880[0m
Trying to find BMP280 device on bus with 0x77 address...[0m
[0m1970-01-01 00:00:08 | DEBUG | tcp_create_socket:175 | created socket: 54[0m
[0m1970-01-01 00:00:08 | DEBUG | i2c_c_set_device_addr:115 | changed device address from 0 to 0XEE[0m
[0m1970-01-01 00:00:08 | DEBUG | tcp_prepare_address:211 | preparing address...[0m
[0m1970-01-01 00:00:08 | DEBUG | bmp_i2c_identify_chip:296 | BMP280 device with 0x77 address not found on bus, trying 0x76 address...[0m
[0m1970-01-01 00:00:08 | DEBUG | tcp_prepare_address:220 | prepared address 192.168.0.104:27015[0m
[0m1970-01-01 00:00:08 | DEBUG | i2c_c_set_device_addr:115 | changed device address from 0XEE to 0XEC[0m
[0m1970-01-01 00:00:08 | DEBUG | tcp_bind_socket:232 | binding socket: 54 to address: 192.168.0.104:34665[0m
[0;33m1970-01-01 00:00:08 | WARN  | lib/bmp280/src/bmp280.c:308 | bmp_i2c_identify_chip:308 | no BMP280 device found on bus![0m
[0m1970-01-01 00:00:08 | DEBUG | tcp_bind_socket:242 | [0m1970-01-01 00:00:08 | DEBUG | i2c_c_set_device_addr:115 | changed device address from 0XEC to 0[0m
socket
***ERROR*** A stack overflow in task log_task has been detected.


Backtrace: 0x40082db2:0x3ffba2a0 0x40089f41:0x3ffba2c0 0x4008cc52:0x3ffba2e0 0x4008b5c7:0x3ffba360 0x4008cf28:0x3ffba380 0x4008ceda:0x3ffb4068 |<-CORRUPTED

  #0  0x40082db2:0x3ffba2a0 in panic_abort at /home/wmytych/.platformio/packages/framework-espidf/components/esp_system/panic.c:452
  #1  0x40089f41:0x3ffba2c0 in esp_system_abort at /home/wmytych/.platformio/packages/framework-espidf/components/esp_system/port/esp_system_chip.c:84
  #2  0x4008cc52:0x3ffba2e0 in vApplicationStackOverflowHook at /home/wmytych/.platformio/packages/framework-espidf/components/freertos/FreeRTOS-Kernel/portable/xtensa/port.c:581
  #3  0x4008b5c7:0x3ffba360 in vTaskSwitchContext at /home/wmytych/.platformio/packages/framework-espidf/components/freertos/FreeRTOS-Kernel/tasks.c:3728
  #4  0x4008cf28:0x3ffba380 in _frxt_dispatch at /home/wmytych/.platformio/packages/framework-espidf/components/freertos/FreeRTOS-Kernel/portable/xtensa/portasm.S:450
  #5  0x4008ceda:0x3ffb4068 in _frxt_int_exit at /home/wmytych/.platformio/packages/framework-espidf/components/freertos/FreeRTOS-Kernel/portable/xtensa/portasm.S:245




ELF file SHA256: 09c3a7d3fd1c2dfb

Rebooting...
ets Jul 29 2019 12:21:46

rst:0xc (SW_CPU_RESET),boot:0x13 (SPI_FAST_FLASH_BOOT)
configsip: 0, SPIWP:0xee
clk_drv:0x00,q_drv:0x00,d_drv:0x00,cs0_drv:0x00,hd_drv:0x00,wp_drv:0x00
mode:DIO, clock div:2
load:0x3fff0030,len:7076
load:0x40078000,len:15584
ho 0 tail 12 room 4
load:0x40080400,len:4
load:0x40080404,len:3876
entry 0x4008064c
[0;32mI (31) boot: ESP-IDF 5.1.1 2nd stage bootloader[0m
[0;32mI (31) boot: compile time Jan 27 2024 18:25:44[0m
[0;32mI (31) boot: Multicore bootloader[0m
[0;32mI (35) boot: chip revision: v3.0[0m
[0;32mI (39) boot.esp32: SPI Speed      : 40MHz[0m
[0;32mI (44) boot.esp32: SPI Mode       : DIO[0m
[0;32mI (48) boot.esp32: SPI Flash Size : 4MB[0m
[0;32mI (53) boot: Enabling RNG early entropy source...[0m
[0;32mI (58) boot: Partition Table:[0m
[0;32mI (62) boot: ## Label            Usage          Type ST Offset   Length[0m
[0;32mI (69) boot:  0 nvs              WiFi data        01 02 00009000 00004000[0m
[0;32mI (76) boot:  1 otadata          OTA data         01 00 0000d000 00002000[0m
[0;32mI (84) boot:  2 phy_init         RF data          01 01 0000f000 00001000[0m
[0;32mI (91) boot:  3 factory          OTA app          00 10 00010000 00100000[0m
[0;32mI (99) boot:  4 ota_1            OTA app          00 11 00110000 00100000[0m
[0;32mI (106) boot:  5 storage          Unknown data     01 82 00210000 000f0000[0m
[0;32mI (114) boot: End of partition table[0m
[0;32mI (118) esp_image: segment 0: paddr=00010020 vaddr=3f400020 size=2ddech (187884) map[0m
[0;32mI (195) esp_image: segment 1: paddr=0003de14 vaddr=3ffb0000 size=02204h (  8708) load[0m
[0;32mI (198) esp_image: segment 2: paddr=00040020 vaddr=400d0020 size=ae14ch (713036) map[0m
[0;32mI (458) esp_image: segment 3: paddr=000ee174 vaddr=3ffb2204 size=01754h (  5972) load[0m
[0;32mI (460) esp_image: segment 4: paddr=000ef8d0 vaddr=40080000 size=16c9ch ( 93340) load[0m
[0;32mI (514) boot: Loaded app from partition at offset 0x10000[0m
[0;32mI (514) boot: Disabling RNG early entropy source...[0m
[0;32mI (525) cpu_start: Multicore app[0m
[0;32mI (526) cpu_start: Pro cpu up.[0m
[0;32mI (526) cpu_start: Starting app cpu, entry point is 0x4008228c[0m
[0;32mI (513) cpu_start: App cpu up.[0m
[0;32mI (544) cpu_start: Pro cpu start user code[0m
[0;32mI (544) cpu_start: cpu freq: 160000000 Hz[0m
[0;32mI (544) cpu_start: Application information:[0m
[0;32mI (549) cpu_start: Project name:     esp_startup[0m
[0;32mI (554) cpu_start: App version:      0.0.0.1[0m
[0;32mI (559) cpu_start: Compile time:     Jan 27 2024 18:23:18[0m
[0;32mI (565) cpu_start: ELF file SHA256:  09c3a7d3fd1c2dfb...[0m
[0;32mI (571) cpu_start: ESP-IDF:          5.1.1[0m
[0;32mI (576) cpu_start: Min chip rev:     v0.0[0m
[0;32mI (580) cpu_start: Max chip rev:     v3.99 [0m
[0;32mI (585) cpu_start: Chip rev:         v3.0[0m
[0;32mI (590) heap_init: Initializing. RAM available for dynamic allocation:[0m
[0;32mI (597) heap_init: At 3FFAE6E0 len 00001920 (6 KiB): DRAM[0m
[0;32mI (603) heap_init: At 3FFB8700 len 00027900 (158 KiB): DRAM[0m
[0;32mI (609) heap_init: At 3FFE0440 len 00003AE0 (14 KiB): D/IRAM[0m
[0;32mI (616) heap_init: At 3FFE4350 len 0001BCB0 (111 KiB): D/IRAM[0m
[0;32mI (622) heap_init: At 40096C9C len 00009364 (36 KiB): IRAM[0m
[0;32mI (630) spi_flash: detected chip: generic[0m
[0;32mI (633) spi_flash: flash io: dio[0m
[0;32mI (638) app_start: Starting scheduler on CPU0[0m
[0;32mI (642) app_start: Starting scheduler on CPU1[0m
[0;32mI (642) main_task: Started on CPU0[0m
[0;32mI (652) main_task: Calling app_main()[0m
[0;32m1970-01-01 00:00:09 | INFO  | nvs_c_init_nvs:31 | nvs was initialized[0m
[0m1970-01-01 00:00:09 | DEBUG | wifi_c_init_netif:160 | netif initialized as STA[0m
I (802) wifi:wifi driver task: 3ffc09fc, prio:23, stack:6656, core=0
I (822) wifi:wifi firmware version: ce9244d
I (822) wifi:wifi certification version: v7.0
I (822) wifi:config NVS flash: enabled
I (822) wifi:config nano formating: disabled
I (832) wifi:Init data frame dynamic rx buffer num: 32
I (832) wifi:Init management frame dynamic rx buffer num: 32
I (842) wifi:Init management short buffer num: 32
I (842) wifi:Init dynamic tx buffer num: 32
I (852) wifi:Init static rx buffer size: 1600
I (852) wifi:Init static rx buffer num: 10
I (852) wifi:Init dynamic rx buffer num: 32
[0;32mI (862) wifi_init: rx ba win: 6[0m
[0;32mI (862) wifi_init: tcpip mbox: 32[0m
[0;32mI (872) wifi_init: udp mbox: 6[0m
[0;32mI (872) wifi_init: tcp mbox: 6[0m
[0;32mI (872) wifi_init: tcp tx win: 5744[0m
[0;32mI (882) wifi_init: tcp rx win: 5744[0m
[0;32mI (882) wifi_init: tcp mss: 1440[0m
[0;32mI (892) wifi_init: WiFi IRAM OP enabled[0m
[0;32mI (892) wifi_init: WiFi RX IRAM OP enabled[0m
[0;32m1970-01-01 00:00:09 | INFO  | wifi_c_init_wifi:309 | Wifi initialized.[0m
[0;32mI (902) phy_init: phy_version 4670,719f9f6,Feb 18 2021,17:07:07[0m
I (1032) wifi:mode : sta (c8:f0:9e:f8:01:a8)
I (1032) wifi:enable tsf
[0;32m1970-01-01 00:00:10 | INFO  | wifi_c_sta_event_handler:102 | Station started, connecting to WiFi.[0m
[0m1970-01-01 00:00:10 | DEBUG | wifi_c_init_wifi:313 | wifi successfully initialized[0m
[0m1970-01-01 00:00:10 | DEBUG | nvs_c_open_read_only:79 | opened namespace nvs for read only operations[0m
[0;32m1970-01-01 00:00:10 | INFO  | nvs_c_read_string:131 | read 15 bytes from namespace: nvs[0m
[0m1970-01-01 00:00:10 | DEBUG | wifi_manager_get_stored_ap:79 | found stored SSID in NVS: TP-LINK_AD8313[0m
[0;32m1970-01-01 00:00:10 | INFO  | nvs_c_read_string:131 | read 9 bytes from namespace: nvs[0m
[0m1970-01-01 00:00:10 | DEBUG | wifi_manager_get_stored_ap:83 | found stored password in NVS: 20232887[0m
[0m1970-01-01 00:00:10 | DEBUG | nvs_c_close:88 | nvs namespace: nvs was closed[0m
[0;32m1970-01-01 00:00:10 | INFO  | wifi_manager_init:232 | found stored AP, connecting to: TP-LINK_AD8313[0m
[0m1970-01-01 00:00:10 | DEBUG | wifi_c_start_sta:442 | WiFi successfully configured as STA.[0m
I (3522) wifi:new:<11,2>, old:<1,0>, ap:<255,255>, sta:<11,2>, prof:1
I (3532) wifi:state: init -> auth (b0)
I (3532) wifi:state: auth -> assoc (0)
I (3542) wifi:state: assoc -> run (10)
I (3552) wifi:connected with TP-LINK_AD8313, aid = 7, channel 11, 40D, bssid = 84:16:f9:ad:83:12
I (3552) wifi:security: WPA2-PSK, phy: bgn, rssi: -53
I (3562) wifi:pm start, type: 1

I (3572) wifi:<ba-add>idx:0 (ifx:0, 84:16:f9:ad:83:12), tid:0, ssn:0, winSize:64
I (3632) wifi:AP's beacon interval = 102400 us, DTIM period = 1
[0;32m1970-01-01 00:00:13 | INFO  | wifi_c_sta_event_handler:116 | Got IP:192.168.0.104[0m
[0;32mI (4562) esp_netif_handlers: sta ip: 192.168.0.104, mask: 255.255.255.0, gw: 192.168.0.1[0m
[0m1970-01-01 00:00:13 | DEBUG | wifi_c_check_sta_connection_result:128 | WIFI_C_CONNECTED_BIT is set![0m
[0;31mE (4582) esp_https_ota: No option for server verification is enabled in esp_http_client config.[0m
[0;31m1970-01-01 00:00:13 | ERROR | lib/ota_controller/src/ota_controller.c:157 | ota_c_start:157 | error 258, ESP HTTPS OTA Begin failed: ESP_ERR_INVALID_ARG[0m
[0;32m1970-01-01 00:00:13 | INFO  | bmp_init:427 | preparing new BMP280 device...[0m
[0m1970-01-01 00:00:13 | DEBUG | inspect_task:74 | Currently available heap: 214880[0m
[0m1970-01-01 00:00:13 | DEBUG | tcp_create_socket:168 | preparing socket...[0m
[0m1970-01-01 00:00:13 | DEBUG | inspect_task:75 | [0m1970-01-01 00:00:13 | DEBUG | bmp_i2c_identify_chip:283 | The minimum heap size that was ever available: 214880[0m
Trying to find BMP280 device on bus with 0x77 address...[0m1970-01-01 00:00:13 | DEBUG | tcp_create_socket:175 | created socket: 54[0m
[0m
[0m1970-01-01 00:00:13 | DEBUG | tcp_prepare_address:211 | preparing address...[0m
[0m1970-01-01 00:00:13 | DEBUG | i2c_c_set_device_addr:115 | changed device address from 0 to 0XEE[0m
[0m1970-01-01 00:00:13 | DEBUG | tcp_prepare_address:220 | prepared address 192.168.0.104:27015[0m
[0m1970-01-01 00:00:13 | DEBUG | bmp_i2c_identify_chip:296 | BMP280 device with 0x77 address not found on bus, trying 0x76 address...[0m
[0m1970-01-01 00:00:13 | DEBUG | tcp_bind_socket:232 | binding socket: 54 to address: 192.168.0.104:34665[0m
[0m1970-01-01 00:00:13 | DEBUG | i2c_c_set_device_addr:115 | changed device address from 0XEE to 0XEC[0m
[0m1970-01-01 00:00:13 | DEBUG | tcp_bind_socket:242 | socket: 54 bound to address: 192.168.0.104:27015[0;33m1970-01-01 00:00:13 | WARN  | lib/bmp280/src/bmp280.c:308 | bmp_i2c_identify_chip:308 | [0m
no BMP280 device found on bus![0m
[0m1970-01-01 00:00:13 | DEBUG | tcp_socket_listen:253 | trying to listen on socket: 54[0m
[0m1970-01-01 00:00:13 | DEBUG | i2c_c_set_device_addr:115 | changed device address from 0XEC to 0[0m
Guru Meditation Error: Core  0 panic'ed (LoadProhibited). Exception was unhandled.

Core  0 register dump:
PC      : 0x40126327  PS      : 0x00060730  A0      : 0x80128a2d  A1      : 0x3ffba510  
A2      : 0x00060443  A3      : 0x00000024  A4      : 0x00000018  A5      : 0x00000004  
A6      : 0x00000005  A7      : 0x00000018  A8      : 0x3ffba70c  A9      : 0x00000005  
A10     : 0x3ffba520  A11     : 0x3ffaebac  A12     : 0x3ffba744  A13     : 0x00000010  
A14     : 0x00ff0000  A15     : 0xff000000  SAR     : 0x00000004  EXCCAUSE: 0x0000001c  
EXCVADDR: 0x00060443  LBEG    : 0x400014fd  LEND    : 0x4000150d  LCOUNT  : 0xfffffffd  


Backtrace: 0x40126324:0x3ffba510 0x40128a2a:0x3ffba830 0x400d338f:0x3ffba890 0x40120224:0x3ffba8b0 0x401201ab:0x3ffba8d0 0x400d3561:0x3ffba8f0 0x400d3247:0x3ffba9b0 0x4008cd24:0x3ffbaa00 0x4008c921:0x3ffbaa30

  #0  0x40126324:0x3ffba510 in _vfprintf_r at /builds/idf/crosstool-NG/.build/xtensa-esp32-elf/src/newlib/newlib/libc/stdio/vfprintf.c:1188
  #1  0x40128a2a:0x3ffba830 in vfprintf at /builds/idf/crosstool-NG/.build/xtensa-esp32-elf/src/newlib/newlib/libc/stdio/vfprintf.c:647
  #2  0x400d338f:0x3ffba890 in logger_write at lib/logger/src/logger.c:75
  #3  0x40120224:0x3ffba8b0 in localtime_r at /builds/idf/crosstool-NG/.build/xtensa-esp32-elf/src/newlib/newlib/libc/time/lcltime_r.c:34 (discriminator 8)
  #4  0x401201ab:0x3ffba8d0 in localtime at /builds/idf/crosstool-NG/.build/xtensa-esp32-elf/src/newlib/newlib/libc/time/lcltime.c:51
  #5  0x400d3561:0x3ffba8f0 in timenow at lib/logger/include/logger.h:68
      (inlined by) cli_set_remote_logging at lib/cli_manager/src/cli_manager.c:69
  #6  0x400d3247:0x3ffba9b0 in app_main at src/main.c:111
  #7  0x4008cd24:0x3ffbaa00 in main_task at /home/wmytych/.platformio/packages/framework-espidf/components/freertos/app_startup.c:208 (discriminator 13)
  #8  0x4008c921:0x3ffbaa30 in vPortTaskWrapper at /home/wmytych/.platformio/packages/framework-espidf/components/freertos/FreeRTOS-Kernel/portable/xtensa/port.c:162




ELF file SHA256: 09c3a7d3fd1c2dfb

Rebooting...
ets Jul 29 2019 12:21:46

rst:0xc (SW_CPU_RESET),boot:0x13 (SPI_FAST_FLASH_BOOT)
configsip: 0, SPIWP:0xee
clk_drv:0x00,q_drv:0x00,d_drv:0x00,cs0_drv:0x00,hd_drv:0x00,wp_drv:0x00
mode:DIO, clock div:2
load:0x3fff0030,len:7076
load:0x40078000,len:15584
ho 0 tail 12 room 4
load:0x40080400,len:4
load:0x40080404,len:3876
entry 0x4008064c
[0;32mI (31) boot: ESP-IDF 5.1.1 2nd stage bootloader[0m
[0;32mI (31) boot: compile time Jan 27 2024 18:25:44[0m
[0;32mI (31) boot: Multicore bootloader[0m
[0;32mI (35) boot: chip revision: v3.0[0m
[0;32mI (39) boot.esp32: SPI Speed      : 40MHz[0m
[0;32mI (44) boot.esp32: SPI Mode       : DIO[0m
[0;32mI (48) boot.esp32: SPI Flash Size : 4MB[0m
[0;32mI (53) boot: Enabling RNG early entropy source...[0m
[0;32mI (58) boot: Partition Table:[0m
[0;32mI (62) boot: ## Label            Usage          Type ST Offset   Length[0m
[0;32mI (69) boot:  0 nvs              WiFi data        01 02 00009000 00004000[0m
[0;32mI (76) boot:  1 otadata          OTA data         01 00 0000d000 00002000[0m
[0;32mI (84) boot:  2 phy_init         RF data          01 01 0000f000 00001000[0m
[0;32mI (91) boot:  3 factory          OTA app          00 10 00010000 00100000[0m
[0;32mI (99) boot:  4 ota_1            OTA app          00 11 00110000 00100000[0m
[0;32mI (106) boot:  5 storage          Unknown data     01 82 00210000 000f0000[0m
[0;32mI (114) boot: End of partition table[0m
[0;32mI (118) esp_image: segment 0: paddr=00010020 vaddr=3f400020 size=2ddech (187884) map[0m
[0;32mI (195) esp_image: segment 1: paddr=0003de14 vaddr=3ffb0000 size=02204h (  8708) load[0m
[0;32mI (198) esp_image: segment 2: paddr=00040020 vaddr=400d0020 size=ae14ch (713036) map[0m
[0;32mI (458) esp_image: segment 3: paddr=000ee174 vaddr=3ffb2204 size=01754h (  5972) load[0m
[0;32mI (460) esp_image: segment 4: paddr=000ef8d0 vaddr=40080000 size=16c9ch ( 93340) load[0m
[0;32mI (514) boot: Loaded app from partition at offset 0x10000[0m
[0;32mI (514) boot: Disabling RNG early entropy source...[0m
[0;32mI (525) cpu_start: Multicore app[0m
[0;32mI (526) cpu_start: Pro cpu up.[0m
[0;32mI (526) cpu_start: Starting app cpu, entry point is 0x4008228c[0m
[0;32mI (513) cpu_start: App cpu up.[0m
[0;32mI (544) cpu_start: Pro cpu start user code[0m
[0;32mI (544) cpu_start: cpu freq: 160000000 Hz[0m
[0;32mI (544) cpu_start: Application information:[0m
[0;32mI (549) cpu_start: Project name:     esp_startup[0m
[0;32mI (554) cpu_start: App version:      0.0.0.1[0m
[0;32mI (559) cpu_start: Compile time:     Jan 27 2024 18:23:18[0m
[0;32mI (565) cpu_start: ELF file SHA256:  09c3a7d3fd1c2dfb...[0m
[0;32mI (571) cpu_start: ESP-IDF:          5.1.1[0m
[0;32mI (576) cpu_start: Min chip rev:     v0.0[0m
[0;32mI (580) cpu_start: Max chip rev:     v3.99 [0m
[0;32mI (585) cpu_start: Chip rev:         v3.0[0m
[0;32mI (590) heap_init: Initializing. RAM available for dynamic allocation:[0m
[0;32mI (597) heap_init: At 3FFAE6E0 len 00001920 (6 KiB): DRAM[0m
[0;32mI (603) heap_init: At 3FFB8700 len 00027900 (158 KiB): DRAM[0m
[0;32mI (609) heap_init: At 3FFE0440 len 00003AE0 (14 KiB): D/IRAM[0m
[0;32mI (616) heap_init: At 3FFE4350 len 0001BCB0 (111 KiB): D/IRAM[0m
[0;32mI (622) heap_init: At 40096C9C len 00009364 (36 KiB): IRAM[0m
[0;32mI (630) spi_flash: detected chip: generic[0m
[0;32mI (633) spi_flash: flash io: dio[0m
[0;32mI (638) app_start: Starting scheduler on CPU0[0m
[0;32mI (642) app_start: Starting scheduler on CPU1[0m
[0;32mI (642) main_task: Started on CPU0[0m
[0;32mI (652) main_task: Calling app_main()[0m
[0;32m1970-01-01 00:00:14 | INFO  | nvs_c_init_nvs:31 | nvs was initialized[0m
[0m1970-01-01 00:00:14 | DEBUG | wifi_c_init_netif:160 | netif initialized as STA[0m
I (802) wifi:wifi driver task: 3ffc09fc, prio:23, stack:6656, core=0
I (822) wifi:wifi firmware version: ce9244d
I (822) wifi:wifi certification version: v7.0
I (822) wifi:config NVS flash: enabled
I (822) wifi:config nano formating: disabled
I (832) wifi:Init data frame dynamic rx buffer num: 32
I (832) wifi:Init management frame dynamic rx buffer num: 32
I (842) wifi:Init management short buffer num: 32
I (842) wifi:Init dynamic tx buffer num: 32
I (852) wifi:Init static rx buffer size: 1600
I (852) wifi:Init static rx buffer num: 10
I (852) wifi:Init dynamic rx buffer num: 32
[0;32mI (862) wifi_init: rx ba win: 6[0m
[0;32mI (862) wifi_init: tcpip mbox: 32[0m
[0;32mI (872) wifi_init: udp mbox: 6[0m
[0;32mI (872) wifi_init: tcp mbox: 6[0m
[0;32mI (872) wifi_init: tcp tx win: 5744[0m
[0;32mI (882) wifi_init: tcp rx win: 5744[0m
[0;32mI (882) wifi_init: tcp mss: 1440[0m
[0;32mI (892) wifi_init: WiFi IRAM OP enabled[0m
[0;32mI (892) wifi_init: WiFi RX IRAM OP enabled[0m
[0;32m1970-01-01 00:00:14 | INFO  | wifi_c_init_wifi:309 | Wifi initialized.[0m
[0;32mI (902) phy_init: phy_version 4670,719f9f6,Feb 18 2021,17:07:07[0m
I (1022) wifi:mode : sta (c8:f0:9e:f8:01:a8)
I (1022) wifi:enable tsf
[0;32m1970-01-01 00:00:14 | INFO  | wifi_c_sta_event_handler:102 | Station started, connecting to WiFi.[0m
[0m1970-01-01 00:00:14 | DEBUG | wifi_c_init_wifi:313 | wifi successfully initialized[0m
[0m1970-01-01 00:00:14 | DEBUG | nvs_c_open_read_only:79 | opened namespace nvs for read only operations[0m
[0;32m1970-01-01 00:00:14 | INFO  | nvs_c_read_string:131 | read 15 bytes from namespace: nvs[0m
[0m1970-01-01 00:00:14 | DEBUG | wifi_manager_get_stored_ap:79 | found stored SSID in NVS: TP-LINK_AD8313[0m
[0;32m1970-01-01 00:00:14 | INFO  | nvs_c_read_string:131 | read 9 bytes from namespace: nvs[0m
[0m1970-01-01 00:00:14 | DEBUG | wifi_manager_get_stored_ap:83 | found stored password in NVS: 20232887[0m
[0m1970-01-01 00:00:14 | DEBUG | nvs_c_close:88 | nvs namespace: nvs was closed[0m
[0;32m1970-01-01 00:00:14 | INFO  | wifi_manager_init:232 | found stored AP, connecting to: TP-LINK_AD8313[0m
[0m1970-01-01 00:00:14 | DEBUG | wifi_c_start_sta:442 | WiFi successfully configured as STA.[0m
I (3522) wifi:new:<11,2>, old:<1,0>, ap:<255,255>, sta:<11,2>, prof:1
I (3522) wifi:state: init -> auth (b0)
I (3522) wifi:state: auth -> assoc (0)
I (3532) wifi:state: assoc -> run (10)
I (3542) wifi:connected with TP-LINK_AD8313, aid = 7, channel 11, 40D, bssid = 84:16:f9:ad:83:12
I (3542) wifi:security: WPA2-PSK, phy: bgn, rssi: -54
I (3552) wifi:pm start, type: 1

I (3562) wifi:<ba-add>idx:0 (ifx:0, 84:16:f9:ad:83:12), tid:0, ssn:0, winSize:64
I (3602) wifi:AP's beacon interval = 102400 us, DTIM period = 1
[0;32m1970-01-01 00:00:18 | INFO  | wifi_c_sta_event_handler:116 | Got IP:192.168.0.104[0m
[0;32mI (4552) esp_netif_handlers: sta ip: 192.168.0.104, mask: 255.255.255.0, gw: 192.168.0.1[0m
[0m1970-01-01 00:00:18 | DEBUG | wifi_c_check_sta_connection_result:128 | WIFI_C_CONNECTED_BIT is set![0m
[0;31mE (4562) esp_https_ota: No option for server verification is enabled in esp_http_client config.[0m
[0;31m1970-01-01 00:00:18 | ERROR | lib/ota_controller/src/ota_controller.c:157 | ota_c_start:157 | error 258, ESP HTTPS OTA Begin failed: ESP_ERR_INVALID_ARG[0m
[0;32m1970-01-01 00:00:18 | INFO  | bmp_init:427 | preparing new BMP280 device...[0m
[0m1970-01-01 00:00:18 | DEBUG | inspect_task:74 | Currently available heap: 214880[0m
[0m1970-01-01 00:00:18 | DEBUG | bmp_i2c_identify_chip:283 | Trying to find BMP280 device on bus with 0x77 address...[0m
[0m1970-01-01 00:00:18 | DEBUG | inspect_task:75 | The minimum heap size that was ever available: 214880[0m
[0m1970-01-01 00:00:18 | DEBUG | tcp_create_socket:168 | preparing socket...[0m
[0m1970-01-01 00:00:18 | DEBUG | i2c_c_set_device_addr:115 | changed device address from 0 to 0XEE[0m
[0m1970-01-01 00:00:18 | DEBUG | tcp_create_socket:175 | created socket: 54[0m
[0m1970-01-01 00:00:18 | DEBUG | bmp_i2c_identify_chip:296 | BMP280 device with 0x77 address not found on bus, trying 0x76 address...[0m
[0m1970-01-01 00:00:18 | DEBUG | tcp_prepare_address:211 | preparing address...[0m
[0m1970-01-01 00:00:18 | DEBUG | i2c_c_set_device_addr:115 | changed device address from 0XEE to 0XEC[0m
[0m1970-01-01 00:00:18 | DEBUG | tcp_prepare_address:220 | prepared address 192.168.0.104:27015[0m
[0;33m1970-01-01 00:00:18 | WARN  | lib/bmp280/src/bmp280.c:308 | bmp_i2c_identify_chip:308 | no BMP280 device found on bus![0m
[0m1970-01-01 00:00:18 | DEBUG | tcp_bind_socket:232 | binding socket: 54 to address: 192.168.0.104:34665[0m
[0m1970-01-01 00:00:18 | DEBUG | i2c_c_set_device_addr:115 | changed device address from 0XEC to 0[0m
Guru Meditation Error: Core  0 panic'ed (LoadProhibited). Exception was unhandled.

Core  0 register dump:
PC      : 0x40126327  PS      : 0x00060730  A0      : 0x80128a2d  A1      : 0x3ffba510  
A2      : 0x00060643  A3      : 0x00000024  A4      : 0x00000018  A5      : 0x00000004  
A6      : 0x00000005  A7      : 0x00000018  A8      : 0x3ffba70c  A9      : 0x00000005  
A10     : 0x3ffba520  A11     : 0x3ffaebac  A12     : 0x3ffba744  A13     : 0x00000010  
A14     : 0x00ff0000  A15     : 0xff000000  SAR     : 0x00000004  EXCCAUSE: 0x0000001c  
EXCVADDR: 0x00060643  LBEG    : 0x400014fd  LEND    : 0x4000150d  LCOUNT  : 0xfffffffd  


Backtrace: 0x40126324:0x3ffba510 0x40128a2a:0x3ffba830 0x400d338f:0x3ffba890 0x40120224:0x3ffba8b0 0x401201ab:0x3ffba8d0 0x400d3561:0x3ffba8f0 0x400d3247:0x3ffba9b0 0x4008cd24:0x3ffbaa00 0x4008c921:0x3ffbaa30

  #0  0x40126324:0x3ffba510 in _vfprintf_r at /builds/idf/crosstool-NG/.build/xtensa-esp32-elf/src/newlib/newlib/libc/stdio/vfprintf.c:1188
  #1  0x40128a2a:0x3ffba830 in vfprintf at /builds/idf/crosstool-NG/.build/xtensa-esp32-elf/src/newlib/newlib/libc/stdio/vfprintf.c:647
  #2  0x400d338f:0x3ffba890 in logger_write at lib/logger/src/logger.c:75
  #3  0x40120224:0x3ffba8b0 in localtime_r at /builds/idf/crosstool-NG/.build/xtensa-esp32-elf/src/newlib/newlib/libc/time/lcltime_r.c:34 (discriminator 8)
  #4  0x401201ab:0x3ffba8d0 in localtime at /builds/idf/crosstool-NG/.build/xtensa-esp32-elf/src/newlib/newlib/libc/time/lcltime.c:51
  #5  0x400d3561:0x3ffba8f0 in timenow at lib/logger/include/logger.h:68
      (inlined by) cli_set_remote_logging at lib/cli_manager/src/cli_manager.c:69
  #6  0x400d3247:0x3ffba9b0 in app_main at src/main.c:111
  #7  0x4008cd24:0x3ffbaa00 in main_task at /home/wmytych/.platformio/packages/framework-espidf/components/freertos/app_startup.c:208 (discriminator 13)
  #8  0x4008c921:0x3ffbaa30 in vPortTaskWrapper at /home/wmytych/.platformio/packages/framework-espidf/components/freertos/FreeRTOS-Kernel/portable/xtensa/port.c:162




ELF file SHA256: 09c3a7d3fd1c2dfb

Rebooting...
ets Jul 29 2019 12:21:46

rst:0xc (SW_CPU_RESET),boot:0x13 (SPI_FAST_FLASH_BOOT)
configsip: 0, SPIWP:0xee
clk_drv:0x00,q_drv:0x00,d_drv:0x00,cs0_drv:0x00,hd_drv:0x00,wp_drv:0x00
mode:DIO, clock div:2
load:0x3fff0030,len:7076
load:0x40078000,len:15584
ho 0 tail 12 room 4
load:0x40080400,len:4
load:0x40080404,len:3876
entry 0x4008064c
[0;32mI (31) boot: ESP-IDF 5.1.1 2nd stage bootloader[0m
[0;32mI (31) boot: compile time Jan 27 2024 18:25:44[0m
[0;32mI (31) boot: Multicore bootloader[0m
[0;32mI (35) boot: chip revision: v3.0[0m
[0;32mI (39) boot.esp32: SPI Speed      : 40MHz[0m
[0;32mI (44) boot.esp32: SPI Mode       : DIO[0m
[0;32mI (48) boot.esp32: SPI Flash Size : 4MB[0m
[0;32mI (53) boot: Enabling RNG early entropy source...[0m
[0;32mI (58) boot: Partition Table:[0m
[0;32mI (62) boot: ## Label            Usage          Type ST Offset   Length[0m
[0;32mI (69) boot:  0 nvs              WiFi data        01 02 00009000 00004000[0m
[0;32mI (76) boot:  1 otadata          OTA data         01 00 0000d000 00002000[0m
[0;32mI (84) boot:  2 phy_init         RF data          01 01 0000f000 00001000[0m
[0;32mI (91) boot:  3 factory          OTA app          00 10 00010000 00100000[0m
[0;32mI (99) boot:  4 ota_1            OTA app          00 11 00110000 00100000[0m
[0;32mI (106) boot:  5 storage          Unknown data     01 82 00210000 000f0000[0m
[0;32mI (114) boot: End of partition table[0m
[0;32mI (118) esp_image: segment 0: paddr=00010020 vaddr=3f400020 size=2ddech (187884) map[0m
[0;32mI (195) esp_image: segment 1: paddr=0003de14 vaddr=3ffb0000 size=02204h (  8708) load[0m
[0;32mI (198) esp_image: segment 2: paddr=00040020 vaddr=400d0020 size=ae14ch (713036) map[0m
[0;32mI (458) esp_image: segment 3: paddr=000ee174 vaddr=3ffb2204 size=01754h (  5972) load[0m
[0;32mI (460) esp_image: segment 4: paddr=000ef8d0 vaddr=40080000 size=16c9ch ( 93340) load[0m
[0;32mI (514) boot: Loaded app from partition at offset 0x10000[0m
[0;32mI (514) boot: Disabling RNG early entropy source...[0m
[0;32mI (525) cpu_start: Multicore app[0m
[0;32mI (526) cpu_start: Pro cpu up.[0m
[0;32mI (526) cpu_start: Starting app cpu, entry point is 0x4008228c[0m
[0;32mI (513) cpu_start: App cpu up.[0m
[0;32mI (544) cpu_start: Pro cpu start user code[0m
[0;32mI (544) cpu_start: cpu freq: 160000000 Hz[0m
[0;32mI (544) cpu_start: Application information:[0m
[0;32mI (549) cpu_start: Project name:     esp_startup[0m
[0;32mI (554) cpu_start: App version:      0.0.0.1[0m
[0;32mI (559) cpu_start: Compile time:     Jan 27 2024 18:23:18[0m
[0;32mI (565) cpu_start: ELF file SHA256:  09c3a7d3fd1c2dfb...[0m
[0;32mI (571) cpu_start: ESP-IDF:          5.1.1[0m
[0;32mI (576) cpu_start: Min chip rev:     v0.0[0m
[0;32mI (580) cpu_start: Max chip rev:     v3.99 [0m
[0;32mI (585) cpu_start: Chip rev:         v3.0[0m
[0;32mI (590) heap_init: Initializing. RAM available for dynamic allocation:[0m
[0;32mI (597) heap_init: At 3FFAE6E0 len 00001920 (6 KiB): DRAM[0m
[0;32mI (603) heap_init: At 3FFB8700 len 00027900 (158 KiB): DRAM[0m
[0;32mI (609) heap_init: At 3FFE0440 len 00003AE0 (14 KiB): D/IRAM[0m
[0;32mI (616) heap_init: At 3FFE4350 len 0001BCB0 (111 KiB): D/IRAM[0m
[0;32mI (622) heap_init: At 40096C9C len 00009364 (36 KiB): IRAM[0m
[0;32mI (630) spi_flash: detected chip: generic[0m
[0;32mI (633) spi_flash: flash io: dio[0m
[0;32mI (638) app_start: Starting scheduler on CPU0[0m
[0;32mI (642) app_start: Starting scheduler on CPU1[0m
[0;32mI (642) main_task: Started on CPU0[0m
[0;32mI (652) main_task: Calling app_main()[0m
[0;32m1970-01-01 00:00:19 | INFO  | nvs_c_init_nvs:31 | nvs was initialized[0m
[0m1970-01-01 00:00:19 | DEBUG | wifi_c_init_netif:160 | netif initialized as STA[0m
I (802) wifi:wifi driver task: 3ffc09fc, prio:23, stack:6656, core=0
I (822) wifi:wifi firmware version: ce9244d
I (822) wifi:wifi certification version: v7.0
I (822) wifi:config NVS flash: enabled
I (822) wifi:config nano formating: disabled
I (832) wifi:Init data frame dynamic rx buffer num: 32
I (832) wifi:Init management frame dynamic rx buffer num: 32
I (842) wifi:Init management short buffer num: 32
I (842) wifi:Init dynamic tx buffer num: 32
I (852) wifi:Init static rx buffer size: 1600
I (852) wifi:Init static rx buffer num: 10
I (852) wifi:Init dynamic rx buffer num: 32
[0;32mI (862) wifi_init: rx ba win: 6[0m
[0;32mI (862) wifi_init: tcpip mbox: 32[0m
[0;32mI (872) wifi_init: udp mbox: 6[0m
[0;32mI (872) wifi_init: tcp mbox: 6[0m
[0;32mI (872) wifi_init: tcp tx win: 5744[0m
[0;32mI (882) wifi_init: tcp rx win: 5744[0m
[0;32mI (882) wifi_init: tcp mss: 1440[0m
[0;32mI (892) wifi_init: WiFi IRAM OP enabled[0m
[0;32mI (892) wifi_init: WiFi RX IRAM OP enabled[0m
[0;32m1970-01-01 00:00:19 | INFO  | wifi_c_init_wifi:309 | Wifi initialized.[0m
[0;32mI (902) phy_init: phy_version 4670,719f9f6,Feb 18 2021,17:07:07[0m
I (1022) wifi:mode : sta (c8:f0:9e:f8:01:a8)
I (1022) wifi:enable tsf
[0;32m1970-01-01 00:00:19 | INFO  | wifi_c_sta_event_handler:102 | Station started, connecting to WiFi.[0m
[0m1970-01-01 00:00:19 | DEBUG | wifi_c_init_wifi:313 | wifi successfully initialized[0m
[0m1970-01-01 00:00:19 | DEBUG | nvs_c_open_read_only:79 | opened namespace nvs for read only operations[0m
[0;32m1970-01-01 00:00:19 | INFO  | nvs_c_read_string:131 | read 15 bytes from namespace: nvs[0m
[0m1970-01-01 00:00:19 | DEBUG | wifi_manager_get_stored_ap:79 | found stored SSID in NVS: TP-LINK_AD8313[0m
[0;32m1970-01-01 00:00:19 | INFO  | nvs_c_read_string:131 | read 9 bytes from namespace: nvs[0m
[0m1970-01-01 00:00:19 | DEBUG | wifi_manager_get_stored_ap:83 | found stored password in NVS: 20232887[0m
[0m1970-01-01 00:00:19 | DEBUG | nvs_c_close:88 | nvs namespace: nvs was closed[0m
[0;32m1970-01-01 00:00:19 | INFO  | wifi_manager_init:232 | found stored AP, connecting to: TP-LINK_AD8313[0m
[0m1970-01-01 00:00:19 | DEBUG | wifi_c_start_sta:442 | WiFi successfully configured as STA.[0m
I (3522) wifi:new:<11,2>, old:<1,0>, ap:<255,255>, sta:<11,2>, prof:1
I (3522) wifi:state: init -> auth (b0)
I (3522) wifi:state: auth -> assoc (0)
I (3532) wifi:state: assoc -> run (10)
I (3542) wifi:connected with TP-LINK_AD8313, aid = 7, channel 11, 40D, bssid = 84:16:f9:ad:83:12
I (3542) wifi:security: WPA2-PSK, phy: bgn, rssi: -54
I (3552) wifi:pm start, type: 1

I (3552) wifi:<ba-add>idx:0 (ifx:0, 84:16:f9:ad:83:12), tid:0, ssn:0, winSize:64
I (3602) wifi:AP's beacon interval = 102400 us, DTIM period = 1
