I (3984) wifi:ap channel adjust o:1,1 n:11,2
I (3984) wifi:new:<11,0>, old:<1,1>, ap:<11,2>, sta:<11,0>, prof:1
I (3984) wifi:state: init -> auth (b0)
I (3994) wifi:state: auth -> assoc (0)
I (4004) wifi:state: assoc -> run (10)
I (4034) wifi:<ba-add>idx:0 (ifx:0, 30:de:4b:4e:f1:97), tid:5, ssn:0, winSize:64
[0m1970-01-01 00:00:05 | DEBUG | inspect_task:97 | Currently available heap: 223828[0m
[0m1970-01-01 00:00:05 | DEBUG | inspect_task:98 | The minimum heap size that was ever available: 221680[0m
I (7104) wifi:state: run -> init (fc0)
I (7104) wifi:<ba-del>idx:0, tid:5
I (7114) wifi:new:<11,0>, old:<11,0>, ap:<11,2>, sta:<11,0>, prof:1
I (7114) wifi:new:<11,2>, old:<11,0>, ap:<11,2>, sta:<11,0>, prof:1
I (7114) wifi:state: init -> auth (b0)
I (7124) wifi:state: auth -> assoc (0)
I (7134) wifi:state: assoc -> run (10)
I (7154) wifi:<ba-add>idx:0 (ifx:0, 30:de:4b:4e:f1:97), tid:5, ssn:0, winSize:64
[0m1970-01-01 00:00:10 | DEBUG | inspect_task:97 | Currently available heap: 223824[0m
[0m1970-01-01 00:00:10 | DEBUG | inspect_task:98 | The minimum heap size that was ever available: 221676[0m
[0m1970-01-01 00:00:15 | DEBUG | inspect_task:97 | Currently available heap: 223824[0m
[0m1970-01-01 00:00:15 | DEBUG | inspect_task:98 | The minimum heap size that was ever available: 221676[0m
I (17134) wifi:state: run -> init (cc00)
I (17134) wifi:<ba-del>idx:0, tid:5
I (17134) wifi:new:<11,0>, old:<11,2>, ap:<11,2>, sta:<11,0>, prof:1
[0;33m1970-01-01 00:00:16 | WARN  | lib/wifi_controller/src/wifi_controller.c:101 | wifi_c_sta_event_handler:101 | Failed to connect to AP, trying again.[0m
[0;33m1970-01-01 00:00:19 | WARN  | lib/wifi_controller/src/wifi_controller.c:101 | wifi_c_sta_event_handler:101 | Failed to connect to AP, trying again.[0m
[0m1970-01-01 00:00:20 | DEBUG | inspect_task:97 | Currently available heap: 223928[0m
[0m1970-01-01 00:00:20 | DEBUG | inspect_task:98 | The minimum heap size that was ever available: 221676[0m
I (22814) wifi:new:<11,2>, old:<11,0>, ap:<11,2>, sta:<11,0>, prof:1
I (22814) wifi:state: init -> auth (b0)
I (22824) wifi:state: auth -> assoc (0)
I (22854) wifi:state: assoc -> run (10)
I (22854) wifi:<ba-add>idx:0 (ifx:0, 30:de:4b:4e:f1:97), tid:5, ssn:0, winSize:64
[0m1970-01-01 00:00:25 | DEBUG | inspect_task:97 | Currently available heap: 223808[0m
[0m1970-01-01 00:00:25 | DEBUG | inspect_task:98 | The minimum heap size that was ever available: 221036[0m
I (25944) wifi:state: run -> init (fc0)
I (25944) wifi:<ba-del>idx:0, tid:5
I (25944) wifi:new:<11,0>, old:<11,2>, ap:<11,2>, sta:<11,0>, prof:1
I (25944) wifi:new:<11,2>, old:<11,0>, ap:<11,2>, sta:<11,0>, prof:1
I (25954) wifi:state: init -> auth (b0)
I (25954) wifi:state: auth -> assoc (0)
I (25964) wifi:state: assoc -> run (10)
I (25994) wifi:<ba-add>idx:0 (ifx:0, 30:de:4b:4e:f1:97), tid:5, ssn:0, winSize:64
[0m1970-01-01 00:00:30 | DEBUG | inspect_task:97 | Currently available heap: 223808[0m
[0m1970-01-01 00:00:30 | DEBUG | inspect_task:98 | The minimum heap size that was ever available: 221036[0m
[0m1970-01-01 00:00:35 | DEBUG | inspect_task:97 | Currently available heap: 223808[0m
[0m1970-01-01 00:00:35 | DEBUG | inspect_task:98 | The minimum heap size that was ever available: 221036[0m
I (35964) wifi:state: run -> init (cc00)
I (35964) wifi:<ba-del>idx:0, tid:5
I (35964) wifi:new:<11,0>, old:<11,2>, ap:<11,2>, sta:<11,0>, prof:1
[0;33m1970-01-01 00:00:35 | WARN  | lib/wifi_controller/src/wifi_controller.c:101 | wifi_c_sta_event_handler:101 | Failed to connect to AP, trying again.[0m
[0;33m1970-01-01 00:00:38 | WARN  | lib/wifi_controller/src/wifi_controller.c:101 | wifi_c_sta_event_handler:101 | Failed to connect to AP, trying again.[0m
[0m1970-01-01 00:00:40 | DEBUG | inspect_task:97 | Currently available heap: 223928[0m
[0m1970-01-01 00:00:40 | DEBUG | inspect_task:98 | The minimum heap size that was ever available: 221036[0m
[0m1970-01-01 00:00:41 | DEBUG | wifi_c_check_sta_connection_result:123 | WIFI_C_CONNECT_FAIL_BIT is set![0m
[0m1970-01-01 00:00:41 | DEBUG | wifi_c_check_sta_connection_result:123 | WIFI_C_CONNECT_FAIL_BIT is set![0m
[0;31m1970-01-01 00:00:41 | ERROR | lib/wifi_controller/src/wifi_controller.c:466 | wifi_c_start_sta:466 | All attempts to connect to Wifi failed[0m
I (42834) wifi:Total power save buffer number: 16
[0;32mI (42844) esp_netif_lwip: DHCP server started on interface WIFI_AP_DEF with IP: 192.168.4.1[0m
[0;32m1970-01-01 00:00:42 | INFO  | wifi_c_start_ap:362 | Started AP: 
SSID: ESP32 
Password: 12345678[0m
[0m1970-01-01 00:00:42 | DEBUG | wifi_manager_server_init:259 | http server started[0m
[0;32mI (42864) main_task: Returned from app_main()[0m
I (44744) wifi:new:<1,1>, old:<1,1>, ap:<1,1>, sta:<11,0>, prof:1
I (44744) wifi:station: 10:02:b5:33:2e:17 join, AID=1, bgn, 40U
[0;32m1970-01-01 00:00:44 | INFO  | wifi_c_ap_event_handler:76 | Station 10:02:b5:33:2e:17 joined, AID=1[0m
[0;32mI (44894) esp_netif_lwip: DHCP server assigned IP to a client, IP is: 192.168.4.2[0m
[0m1970-01-01 00:00:45 | DEBUG | inspect_task:97 | Currently available heap: 204872[0m
[0m1970-01-01 00:00:45 | DEBUG | inspect_task:98 | The minimum heap size that was ever available: 200676[0m
[0;32mI (46904) esp_netif_lwip: DHCP server assigned IP to a client, IP is: 192.168.4.2[0m
[0m1970-01-01 00:00:50 | DEBUG | inspect_task:97 | Currently available heap: 204864[0m
[0m1970-01-01 00:00:50 | DEBUG | inspect_task:98 | The minimum heap size that was ever available: 200676[0m
[0m1970-01-01 00:00:50 | DEBUG | root_handler:65 | serving GET "/" request...[0m
[0m1970-01-01 00:00:51 | DEBUG | stylesheet_handler:75 | serving GET "/styles.css" request...[0m
I (51714) wifi:<ba-add>idx:2 (ifx:1, 10:02:b5:33:2e:17), tid:0, ssn:37, winSize:64
[0m1970-01-01 00:00:51 | DEBUG | script_handler:86 | serving GET "/code.js" request...[0m
[0m1970-01-01 00:00:52 | DEBUG | state_json_handler:113 | serving GET "/state" request...[0m
[0m1970-01-01 00:00:52 | DEBUG | wifi_c_get_status_as_json:238 | storing wifi_c_status structure as JSON string...[0m
[0m1970-01-01 00:00:52 | DEBUG | wifi_c_get_status_as_json:254 | wifi_c_status structure as JSON: 
{"wifi_initialized": true, "netif_initialized":true, "wifi_mode": "WIFI_C_MODE_APSTA", "event_loop_started": true, "sta_started": true, "ap_started": true, "scan_done": false, "sta_connected":false, "sta_ip": "0.0.0.0", "sta_ssid": "none", "ap_ip": "0.0.0.0", "ap_ssid": "192.168.4.1"}[0m
[0m1970-01-01 00:00:52 | DEBUG | ap_json_handler:97 | serving GET "/scan" request...[0m
[0m1970-01-01 00:00:52 | DEBUG | wifi_c_scan_all_ap:509 | scanning for Access Points...[0m
[0;32m1970-01-01 00:00:54 | INFO  | wifi_c_ap_event_handler:83 | Total APs scanned: 10[0m
[0m1970-01-01 00:00:55 | DEBUG | wifi_manager_fetch_ap_list:87 | wifi manager scan complete, scanned: 53040 APs[0m
[0;33mW (55574) httpd_uri: httpd_uri: URI '/favicon.ico' not found[0m
[0;33mW (55574) httpd_txrx: httpd_resp_send_err: 404 Not Found - Nothing matches the given URI[0m
[0m1970-01-01 00:00:55 | DEBUG | inspect_task:97 | Currently available heap: 196636[0m
[0m1970-01-01 00:00:55 | DEBUG | inspect_task:98 | The minimum heap size that was ever available: 184324[0m
[0m1970-01-01 00:01:00 | DEBUG | inspect_task:97 | Currently available heap: 196636[0m
[0m1970-01-01 00:01:00 | DEBUG | inspect_task:98 | The minimum heap size that was ever available: 184324[0m
[0m1970-01-01 00:01:05 | DEBUG | inspect_task:97 | Currently available heap: 196644[0m
[0m1970-01-01 00:01:05 | DEBUG | inspect_task:98 | The minimum heap size that was ever available: 184324[0m
[0m1970-01-01 00:01:10 | DEBUG | inspect_task:97 | Currently available heap: 196644[0m
[0m1970-01-01 00:01:10 | DEBUG | inspect_task:98 | The minimum heap size that was ever available: 184324[0m
[0m1970-01-01 00:01:15 | DEBUG | inspect_task:97 | Currently available heap: 196644[0m
[0m1970-01-01 00:01:15 | DEBUG | inspect_task:98 | The minimum heap size that was ever available: 184324[0m
[0m1970-01-01 00:01:20 | DEBUG | inspect_task:97 | Currently available heap: 196644[0m
[0m1970-01-01 00:01:20 | DEBUG | inspect_task:98 | The minimum heap size that was ever available: 184324[0m
[0m1970-01-01 00:01:25 | DEBUG | inspect_task:97 | Currently available heap: 196644[0m
[0m1970-01-01 00:01:25 | DEBUG | inspect_task:98 | The minimum heap size that was ever available: 184324[0m
[0m1970-01-01 00:01:30 | DEBUG | inspect_task:97 | Currently available heap: 196644[0m
[0m1970-01-01 00:01:30 | DEBUG | inspect_task:98 | The minimum heap size that was ever available: 184324[0m
[0m1970-01-01 00:01:35 | DEBUG | inspect_task:97 | Currently available heap: 196644[0m
[0m1970-01-01 00:01:35 | DEBUG | inspect_task:98 | The minimum heap size that was ever available: 184324[0m
[0m1970-01-01 00:01:40 | DEBUG | inspect_task:97 | Currently available heap: 196644[0m
[0m1970-01-01 00:01:40 | DEBUG | inspect_task:98 | The minimum heap size that was ever available: 184324[0m
[0m1970-01-01 00:01:45 | DEBUG | inspect_task:97 | Currently available heap: 196644[0m
[0m1970-01-01 00:01:45 | DEBUG | inspect_task:98 | The minimum heap size that was ever available: 184324[0m
[0m1970-01-01 00:01:50 | DEBUG | inspect_task:97 | Currently available heap: 196644[0m
[0m1970-01-01 00:01:50 | DEBUG | inspect_task:98 | The minimum heap size that was ever available: 184324[0m
[0m1970-01-01 00:01:55 | DEBUG | inspect_task:97 | Currently available heap: 196644[0m
[0m1970-01-01 00:01:55 | DEBUG | inspect_task:98 | The minimum heap size that was ever available: 184324[0m
[0m1970-01-01 00:02:00 | DEBUG | inspect_task:97 | Currently available heap: 196644[0m
[0m1970-01-01 00:02:00 | DEBUG | inspect_task:98 | The minimum heap size that was ever available: 184324[0m
[0m1970-01-01 00:02:05 | DEBUG | inspect_task:97 | Currently available heap: 196644[0m
[0m1970-01-01 00:02:05 | DEBUG | inspect_task:98 | The minimum heap size that was ever available: 184324[0m
[0m1970-01-01 00:02:10 | DEBUG | inspect_task:97 | Currently available heap: 196644[0m
[0m1970-01-01 00:02:10 | DEBUG | inspect_task:98 | The minimum heap size that was ever available: 184324[0m
[0m1970-01-01 00:02:15 | DEBUG | inspect_task:97 | Currently available heap: 196644[0m
[0m1970-01-01 00:02:15 | DEBUG | inspect_task:98 | The minimum heap size that was ever available: 184324[0m
[0m1970-01-01 00:02:20 | DEBUG | inspect_task:97 | Currently available heap: 196644[0m
[0m1970-01-01 00:02:20 | DEBUG | inspect_task:98 | The minimum heap size that was ever available: 184324[0m
[0m1970-01-01 00:02:25 | DEBUG | inspect_task:97 | Currently available heap: 196644[0m
[0m1970-01-01 00:02:25 | DEBUG | inspect_task:98 | The minimum heap size that was ever available: 184324[0m
[0m1970-01-01 00:02:30 | DEBUG | inspect_task:97 | Currently available heap: 196644[0m
[0m1970-01-01 00:02:30 | DEBUG | inspect_task:98 | The minimum heap size that was ever available: 184324[0m
[0m1970-01-01 00:02:35 | DEBUG | inspect_task:97 | Currently available heap: 196644[0m
[0m1970-01-01 00:02:35 | DEBUG | inspect_task:98 | The minimum heap size that was ever available: 184324[0m
[0m1970-01-01 00:02:40 | DEBUG | inspect_task:97 | Currently available heap: 196644[0m
[0m1970-01-01 00:02:40 | DEBUG | inspect_task:98 | The minimum heap size that was ever available: 184324[0m
[0m1970-01-01 00:02:45 | DEBUG | inspect_task:97 | Currently available heap: 196644[0m
[0m1970-01-01 00:02:45 | DEBUG | inspect_task:98 | The minimum heap size that was ever available: 184324[0m
[0m1970-01-01 00:02:50 | DEBUG | inspect_task:97 | Currently available heap: 196644[0m
[0m1970-01-01 00:02:50 | DEBUG | inspect_task:98 | The minimum heap size that was ever available: 184324[0m
[0m1970-01-01 00:02:55 | DEBUG | inspect_task:97 | Currently available heap: 196856[0m
[0m1970-01-01 00:02:55 | DEBUG | inspect_task:98 | The minimum heap size that was ever available: 184324[0m
[0m1970-01-01 00:03:00 | DEBUG | inspect_task:97 | Currently available heap: 196856[0m
[0m1970-01-01 00:03:00 | DEBUG | inspect_task:98 | The minimum heap size that was ever available: 184324[0m
[0m1970-01-01 00:03:05 | DEBUG | inspect_task:97 | Currently available heap: 196856[0m
[0m1970-01-01 00:03:05 | DEBUG | inspect_task:98 | The minimum heap size that was ever available: 184324[0m
[0m1970-01-01 00:03:10 | DEBUG | inspect_task:97 | Currently available heap: 196856[0m
[0m1970-01-01 00:03:10 | DEBUG | inspect_task:98 | The minimum heap size that was ever available: 184324[0m
[0m1970-01-01 00:03:15 | DEBUG | inspect_task:97 | Currently available heap: 196856[0m
[0m1970-01-01 00:03:15 | DEBUG | inspect_task:98 | The minimum heap size that was ever available: 184324[0m
[0m1970-01-01 00:03:20 | DEBUG | inspect_task:97 | Currently available heap: 196856[0m
[0m1970-01-01 00:03:20 | DEBUG | inspect_task:98 | The minimum heap size that was ever available: 184324[0m
[0m1970-01-01 00:03:25 | DEBUG | inspect_task:97 | Currently available heap: 196856[0m
[0m1970-01-01 00:03:25 | DEBUG | inspect_task:98 | The minimum heap size that was ever available: 184324[0m
[0m1970-01-01 00:03:30 | DEBUG | inspect_task:97 | Currently available heap: 196856[0m
[0m1970-01-01 00:03:30 | DEBUG | inspect_task:98 | The minimum heap size that was ever available: 184324[0m
[0m1970-01-01 00:03:35 | DEBUG | inspect_task:97 | Currently available heap: 196856[0m
[0m1970-01-01 00:03:35 | DEBUG | inspect_task:98 | The minimum heap size that was ever available: 184324[0m
[0m1970-01-01 00:03:40 | DEBUG | inspect_task:97 | Currently available heap: 196856[0m
[0m1970-01-01 00:03:40 | DEBUG | inspect_task:98 | The minimum heap size that was ever available: 184324[0m
[0m1970-01-01 00:03:45 | DEBUG | inspect_task:97 | Currently available heap: 196856[0m
[0m1970-01-01 00:03:45 | DEBUG | inspect_task:98 | The minimum heap size that was ever available: 184324[0m
[0m1970-01-01 00:03:50 | DEBUG | inspect_task:97 | Currently available heap: 196856[0m
[0m1970-01-01 00:03:50 | DEBUG | inspect_task:98 | The minimum heap size that was ever available: 184324[0m
[0m1970-01-01 00:03:55 | DEBUG | inspect_task:97 | Currently available heap: 196856[0m
[0m1970-01-01 00:03:55 | DEBUG | inspect_task:98 | The minimum heap size that was ever available: 184324[0m
[0m1970-01-01 00:04:00 | DEBUG | inspect_task:97 | Currently available heap: 196856[0m
[0m1970-01-01 00:04:00 | DEBUG | inspect_task:98 | The minimum heap size that was ever available: 184324[0m
[0m1970-01-01 00:04:05 | DEBUG | inspect_task:97 | Currently available heap: 196856[0m
[0m1970-01-01 00:04:05 | DEBUG | inspect_task:98 | The minimum heap size that was ever available: 184324[0m
[0m1970-01-01 00:04:10 | DEBUG | inspect_task:97 | Currently available heap: 196856[0m
[0m1970-01-01 00:04:10 | DEBUG | inspect_task:98 | The minimum heap size that was ever available: 184324[0m
[0m1970-01-01 00:04:15 | DEBUG | inspect_task:97 | Currently available heap: 196856[0m
[0m1970-01-01 00:04:15 | DEBUG | inspect_task:98 | The minimum heap size that was ever available: 184324[0m
[0m1970-01-01 00:04:20 | DEBUG | inspect_task:97 | Currently available heap: 196856[0m
[0m1970-01-01 00:04:20 | DEBUG | inspect_task:98 | The minimum heap size that was ever available: 184324[0m
[0m1970-01-01 00:04:25 | DEBUG | inspect_task:97 | Currently available heap: 196856[0m
[0m1970-01-01 00:04:25 | DEBUG | inspect_task:98 | The minimum heap size that was ever available: 184324[0m
[0m1970-01-01 00:04:30 | DEBUG | inspect_task:97 | Currently available heap: 196856[0m
[0m1970-01-01 00:04:30 | DEBUG | inspect_task:98 | The minimum heap size that was ever available: 184324[0m
