I (3404) wifi:new:<8,0>, old:<1,0>, ap:<255,255>, sta:<8,0>, prof:1
I (4584) wifi:state: init -> auth (b0)
I (4584) wifi:state: auth -> assoc (0)
I (4594) wifi:state: assoc -> run (10)
W (4694) wifi:[ADDBA]rx delba, code:39, delete tid:0
W (4694) wifi:[ADDBA]rx delba, code:39, delete tid:0
W (4694) wifi:[ADDBA]rx delba, code:39, delete tid:5
I (4704) wifi:connected with OstNet-952235, aid = 3, channel 8, BW20, bssid = c4:b8:b4:e8:a3:5f
I (4704) wifi:security: WPA2-PSK, phy: bgn, rssi: -51
I (4724) wifi:pm start, type: 1

I (4794) wifi:AP's beacon interval = 102400 us, DTIM period = 1
I (6784) wifi:<ba-add>idx:0 (ifx:0, c4:b8:b4:e8:a3:5f), tid:0, ssn:2, winSize:64
[0;32m1970-01-01 00:00:07 | INFO  | wifi_c_sta_event_handler:105 | Got IP:192.168.100.115[0m
[0;32mI (7724) esp_netif_handlers: sta ip: 192.168.100.115, mask: 255.255.255.0, gw: 192.168.100.1[0m
[0m1970-01-01 00:00:07 | DEBUG | wifi_c_check_sta_connection_result:117 | WIFI_C_CONNECTED_BIT is set![0m
[0;32m1970-01-01 00:00:07 | INFO  | app_main:101 | Connected to wifi, current ip: 192.168.100.115[0m
[0m1970-01-01 00:00:07 | DEBUG | tcp_create_socket:168 | preparing socket...[0m
[0m1970-01-01 00:00:07 | DEBUG | tcp_create_socket:175 | created socket: 54[0m
[0m1970-01-01 00:00:07 | DEBUG | tcp_prepare_address:211 | preparing address...[0m
[0m1970-01-01 00:00:07 | DEBUG | tcp_prepare_address:220 | prepared address 192.168.100.115:27015[0m
[0m1970-01-01 00:00:07 | DEBUG | tcp_bind_socket:232 | binding socket: 54 to address: 192.168.100.115:34665[0m
[0m1970-01-01 00:00:07 | DEBUG | tcp_bind_socket:242 | socket: 54 bound to address: 192.168.100.115:27015[0m
[0m1970-01-01 00:00:07 | DEBUG | tcp_socket_listen:253 | trying to listen on socket: 54[0m
[0;32m1970-01-01 00:00:07 | INFO  | tcp_socket_listen:260 | listening on socket: 192.168.100.115:27015[0m
[0;32m1970-01-01 00:00:07 | INFO  | cli_set_remote_logging:63 | Connect to device on IP 192.168.100.115 with port 27015 to capture logs.[0m
I (11064) wifi:<ba-add>idx:1 (ifx:0, c4:b8:b4:e8:a3:5f), tid:1, ssn:1, winSize:64
[0;32m2024-01-06 11:45:21 | INFO  | tcp_accept_client:281 | connected to socket: 192.168.100.146:27015[0m
[0m2024-01-06 11:45:22 | DEBUG | inspect_task:69 | Currently available heap: 215184[0m
[0;32mI (28144) main_task: Returned from app_main()[0m
[0m2024-01-06 11:45:22 | DEBUG | inspect_task:70 | The minimum heap size that was ever available: 204508[0;32m2024-01-06 11:45:22 | INFO  | bmp_init:427 | [0m
preparing new BMP280 device...[0m
[0m2024-01-06 11:45:22 | DEBUG | bmp_i2c_identify_chip:283 | Trying to find BMP280 device on bus with 0x77 address...[0m
[0m2024-01-06 11:45:22 | DEBUG | i2c_c_set_device_addr:115 | changed device address from 0 to 0XEE[0m
[0m2024-01-06 11:45:22 | DEBUG | bmp_i2c_identify_chip:289 | found BMP280 device on bus with address: 0XEE and ID: 0[0m
[0m2024-01-06 11:45:22 | DEBUG | bmp_i2c_get_ctrl_meas:94 | readed ctr_meas register value: 0X6F[0m
[0m2024-01-06 11:45:22 | DEBUG | bmp_i2c_calibrate:252 | reading BMP280 out calibration values...[0m
[0m2024-01-06 11:45:22 | DEBUG | bmp_i2c_calibrate:272 | compensation values of BMP280 device updated:
	T1: 0x3f40019c
	T2: 0x3ffb3980
	T3: 0x3f40020c
	P1: 0x3f4019a0
	P2: 0x110
	P3: 0x3ffb3980
	P4: 0x3f40020c
	P5: 0x3f401a3c
	P6: 0x673d6b0a
	P7: 0x91d3fc18
	P8: 0xbd0d632
	P9: 0x9516af [0m
[0;32m2024-01-06 11:45:22 | INFO  | bmp_init:444 | new BMP280 device ready to use![0m
[0m2024-01-06 11:45:22 | DEBUG | bmp_i2c_get_config:79 | readed config register value: 0XA0[0m
[0m2024-01-06 11:45:22 | DEBUG | bmp_i2c_set_standby_time:173 | config register value changed to: 160[0m
[0m2024-01-06 11:45:22 | DEBUG | bmp_i2c_get_config:79 | readed config register value: 0XA0[0m
[0m2024-01-06 11:45:22 | DEBUG | bmp_i2c_set_iir_filter:237 | config register value of BMP280 device changed to: 0xa0[0m
[0m2024-01-06 11:45:22 | DEBUG | bmp_i2c_get_ctrl_meas:94 | readed ctr_meas register value: 0X6F[0m
[0m2024-01-06 11:45:22 | DEBUG | bmp_i2c_set_press_oversampling:197 | BMP280 device ctrl_meas register was set to: 0X6F[0m
[0m2024-01-06 11:45:22 | DEBUG | bmp_i2c_get_ctrl_meas:94 | readed ctr_meas register value: 0X6F[0m
[0m2024-01-06 11:45:22 | DEBUG | bmp_i2c_set_temp_oversampling:221 | BMP280 device ctrl_meas register was set to: 0X6E[0m
[0m2024-01-06 11:45:22 | DEBUG | bmp_i2c_get_ctrl_meas:94 | readed ctr_meas register value: 0X6F[0m
[0m2024-01-06 11:45:22 | DEBUG | bmp_i2c_set_mode:150 | BMP280 device mode was set to: 3[0m
[0;32m2024-01-06 11:45:22 | INFO  | log_task:47 | Identified BMP280 device:
 address: ee
 chip id: 58
 mode: 3[0m
[0m2024-01-06 11:45:22 | DEBUG | bmp_i2c_readout:333 | reading temperature of BMP280 device...[0m
[0m2024-01-06 11:45:22 | DEBUG | bmp_i2c_readout:337 | reading pressure of BMP280 device...[0m
[0;32m2024-01-06 11:45:22 | INFO  | log_task:52 | temperature: 21.12 C[0m
[0;32m2024-01-06 11:45:22 | INFO  | log_task:53 | pressure: 965.34hPa[0m
[0;32m2024-01-06 11:45:22 | INFO  | log_task:54 | altitude: 406.64 m. n. p. m.[0m
[0m2024-01-06 11:45:22 | DEBUG | log_task:56 | data to send to database: device id=1&temperature=21.12[0m
[0;32m2024-01-06 11:45:22 | INFO  | http_client_post:102 | making POST request to address: http://192.168.100.146:8081/bmp280/temperature.php[0m
[0m2024-01-06 11:45:22 | DEBUG | _http_event_handler:26 | HTTP_EVENT_ON_CONNECTED[0m
[0m2024-01-06 11:45:22 | DEBUG | _http_event_handler:29 | HTTP_EVENT_HEADER_SENT[0m
[0m2024-01-06 11:45:22 | DEBUG | _http_event_handler:32 | HTTP_EVENT_ON_HEADER, key=Date, value=Sat, 06 Jan 2024 11:45:22 GMT[0m
[0m2024-01-06 11:45:22 | DEBUG | _http_event_handler:32 | HTTP_EVENT_ON_HEADER, key=Server, value=Apache/2.4.58 (Unix) OpenSSL/1.1.1w PHP/8.2.12 mod_perl/2.0.12 Perl/v5.34.1[0m
[0m2024-01-06 11:45:22 | DEBUG | _http_event_handler:32 | HTTP_EVENT_ON_HEADER, key=X-Powered-By, value=PHP/8.2.12[0m
[0m2024-01-06 11:45:22 | DEBUG | _http_event_handler:32 | HTTP_EVENT_ON_HEADER, key=Content-Length, value=39[0m
[0m2024-01-06 11:45:22 | DEBUG | _http_event_handler:32 | HTTP_EVENT_ON_HEADER, key=Content-Type, value=text/html; charset=UTF-8[0m
[0m2024-01-06 11:45:22 | DEBUG | _http_event_handler:35 | HTTP_EVENT_ON_DATA, len=39[0m
[0m2024-01-06 11:45:22 | DEBUG | _http_event_handler:36 | HTTP_EVENT_ON_DATA, output_len=0[0m
[0m2024-01-06 11:45:22 | DEBUG | _http_event_handler:37 | HTTP_EVENT_ON_DATA, content_length=39[0m
[0m2024-01-06 11:45:22 | DEBUG | _http_event_handler:55 | HTTP_EVENT_ON_FINISH[0m
[0m2024-01-06 11:45:22 | DEBUG | http_client_post:117 | HTTP GET Status = 200, content_length = 1073428928[0m
[0;32m2024-01-06 11:45:22 | INFO  | http_client_post:120 | 
data stored in a database successfully.[0m
[0m2024-01-06 11:45:27 | DEBUG | inspect_task:69 | Currently available heap: 216136[0m
[0m2024-01-06 11:45:27 | DEBUG | inspect_task:70 | The minimum heap size that was ever available: 204508[0m
[0m2024-01-06 11:45:32 | DEBUG | inspect_task:69 | Currently available heap: 216260[0m
[0m2024-01-06 11:45:32 | DEBUG | inspect_task:70 | The minimum heap size that was ever available: 204508[0m
[0m2024-01-06 11:45:37 | DEBUG | inspect_task:69 | Currently available heap: 216260[0m
[0m2024-01-06 11:45:37 | DEBUG | inspect_task:70 | The minimum heap size that was ever available: 204508[0m
[0m2024-01-06 11:45:42 | DEBUG | inspect_task:69 | Currently available heap: 216260[0m
[0m2024-01-06 11:45:42 | DEBUG | inspect_task:70 | The minimum heap size that was ever available: 204508[0m
[0m2024-01-06 11:45:47 | DEBUG | inspect_task:69 | Currently available heap: 216136[0m
[0m2024-01-06 11:45:47 | DEBUG | inspect_task:70 | The minimum heap size that was ever available: 204508[0m
[0m2024-01-06 11:45:52 | DEBUG | inspect_task:69 | Currently available heap: 216260[0m
[0m2024-01-06 11:45:52 | DEBUG | inspect_task:70 | The minimum heap size that was ever available: 204508[0m
[0m2024-01-06 11:45:52 | DEBUG | bmp_i2c_readout:333 | reading temperature of BMP280 device...[0m
[0m2024-01-06 11:45:52 | DEBUG | bmp_i2c_readout:337 | reading pressure of BMP280 device...[0m
[0;32m2024-01-06 11:45:52 | INFO  | log_task:52 | temperature: 21.11 C[0m
[0;32m2024-01-06 11:45:52 | INFO  | log_task:53 | pressure: 965.28hPa[0m
[0;32m2024-01-06 11:45:52 | INFO  | log_task:54 | altitude: 407.17 m. n. p. m.[0m
[0m2024-01-06 11:45:52 | DEBUG | log_task:56 | data to send to database: device id=1&temperature=21.11[0m
[0;32m2024-01-06 11:45:52 | INFO  | http_client_post:102 | making POST request to address: http://192.168.100.146:8081/bmp280/temperature.php[0m
[0m2024-01-06 11:45:52 | DEBUG | _http_event_handler:26 | HTTP_EVENT_ON_CONNECTED[0m
[0m2024-01-06 11:45:52 | DEBUG | _http_event_handler:29 | HTTP_EVENT_HEADER_SENT[0m
[0m2024-01-06 11:45:52 | DEBUG | _http_event_handler:32 | HTTP_EVENT_ON_HEADER, key=Date, value=Sat, 06 Jan 2024 11:45:52 GMT[0m
[0m2024-01-06 11:45:52 | DEBUG | _http_event_handler:32 | HTTP_EVENT_ON_HEADER, key=Server, value=Apache/2.4.58 (Unix) OpenSSL/1.1.1w PHP/8.2.12 mod_perl/2.0.12 Perl/v5.34.1[0m
[0m2024-01-06 11:45:52 | DEBUG | _http_event_handler:32 | HTTP_EVENT_ON_HEADER, key=X-Powered-By, value=PHP/8.2.12[0m
[0m2024-01-06 11:45:52 | DEBUG | _http_event_handler:32 | HTTP_EVENT_ON_HEADER, key=Content-Length, value=39[0m
[0m2024-01-06 11:45:52 | DEBUG | _http_event_handler:32 | HTTP_EVENT_ON_HEADER, key=Content-Type, value=text/html; charset=UTF-8[0m
[0m2024-01-06 11:45:52 | DEBUG | _http_event_handler:35 | HTTP_EVENT_ON_DATA, len=39[0m
[0m2024-01-06 11:45:52 | DEBUG | _http_event_handler:36 | HTTP_EVENT_ON_DATA, output_len=0[0m
[0m2024-01-06 11:45:52 | DEBUG | _http_event_handler:37 | HTTP_EVENT_ON_DATA, content_length=39[0m
[0m2024-01-06 11:45:53 | DEBUG | _http_event_handler:55 | HTTP_EVENT_ON_FINISH[0m
[0m2024-01-06 11:45:53 | DEBUG | http_client_post:117 | HTTP GET Status = 200, content_length = 1073428928[0m
[0;32m2024-01-06 11:45:53 | INFO  | http_client_post:120 | 
data stored in a database successfully.[0m
[0m2024-01-06 11:45:57 | DEBUG | inspect_task:69 | Currently available heap: 213488[0m
[0m2024-01-06 11:45:57 | DEBUG | inspect_task:70 | The minimum heap size that was ever available: 204508[0m
[0m2024-01-06 11:46:02 | DEBUG | inspect_task:69 | Currently available heap: 213488[0m
[0m2024-01-06 11:46:02 | DEBUG | inspect_task:70 | The minimum heap size that was ever available: 204508[0m
[0m2024-01-06 11:46:07 | DEBUG | inspect_task:69 | Currently available heap: 213488[0m
[0m2024-01-06 11:46:07 | DEBUG | inspect_task:70 | The minimum heap size that was ever available: 204508[0m
[0m2024-01-06 11:46:12 | DEBUG | inspect_task:69 | Currently available heap: 213488[0m
[0m2024-01-06 11:46:12 | DEBUG | inspect_task:70 | The minimum heap size that was ever available: 204508[0m
[0m2024-01-06 11:46:17 | DEBUG | inspect_task:69 | Currently available heap: 213488[0m
[0m2024-01-06 11:46:17 | DEBUG | inspect_task:70 | The minimum heap size that was ever available: 204508[0m
[0m2024-01-06 11:46:22 | DEBUG | inspect_task:69 | Currently available heap: 213488[0m
[0m2024-01-06 11:46:22 | DEBUG | inspect_task:70 | The minimum heap size that was ever available: 204508[0m
[0m2024-01-06 11:46:23 | DEBUG | bmp_i2c_readout:333 | reading temperature of BMP280 device...[0m
[0m2024-01-06 11:46:23 | DEBUG | bmp_i2c_readout:337 | reading pressure of BMP280 device...[0m
[0;32m2024-01-06 11:46:23 | INFO  | log_task:52 | temperature: 21.11 C[0m
[0;32m2024-01-06 11:46:23 | INFO  | log_task:53 | pressure: 965.27hPa[0m
[0;32m2024-01-06 11:46:23 | INFO  | log_task:54 | altitude: 407.23 m. n. p. m.[0m
[0m2024-01-06 11:46:23 | DEBUG | log_task:56 | data to send to database: device id=1&temperature=21.11[0m
[0;32m2024-01-06 11:46:23 | INFO  | http_client_post:102 | making POST request to address: http://192.168.100.146:8081/bmp280/temperature.php[0m
[0m2024-01-06 11:46:23 | DEBUG | _http_event_handler:26 | HTTP_EVENT_ON_CONNECTED[0m
[0m2024-01-06 11:46:23 | DEBUG | _http_event_handler:29 | HTTP_EVENT_HEADER_SENT[0m
[0m2024-01-06 11:46:23 | DEBUG | _http_event_handler:32 | HTTP_EVENT_ON_HEADER, key=Date, value=Sat, 06 Jan 2024 11:46:23 GMT[0m
[0m2024-01-06 11:46:23 | DEBUG | _http_event_handler:32 | HTTP_EVENT_ON_HEADER, key=Server, value=Apache/2.4.58 (Unix) OpenSSL/1.1.1w PHP/8.2.12 mod_perl/2.0.12 Perl/v5.34.1[0m
[0m2024-01-06 11:46:23 | DEBUG | _http_event_handler:32 | HTTP_EVENT_ON_HEADER, key=X-Powered-By, value=PHP/8.2.12[0m
[0m2024-01-06 11:46:23 | DEBUG | _http_event_handler:32 | HTTP_EVENT_ON_HEADER, key=Content-Length, value=39[0m
[0m2024-01-06 11:46:23 | DEBUG | _http_event_handler:32 | HTTP_EVENT_ON_HEADER, key=Content-Type, value=text/html; charset=UTF-8[0m
[0m2024-01-06 11:46:23 | DEBUG | _http_event_handler:35 | HTTP_EVENT_ON_DATA, len=39[0m
[0m2024-01-06 11:46:23 | DEBUG | _http_event_handler:36 | HTTP_EVENT_ON_DATA, output_len=0[0m
[0m2024-01-06 11:46:23 | DEBUG | _http_event_handler:37 | HTTP_EVENT_ON_DATA, content_length=39[0m
[0m2024-01-06 11:46:23 | DEBUG | _http_event_handler:55 | HTTP_EVENT_ON_FINISH[0m
[0m2024-01-06 11:46:23 | DEBUG | http_client_post:117 | HTTP GET Status = 200, content_length = 1073428928[0m
[0;32m2024-01-06 11:46:23 | INFO  | http_client_post:120 | 
data stored in a database successfully.[0m
[0m2024-01-06 11:46:27 | DEBUG | inspect_task:69 | Currently available heap: 210704[0m
[0m2024-01-06 11:46:27 | DEBUG | inspect_task:70 | The minimum heap size that was ever available: 204508[0m
[0m2024-01-06 11:46:32 | DEBUG | inspect_task:69 | Currently available heap: 210704[0m
[0m2024-01-06 11:46:32 | DEBUG | inspect_task:70 | The minimum heap size that was ever available: 204508[0m
[0m2024-01-06 11:46:37 | DEBUG | inspect_task:69 | Currently available heap: 210704[0m
[0m2024-01-06 11:46:37 | DEBUG | inspect_task:70 | The minimum heap size that was ever available: 204508[0m
[0m2024-01-06 11:46:42 | DEBUG | inspect_task:69 | Currently available heap: 210704[0m
[0m2024-01-06 11:46:42 | DEBUG | inspect_task:70 | The minimum heap size that was ever available: 204508[0m
[0m2024-01-06 11:46:47 | DEBUG | inspect_task:69 | Currently available heap: 210580[0m
[0m2024-01-06 11:46:47 | DEBUG | inspect_task:70 | The minimum heap size that was ever available: 204508[0m
[0m2024-01-06 11:46:52 | DEBUG | inspect_task:69 | Currently available heap: 210704[0m
[0m2024-01-06 11:46:52 | DEBUG | inspect_task:70 | The minimum heap size that was ever available: 204508[0m
[0m2024-01-06 11:46:53 | DEBUG | bmp_i2c_readout:333 | reading temperature of BMP280 device...[0m
[0m2024-01-06 11:46:53 | DEBUG | bmp_i2c_readout:337 | reading pressure of BMP280 device...[0m
[0;32m2024-01-06 11:46:53 | INFO  | log_task:52 | temperature: 21.10 C[0m
[0;32m2024-01-06 11:46:53 | INFO  | log_task:53 | pressure: 965.29hPa[0m
[0;32m2024-01-06 11:46:53 | INFO  | log_task:54 | altitude: 407.13 m. n. p. m.[0m
[0m2024-01-06 11:46:53 | DEBUG | log_task:56 | data to send to database: device id=1&temperature=21.10[0m
[0;32m2024-01-06 11:46:53 | INFO  | http_client_post:102 | making POST request to address: http://192.168.100.146:8081/bmp280/temperature.php[0m
[0m2024-01-06 11:46:53 | DEBUG | _http_event_handler:26 | HTTP_EVENT_ON_CONNECTED[0m
[0m2024-01-06 11:46:53 | DEBUG | _http_event_handler:29 | HTTP_EVENT_HEADER_SENT[0m
[0m2024-01-06 11:46:53 | DEBUG | _http_event_handler:32 | HTTP_EVENT_ON_HEADER, key=Date, value=Sat, 06 Jan 2024 11:46:53 GMT[0m
[0m2024-01-06 11:46:53 | DEBUG | _http_event_handler:32 | HTTP_EVENT_ON_HEADER, key=Server, value=Apache/2.4.58 (Unix) OpenSSL/1.1.1w PHP/8.2.12 mod_perl/2.0.12 Perl/v5.34.1[0m
[0m2024-01-06 11:46:53 | DEBUG | _http_event_handler:32 | HTTP_EVENT_ON_HEADER, key=X-Powered-By, value=PHP/8.2.12[0m
[0m2024-01-06 11:46:53 | DEBUG | _http_event_handler:32 | HTTP_EVENT_ON_HEADER, key=Content-Length, value=39[0m

***ERROR*** A stack overflow in task log_task has been detected.


Backtrace: 0x40082aba:0x3ffc8b80 0x40089f41:0x3ffc8ba0 0x4008ceee:0x3ffc8bc0 0x4008b60f:0x3ffc8c40 0x4008d1c4:0x3ffc8c60 0x4008d176:0x3ffb3ee4 |<-CORRUPTED

  #0  0x40082aba:0x3ffc8b80 in panic_abort at /home/wmytych/.platformio/packages/framework-espidf/components/esp_system/panic.c:452
  #1  0x40089f41:0x3ffc8ba0 in esp_system_abort at /home/wmytych/.platformio/packages/framework-espidf/components/esp_system/port/esp_system_chip.c:84
  #2  0x4008ceee:0x3ffc8bc0 in vApplicationStackOverflowHook at /home/wmytych/.platformio/packages/framework-espidf/components/freertos/FreeRTOS-Kernel/portable/xtensa/port.c:581
  #3  0x4008b60f:0x3ffc8c40 in vTaskSwitchContext at /home/wmytych/.platformio/packages/framework-espidf/components/freertos/FreeRTOS-Kernel/tasks.c:3729
  #4  0x4008d1c4:0x3ffc8c60 in _frxt_dispatch at /home/wmytych/.platformio/packages/framework-espidf/components/freertos/FreeRTOS-Kernel/portable/xtensa/portasm.S:450
  #5  0x4008d176:0x3ffb3ee4 in _frxt_int_exit at /home/wmytych/.platformio/packages/framework-espidf/components/freertos/FreeRTOS-Kernel/portable/xtensa/portasm.S:245




ELF file SHA256: 87a5d8fa5a823444

Rebooting...
ets Jul 29 2019 12:21:46

rst:0xc (SW_CPU_RESET),boot:0x1e (SPI_FAST_FLASH_BOOT)
configsip: 0, SPIWP:0xee
clk_drv:0x00,q_drv:0x00,d_drv:0x00,cs0_drv:0x00,hd_drv:0x00,wp_drv:0x00
mode:DIO, clock div:2
load:0x3fff0030,len:7076
load:0x40078000,len:15584
ho 0 tail 12 room 4
load:0x40080400,len:4
load:0x40080404,len:3876
entry 0x4008064c
[0;32mI (31) boot: ESP-IDF 5.1.1 2nd stage bootloader[0m
[0;32mI (31) boot: compile time Jan  6 2024 10:48:43[0m
[0;32mI (31) boot: Multicore bootloader[0m
[0;32mI (35) boot: chip revision: v3.1[0m
[0;32mI (39) boot.esp32: SPI Speed      : 40MHz[0m
[0;32mI (44) boot.esp32: SPI Mode       : DIO[0m
[0;32mI (48) boot.esp32: SPI Flash Size : 4MB[0m
[0;32mI (53) boot: Enabling RNG early entropy source...[0m
[0;32mI (58) boot: Partition Table:[0m
[0;32mI (62) boot: ## Label            Usage          Type ST Offset   Length[0m
[0;32mI (69) boot:  0 nvs              WiFi data        01 02 00009000 00006000[0m
[0;32mI (76) boot:  1 phy_init         RF data          01 01 0000f000 00001000[0m
[0;32mI (84) boot:  2 factory          factory app      00 00 00010000 00100000[0m
[0;32mI (91) boot: End of partition table[0m
[0;32mI (96) esp_image: segment 0: paddr=00010020 vaddr=3f400020 size=2ce80h (183936) map[0m
[0;32mI (171) esp_image: segment 1: paddr=0003cea8 vaddr=3ffb0000 size=03170h ( 12656) load[0m
[0;32mI (176) esp_image: segment 2: paddr=00040020 vaddr=400d0020 size=aaf08h (700168) map[0m
[0;32mI (429) esp_image: segment 3: paddr=000eaf30 vaddr=3ffb3170 size=006b8h (  1720) load[0m
[0;32mI (430) esp_image: segment 4: paddr=000eb5f0 vaddr=40080000 size=16c9ch ( 93340) load[0m
[0;32mI (485) boot: Loaded app from partition at offset 0x10000[0m
[0;32mI (485) boot: Disabling RNG early entropy source...[0m
[0;32mI (497) cpu_start: Multicore app[0m
[0;32mI (497) cpu_start: Pro cpu up.[0m
[0;32mI (497) cpu_start: Starting app cpu, entry point is 0x40081f94[0m
[0;32mI (484) cpu_start: App cpu up.[0m
[0;32mI (515) cpu_start: Pro cpu start user code[0m
[0;32mI (515) cpu_start: cpu freq: 160000000 Hz[0m
[0;32mI (515) cpu_start: Application information:[0m
[0;32mI (520) cpu_start: Project name:     esp_startup[0m
[0;32mI (525) cpu_start: App version:      21e8f4e-dirty[0m
[0;32mI (531) cpu_start: Compile time:     Jan  6 2024 10:47:39[0m
[0;32mI (537) cpu_start: ELF file SHA256:  87a5d8fa5a823444...[0m
[0;32mI (543) cpu_start: ESP-IDF:          5.1.1[0m
[0;32mI (547) cpu_start: Min chip rev:     v0.0[0m
[0;32mI (552) cpu_start: Max chip rev:     v3.99 [0m
[0;32mI (557) cpu_start: Chip rev:         v3.1[0m
[0;32mI (562) heap_init: Initializing. RAM available for dynamic allocation:[0m
[0;32mI (569) heap_init: At 3FFAE6E0 len 00001920 (6 KiB): DRAM[0m
[0;32mI (575) heap_init: At 3FFB82E8 len 00027D18 (159 KiB): DRAM[0m
[0;32mI (581) heap_init: At 3FFE0440 len 00003AE0 (14 KiB): D/IRAM[0m
[0;32mI (588) heap_init: At 3FFE4350 len 0001BCB0 (111 KiB): D/IRAM[0m
[0;32mI (594) heap_init: At 40096C9C len 00009364 (36 KiB): IRAM[0m
[0;32mI (602) spi_flash: detected chip: generic[0m
[0;32mI (605) spi_flash: flash io: dio[0m
[0;32mI (610) app_start: Starting scheduler on CPU0[0m
[0;32mI (614) app_start: Starting scheduler on CPU1[0m
[0;32mI (614) main_task: Started on CPU0[0m
[0;32mI (624) main_task: Calling app_main()[0m
[0m2024-01-06 11:46:53 | DEBUG | wifi_c_init_netif:150 | netif initialized as STA[0m
I (764) wifi:wifi driver task: 3ffc050c, prio:23, stack:6656, core=0
I (774) wifi:wifi firmware version: ce9244d
I (774) wifi:wifi certification version: v7.0
I (784) wifi:config NVS flash: enabled
I (784) wifi:config nano formating: disabled
I (784) wifi:Init data frame dynamic rx buffer num: 32
I (784) wifi:Init management frame dynamic rx buffer num: 32
I (794) wifi:Init management short buffer num: 32
I (794) wifi:Init dynamic tx buffer num: 32
I (804) wifi:Init static rx buffer size: 2212
I (804) wifi:Init static rx buffer num: 10
I (814) wifi:Init dynamic rx buffer num: 32
[0;32mI (814) wifi_init: rx ba win: 6[0m
[0;32mI (814) wifi_init: tcpip mbox: 32[0m
[0;32mI (824) wifi_init: udp mbox: 6[0m
[0;32mI (824) wifi_init: tcp mbox: 6[0m
[0;32mI (824) wifi_init: tcp tx win: 5744[0m
[0;32mI (834) wifi_init: tcp rx win: 5744[0m
[0;32mI (834) wifi_init: tcp mss: 1440[0m
[0;32mI (844) wifi_init: WiFi IRAM OP enabled[0m
[0;32mI (844) wifi_init: WiFi RX IRAM OP enabled[0m
[0;32m2024-01-06 11:46:53 | INFO  | wifi_c_init_wifi:241 | Wifi initialized.[0m
[0;32mI (854) phy_init: phy_version 4670,719f9f6,Feb 18 2021,17:07:07[0m
I (964) wifi:mode : sta (08:3a:8d:0a:f6:18)
I (964) wifi:enable tsf
[0;32m2024-01-06 11:46:53 | INFO  | wifi_c_sta_event_handler:91 | Station started, connecting to WiFi.[0m
[0m2024-01-06 11:46:53 | DEBUG | wifi_c_init_wifi:245 | wifi successfully initialized[0m
[0m2024-01-06 11:46:53 | DEBUG | wifi_c_start_sta:366 | WiFi successfully configured as STA.[0m
I (3414) wifi:new:<8,0>, old:<1,0>, ap:<255,255>, sta:<8,0>, prof:1
I (4594) wifi:state: init -> auth (b0)
I (4604) wifi:state: auth -> assoc (0)
I (4614) wifi:state: assoc -> run (10)
I (4714) wifi:connected with OstNet-952235, aid = 3, channel 8, BW20, bssid = c4:b8:b4:e8:a3:5f
I (4724) wifi:security: WPA2-PSK, phy: bgn, rssi: -51
I (4734) wifi:pm start, type: 1

I (4804) wifi:AP's beacon interval = 102400 us, DTIM period = 1
I (4914) wifi:<ba-add>idx:0 (ifx:0, c4:b8:b4:e8:a3:5f), tid:0, ssn:2, winSize:64
[0;32m2024-01-06 11:47:00 | INFO  | wifi_c_sta_event_handler:105 | Got IP:192.168.100.115[0m
[0;32mI (7734) esp_netif_handlers: sta ip: 192.168.100.115, mask: 255.255.255.0, gw: 192.168.100.1[0m
[0m2024-01-06 11:47:00 | DEBUG | wifi_c_check_sta_connection_result:117 | WIFI_C_CONNECTED_BIT is set![0m
[0;32m2024-01-06 11:47:00 | INFO  | app_main:101 | Connected to wifi, current ip: 192.168.100.115[0m
[0m2024-01-06 11:47:00 | DEBUG | tcp_create_socket:168 | preparing socket...[0m
[0m2024-01-06 11:47:00 | DEBUG | tcp_create_socket:175 | created socket: 54[0m
[0m2024-01-06 11:47:00 | DEBUG | tcp_prepare_address:211 | preparing address...[0m
[0m2024-01-06 11:47:00 | DEBUG | tcp_prepare_address:220 | prepared address 192.168.100.115:27015[0m
[0m2024-01-06 11:47:00 | DEBUG | tcp_bind_socket:232 | binding socket: 54 to address: 192.168.100.115:34665[0m
[0m2024-01-06 11:47:00 | DEBUG | tcp_bind_socket:242 | socket: 54 bound to address: 192.168.100.115:27015[0m
[0m2024-01-06 11:47:00 | DEBUG | tcp_socket_listen:253 | trying to listen on socket: 54[0m
[0;32m2024-01-06 11:47:00 | INFO  | tcp_socket_listen:260 | listening on socket: 192.168.100.115:27015[0m
[0;32m2024-01-06 11:47:00 | INFO  | cli_set_remote_logging:63 | Connect to device on IP 192.168.100.115 with port 27015 to capture logs.[0m
I (10664) wifi:<ba-add>idx:1 (ifx:0, c4:b8:b4:e8:a3:5f), tid:5, ssn:1, winSize:64
