 ï¿½ï¿½ï¿½ï¿½ï¿½}ï¿½ï¿½ï¿½ï¿½ï¿½ï¿½ï¿½}Í•ï¿½Ù•ï¿½}ï¿½ï¿½ï¿½ï¿½é’ªï¿½ï¿½Bï¿½ï¿½ï¿½ï¿½ï¿½ï¿½ï¿½Ù•Éï¿½Ñ…ï¿½Ñ•ï¿½mï¿½ï¿½j5RÚ´Úšï¿½j%ï¿½Bï¿½ï¿½ï¿½ï¿½ï¿½Jjï¿½ï¿½ï¿½}Ñ…Í­ï¿½ï¿½Uï¿½ï¿½É¹ï¿½ï¿½ï¿½2É½ï¿½ï¿½
ï¿½ï¿½}ï¿½ï¿½ï¿½ï¿½ï¿½JÚ´j5Rï¿½[0m2024-01-16 22:02:13 | DEBUG | inspect_task:97 | Currently available heap: 202056[0m
[0m2024-01-16 22:02:13 | DEBUG | inspect_task:98 | The minimum heap size that was ever available: 197296[0m
[0m2024-01-16 22:02:18 | DEBUG | inspect_task:97 | Currently available heap: 202056[0m
[0m2024-01-16 22:02:18 | DEBUG | inspect_task:98 | The minimum heap size that was ever available: 197296[0m
[0m2024-01-16 22:02:23 | DEBUG | inspect_task:97 | Currently available heap: 202056[0m
[0m2024-01-16 22:02:23 | DEBUG | inspect_task:98 | The minimum heap size that was ever available: 197296[0m
[0m2024-01-16 22:02:28 | DEBUG | inspect_task:97 | Currently available heap: 202056[0m
[0m2024-01-16 22:02:28 | DEBUG | inspect_task:98 | The minimum heap size that was ever available: 197296[0m
[0m2024-01-16 22:02:33 | DEBUG | inspect_task:97 | Currently available heap: 202056[0m
[0m2024-01-16 22:02:33 | DEBUG | inspect_task:98 | The minimum heap size that was ever available: 197296[0m
[0m2024-01-16 22:02:38 | DEBUG | inspect_task:97 | Currently available heap: 202056[0m
[0m2024-01-16 22:02:38 | DEBUG | inspect_task:98 | The minimum heap size that was ever available: 197296[0m
[0m2024-01-16 22:02:43 | DEBUG | inspect_task:97 | Currently available heap: 202056[0m
[0m2024-01-16 22:02:43 | DEBUG | inspect_task:98 | The minimum heap size that was ever available: 197296[0m
[0m2024-01-16 22:02:48 | DEBUG | inspect_task:97 | Currently available heap: 202056[0m
[0m2024-01-16 22:02:48 | DEBUG | inspect_task:98 | The minimum heap size that was ever available: 197296[0m
[0m2024-01-16 22:02:53 | DEBUG | inspect_task:97 | Currently available heap: 202056[0m
[0m2024-01-16 22:02:53 | DEBUG | inspect_task:98 | The minimum heap size that was ever available: 197296[0m
[0m2024-01-16 22:02:58 | DEBUG | inspect_task:97 | Currently available heap: 202076[0m
[0m2024-01-16 22:02:58 | DEBUG | inspect_task:98 | The minimum heap size that was ever available: 197296[0m
[0m2024-01-16 22:03:00 | DEBUG | root_handler:64 | serving GET "/" request...[0m
[0m2024-01-16 22:03:00 | DEBUG | script_handler:85 | serving GET "/code.js" request...[0m
[0m2024-01-16 22:03:01 | DEBUG | state_json_handler:112 | serving GET "/state" request...[0m
[0m2024-01-16 22:03:01 | DEBUG | wifi_c_get_status_as_json:236 | storing wifi_c_status structure as JSON string...[0m
[0m2024-01-16 22:03:01 | DEBUG | ap_json_handler:96 | serving GET "/scan" request...[0m
[0m2024-01-16 22:03:01 | DEBUG | wifi_c_scan_all_ap:488 | scanning for Access Points...[0m
[0m2024-01-16 22:03:03 | DEBUG | inspect_task:97 | Currently available heap: 188616[0m
[0m2024-01-16 22:03:03 | DEBUG | inspect_task:98 | The minimum heap size that was ever available: 186828[0m
[0;32m2024-01-16 22:03:04 | INFO  | wifi_c_ap_event_handler:81 | Total APs scanned: 30[0m
[0m2024-01-16 22:03:04 | DEBUG | wifi_manager_fetch_ap_list:27 | wifi manager scan complete, scanned: 57856 APs[0m
[0m2024-01-16 22:03:08 | DEBUG | inspect_task:97 | Currently available heap: 193516[0m
[0m2024-01-16 22:03:08 | DEBUG | inspect_task:98 | The minimum heap size that was ever available: 185320[0m
[0m2024-01-16 22:03:13 | DEBUG | inspect_task:97 | Currently available heap: 193516[0m
[0m2024-01-16 22:03:13 | DEBUG | inspect_task:98 | The minimum heap size that was ever available: 185320[0m
[0m2024-01-16 22:03:17 | DEBUG | connect_handler:134 | serving POST "/connect" request...[0m
[0;32m2024-01-16 22:03:17 | INFO  | connect_handler:168 | Received APs credentials!
	SSID: TP-LINK_AD8313
	Password: 20232887[0m
[0;33m2024-01-16 22:03:17 | WARN  | lib/wifi_manager/src/wifi_http_server.c:171 | connect_handler:171 | Got access point credentials, device will now restart![0m
[0m2024-01-16 22:03:18 | DEBUG | inspect_task:97 | Currently available heap: 193648[0m
[0m2024-01-16 22:03:18 | DEBUG | inspect_task:98 | The minimum heap size that was ever available: 185320[0m
I (77608) wifi:state: run -> init (0)
I (77608) wifi:pm stop, total sleep time: 62304432 us / 72376489 us

I (77608) wifi:<ba-del>idx:0, tid:0
I (77608) wifi:new:<11,0>, old:<11,2>, ap:<11,2>, sta:<11,2>, prof:1
[0m2024-01-16 22:03:18 | DEBUG | wifi_c_start_sta:414 | WiFi successfully configured as STA.[0m
E (77658) wifi:sta is connecting, return error
E (77658) wifi:sta is connecting, return error
[0;31m2024-01-16 22:03:18 | ERROR | lib/wifi_controller/src/wifi_controller.c:451 | wifi_c_start_sta:451 | Error when starting STA: 12295, 
ESP-IDF error: ESP_ERR_WIFI_CONN[0m
[0;33m2024-01-16 22:03:18 | WARN  | lib/wifi_controller/src/wifi_controller.c:99 | wifi_c_sta_event_handler:99 | Failed to connect to AP, trying again.[0m
[0;33mW (77698) httpd_txrx: httpd_sock_err: error in recv : 113[0m
[0;33mW (77698) httpd_txrx: httpd_sock_err: error in recv : 113[0m
I (80498) wifi:new:<11,2>, old:<11,0>, ap:<11,2>, sta:<11,2>, prof:1
I (81738) wifi:state: init -> auth (b0)
I (81748) wifi:state: auth -> assoc (0)
I (81748) wifi:state: assoc -> run (10)
I (81768) wifi:connected with TP-LINK_AD8313, aid = 4, channel 11, 40D, bssid = 84:16:f9:ad:83:12
I (81768) wifi:security: WPA2-PSK, phy: bgn, rssi: -40
I (81778) wifi:pm start, type: 1

I (81788) wifi:<ba-add>idx:0 (ifx:0, 84:16:f9:ad:83:12), tid:0, ssn:0, winSize:64
I (81798) wifi:AP's beacon interval = 102400 us, DTIM period = 1
[0m2024-01-16 22:03:23 | DEBUG | inspect_task:97 | Currently available heap: 194304[0m
[0m2024-01-16 22:03:23 | DEBUG | inspect_task:98 | The minimum heap size that was ever available: 177660[0m
[0;32m2024-01-16 22:03:23 | INFO  | wifi_c_sta_event_handler:106 | Got IP:192.168.0.103[0m
[0;32mI (82778) esp_netif_handlers: sta ip: 192.168.0.103, mask: 255.255.255.0, gw: 192.168.0.1[0m
