I (1674) wifi:Total power save buffer number: 16
[0;32mI (1674) esp_netif_lwip: DHCP server started on interface WIFI_AP_DEF with IP: 192.168.4.1[0m
[0;32m1970-01-01 00:02:30 | INFO  | wifi_c_start_ap:369 | Started AP: 
SSID: ESP32 
Password: 12345678[0m
[0m1970-01-01 00:02:30 | DEBUG | wifi_manager_server_init:340 | http server started[0m
[0;32mI (1694) main_task: Returned from app_main()[0m
[0m1970-01-01 00:02:34 | DEBUG | inspect_task:97 | Currently available heap: 211420[0m
[0m1970-01-01 00:02:34 | DEBUG | inspect_task:98 | The minimum heap size that was ever available: 206688[0m
[0m1970-01-01 00:02:39 | DEBUG | inspect_task:97 | Currently available heap: 211412[0m
[0m1970-01-01 00:02:39 | DEBUG | inspect_task:98 | The minimum heap size that was ever available: 206688[0m
[0m1970-01-01 00:02:44 | DEBUG | inspect_task:97 | Currently available heap: 211412[0m
[0m1970-01-01 00:02:44 | DEBUG | inspect_task:98 | The minimum heap size that was ever available: 206688[0m
[0m1970-01-01 00:02:49 | DEBUG | inspect_task:97 | Currently available heap: 211412[0m
[0m1970-01-01 00:02:49 | DEBUG | inspect_task:98 | The minimum heap size that was ever available: 206688[0m
[0m1970-01-01 00:02:54 | DEBUG | inspect_task:97 | Currently available heap: 211412[0m
[0m1970-01-01 00:02:54 | DEBUG | inspect_task:98 | The minimum heap size that was ever available: 206688[0m
[0m1970-01-01 00:02:59 | DEBUG | inspect_task:97 | Currently available heap: 211412[0m
[0m1970-01-01 00:02:59 | DEBUG | inspect_task:98 | The minimum heap size that was ever available: 206688[0m
I (31884) wifi:new:<1,1>, old:<1,1>, ap:<1,1>, sta:<0,0>, prof:1
I (31884) wifi:station: 10:02:b5:33:2e:17 join, AID=1, bgn, 40U
[0;32m1970-01-01 00:03:00 | INFO  | wifi_c_ap_event_handler:84 | Station 10:02:b5:33:2e:17 joined, AID=1[0m
[0;32mI (32004) esp_netif_lwip: DHCP server assigned IP to a client, IP is: 192.168.4.2[0m
[0m1970-01-01 00:03:04 | DEBUG | inspect_task:97 | Currently available heap: 209328[0m
[0m1970-01-01 00:03:04 | DEBUG | inspect_task:98 | The minimum heap size that was ever available: 205148[0m
[0m1970-01-01 00:03:09 | DEBUG | inspect_task:97 | Currently available heap: 209328[0m
[0m1970-01-01 00:03:09 | DEBUG | inspect_task:98 | The minimum heap size that was ever available: 205148[0m
[0m1970-01-01 00:03:09 | DEBUG | root_handler:65 | serving GET "/" request...[0m
[0m1970-01-01 00:03:09 | DEBUG | script_handler:86 | serving GET "/code.js" request...[0m
I (41304) wifi:<ba-add>idx:2 (ifx:1, 10:02:b5:33:2e:17), tid:0, ssn:39, winSize:64
[0m1970-01-01 00:03:10 | DEBUG | state_json_handler:113 | serving GET "/state" request...[0m
[0m1970-01-01 00:03:10 | DEBUG | wifi_c_get_status_as_json:245 | storing wifi_c_status structure as JSON string...[0m
[0m1970-01-01 00:03:10 | DEBUG | wifi_c_get_status_as_json:261 | wifi_c_status structure as JSON: 
{"wifi_initialized": true, "netif_initialized":true, "wifi_mode": "WIFI_C_MODE_APSTA", "event_loop_started": true, "sta_started": true, "ap_started": true, "scan_done": false, "sta_connected":false, "sta_ip": "", "sta_ssid": "", "ap_ip": "192.168.4.1", "ap_ssid": "ESP32"}[0m
[0m1970-01-01 00:03:10 | DEBUG | ap_json_handler:97 | serving GET "/scan" request...[0m
[0m1970-01-01 00:03:10 | DEBUG | wifi_c_scan_all_ap:516 | scanning for Access Points...[0m
[0;32m1970-01-01 00:03:13 | INFO  | wifi_c_ap_event_handler:91 | Total APs scanned: 10[0m
[0m1970-01-01 00:03:13 | DEBUG | wifi_manager_fetch_ap_list:141 | wifi manager scan complete, scanned: 34688 APs[0m
[0m1970-01-01 00:03:13 | DEBUG | saved_ap_json_handler:187 | serving GET "/saved_ap" request...[0m
[0m1970-01-01 00:03:13 | DEBUG | nvs_c_open_read_only:79 | opened namespace nvs for read only operations[0m
[0;31m1970-01-01 00:03:13 | ERROR | lib/nvs_controller/src/nvs_controller.c:127 | nvs_c_read_string:127 | error 4354 when writing data with key: ssid into nvs namespace: ESP_ERR_NVS_NOT_FOUND[0m
[0;31m1970-01-01 00:03:13 | ERROR | lib/nvs_controller/src/nvs_controller.c:127 | nvs_c_read_string:127 | error 4354 when writing data with key: ssid into nvs namespace: ESP_ERR_NVS_NOT_FOUND[0m
[0;33m1970-01-01 00:03:13 | WARN  | lib/wifi_manager/src/wifi_manager.c:90 | wifi_manager_get_stored_ap:90 | Cannot find any stored AP in NVS[0m
[0;33m1970-01-01 00:03:13 | WARN  | lib/wifi_manager/src/wifi_manager.c:26 | wifi_manager_get_stored_ap_as_json:26 | not found any stored AP, generating empty list message...[0m
[0m1970-01-01 00:03:14 | DEBUG | inspect_task:97 | Currently available heap: 192900[0m
[0m1970-01-01 00:03:14 | DEBUG | inspect_task:98 | The minimum heap size that was ever available: 191196[0m
[0;32m1970-01-01 00:03:16 | INFO  | wifi_c_ap_event_handler:88 | Station 10:02:b5:33:2e:17 left, AID=1[0m
I (47674) wifi:starting SA query procedure with STA(10:02:b5:33:2e:17)
I (47674) wifi:Send SA Query req with transaction id 6bc4
I (47874) wifi:Send SA Query req with transaction id 6bc5
I (48074) wifi:Send SA Query req with transaction id 6bc6
I (48274) wifi:Send SA Query req with transaction id 6bc7
I (48474) wifi:Send SA Query req with transaction id 6bc8
I (48674) wifi:Send SA Query req with transaction id 6bc9
I (48694) wifi:STA not responded to 6 SA Query attempts, Reset connection sending disassoc
I (48844) wifi:station: 10:02:b5:33:2e:17 leave, AID = 1, bss_flags is 134259, bss:0x3fc9a550
I (48844) wifi:new:<1,0>, old:<1,1>, ap:<1,1>, sta:<0,0>, prof:1
I (48844) wifi:<ba-del>idx:2, tid:0
[0;32m1970-01-01 00:03:17 | INFO  | wifi_c_ap_event_handler:88 | Station 10:02:b5:33:2e:17 left, AID=1[0m
I (49234) wifi:new:<1,1>, old:<1,0>, ap:<1,1>, sta:<0,0>, prof:1
I (49234) wifi:station: 10:02:b5:33:2e:17 join, AID=1, bgn, 40U
[0;32m1970-01-01 00:03:17 | INFO  | wifi_c_ap_event_handler:84 | Station 10:02:b5:33:2e:17 joined, AID=1[0m
I (49334) wifi:station: 10:02:b5:33:2e:17 leave, AID = 1, bss_flags is 134243, bss:0x3fc9a4f4
I (49344) wifi:new:<1,0>, old:<1,1>, ap:<1,1>, sta:<0,0>, prof:1
[0;32m1970-01-01 00:03:18 | INFO  | wifi_c_ap_event_handler:88 | Station 10:02:b5:33:2e:17 left, AID=1[0m
[0m1970-01-01 00:03:19 | DEBUG | inspect_task:97 | Currently available heap: 195004[0m
[0m1970-01-01 00:03:19 | DEBUG | inspect_task:98 | The minimum heap size that was ever available: 190724[0m
I (50704) wifi:new:<1,1>, old:<1,0>, ap:<1,1>, sta:<0,0>, prof:1
I (50704) wifi:station: 10:02:b5:33:2e:17 join, AID=1, bgn, 40U
[0;32m1970-01-01 00:03:19 | INFO  | wifi_c_ap_event_handler:84 | Station 10:02:b5:33:2e:17 joined, AID=1[0m
I (50774) wifi:station: 10:02:b5:33:2e:17 leave, AID = 1, bss_flags is 134243, bss:0x3fc9a4f4
I (50774) wifi:new:<1,0>, old:<1,1>, ap:<1,1>, sta:<0,0>, prof:1
[0;32m1970-01-01 00:03:19 | INFO  | wifi_c_ap_event_handler:88 | Station 10:02:b5:33:2e:17 left, AID=1[0m
I (52074) wifi:new:<1,1>, old:<1,0>, ap:<1,1>, sta:<0,0>, prof:1
I (52084) wifi:station: 10:02:b5:33:2e:17 join, AID=1, bgn, 40U
[0;32m1970-01-01 00:03:20 | INFO  | wifi_c_ap_event_handler:84 | Station 10:02:b5:33:2e:17 joined, AID=1[0m
[0;32mI (52194) esp_netif_lwip: DHCP server assigned IP to a client, IP is: 192.168.4.2[0m
I (52384) wifi:<ba-add>idx:2 (ifx:1, 10:02:b5:33:2e:17), tid:0, ssn:17, winSize:64
[0m1970-01-01 00:03:24 | DEBUG | inspect_task:97 | Currently available heap: 199164[0m
[0m1970-01-01 00:03:24 | DEBUG | inspect_task:98 | The minimum heap size that was ever available: 188924[0m
[0m1970-01-01 00:03:29 | DEBUG | inspect_task:97 | Currently available heap: 199164[0m
[0m1970-01-01 00:03:29 | DEBUG | inspect_task:98 | The minimum heap size that was ever available: 188924[0m
[0m1970-01-01 00:03:29 | DEBUG | connect_handler:135 | serving POST "/connect" request...[0m
[0;32m1970-01-01 00:03:29 | INFO  | connect_handler:169 | Received APs credentials!
	SSID: TP-LINK_AD8313
	Password: 12345678903[0m
[0;33m1970-01-01 00:03:29 | WARN  | lib/wifi_manager/src/wifi_http_server.c:173 | connect_handler:173 | Got access point credentials, device will now restart![0m
[0m1970-01-01 00:03:29 | DEBUG | nvs_c_open:55 | opened namespace nvs for read and write operations[0m
[0;32m1970-01-01 00:03:29 | INFO  | nvs_c_write_string:115 | written 14 bytes data into namespace nvs[0m
[0;32m1970-01-01 00:03:29 | INFO  | nvs_c_write_string:115 | written 11 bytes data into namespace nvs[0m
[0m1970-01-01 00:03:29 | DEBUG | nvs_c_close:88 | nvs namespace: nvs was closed[0m
[0m1970-01-01 00:03:29 | DEBUG | wifi_manager_store_ap:65 | stored AP SSID and password in NVS:
SSID: TP-LINK_AD8313
Password: 12345678903[0m
I (61294) wifi:station: 10:02:b5:33:2e:17 leave, AID = 1, bss_flags is 134243, bss:0x3fc9a4f4
I (61294) wifi:new:<1,0>, old:<1,1>, ap:<1,1>, sta:<0,0>, prof:1
I (61294) wifi:<ba-del>idx:2, tid:0
[0;32m1970-01-01 00:03:29 | INFO  | wifi_c_ap_event_handler:88 | Station 10:02:b5:33:2e:17 left, AID=1[0m
I (61364) wifi:flush txq
I (61364) wifi:stop sw txq
I (61364) wifi:lmac stop hw txq
[31;1;4m1970-01-01 00:03:30 | FATAL | src/main.c     :104 | shutdown_handler:104 | FATAL ERROR - RESTARTING ESP DEVICE![0m
ESP-ROM:esp32c3-api1-20210207
Build:Feb  7 2021
rst:0x3 (RTC_SW_SYS_RST),boot:0xf (SPI_FAST_FLASH_BOOT)
Saved PC:0x40048b82
SPIWP:0xee
mode:DIO, clock div:1
load:0x3fcd5820,len:0x1704
load:0x403cc710,len:0x968
load:0x403ce710,len:0x2f68
entry 0x403cc710
[0;32mI (24) boot: ESP-IDF 5.1.1 2nd stage bootloader[0m
[0;32mI (24) boot: compile time Jan 20 2024 10:36:22[0m
[0;32mI (24) boot: chip revision: v0.4[0m
[0;32mI (27) boot.esp32c3: SPI Speed      : 80MHz[0m
[0;32mI (32) boot.esp32c3: SPI Mode       : DIO[0m
[0;32mI (36) boot.esp32c3: SPI Flash Size : 4MB[0m
[0;32mI (41) boot: Enabling RNG early entropy source...[0m
[0;32mI (46) boot: Partition Table:[0m
[0;32mI (50) boot: ## Label            Usage          Type ST Offset   Length[0m
[0;32mI (57) boot:  0 nvs              WiFi data        01 02 00009000 00004000[0m
[0;32mI (65) boot:  1 otadata          OTA data         01 00 0000d000 00002000[0m
[0;32mI (72) boot:  2 phy_init         RF data          01 01 0000f000 00001000[0m
[0;32mI (80) boot:  3 factory          OTA app          00 10 00010000 00100000[0m
[0;32mI (87) boot:  4 ota_1            OTA app          00 11 00110000 00100000[0m
[0;32mI (95) boot:  5 storage          Unknown data     01 82 00210000 000f0000[0m
[0;32mI (102) boot: End of partition table[0m
[0;32mI (106) esp_image: segment 0: paddr=00010020 vaddr=3c0b0020 size=25d18h (154904) map[0m
[0;32mI (140) esp_image: segment 1: paddr=00035d40 vaddr=3fc90800 size=029e0h ( 10720) load[0m
[0;32mI (142) esp_image: segment 2: paddr=00038728 vaddr=40380000 size=078f0h ( 30960) load[0m
[0;32mI (151) esp_image: segment 3: paddr=00040020 vaddr=42000020 size=a117ch (659836) map[0m
[0;32mI (259) esp_image: segment 4: paddr=000e11a4 vaddr=403878f0 size=08e38h ( 36408) load[0m
[0;32mI (271) boot: Loaded app from partition at offset 0x10000[0m
[0;32mI (272) boot: Disabling RNG early entropy source...[0m
[0;32mI (283) cpu_start: Unicore app[0m
[0;32mI (283) cpu_start: Pro cpu up.[0m
[0;32mI (292) cpu_start: Pro cpu start user code[0m
[0;32mI (292) cpu_start: cpu freq: 160000000 Hz[0m
[0;32mI (292) cpu_start: Application information:[0m
[0;32mI (295) cpu_start: Project name:     esp_startup[0m
[0;32mI (301) cpu_start: App version:      7ba5cd0-dirty[0m
[0;32mI (306) cpu_start: Compile time:     Jan 20 2024 10:34:02[0m
[0;32mI (312) cpu_start: ELF file SHA256:  21ce94a21d2f22b9...[0m
[0;32mI (318) cpu_start: ESP-IDF:          5.1.1[0m
[0;32mI (323) cpu_start: Min chip rev:     v0.3[0m
[0;32mI (328) cpu_start: Max chip rev:     v0.99 [0m
[0;32mI (332) cpu_start: Chip rev:         v0.4[0m
[0;32mI (337) heap_init: Initializing. RAM available for dynamic allocation:[0m
[0;32mI (345) heap_init: At 3FC97CB0 len 00044A60 (274 KiB): DRAM[0m
[0;32mI (351) heap_init: At 3FCDC710 len 00002950 (10 KiB): STACK/DRAM[0m
[0;32mI (357) heap_init: At 50000010 len 00001FD8 (7 KiB): RTCRAM[0m
[0;32mI (364) spi_flash: detected chip: generic[0m
[0;32mI (368) spi_flash: flash io: dio[0m
[0;32mI (373) sleep: Configure to isolate all GPIO pins in sleep state[0m
[0;32mI (379) sleep: Enable automatic switching of GPIO sleep configuration[0m
[0;32mI (386) app_start: Starting scheduler on CPU0[0m
[0;32mI (391) main_task: Started on CPU0[0m
[0;32mI (391) main_task: Calling app_main()[0m
[0;32m1970-01-01 00:03:30 | INFO  | nvs_c_init_nvs:31 | nvs was initialized[0m
[0m1970-01-01 00:03:30 | DEBUG | inspect_task:97 | Currently available heap: 279308[0m
[0m1970-01-01 00:03:30 | DEBUG | inspect_task:98 | The minimum heap size that was ever available: 279308[0m
[0;32m1970-01-01 00:03:30 | INFO  | nvs_c_init_nvs:31 | nvs was initialized[0m
[0m1970-01-01 00:03:30 | DEBUG | wifi_c_init_netif:160 | netif initialized as STA[0m
[0;32mI (521) pp: pp rom version: 9387209[0m
[0;32mI (531) net80211: net80211 rom version: 9387209[0m
I (541) wifi:wifi driver task: 3fca169c, prio:23, stack:6656, core=0
I (541) wifi:wifi firmware version: ce9244d
I (541) wifi:wifi certification version: v7.0
I (541) wifi:config NVS flash: enabled
I (551) wifi:config nano formating: disabled
I (551) wifi:Init data frame dynamic rx buffer num: 32
I (561) wifi:Init management frame dynamic rx buffer num: 32
I (561) wifi:Init management short buffer num: 32
I (571) wifi:Init dynamic tx buffer num: 32
I (571) wifi:Init static tx FG buffer num: 2
I (571) wifi:Init static rx buffer size: 1600
I (581) wifi:Init static rx buffer num: 10
I (581) wifi:Init dynamic rx buffer num: 32
[0;32mI (591) wifi_init: rx ba win: 6[0m
[0;32mI (591) wifi_init: tcpip mbox: 32[0m
[0;32mI (591) wifi_init: udp mbox: 6[0m
[0;32mI (601) wifi_init: tcp mbox: 6[0m
[0;32mI (601) wifi_init: tcp tx win: 5744[0m
[0;32mI (611) wifi_init: tcp rx win: 5744[0m
[0;32mI (611) wifi_init: tcp mss: 1440[0m
[0;32mI (611) wifi_init: WiFi IRAM OP enabled[0m
[0;32mI (621) wifi_init: WiFi RX IRAM OP enabled[0m
[0;32m1970-01-01 00:03:30 | INFO  | wifi_c_init_wifi:309 | Wifi initialized.[0m
[0;32mI (641) phy_init: phy_version 970,1856f88,May 10 2023,17:44:12[0m
I (681) wifi:mode : sta (ec:da:3b:36:60:50)
I (681) wifi:enable tsf
[0;32m1970-01-01 00:03:30 | INFO  | wifi_c_sta_event_handler:102 | Station started, connecting to WiFi.[0m
[0m1970-01-01 00:03:30 | DEBUG | wifi_c_init_wifi:313 | wifi successfully initialized[0m
[0m1970-01-01 00:03:30 | DEBUG | nvs_c_open_read_only:79 | opened namespace nvs for read only operations[0m
[0;32m1970-01-01 00:03:30 | INFO  | nvs_c_read_string:131 | read 15 bytes from namespace: nvs[0m
[0m1970-01-01 00:03:30 | DEBUG | wifi_manager_get_stored_ap:79 | found stored SSID in NVS: TP-LINK_AD8313[0m
[0;32m1970-01-01 00:03:30 | INFO  | nvs_c_read_string:131 | read 12 bytes from namespace: nvs[0m
[0m1970-01-01 00:03:30 | DEBUG | wifi_manager_get_stored_ap:83 | found stored password in NVS: 12345678903[0m
[0m1970-01-01 00:03:30 | DEBUG | nvs_c_close:88 | nvs namespace: nvs was closed[0m
[0;32m1970-01-01 00:03:30 | INFO  | wifi_manager_init:232 | found stored AP, connecting to: TP-LINK_AD8313[0m
[0m1970-01-01 00:03:30 | DEBUG | wifi_c_start_sta:442 | WiFi successfully configured as STA.[0m
I (3171) wifi:new:<11,2>, old:<1,0>, ap:<255,255>, sta:<11,2>, prof:1
I (3861) wifi:state: init -> auth (b0)
I (3861) wifi:state: auth -> assoc (0)
I (3871) wifi:state: assoc -> run (10)
[0m1970-01-01 00:03:35 | DEBUG | inspect_task:97 | Currently available heap: 234392[0m
[0m1970-01-01 00:03:35 | DEBUG | inspect_task:98 | The minimum heap size that was ever available: 222468[0m
I (6881) wifi:state: run -> init (fc0)
I (6881) wifi:new:<11,0>, old:<11,2>, ap:<255,255>, sta:<11,2>, prof:1
I (6881) wifi:new:<11,2>, old:<11,0>, ap:<255,255>, sta:<11,2>, prof:1
I (6891) wifi:state: init -> auth (b0)
I (6891) wifi:state: auth -> init (2a0)
I (6891) wifi:new:<11,0>, old:<11,2>, ap:<255,255>, sta:<11,2>, prof:1
[0;33m1970-01-01 00:03:36 | WARN  | lib/wifi_controller/src/wifi_controller.c:109 | wifi_c_sta_event_handler:109 | Failed to connect to AP, trying again.[0m
[0;33m1970-01-01 00:03:39 | WARN  | lib/wifi_controller/src/wifi_controller.c:109 | wifi_c_sta_event_handler:109 | Failed to connect to AP, trying again.[0m
[0m1970-01-01 00:03:40 | DEBUG | inspect_task:97 | Currently available heap: 234428[0m
[0m1970-01-01 00:03:40 | DEBUG | inspect_task:98 | The minimum heap size that was ever available: 222468[0m
I (11711) wifi:new:<11,2>, old:<11,0>, ap:<255,255>, sta:<11,2>, prof:1
I (11721) wifi:state: init -> auth (b0)
I (11721) wifi:state: auth -> assoc (0)
I (11731) wifi:state: assoc -> run (10)
I (14741) wifi:state: run -> init (fc0)
I (14741) wifi:new:<11,0>, old:<11,2>, ap:<255,255>, sta:<11,2>, prof:1
I (14741) wifi:new:<11,2>, old:<11,0>, ap:<255,255>, sta:<11,2>, prof:1
I (14741) wifi:state: init -> auth (b0)
I (14751) wifi:state: auth -> init (2a0)
I (14751) wifi:new:<11,0>, old:<11,2>, ap:<255,255>, sta:<11,2>, prof:1
[0;33m1970-01-01 00:03:44 | WARN  | lib/wifi_controller/src/wifi_controller.c:109 | wifi_c_sta_event_handler:109 | Failed to connect to AP, trying again.[0m
[0m1970-01-01 00:03:45 | DEBUG | inspect_task:97 | Currently available heap: 234404[0m
[0m1970-01-01 00:03:45 | DEBUG | inspect_task:98 | The minimum heap size that was ever available: 222468[0m
[0;33m1970-01-01 00:03:47 | WARN  | lib/wifi_controller/src/wifi_controller.c:109 | wifi_c_sta_event_handler:109 | Failed to connect to AP, trying again.[0m
I (19571) wifi:new:<11,2>, old:<11,0>, ap:<255,255>, sta:<11,2>, prof:1
I (19571) wifi:state: init -> auth (b0)
I (19581) wifi:state: auth -> assoc (0)
I (19581) wifi:state: assoc -> run (10)
[0m1970-01-01 00:03:50 | DEBUG | inspect_task:97 | Currently available heap: 234392[0m
[0m1970-01-01 00:03:50 | DEBUG | inspect_task:98 | The minimum heap size that was ever available: 222468[0m
I (22591) wifi:state: run -> init (fc0)
I (22591) wifi:new:<11,0>, old:<11,2>, ap:<255,255>, sta:<11,2>, prof:1
I (22591) wifi:new:<11,2>, old:<11,0>, ap:<255,255>, sta:<11,2>, prof:1
I (22601) wifi:state: init -> auth (b0)
I (22601) wifi:state: auth -> init (2a0)
I (22601) wifi:new:<11,0>, old:<11,2>, ap:<255,255>, sta:<11,2>, prof:1
[0m1970-01-01 00:03:52 | DEBUG | wifi_c_check_sta_connection_result:131 | WIFI_C_CONNECT_FAIL_BIT is set![0m
[0m1970-01-01 00:03:52 | DEBUG | wifi_c_check_sta_connection_result:131 | WIFI_C_CONNECT_FAIL_BIT is set![0m
[0;31m1970-01-01 00:03:52 | ERROR | lib/wifi_controller/src/wifi_controller.c:473 | wifi_c_start_sta:473 | All attempts to connect to Wifi failed[0m
[0m1970-01-01 00:03:52 | DEBUG | wifi_manager_init:240 | wifi manager didn't find stored credentials or couldn't connect, starting AP and HTTP server...[0m
[0m1970-01-01 00:03:52 | DEBUG | wifi_c_deinit:763 | Deinitializing wifi_controller...[0m
I (22671) wifi:flush txq
I (22671) wifi:stop sw txq
I (22671) wifi:lmac stop hw txq
I (22671) wifi:Deinit lldesc rx mblock:10
[0;33m1970-01-01 00:03:52 | WARN  | lib/wifi_controller/src/wifi_controller.c:771 | wifi_c_deinit:771 | wifi_controller deinitialized[0m
[0m1970-01-01 00:03:52 | DEBUG | wifi_c_init_netif:170 | netif initialized as AP+STA[0m
[0;32mI (22701) pp: pp rom version: 9387209[0m
[0;32mI (22701) net80211: net80211 rom version: 9387209[0m
I (22721) wifi:wifi driver task: 3fca7358, prio:23, stack:6656, core=0
I (22721) wifi:wifi firmware version: ce9244d
I (22721) wifi:wifi certification version: v7.0
I (22721) wifi:config NVS flash: enabled
I (22721) wifi:config nano formating: disabled
I (22731) wifi:Init data frame dynamic rx buffer num: 32
I (22731) wifi:Init management frame dynamic rx buffer num: 32
I (22741) wifi:Init management short buffer num: 32
I (22741) wifi:Init dynamic tx buffer num: 32
I (22751) wifi:Init static tx FG buffer num: 2
I (22751) wifi:Init static rx buffer size: 1600
I (22761) wifi:Init static rx buffer num: 10
I (22761) wifi:Init dynamic rx buffer num: 32
[0;32mI (22771) wifi_init: rx ba win: 6[0m
[0;32mI (22771) wifi_init: tcpip mbox: 32[0m
[0;32mI (22771) wifi_init: udp mbox: 6[0m
[0;32mI (22781) wifi_init: tcp mbox: 6[0m
[0;32mI (22781) wifi_init: tcp tx win: 5744[0m
[0;32mI (22781) wifi_init: tcp rx win: 5744[0m
[0;32mI (22791) wifi_init: tcp mss: 1440[0m
[0;32mI (22791) wifi_init: WiFi IRAM OP enabled[0m
[0;32mI (22801) wifi_init: WiFi RX IRAM OP enabled[0m
[0;32m1970-01-01 00:03:52 | INFO  | wifi_c_init_wifi:309 | Wifi initialized.[0m
I (22821) wifi:mode : sta (ec:da:3b:36:60:50) + softAP (ec:da:3b:36:60:51)
I (22821) wifi:enable tsf
I (22821) wifi:Total power save buffer number: 16
I (22821) wifi:Init max length of beacon: 752/752
I (22831) wifi:Init max length of beacon: 752/752
[0;32m1970-01-01 00:03:52 | INFO  | wifi_c_sta_event_handler:102 | Station started, connecting to WiFi.[0m
[0;32mI (22841) esp_netif_lwip: DHCP server started on interface WIFI_AP_DEF with IP: 192.168.4.1[0m
[0m1970-01-01 00:03:52 | DEBUG | wifi_c_init_wifi:313 | wifi successfully initialized[0m
I (23541) wifi:Total power save buffer number: 16
[0;32mI (23541) esp_netif_lwip: DHCP server started on interface WIFI_AP_DEF with IP: 192.168.4.1[0m
[0;32m1970-01-01 00:03:53 | INFO  | wifi_c_start_ap:369 | Started AP: 
SSID: ESP32 
Password: 12345678[0m
[0m1970-01-01 00:03:53 | DEBUG | wifi_manager_server_init:340 | http server started[0m
[0;32mI (23561) main_task: Returned from app_main()[0m
[0m1970-01-01 00:03:55 | DEBUG | inspect_task:97 | Currently available heap: 211424[0m
[0m1970-01-01 00:03:55 | DEBUG | inspect_task:98 | The minimum heap size that was ever available: 206700[0m
[0m1970-01-01 00:04:00 | DEBUG | inspect_task:97 | Currently available heap: 211424[0m
[0m1970-01-01 00:04:00 | DEBUG | inspect_task:98 | The minimum heap size that was ever available: 206700[0m
[0m1970-01-01 00:04:05 | DEBUG | inspect_task:97 | Currently available heap: 211424[0m
[0m1970-01-01 00:04:05 | DEBUG | inspect_task:98 | The minimum heap size that was ever available: 206700[0m
[0m1970-01-01 00:04:10 | DEBUG | inspect_task:97 | Currently available heap: 211436[0m
[0m1970-01-01 00:04:10 | DEBUG | inspect_task:98 | The minimum heap size that was ever available: 206700[0m
I (42081) wifi:new:<1,1>, old:<1,1>, ap:<1,1>, sta:<0,0>, prof:1
I (42081) wifi:station: 10:02:b5:33:2e:17 join, AID=1, bgn, 40U
[0;32m1970-01-01 00:04:12 | INFO  | wifi_c_ap_event_handler:84 | Station 10:02:b5:33:2e:17 joined, AID=1[0m
[0;32mI (42191) esp_netif_lwip: DHCP server assigned IP to a client, IP is: 192.168.4.2[0m
I (43481) wifi:<ba-add>idx:2 (ifx:1, 10:02:b5:33:2e:17), tid:0, ssn:13, winSize:64
[0m1970-01-01 00:04:15 | DEBUG | inspect_task:97 | Currently available heap: 209152[0m
[0m1970-01-01 00:04:15 | DEBUG | inspect_task:98 | The minimum heap size that was ever available: 205096[0m
[0m1970-01-01 00:04:20 | DEBUG | inspect_task:97 | Currently available heap: 209152[0m
[0m1970-01-01 00:04:20 | DEBUG | inspect_task:98 | The minimum heap size that was ever available: 205096[0m
[0m1970-01-01 00:04:25 | DEBUG | inspect_task:97 | Currently available heap: 209152[0m
[0m1970-01-01 00:04:25 | DEBUG | inspect_task:98 | The minimum heap size that was ever available: 205096[0m
[0m1970-01-01 00:04:30 | DEBUG | inspect_task:97 | Currently available heap: 209152[0m
[0m1970-01-01 00:04:30 | DEBUG | inspect_task:98 | The minimum heap size that was ever available: 205096[0m
[0m1970-01-01 00:04:31 | DEBUG | connect_handler:135 | serving POST "/connect" request...[0m
[0;32m1970-01-01 00:04:31 | INFO  | connect_handler:169 | Received APs credentials!
	SSID: TP-LINK_AD8313
	Password: 20232887[0m
[0;33m1970-01-01 00:04:31 | WARN  | lib/wifi_manager/src/wifi_http_server.c:173 | connect_handler:173 | Got access point credentials, device will now restart![0m
[0m1970-01-01 00:04:31 | DEBUG | nvs_c_open:55 | opened namespace nvs for read and write operations[0m
[0;32m1970-01-01 00:04:31 | INFO  | nvs_c_write_string:115 | written 14 bytes data into namespace nvs[0m
[0;32m1970-01-01 00:04:31 | INFO  | nvs_c_write_string:115 | written 8 bytes data into namespace nvs[0m
[0m1970-01-01 00:04:31 | DEBUG | nvs_c_close:88 | nvs namespace: nvs was closed[0m
[0m1970-01-01 00:04:31 | DEBUG | wifi_manager_store_ap:65 | stored AP SSID and password in NVS:
SSID: TP-LINK_AD8313
Password: 20232887[0m
I (61691) wifi:station: 10:02:b5:33:2e:17 leave, AID = 1, bss_flags is 134259, bss:0x3fc9a550
I (61691) wifi:new:<1,0>, old:<1,1>, ap:<1,1>, sta:<0,0>, prof:1
I (61691) wifi:<ba-del>idx:2, tid:0
[0;32m1970-01-01 00:04:31 | INFO  | wifi_c_ap_event_handler:88 | Station 10:02:b5:33:2e:17 left, AID=1[0m
I (61751) wifi:flush txq
I (61751) wifi:stop sw txq
I (61751) wifi:lmac stop hw txq
[31;1;4m1970-01-01 00:04:31 | FATAL | src/main.c     :104 | shutdown_handler:104 | FATAL ERROR - RESTARTING ESP DEVICE![0m
ESP-ROM:esp32c3-api1-20210207
Build:Feb  7 2021
rst:0x3 (RTC_SW_SYS_RST),boot:0xf (SPI_FAST_FLASH_BOOT)
Saved PC:0x40048b82
SPIWP:0xee
mode:DIO, clock div:1
load:0x3fcd5820,len:0x1704
load:0x403cc710,len:0x968
load:0x403ce710,len:0x2f68
entry 0x403cc710
[0;32mI (24) boot: ESP-IDF 5.1.1 2nd stage bootloader[0m
[0;32mI (24) boot: compile time Jan 20 2024 10:36:22[0m
[0;32mI (24) boot: chip revision: v0.4[0m
[0;32mI (27) boot.esp32c3: SPI Speed      : 80MHz[0m
[0;32mI (32) boot.esp32c3: SPI Mode       : DIO[0m
[0;32mI (36) boot.esp32c3: SPI Flash Size : 4MB[0m
[0;32mI (41) boot: Enabling RNG early entropy source...[0m
[0;32mI (46) boot: Partition Table:[0m
[0;32mI (50) boot: ## Label            Usage          Type ST Offset   Length[0m
[0;32mI (57) boot:  0 nvs              WiFi data        01 02 00009000 00004000[0m
[0;32mI (65) boot:  1 otadata          OTA data         01 00 0000d000 00002000[0m
[0;32mI (72) boot:  2 phy_init         RF data          01 01 0000f000 00001000[0m
[0;32mI (80) boot:  3 factory          OTA app          00 10 00010000 00100000[0m
[0;32mI (87) boot:  4 ota_1            OTA app          00 11 00110000 00100000[0m
[0;32mI (95) boot:  5 storage          Unknown data     01 82 00210000 000f0000[0m
[0;32mI (102) boot: End of partition table[0m
[0;32mI (106) esp_image: segment 0: paddr=00010020 vaddr=3c0b0020 size=25d18h (154904) map[0m
[0;32mI (140) esp_image: segment 1: paddr=00035d40 vaddr=3fc90800 size=029e0h ( 10720) load[0m
[0;32mI (142) esp_image: segment 2: paddr=00038728 vaddr=40380000 size=078f0h ( 30960) load[0m
[0;32mI (151) esp_image: segment 3: paddr=00040020 vaddr=42000020 size=a117ch (659836) map[0m
[0;32mI (259) esp_image: segment 4: paddr=000e11a4 vaddr=403878f0 size=08e38h ( 36408) load[0m
[0;32mI (271) boot: Loaded app from partition at offset 0x10000[0m
[0;32mI (272) boot: Disabling RNG early entropy source...[0m
[0;32mI (283) cpu_start: Unicore app[0m
[0;32mI (283) cpu_start: Pro cpu up.[0m
[0;32mI (292) cpu_start: Pro cpu start user code[0m
[0;32mI (292) cpu_start: cpu freq: 160000000 Hz[0m
[0;32mI (292) cpu_start: Application information:[0m
[0;32mI (295) cpu_start: Project name:     esp_startup[0m
[0;32mI (301) cpu_start: App version:      7ba5cd0-dirty[0m
[0;32mI (306) cpu_start: Compile time:     Jan 20 2024 10:34:02[0m
[0;32mI (312) cpu_start: ELF file SHA256:  21ce94a21d2f22b9...[0m
[0;32mI (318) cpu_start: ESP-IDF:          5.1.1[0m
[0;32mI (323) cpu_start: Min chip rev:     v0.3[0m
[0;32mI (328) cpu_start: Max chip rev:     v0.99 [0m
[0;32mI (333) cpu_start: Chip rev:         v0.4[0m
[0;32mI (337) heap_init: Initializing. RAM available for dynamic allocation:[0m
[0;32mI (345) heap_init: At 3FC97CB0 len 00044A60 (274 KiB): DRAM[0m
[0;32mI (351) heap_init: At 3FCDC710 len 00002950 (10 KiB): STACK/DRAM[0m
[0;32mI (357) heap_init: At 50000010 len 00001FD8 (7 KiB): RTCRAM[0m
[0;32mI (364) spi_flash: detected chip: generic[0m
[0;32mI (368) spi_flash: flash io: dio[0m
[0;32mI (373) sleep: Configure to isolate all GPIO pins in sleep state[0m
[0;32mI (379) sleep: Enable automatic switching of GPIO sleep configuration[0m
[0;32mI (386) app_start: Starting scheduler on CPU0[0m
[0;32mI (391) main_task: Started on CPU0[0m
[0;32mI (391) main_task: Calling app_main()[0m
[0;32m1970-01-01 00:04:32 | INFO  | nvs_c_init_nvs:31 | nvs was initialized[0m
[0m1970-01-01 00:04:32 | DEBUG | inspect_task:97 | Currently available heap: 279440[0m
[0m1970-01-01 00:04:32 | DEBUG | inspect_task:98 | The minimum heap size that was ever available: 279440[0m
[0;32m1970-01-01 00:04:32 | INFO  | nvs_c_init_nvs:31 | nvs was initialized[0m
[0m1970-01-01 00:04:32 | DEBUG | wifi_c_init_netif:160 | netif initialized as STA[0m
[0;32mI (521) pp: pp rom version: 9387209[0m
[0;32mI (531) net80211: net80211 rom version: 9387209[0m
I (541) wifi:wifi driver task: 3fca1618, prio:23, stack:6656, core=0
I (541) wifi:wifi firmware version: ce9244d
I (541) wifi:wifi certification version: v7.0
I (541) wifi:config NVS flash: enabled
I (551) wifi:config nano formating: disabled
I (551) wifi:Init data frame dynamic rx buffer num: 32
I (561) wifi:Init management frame dynamic rx buffer num: 32
I (561) wifi:Init management short buffer num: 32
I (571) wifi:Init dynamic tx buffer num: 32
I (571) wifi:Init static tx FG buffer num: 2
I (581) wifi:Init static rx buffer size: 1600
I (581) wifi:Init static rx buffer num: 10
I (581) wifi:Init dynamic rx buffer num: 32
[0;32mI (591) wifi_init: rx ba win: 6[0m
[0;32mI (591) wifi_init: tcpip mbox: 32[0m
[0;32mI (591) wifi_init: udp mbox: 6[0m
[0;32mI (601) wifi_init: tcp mbox: 6[0m
[0;32mI (601) wifi_init: tcp tx win: 5744[0m
[0;32mI (611) wifi_init: tcp rx win: 5744[0m
[0;32mI (611) wifi_init: tcp mss: 1440[0m
[0;32mI (611) wifi_init: WiFi IRAM OP enabled[0m
[0;32mI (621) wifi_init: WiFi RX IRAM OP enabled[0m
[0;32m1970-01-01 00:04:32 | INFO  | wifi_c_init_wifi:309 | Wifi initialized.[0m
[0;32mI (641) phy_init: phy_version 970,1856f88,May 10 2023,17:44:12[0m
I (671) wifi:mode : sta (ec:da:3b:36:60:50)
I (671) wifi:enable tsf
[0;32m1970-01-01 00:04:32 | INFO  | wifi_c_sta_event_handler:102 | Station started, connecting to WiFi.[0m
[0m1970-01-01 00:04:32 | DEBUG | wifi_c_init_wifi:313 | wifi successfully initialized[0m
[0m1970-01-01 00:04:32 | DEBUG | nvs_c_open_read_only:79 | opened namespace nvs for read only operations[0m
[0;32m1970-01-01 00:04:32 | INFO  | nvs_c_read_string:131 | read 15 bytes from namespace: nvs[0m
[0m1970-01-01 00:04:32 | DEBUG | wifi_manager_get_stored_ap:79 | found stored SSID in NVS: TP-LINK_AD8313[0m
[0;32m1970-01-01 00:04:32 | INFO  | nvs_c_read_string:131 | read 9 bytes from namespace: nvs[0m
[0m1970-01-01 00:04:32 | DEBUG | wifi_manager_get_stored_ap:83 | found stored password in NVS: 20232887[0m
[0m1970-01-01 00:04:32 | DEBUG | nvs_c_close:88 | nvs namespace: nvs was closed[0m
[0;32m1970-01-01 00:04:32 | INFO  | wifi_manager_init:232 | found stored AP, connecting to: TP-LINK_AD8313[0m
[0m1970-01-01 00:04:32 | DEBUG | wifi_c_start_sta:442 | WiFi successfully configured as STA.[0m
I (3171) wifi:new:<11,2>, old:<1,0>, ap:<255,255>, sta:<11,2>, prof:1
I (3851) wifi:state: init -> auth (b0)
I (3851) wifi:state: auth -> assoc (0)
I (3861) wifi:state: assoc -> run (10)
I (3861) wifi:connected with TP-LINK_AD8313, aid = 5, channel 11, 40D, bssid = 84:16:f9:ad:83:12
I (3871) wifi:security: WPA2-PSK, phy: bgn, rssi: -44
I (3881) wifi:pm start, type: 1

I (3881) wifi:set rx beacon pti, rx_bcn_pti: 0, bcn_timeout: 25000, mt_pti: 0, mt_time: 10000
I (3891) wifi:<ba-add>idx:0 (ifx:0, 84:16:f9:ad:83:12), tid:0, ssn:0, winSize:64
I (3931) wifi:AP's beacon interval = 102400 us, DTIM period = 1
[0;32m1970-01-01 00:04:36 | INFO  | wifi_c_sta_event_handler:116 | Got IP:192.168.0.107[0m
[0;32mI (4881) esp_netif_handlers: sta ip: 192.168.0.107, mask: 255.255.255.0, gw: 192.168.0.1[0m
[0m1970-01-01 00:04:36 | DEBUG | wifi_c_check_sta_connection_result:128 | WIFI_C_CONNECTED_BIT is set![0m
[0;32mI (4891) main_task: Returned from app_main()[0m
[0m1970-01-01 00:04:37 | DEBUG | inspect_task:97 | Currently available heap: 238392[0m
[0m1970-01-01 00:04:37 | DEBUG | inspect_task:98 | The minimum heap size that was ever available: 222600[0m
I (8541) wifi:<ba-add>idx:1 (ifx:0, 84:16:f9:ad:83:12), tid:5, ssn:0, winSize:64
[0m2024-01-20 10:15:10 | DEBUG | inspect_task:97 | Currently available heap: 238160[0m
[0m2024-01-20 10:15:10 | DEBUG | inspect_task:98 | The minimum heap size that was ever available: 222600[0m
[0m2024-01-20 10:15:15 | DEBUG | inspect_task:97 | Currently available heap: 238160[0m
[0m2024-01-20 10:15:15 | DEBUG | inspect_task:98 | The minimum heap size that was ever available: 222600[0m
[0m2024-01-20 10:15:20 | DEBUG | inspect_task:97 | Currently available heap: 238160[0m
[0m2024-01-20 10:15:20 | DEBUG | inspect_task:98 | The minimum heap size that was ever available: 222600[0m
[0m2024-01-20 10:15:25 | DEBUG | inspect_task:97 | Currently available heap: 238160[0m
[0m2024-01-20 10:15:25 | DEBUG | inspect_task:98 | The minimum heap size that was ever available: 222600[0m
[0m2024-01-20 10:15:30 | DEBUG | inspect_task:97 | Currently available heap: 238160[0m
[0m2024-01-20 10:15:30 | DEBUG | inspect_task:98 | The minimum heap size that was ever available: 222600[0m
[0m2024-01-20 10:15:35 | DEBUG | inspect_task:97 | Currently available heap: 238160[0m
[0m2024-01-20 10:15:35 | DEBUG | inspect_task:98 | The minimum heap size that was ever available: 222600[0m
[0m2024-01-20 10:15:40 | DEBUG | inspect_task:97 | Currently available heap: 238180[0m
[0m2024-01-20 10:15:40 | DEBUG | inspect_task:98 | The minimum heap size that was ever available: 222600[0m
[0m2024-01-20 10:15:45 | DEBUG | inspect_task:97 | Currently available heap: 238180[0m
[0m2024-01-20 10:15:45 | DEBUG | inspect_task:98 | The minimum heap size that was ever available: 222600[0m
[0m2024-01-20 10:15:50 | DEBUG | inspect_task:97 | Currently available heap: 238180[0m
[0m2024-01-20 10:15:50 | DEBUG | inspect_task:98 | The minimum heap size that was ever available: 222600[0m
[0m2024-01-20 10:15:55 | DEBUG | inspect_task:97 | Currently available heap: 238180[0m
[0m2024-01-20 10:15:55 | DEBUG | inspect_task:98 | The minimum heap size that was ever available: 222600[0m
[0m2024-01-20 10:16:00 | DEBUG | inspect_task:97 | Currently available heap: 238180[0m
[0m2024-01-20 10:16:00 | DEBUG | inspect_task:98 | The minimum heap size that was ever available: 222600[0m
[0m2024-01-20 10:16:05 | DEBUG | inspect_task:97 | Currently available heap: 238180[0m
[0m2024-01-20 10:16:05 | DEBUG | inspect_task:98 | The minimum heap size that was ever available: 222600[0m
[0m2024-01-20 10:16:10 | DEBUG | inspect_task:97 | Currently available heap: 238180[0m
[0m2024-01-20 10:16:10 | DEBUG | inspect_task:98 | The minimum heap size that was ever available: 222600[0m
[0m2024-01-20 10:16:15 | DEBUG | inspect_task:97 | Currently available heap: 238180[0m
[0m2024-01-20 10:16:15 | DEBUG | inspect_task:98 | The minimum heap size that was ever available: 222600[0m
