[0m2024-01-15 21:54:53 | DEBUG | bmp_i2c_readout:333 | reading temperature of BMP280 device...[0m
[0m2024-01-15 21:54:53 | DEBUG | bmp_i2c_readout:337 | reading pressure of BMP280 device...[0m
[0;32m2024-01-15 21:54:53 | INFO  | read_temperature_task:71 | temperature: 23.34 C[0m
[0;32m2024-01-15 21:54:53 | INFO  | read_temperature_task:72 | pressure: 973.54hPa[0m
[0;32m2024-01-15 21:54:53 | INFO  | read_temperature_task:73 | altitude: 335.91 m. n. p. m.[0m
[0m2024-01-15 21:54:53 | DEBUG | read_temperature_task:75 | data to send to database: device_id=2&temperature=23.34&pressure=973.54&altitude=335.91[0m
[0;32m2024-01-15 21:54:53 | INFO  | http_client_post:143 | making POST request to address: http://wmytych.usermd.net//insert_data.php[0m
[0m2024-01-15 21:54:53 | DEBUG | _http_event_handler:27 | HTTP_EVENT_ON_CONNECTED[0m
[0m2024-01-15 21:54:53 | DEBUG | _http_event_handler:30 | HTTP_EVENT_HEADER_SENT[0m
[0m2024-01-15 21:54:53 | DEBUG | _http_event_handler:33 | HTTP_EVENT_ON_HEADER, key=Server, value=nginx[0m
[0m2024-01-15 21:54:53 | DEBUG | _http_event_handler:33 | HTTP_EVENT_ON_HEADER, key=Date, value=Mon, 15 Jan 2024 21:54:53 GMT[0m
[0m2024-01-15 21:54:53 | DEBUG | _http_event_handler:33 | HTTP_EVENT_ON_HEADER, key=Content-Type, value=text/html; charset=UTF-8[0m
[0m2024-01-15 21:54:53 | DEBUG | _http_event_handler:33 | HTTP_EVENT_ON_HEADER, key=Transfer-Encoding, value=chunked[0m
[0m2024-01-15 21:54:53 | DEBUG | _http_event_handler:33 | HTTP_EVENT_ON_HEADER, key=Connection, value=keep-alive[0m
[0m2024-01-15 21:54:53 | DEBUG | _http_event_handler:33 | HTTP_EVENT_ON_HEADER, key=X-Powered-By, value=PHP/8.1.26[0m
[0m2024-01-15 21:54:53 | DEBUG | _http_event_handler:36 | HTTP_EVENT_ON_DATA, len=39[0m
[0m2024-01-15 21:54:53 | DEBUG | _http_event_handler:37 | HTTP_EVENT_ON_DATA, output_len=0[0m
[0m2024-01-15 21:54:53 | DEBUG | _http_event_handler:38 | HTTP_EVENT_ON_DATA, content_length=-1[0m
[0m2024-01-15 21:54:53 | DEBUG | _http_event_handler:56 | HTTP_EVENT_ON_FINISH[0m
[0m2024-01-15 21:54:53 | DEBUG | http_client_post:158 | HTTP GET Status = 200, content_length = 1073429832[0m
[0;32m2024-01-15 21:54:53 | INFO  | http_client_post:161 | 
data stored in a database successfully.[0m
[0m2024-01-15 21:54:53 | DEBUG | _http_event_handler:66 | HTTP_EVENT_DISCONNECTED[0m
[0m2024-01-15 21:54:57 | DEBUG | inspect_task:97 | Currently available heap: 203788[0m
[0m2024-01-15 21:54:57 | DEBUG | inspect_task:98 | The minimum heap size that was ever available: 196184[0m
[0m2024-01-15 21:55:02 | DEBUG | inspect_task:97 | Currently available heap: 203788[0m
[0m2024-01-15 21:55:02 | DEBUG | inspect_task:98 | The minimum heap size that was ever available: 196184[0m
[0m2024-01-15 21:55:07 | DEBUG | inspect_task:97 | Currently available heap: 203788[0m
[0m2024-01-15 21:55:07 | DEBUG | inspect_task:98 | The minimum heap size that was ever available: 196184[0m
[0m2024-01-15 21:55:12 | DEBUG | inspect_task:97 | Currently available heap: 203788[0m
[0m2024-01-15 21:55:12 | DEBUG | inspect_task:98 | The minimum heap size that was ever available: 196184[0m
[0m2024-01-15 21:55:17 | DEBUG | inspect_task:97 | Currently available heap: 203788[0m
[0m2024-01-15 21:55:17 | DEBUG | inspect_task:98 | The minimum heap size that was ever available: 196184[0m
[0m2024-01-15 21:55:22 | DEBUG | inspect_task:97 | Currently available heap: 203788[0m
[0m2024-01-15 21:55:22 | DEBUG | inspect_task:98 | The minimum heap size that was ever available: 196184[0m
[0m2024-01-15 21:55:23 | DEBUG | bmp_i2c_readout:333 | reading temperature of BMP280 device...[0m
[0m2024-01-15 21:55:23 | DEBUG | bmp_i2c_readout:337 | reading pressure of BMP280 device...[0m
[0;32m2024-01-15 21:55:23 | INFO  | read_temperature_task:71 | temperature: 23.32 C[0m
[0;32m2024-01-15 21:55:23 | INFO  | read_temperature_task:72 | pressure: 973.45hPa[0m
[0;32m2024-01-15 21:55:23 | INFO  | read_temperature_task:73 | altitude: 336.71 m. n. p. m.[0m
[0m2024-01-15 21:55:23 | DEBUG | read_temperature_task:75 | data to send to database: device_id=2&temperature=23.32&pressure=973.45&altitude=336.71[0m
[0;32m2024-01-15 21:55:23 | INFO  | http_client_post:143 | making POST request to address: http://wmytych.usermd.net//insert_data.php[0m
[0m2024-01-15 21:55:23 | DEBUG | _http_event_handler:27 | HTTP_EVENT_ON_CONNECTED[0m
[0m2024-01-15 21:55:23 | DEBUG | _http_event_handler:30 | HTTP_EVENT_HEADER_SENT[0m
[0m2024-01-15 21:55:23 | DEBUG | _http_event_handler:33 | HTTP_EVENT_ON_HEADER, key=Server, value=nginx[0m
[0m2024-01-15 21:55:23 | DEBUG | _http_event_handler:33 | HTTP_EVENT_ON_HEADER, key=Date, value=Mon, 15 Jan 2024 21:55:23 GMT[0m
[0m2024-01-15 21:55:23 | DEBUG | _http_event_handler:33 | HTTP_EVENT_ON_HEADER, key=Content-Type, value=text/html; charset=UTF-8[0m
[0m2024-01-15 21:55:23 | DEBUG | _http_event_handler:33 | HTTP_EVENT_ON_HEADER, key=Transfer-Encoding, value=chunked[0m
[0m2024-01-15 21:55:23 | DEBUG | _http_event_handler:33 | HTTP_EVENT_ON_HEADER, key=Connection, value=keep-alive[0m
[0m2024-01-15 21:55:24 | DEBUG | _http_event_handler:33 | HTTP_EVENT_ON_HEADER, key=X-Powered-By, value=PHP/8.1.26[0m
[0m2024-01-15 21:55:24 | DEBUG | _http_event_handler:36 | HTTP_EVENT_ON_DATA, len=39[0m
[0m2024-01-15 21:55:24 | DEBUG | _http_event_handler:37 | HTTP_EVENT_ON_DATA, output_len=0[0m
[0m2024-01-15 21:55:24 | DEBUG | _http_event_handler:38 | HTTP_EVENT_ON_DATA, content_length=-1[0m
[0m2024-01-15 21:55:24 | DEBUG | _http_event_handler:56 | HTTP_EVENT_ON_FINISH[0m
[0m2024-01-15 21:55:24 | DEBUG | http_client_post:158 | HTTP GET Status = 200, content_length = 1073429832[0m
[0;32m2024-01-15 21:55:24 | INFO  | http_client_post:161 | 
data stored in a database successfully.[0m
[0m2024-01-15 21:55:24 | DEBUG | _http_event_handler:66 | HTTP_EVENT_DISCONNECTED[0m
[0m2024-01-15 21:55:27 | DEBUG | inspect_task:97 | Currently available heap: 203788[0m
[0m2024-01-15 21:55:27 | DEBUG | inspect_task:98 | The minimum heap size that was ever available: 196120[0m
[0m2024-01-15 21:55:32 | DEBUG | inspect_task:97 | Currently available heap: 203788[0m
[0m2024-01-15 21:55:32 | DEBUG | inspect_task:98 | The minimum heap size that was ever available: 196120[0m
[0m2024-01-15 21:55:37 | DEBUG | inspect_task:97 | Currently available heap: 203788[0m
[0m2024-01-15 21:55:37 | DEBUG | inspect_task:98 | The minimum heap size that was ever available: 196120[0m
[0m2024-01-15 21:55:42 | DEBUG | inspect_task:97 | Currently available heap: 203788[0m
[0m2024-01-15 21:55:42 | DEBUG | inspect_task:98 | The minimum heap size that was ever available: 196120[0m
[0m2024-01-15 21:55:47 | DEBUG | inspect_task:97 | Currently available heap: 203788[0m
[0m2024-01-15 21:55:47 | DEBUG | inspect_task:98 | The minimum heap size that was ever available: 196120[0m
[0m2024-01-15 21:55:52 | DEBUG | inspect_task:97 | Currently available heap: 203788[0m
[0m2024-01-15 21:55:52 | DEBUG | inspect_task:98 | The minimum heap size that was ever available: 196120[0m
[0m2024-01-15 21:55:54 | DEBUG | bmp_i2c_readout:333 | reading temperature of BMP280 device...[0m
[0m2024-01-15 21:55:54 | DEBUG | bmp_i2c_readout:337 | reading pressure of BMP280 device...[0m
[0;32m2024-01-15 21:55:54 | INFO  | read_temperature_task:71 | temperature: 23.32 C[0m
[0;32m2024-01-15 21:55:54 | INFO  | read_temperature_task:72 | pressure: 973.48hPa[0m
[0;32m2024-01-15 21:55:54 | INFO  | read_temperature_task:73 | altitude: 336.41 m. n. p. m.[0m
[0m2024-01-15 21:55:54 | DEBUG | read_temperature_task:75 | data to send to database: device_id=2&temperature=23.32&pressure=973.48&altitude=336.41[0m
[0;32m2024-01-15 21:55:54 | INFO  | http_client_post:143 | making POST request to address: http://wmytych.usermd.net//insert_data.php[0m
[0m2024-01-15 21:55:54 | DEBUG | _http_event_handler:27 | HTTP_EVENT_ON_CONNECTED[0m
[0m2024-01-15 21:55:54 | DEBUG | _http_event_handler:30 | HTTP_EVENT_HEADER_SENT[0m
[0m2024-01-15 21:55:54 | DEBUG | _http_event_handler:33 | HTTP_EVENT_ON_HEADER, key=Server, value=nginx[0m
[0m2024-01-15 21:55:54 | DEBUG | _http_event_handler:33 | HTTP_EVENT_ON_HEADER, key=Date, value=Mon, 15 Jan 2024 21:55:54 GMT[0m
[0m2024-01-15 21:55:54 | DEBUG | _http_event_handler:33 | HTTP_EVENT_ON_HEADER, key=Content-Type, value=text/html; charset=UTF-8[0m
[0m2024-01-15 21:55:54 | DEBUG | _http_event_handler:33 | HTTP_EVENT_ON_HEADER, key=Transfer-Encoding, value=chunked[0m
[0m2024-01-15 21:55:54 | DEBUG | _http_event_handler:33 | HTTP_EVENT_ON_HEADER, key=Connection, value=keep-alive[0m
[0m2024-01-15 21:55:54 | DEBUG | _http_event_handler:33 | HTTP_EVENT_ON_HEADER, key=X-Powered-By, value=PHP/8.1.26[0m
[0m2024-01-15 21:55:54 | DEBUG | _http_event_handler:36 | HTTP_EVENT_ON_DATA, len=39[0m
[0m2024-01-15 21:55:54 | DEBUG | _http_event_handler:37 | HTTP_EVENT_ON_DATA, output_len=0[0m
[0m2024-01-15 21:55:54 | DEBUG | _http_event_handler:38 | HTTP_EVENT_ON_DATA, content_length=-1[0m
[0m2024-01-15 21:55:54 | DEBUG | _http_event_handler:56 | HTTP_EVENT_ON_FINISH[0m
[0m2024-01-15 21:55:54 | DEBUG | http_client_post:158 | HTTP GET Status = 200, content_length = 1073429832[0m
[0;32m2024-01-15 21:55:54 | INFO  | http_client_post:161 | 
data stored in a database successfully.[0m
[0m2024-01-15 21:55:54 | DEBUG | _http_event_handler:66 | HTTP_EVENT_DISCONNECTED[0m
[0m2024-01-15 21:55:57 | DEBUG | inspect_task:97 | Currently available heap: 203788[0m
[0m2024-01-15 21:55:57 | DEBUG | inspect_task:98 | The minimum heap size that was ever available: 196120[0m
[0m2024-01-15 21:56:02 | DEBUG | inspect_task:97 | Currently available heap: 203788[0m
[0m2024-01-15 21:56:02 | DEBUG | inspect_task:98 | The minimum heap size that was ever available: 196120[0m
[0m2024-01-15 21:56:07 | DEBUG | inspect_task:97 | Currently available heap: 203788[0m
[0m2024-01-15 21:56:07 | DEBUG | inspect_task:98 | The minimum heap size that was ever available: 196120[0m
[0m2024-01-15 21:56:12 | DEBUG | inspect_task:97 | Currently available heap: 203788[0m
[0m2024-01-15 21:56:12 | DEBUG | inspect_task:98 | The minimum heap size that was ever available: 196120[0m
[0m2024-01-15 21:56:17 | DEBUG | inspect_task:97 | Currently available heap: 203788[0m
[0m2024-01-15 21:56:17 | DEBUG | inspect_task:98 | The minimum heap size that was ever available: 196120[0m
[0m2024-01-15 21:56:22 | DEBUG | inspect_task:97 | Currently available heap: 203788[0m
[0m2024-01-15 21:56:22 | DEBUG | inspect_task:98 | The minimum heap size that was ever available: 196120[0m
[0m2024-01-15 21:56:24 | DEBUG | bmp_i2c_readout:333 | reading temperature of BMP280 device...[0m
[0m2024-01-15 21:56:24 | DEBUG | bmp_i2c_readout:337 | reading pressure of BMP280 device...[0m
[0;32m2024-01-15 21:56:24 | INFO  | read_temperature_task:71 | temperature: 23.33 C[0m
[0;32m2024-01-15 21:56:24 | INFO  | read_temperature_task:72 | pressure: 973.47hPa[0m
[0;32m2024-01-15 21:56:24 | INFO  | read_temperature_task:73 | altitude: 336.49 m. n. p. m.[0m
[0m2024-01-15 21:56:24 | DEBUG | read_temperature_task:75 | data to send to database: device_id=2&temperature=23.33&pressure=973.47&altitude=336.49[0m
[0;32m2024-01-15 21:56:24 | INFO  | http_client_post:143 | making POST request to address: http://wmytych.usermd.net//insert_data.php[0m
[0m2024-01-15 21:56:24 | DEBUG | _http_event_handler:27 | HTTP_EVENT_ON_CONNECTED[0m
[0m2024-01-15 21:56:24 | DEBUG | _http_event_handler:30 | HTTP_EVENT_HEADER_SENT[0m
[0m2024-01-15 21:56:24 | DEBUG | _http_event_handler:33 | HTTP_EVENT_ON_HEADER, key=Server, value=nginx[0m
[0m2024-01-15 21:56:24 | DEBUG | _http_event_handler:33 | HTTP_EVENT_ON_HEADER, key=Date, value=Mon, 15 Jan 2024 21:56:24 GMT[0m
[0m2024-01-15 21:56:24 | DEBUG | _http_event_handler:33 | HTTP_EVENT_ON_HEADER, key=Content-Type, value=text/html; charset=UTF-8[0m
[0m2024-01-15 21:56:24 | DEBUG | _http_event_handler:33 | HTTP_EVENT_ON_HEADER, key=Transfer-Encoding, value=chunked[0m
[0m2024-01-15 21:56:24 | DEBUG | _http_event_handler:33 | HTTP_EVENT_ON_HEADER, key=Connection, value=keep-alive[0m
[0m2024-01-15 21:56:24 | DEBUG | _http_event_handler:33 | HTTP_EVENT_ON_HEADER, key=X-Powered-By, value=PHP/8.1.26[0m
[0m2024-01-15 21:56:24 | DEBUG | _http_event_handler:36 | HTTP_EVENT_ON_DATA, len=39[0m
[0m2024-01-15 21:56:24 | DEBUG | _http_event_handler:37 | HTTP_EVENT_ON_DATA, output_len=0[0m
[0m2024-01-15 21:56:24 | DEBUG | _http_event_handler:38 | HTTP_EVENT_ON_DATA, content_length=-1[0m
[0m2024-01-15 21:56:24 | DEBUG | _http_event_handler:56 | HTTP_EVENT_ON_FINISH[0m
[0m2024-01-15 21:56:24 | DEBUG | http_client_post:158 | HTTP GET Status = 200, content_length = 1073429832[0m
[0;32m2024-01-15 21:56:24 | INFO  | http_client_post:161 | 
data stored in a database successfully.[0m
[0m2024-01-15 21:56:24 | DEBUG | _http_event_handler:66 | HTTP_EVENT_DISCONNECTED[0m
[0m2024-01-15 21:56:27 | DEBUG | inspect_task:97 | Currently available heap: 203788[0m
[0m2024-01-15 21:56:27 | DEBUG | inspect_task:98 | The minimum heap size that was ever available: 195896[0m
[0m2024-01-15 21:56:32 | DEBUG | inspect_task:97 | Currently available heap: 203788[0m
[0m2024-01-15 21:56:32 | DEBUG | inspect_task:98 | The minimum heap size that was ever available: 195896[0m
[0m2024-01-15 21:56:37 | DEBUG | inspect_task:97 | Currently available heap: 203788[0m
[0m2024-01-15 21:56:37 | DEBUG | inspect_task:98 | The minimum heap size that was ever available: 195896[0m
[0m2024-01-15 21:56:42 | DEBUG | inspect_task:97 | Currently available heap: 203788[0m
[0m2024-01-15 21:56:42 | DEBUG | inspect_task:98 | The minimum heap size that was ever available: 195896[0m
[0m2024-01-15 21:56:47 | DEBUG | inspect_task:97 | Currently available heap: 203788[0m
[0m2024-01-15 21:56:47 | DEBUG | inspect_task:98 | The minimum heap size that was ever available: 195896[0m
[0m2024-01-15 21:56:52 | DEBUG | inspect_task:97 | Currently available heap: 203788[0m
[0m2024-01-15 21:56:52 | DEBUG | inspect_task:98 | The minimum heap size that was ever available: 195896[0m
[0m2024-01-15 21:56:54 | DEBUG | bmp_i2c_readout:333 | reading temperature of BMP280 device...[0m
[0m2024-01-15 21:56:54 | DEBUG | bmp_i2c_readout:337 | reading pressure of BMP280 device...[0m
[0;32m2024-01-15 21:56:54 | INFO  | read_temperature_task:71 | temperature: 23.35 C[0m
[0;32m2024-01-15 21:56:54 | INFO  | read_temperature_task:72 | pressure: 973.45hPa[0m
[0;32m2024-01-15 21:56:54 | INFO  | read_temperature_task:73 | altitude: 336.67 m. n. p. m.[0m
[0m2024-01-15 21:56:54 | DEBUG | read_temperature_task:75 | data to send to database: device_id=2&temperature=23.35&pressure=973.45&altitude=336.67[0m
[0;32m2024-01-15 21:56:54 | INFO  | http_client_post:143 | making POST request to address: http://wmytych.usermd.net//insert_data.php[0m
[0m2024-01-15 21:56:54 | DEBUG | _http_event_handler:27 | HTTP_EVENT_ON_CONNECTED[0m
[0m2024-01-15 21:56:54 | DEBUG | _http_event_handler:30 | HTTP_EVENT_HEADER_SENT[0m
[0m2024-01-15 21:56:54 | DEBUG | _http_event_handler:33 | HTTP_EVENT_ON_HEADER, key=Server, value=nginx[0m
[0m2024-01-15 21:56:54 | DEBUG | _http_event_handler:33 | HTTP_EVENT_ON_HEADER, key=Date, value=Mon, 15 Jan 2024 21:56:54 GMT[0m
[0m2024-01-15 21:56:54 | DEBUG | _http_event_handler:33 | HTTP_EVENT_ON_HEADER, key=Content-Type, value=text/html; charset=UTF-8[0m
[0m2024-01-15 21:56:54 | DEBUG | _http_event_handler:33 | HTTP_EVENT_ON_HEADER, key=Transfer-Encoding, value=chunked[0m
[0m2024-01-15 21:56:54 | DEBUG | _http_event_handler:33 | HTTP_EVENT_ON_HEADER, key=Connection, value=keep-alive[0m
[0m2024-01-15 21:56:54 | DEBUG | _http_event_handler:33 | HTTP_EVENT_ON_HEADER, key=X-Powered-By, value=PHP/8.1.26[0m
[0m2024-01-15 21:56:54 | DEBUG | _http_event_handler:36 | HTTP_EVENT_ON_DATA, len=39[0m
[0m2024-01-15 21:56:54 | DEBUG | _http_event_handler:37 | HTTP_EVENT_ON_DATA, output_len=0[0m
[0m2024-01-15 21:56:54 | DEBUG | _http_event_handler:38 | HTTP_EVENT_ON_DATA, content_length=-1[0m
[0m2024-01-15 21:56:54 | DEBUG | _http_event_handler:56 | HTTP_EVENT_ON_FINISH[0m
[0m2024-01-15 21:56:54 | DEBUG | http_client_post:158 | HTTP GET Status = 200, content_length = 1073429832[0m
[0;32m2024-01-15 21:56:54 | INFO  | http_client_post:161 | 
data stored in a database successfully.[0m
[0m2024-01-15 21:56:54 | DEBUG | _http_event_handler:66 | HTTP_EVENT_DISCONNECTED[0m
[0m2024-01-15 21:56:57 | DEBUG | inspect_task:97 | Currently available heap: 203788[0m
[0m2024-01-15 21:56:57 | DEBUG | inspect_task:98 | The minimum heap size that was ever available: 195896[0m
[0m2024-01-15 21:57:02 | DEBUG | inspect_task:97 | Currently available heap: 203788[0m
[0m2024-01-15 21:57:02 | DEBUG | inspect_task:98 | The minimum heap size that was ever available: 195896[0m
[0m2024-01-15 21:57:07 | DEBUG | inspect_task:97 | Currently available heap: 203788[0m
[0m2024-01-15 21:57:07 | DEBUG | inspect_task:98 | The minimum heap size that was ever available: 195896[0m
[0m2024-01-15 21:57:12 | DEBUG | inspect_task:97 | Currently available heap: 203788[0m
[0m2024-01-15 21:57:12 | DEBUG | inspect_task:98 | The minimum heap size that was ever available: 195896[0m
[0m2024-01-15 21:57:17 | DEBUG | inspect_task:97 | Currently available heap: 203788[0m
[0m2024-01-15 21:57:17 | DEBUG | inspect_task:98 | The minimum heap size that was ever available: 195896[0m
[0m2024-01-15 21:57:22 | DEBUG | inspect_task:97 | Currently available heap: 203788[0m
[0m2024-01-15 21:57:22 | DEBUG | inspect_task:98 | The minimum heap size that was ever available: 195896[0m
