I (3987) wifi:ap channel adjust o:1,1 n:11,2
I (3987) wifi:new:<11,2>, old:<1,1>, ap:<11,2>, sta:<11,2>, prof:1
I (3987) wifi:state: init -> auth (b0)
I (3997) wifi:state: auth -> assoc (0)
I (3997) wifi:state: assoc -> run (10)
I (4017) wifi:connected with TP-LINK_AD8313, aid = 3, channel 11, 40D, bssid = 84:16:f9:ad:83:12
I (4017) wifi:security: WPA2-PSK, phy: bgn, rssi: -41
I (4017) wifi:pm start, type: 1

I (4027) wifi:<ba-add>idx:0 (ifx:0, 84:16:f9:ad:83:12), tid:0, ssn:0, winSize:64
I (4107) wifi:AP's beacon interval = 102400 us, DTIM period = 1
[0;32m1970-01-01 00:00:04 | INFO  | wifi_c_sta_event_handler:108 | Got IP:192.168.0.104[0m
[0;32mI (5027) esp_netif_handlers: sta ip: 192.168.0.104, mask: 255.255.255.0, gw: 192.168.0.1[0m
[0m1970-01-01 00:00:04 | DEBUG | wifi_c_check_sta_connection_result:120 | WIFI_C_CONNECTED_BIT is set![0m
[0;32mI (5037) main_task: Returned from app_main()[0m
[0m1970-01-01 00:00:05 | DEBUG | inspect_task:97 | Currently available heap: 226900[0m
[0m1970-01-01 00:00:05 | DEBUG | inspect_task:98 | The minimum heap size that was ever available: 220612[0m
[0m1970-01-01 00:00:10 | DEBUG | inspect_task:97 | Currently available heap: 226904[0m
[0m1970-01-01 00:00:10 | DEBUG | inspect_task:98 | The minimum heap size that was ever available: 220612[0m
[0m1970-01-01 00:00:15 | DEBUG | inspect_task:97 | Currently available heap: 226900[0m
[0m1970-01-01 00:00:15 | DEBUG | inspect_task:98 | The minimum heap size that was ever available: 220612[0m
[0m1970-01-01 00:00:20 | DEBUG | inspect_task:97 | Currently available heap: 226888[0m
[0m1970-01-01 00:00:20 | DEBUG | inspect_task:98 | The minimum heap size that was ever available: 220612[0m
