I (3434) wifi:new:<11,2>, old:<1,0>, ap:<255,255>, sta:<11,2>, prof:1
I (4664) wifi:state: init -> auth (b0)
I (4674) wifi:state: auth -> assoc (0)
I (4674) wifi:state: assoc -> run (10)
I (4694) wifi:connected with TP-LINK_AD8313, aid = 8, channel 11, 40D, bssid = 84:16:f9:ad:83:12
I (4694) wifi:security: WPA2-PSK, phy: bgn, rssi: -56
I (4704) wifi:pm start, type: 1

I (4704) wifi:AP's beacon interval = 102400 us, DTIM period = 1
I (4714) wifi:<ba-add>idx:0 (ifx:0, 84:16:f9:ad:83:12), tid:0, ssn:0, winSize:64
[0;32m1970-01-01 00:00:05 | INFO  | wifi_c_sta_event_handler:105 | Got IP:192.168.0.107[0m
[0;32mI (5714) esp_netif_handlers: sta ip: 192.168.0.107, mask: 255.255.255.0, gw: 192.168.0.1[0m
[0m1970-01-01 00:00:05 | DEBUG | wifi_c_check_sta_connection_result:117 | WIFI_C_CONNECTED_BIT is set![0m
[0;32m1970-01-01 00:00:05 | INFO  | app_main:100 | Connected to wifi, current ip: 192.168.0.107[0m
[0;32m1970-01-01 00:00:05 | INFO  | bmp_init:427 | preparing new BMP280 device...[0m
[0m1970-01-01 00:00:05 | DEBUG | bmp_i2c_identify_chip:283 | Trying to find BMP280 device on bus with 0x77 address...[0m
[0m1970-01-01 00:00:05 | DEBUG | inspect_task:69 | Currently available heap: 218400[0m
[0m1970-01-01 00:00:05 | DEBUG | inspect_task:70 | The minimum heap size that was ever available: 211204[0m
[0m1970-01-01 00:00:05 | DEBUG | i2c_c_set_device_addr:115 | changed device address from 0 to 0XEE[0m1970-01-01 00:00:05 | DEBUG | tcp_create_socket:168 | [0m
preparing socket...[0m
[0;31m1970-01-01 00:00:05 | ERROR | lib/i2c_controller/src/i2c_controller.c:144 | i2c_c_read:144 | error -1 during reading registers on I2C: ESP_FAIL[0m1970-01-01 00:00:05 | DEBUG | tcp_create_socket:175 | [0m
created socket: 54[0m
[0m1970-01-01 00:00:05 | DEBUG | bmp_i2c_identify_chip:296 | BMP280 device with 0x77 address not found on bus, trying 0x76 address...[0m
[0m1970-01-01 00:00:05 | DEBUG | tcp_prepare_address:211 | [0m1970-01-01 00:00:05 | DEBUG | i2c_c_set_device_addr:115 | changed device address from 0XEE to 0XEC[0m
preparing address...[0m
[0;31m1970-01-01 00:00:05 | ERROR | lib/i2c_controller/src/i2c_controller.c:144 | i2c_c_read:144 | error -1 during reading registers on I2C: ESP_FAIL[0m
[0m1970-01-01 00:00:05 | DEBUG | tcp_prepare_address:220 | prepared address 192.168.0.107:27015[0;33m1970-01-01 00:00:05 | WARN  | lib/bmp280/src/bmp280.c:308 | bmp_i2c_identify_chip:308 | no BMP280 device found on bus![0m
[0m
[0m1970-01-01 00:00:05 | DEBUG | tcp_bind_socket:232 | binding socket: 54 to address: 192.168.0.107:34665[0m
[0m1970-01-01 00:00:05 | DEBUG | i2c_c_set_device_addr:115 | changed device address from 0XEC to 0[0m
[0m1970-01-01 00:00:05 | DEBUG | tcp_bind_socket:242 | [0m1970-01-01 00:00:05 | DEBUG | bmp_i2c_identify_chip:283 | Trying to find BMP280 device on bus with 0x77 address...[0m
socket: 54 bound to address: 192.168.0.107:27015[0m
[0m1970-01-01 00:00:05 | DEBUG | i2c_c_set_device_addr:115 | changed device address from 0 to 0XEE[0m
[0m1970-01-01 00:00:05 | DEBUG | tcp_socket_listen:253 | trying to listen on socket: 54[0m
[0;31m1970-01-01 00:00:05 | ERROR | lib/i2c_controller/src/i2c_controller.c:144 | i2c_c_read:144 | error -1 during reading registers on I2C: ESP_FAIL[0m
[0;32m1970-01-01 00:00:05 | INFO  | tcp_socket_listen:260 | [0m1970-01-01 00:00:05 | DEBUG | bmp_i2c_identify_chip:296 | BMP280 device with 0x77 address not found on bus, trying 0x76 address...[0m
listening on socket: 192.168.0.107:27015[0m
[0m1970-01-01 00:00:05 | DEBUG | i2c_c_set_device_addr:115 | changed device address from 0XEE to 0XEC[0m
[0;32m1970-01-01 00:00:05 | INFO  | cli_set_remote_logging:63 | Connect to device on IP 192.168.0.107 with port 27015 to capture logs.[0m
[0;31m1970-01-01 00:00:05 | ERROR | lib/i2c_controller/src/i2c_controller.c:144 | i2c_c_read:144 | error -1 during reading registers on I2C: ESP_FAIL[0m
[0;33m1970-01-01 00:00:05 | WARN  | lib/bmp280/src/bmp280.c:308 | bmp_i2c_identify_chip:308 | no BMP280 device found on bus![0m
[0m1970-01-01 00:00:05 | DEBUG | i2c_c_set_device_addr:115 | changed device address from 0XEC to 0[0m
[0;31m1970-01-01 00:00:05 | ERROR | lib/cli_manager/src/cli_manager.c:69 | cli_set_remote_logging:69 | Error 3841 when connecting to remote host: i don't know?[0m
[0;32mI (6034) main_task: Returned from app_main()[0m

***ERROR*** A stack overflow in task log_task has been detected.


Backtrace: 0x40082aba:0x3ffba3f0 0x40089f41:0x3ffba410 0x4008ceee:0x3ffba430 0x4008b5c7:0x3ffba4b0 0x4008d1c4:0x3ffba4d0 0x4008d176:0x00000000 |<-CORRU

  #0  0x40082aba:0x3ffba3f0 in panic_abort at /home/wmytych/.platformio/packages/framework-espidf/components/esp_system/panic.c:452
  #1  0x40089f41:0x3ffba410 in esp_system_abort at /home/wmytych/.platformio/packages/framework-espidf/components/esp_system/port/esp_system_chip.c:84
  #2  0x4008ceee:0x3ffba430 in vApplicationStackOverflowHook at /home/wmytych/.platformio/packages/framework-espidf/components/freertos/FreeRTOS-Kernel/portable/xtensa/port.c:581
  #3  0x4008b5c7:0x3ffba4b0 in vTaskSwitchContext at /home/wmytych/.platformio/packages/framework-espidf/components/freertos/FreeRTOS-Kernel/tasks.c:3728
  #4  0x4008d1c4:0x3ffba4d0 in _frxt_dispatch at /home/wmytych/.platformio/packages/framework-espidf/components/freertos/FreeRTOS-Kernel/portable/xtensa/portasm.S:450
  #5  0x4008d176:0x00000000 in _frxt_int_exit at /home/wmytych/.platformio/packages/framework-espidf/components/freertos/FreeRTOS-Kernel/portable/xtensa/portasm.S:245
TI (794) wifi:wifi firmware version: ce9244d
I (794) wifi:wifi certification version: v7.0
I (794) wifi:config NVS flash: enabled
I (794) wifi:config nano formating: disabled
I (794) wifi:Init data frame dynamic rx buffer num: 32
I (804) wifi:Init management frame dynamic rx buffer num: 32
I (804) wifi:Init management short buffer num: 32
I (814) wifi:Init dynamic tx buffer num: 32
I (814) wifi:Init static rx buffer size: 2212
I (824) wifi:Init static rx buffer num: 10
I (824) wifi:Init dynamic rx buffer num: 32
[0;32mI (834) wifi_init: rx ba win: 6[0m
[0;32mI (834) wifi_init: tcpip mbox: 32[0m
[0;32mI (834) wifi_init: udp mbox: 6[0m
[0;32mI (844) wifi_init: tcp mbox: 6[0m
[0;32mI (844) wifi_init: tcp tx win: 5744[0m
[0;32mI (844) wifi_init: tcp rx win: 5744[0m
[0;32mI (854) wifi_init: tcp mss: 1440[0m
[0;32mI (854) wifi_init: WiFi IRAM OP enabled[0m
[0;32mI (864) wifi_init: WiFi RX IRAM OP enabled[0m
[0;32m1970-01-01 00:00:06 | INFO  | wifi_c_init_wifi:241 | Wifi initialized.[0m
[0;32mI (874) phy_init: phy_version 4670,719f9f6,Feb 18 2021,17:07:07[0m
I (994) wifi:mode : sta (c8:f0:9e:f8:01:a8)
I (994) wifi:enable tsf
[0;32m1970-01-01 00:00:06 | INFO  | wifi_c_sta_event_handler:91 | Station started, connecting to WiFi.[0m
[0m1970-01-01 00:00:06 | DEBUG | wifi_c_init_wifi:245 | wifi successfully initialized[0m
[0m1970-01-01 00:00:06 | DEBUG | wifi_c_start_sta:366 | WiFi successfully configured as STA.[0m
I (3444) wifi:new:<11,2>, old:<1,0>, ap:<255,255>, sta:<11,2>, prof:1
I (4624) wifi:state: init -> auth (b0)
I (4624) wifi:state: auth -> assoc (0)
I (4634) wifi:state: assoc -> run (10)
I (4644) wifi:connected with TP-LINK_AD8313, aid = 8, channel 11, 40D, bssid = 84:16:f9:ad:83:12
I (4644) wifi:security: WPA2-PSK, phy: bgn, rssi: -54
I (4664) wifi:pm start, type: 1

I (4664) wifi:AP's beacon interval = 102400 us, DTIM period = 1
I (4674) wifi:<ba-add>idx:0 (ifx:0, 84:16:f9:ad:83:12), tid:0, ssn:0, winSize:64
[0;32m1970-01-01 00:00:11 | INFO  | wifi_c_sta_event_handler:105 | Got IP:192.168.0.107[0m
[0;32mI (5674) esp_netif_handlers: sta ip: 192.168.0.107, mask: 255.255.255.0, gw: 192.168.0.1[0m
[0m1970-01-01 00:00:11 | DEBUG | wifi_c_check_sta_connection_result:117 | WIFI_C_CONNECTED_BIT is set![0m
[0;32m1970-01-01 00:00:11 | INFO  | app_main:100 | Connected to wifi, current ip: 192.168.0.107[0m
[0;32m1970-01-01 00:00:11 | INFO  | bmp_init:427 | preparing new BMP280 device...[0m
[0m1970-01-01 00:00:11 | DEBUG | bmp_i2c_identify_chip:283 | Trying to find BMP280 device on bus with 0x77 address...[0m
[0m1970-01-01 00:00:11 | DEBUG | inspect_task:69 | Currently available heap: 218304[0m
[0m1970-01-01 00:00:11 | DEBUG | inspect_task:70 | The minimum heap size that was ever available: 204292[0m
[0m1970-01-01 00:00:11 | DEBUG | i2c_c_set_device_addr:115 | [0m1970-01-01 00:00:11 | DEBUG | tcp_create_socket:168 | changed device address from 0 to 0XEEpreparing socket...[0m
[0m
[0;31m1970-01-01 00:00:11 | ERROR | lib/i2c_controller/src/i2c_controller.c:144 | i2c_c_read:144 | error -1 during reading registers on I2C: ESP_FAIL[0m1970-01-01 00:00:11 | DEBUG | tcp_create_socket:175 | [0m
created socket: 54[0m
[0m1970-01-01 00:00:11 | DEBUG | bmp_i2c_identify_chip:296 | BMP280 device with 0x77 address not found on bus, trying 0x76 address...[0m
[0m1970-01-01 00:00:11 | DEBUG | tcp_prepare_address:211 | [0m1970-01-01 00:00:11 | DEBUG | i2c_c_set_device_addr:115 | changed device address from 0XEE to 0XEC[0m
preparing address...[0m
[0;31m1970-01-01 00:00:11 | ERROR | lib/i2c_controller/src/i2c_controller.c:144 | i2c_c_read:144 | error -1 during reading registers on I2C: ESP_FAIL[0m
[0m1970-01-01 00:00:11 | DEBUG | tcp_prepare_address:220 | [0;33m1970-01-01 00:00:11 | WARN  | lib/bmp280/src/bmp280.c:308 | bmp_i2c_identify_chip:308 | no BMP280 device found on bus!prepared address 192.168.0.107:27015[0m
[0m
[0m1970-01-01 00:00:11 | DEBUG | i2c_c_set_device_addr:115 | changed device address from 0XEC to 0[0m
[0m1970-01-01 00:00:11 | DEBUG | tcp_bind_socket:232 | binding socket: 54 to address: 192.168.0.107:34665[0m
[0m1970-01-01 00:00:11 | DEBUG | bmp_i2c_identify_chip:283 | Trying to find BMP280 device on bus with 0x77 address...[0m
[0m1970-01-01 00:00:11 | DEBUG | tcp_bind_socket:242 | [0m1970-01-01 00:00:11 | DEBUG | i2c_c_set_device_addr:115 | changed device address from 0 to 0XEE[0m
socket: 54 bound to address: 192.168.0.107:27015[0;31m1970-01-01 00:00:11 | ERROR | lib/i2c_controller/src/i2c_controller.c:144 | i2c_c_read:144 | [0m
error -1 during reading registers on I2C: ESP_FAIL[0m
[0m1970-01-01 00:00:11 | DEBUG | bmp_i2c_identify_chip:296 | BMP280 device with 0x77 address not found on bus, trying 0x76 address...[0m
[0m1970-01-01 00:00:11 | DEBUG | tcp_socket_listen:253 | trying to listen on socket: 54[0m1970-01-01 00:00:11 | DEBUG | i2c_c_set_device_addr:115 | changed device address from 0XEE to 0XEC[0m
[0m
[0;31m1970-01-01 00:00:11 | ERROR | lib/i2c_controller/src/i2c_controller.c:144 | i2c_c_read:144 | error -1 during reading registers on I2C: ESP_FAIL[0m
[0;32m1970-01-01 00:00:11 | INFO  | tcp_socket_listen:260 | listening on socket: 192.168.0.107:27015[0m
[0;32m1970-01-01 00:00:11 | INFO  | cli_set_remote_logging:63 | Connect to device on IP 192.168.0.107 with port 27015 to capture logs.[0m
[0;33m1970-01-01 00:00:11 | WARN  | lib/bmp280/src/bmp280.c:308 | bmp_i2c_identify_chip:308 | no BMP280 device found on bus![0m
[0m1970-01-01 00:00:11 | DEBUG | i2c_c_set_device_addr:115 | changed device address from 0XEC to 0[0m
[0;31m1970-01-01 00:00:11 | ERROR | lib/cli_manager/src/cli_manager.c:69 | cli_set_remote_logging:69 | Error 3841 when connecting to remote host: i don't know?[0m
[0;32mI (5994) main_task: Returned from app_main()[0m

***ERROR*** A stack overflow in task log_task has been detected.


Backtrace: 0x40082aba:0x3ffba3f0 0x40089f41:0x3ffba410 0x4008ceee:0x3ffba430 0x4008b5c7:0x3ffba4b0 0x4008d1c4:0x3ffba4d0 0x4008d176:0x00000000 |<-CORRUPTED

  #0  0x40082aba:0x3ffba3f0 in panic_abort at /home/wmytych/.platformio/packages/framework-espidf/components/esp_system/panic.c:452
  #1  0x40089f41:0x3ffba410 in esp_system_abort at /home/wmytych/.platformio/packages/framework-espidf/components/esp_system/port/esp_system_chip.c:84
  #2  0x4008ceee:0x3ffba430 in vApplicationStackOverflowHook at /home/wmytych/.platformio/packages/framework-espidf/components/freertos/FreeRTOS-Kernel/portable/xtensa/port.c:581
  #3  0x4008b5c7:0x3ffba4b0 in vTaskSwitchContext at /home/wmytych/.platformio/packages/framework-espidf/components/freertos/FreeRTOS-Kernel/tasks.c:3728
  #4  0x4008d1c4:0x3ffba4d0 in _frxt_dispatch at /home/wmytych/.platformio/packages/framework-espidf/components/freertos/FreeRTOS-Kernel/portable/xtensa/portasm.S:450
  #5  0x4008d176:0x00000000 in _frxt_int_exit at /home/wmytych/.platformio/packages/framework-espidf/components/freertos/FreeRTOS-Kernel/portable/xtensa/portasm.S:245




ELF file SHA256: 67181ab6b91626f1

Rebooting...
ets Jul 29 2019 12:21:46

rst:0xc (SW_CPU_RESET),boot:0x13 (SPI_FAST_FLASH_BOOT)
configsip: 0, SPIWP:0xee
clk_drv:0x00,q_drv:0x00,d_drv:0x00,cs0_drv:0x00,hd_drv:0x00,wp_drv:0x00
mode:DIO, clock div:2
load:0x3fff0030,len:7076
load:0x40078000,len:15584
ho 0 tail 12 room 4
load:0x40080400,len:4
load:0x40080404,len:3876
entry 0x4008064c
[0;32mI (31) boot: ESP-IDF 5.1.1 2nd stage bootloader[0m
[0;32mI (31) boot: compile time Jan 12 2024 19:34:24[0m
[0;32mI (31) boot: Multicore bootloader[0m
[0;32mI (35) boot: chip revision: v3.0[0m
[0;32mI (39) boot.esp32: SPI Speed      : 40MHz[0m
[0;32mI (44) boot.esp32: SPI Mode       : DIO[0m
[0;32mI (48) boot.esp32: SPI Flash Size : 4MB[0m
[0;32mI (53) boot: Enabling RNG early entropy source...[0m
[0;32mI (58) boot: Partition Table:[0m
[0;32mI (62) boot: ## Label            Usage          Type ST Offset   Length[0m
[0;32mI (69) boot:  0 nvs              WiFi data        01 02 00009000 00006000[0m
[0;32mI (76) boot:  1 phy_init         RF data          01 01 0000f000 00001000[0m
[0;32mI (84) boot:  2 factory          factory app      00 00 00010000 00100000[0m
[0;32mI (91) boot: End of partition table[0m
[0;32mI (96) esp_image: segment 0: paddr=00010020 vaddr=3f400020 size=2ce80h (183936) map[0m
[0;32mI (171) esp_image: segment 1: paddr=0003cea8 vaddr=3ffb0000 size=03170h ( 12656) load[0m
[0;32mI (176) esp_image: segment 2: paddr=00040020 vaddr=400d0020 size=aaed8h (700120) map[0m
[0;32mI (429) esp_image: segment 3: paddr=000eaf00 vaddr=3ffb3170 size=006b8h (  1720) load[0m
[0;32mI (430) esp_image: segment 4: paddr=000eb5c0 vaddr=40080000 size=16c9ch ( 93340) load[0m
[0;32mI (485) boot: Loaded app from partition at offset 0x10000[0m
[0;32mI (485) boot: Disabling RNG early entropy source...[0m
[0;32mI (496) cpu_start: Multicore app[0m
[0;32mI (497) cpu_start: Pro cpu up.[0m
[0;32mI (497) cpu_start: Starting app cpu, entry point is 0x40081f94[0m
[0;32mI (484) cpu_start: App cpu up.[0m
[0;32mI (515) cpu_start: Pro cpu start user code[0m
[0;32mI (515) cpu_start: cpu freq: 160000000 Hz[0m
[0;32mI (515) cpu_start: Application information:[0m
[0;32mI (520) cpu_start: Project name:     esp_startup[0m
[0;32mI (525) cpu_start: App version:      21e8f4e-dirty[0m
[0;32mI (530) cpu_start: Compile time:     Jan 12 2024 19:25:20[0m
[0;32mI (536) cpu_start: ELF file SHA256:  67181ab6b91626f1...[0m
[0;32mI (542) cpu_start: ESP-IDF:          5.1.1[0m
[0;32mI (547) cpu_start: Min chip rev:     v0.0[0m
[0;32mI (552) cpu_start: Max chip rev:     v3.99 [0m
[0;32mI (557) cpu_start: Chip rev:         v3.0[0m
[0;32mI (562) heap_init: Initializing. RAM available for dynamic allocation:[0m
[0;32mI (569) heap_init: At 3FFAE6E0 len 00001920 (6 KiB): DRAM[0m
[0;32mI (575) heap_init: At 3FFB82E8 len 00027D18 (159 KiB): DRAM[0m
[0;32mI (581) heap_init: At 3FFE0440 len 00003AE0 (14 KiB): D/IRAM[0m
[0;32mI (587) heap_init: At 3FFE4350 len 0001BCB0 (111 KiB): D/IRAM[0m
[0;32mI (594) heap_init: At 40096C9C len 00009364 (36 KiB): IRAM[0m
[0;32mI (602) spi_flash: detected chip: generic[0m
[0;32mI (605) spi_flash: flash io: dio[0m
[0;32mI (609) app_start: Starting scheduler on CPU0[0m
[0;32mI (614) app_start: Starting scheduler on CPU1[0m
[0;32mI (614) main_task: Started on CPU0[0m
[0;32mI (624) main_task: Calling app_main()[0m
[0m1970-01-01 00:00:12 | DEBUG | wifi_c_init_netif:150 | netif initialized as STA[0m
I (774) wifi:wifi driver task: 3ffc0590, prio:23, stack:6656, core=0
I (794) wifi:wifi firmware version: ce9244d
I (794) wifi:wifi certification version: v7.0
I (794) wifi:config NVS flash: enabled
I (794) wifi:config nano formating: disabled
I (794) wifi:Init data frame dynamic rx buffer num: 32
I (804) wifi:Init management frame dynamic rx buffer num: 32
I (804) wifi:Init management short buffer num: 32
I (814) wifi:Init dynamic tx buffer num: 32
I (814) wifi:Init static rx buffer size: 2212
I (824) wifi:Init static rx buffer num: 10
I (824) wifi:Init dynamic rx buffer num: 32
[0;32mI (834) wifi_init: rx ba win: 6[0m
[0;32mI (834) wifi_init: tcpip mbox: 32[0m
[0;32mI (834) wifi_init: udp mbox: 6[0m
[0;32mI (844) wifi_init: tcp mbox: 6[0m
[0;32mI (844) wifi_init: tcp tx win: 5744[0m
[0;32mI (844) wifi_init: tcp rx win: 5744[0m
[0;32mI (854) wifi_init: tcp mss: 1440[0m
[0;32mI (854) wifi_init: WiFi IRAM OP enabled[0m
[0;32mI (864) wifi_init: WiFi RX IRAM OP enabled[0m
[0;32m1970-01-01 00:00:12 | INFO  | wifi_c_init_wifi:241 | Wifi initialized.[0m
[0;32mI (874) phy_init: phy_version 4670,719f9f6,Feb 18 2021,17:07:07[0m
I (984) wifi:mode : sta (c8:f0:9e:f8:01:a8)
I (994) wifi:enable tsf
[0;32m1970-01-01 00:00:12 | INFO  | wifi_c_sta_event_handler:91 | Station started, connecting to WiFi.[0m
[0m1970-01-01 00:00:12 | DEBUG | wifi_c_init_wifi:245 | wifi successfully initialized[0m
[0m1970-01-01 00:00:12 | DEBUG | wifi_c_start_sta:366 | WiFi successfully configured as STA.[0m
