I (3570) wifi:new:<11,2>, old:<1,0>, ap:<255,255>, sta:<11,2>, prof:1
I (3570) wifi:state: init -> auth (b0)
I (3570) wifi:state: auth -> assoc (0)
I (3600) wifi:state: assoc -> run (10)
I (3620) wifi:connected with TP-LINK_AD8313, aid = 7, channel 11, 40D, bssid = 84:16:f9:ad:83:12
I (3620) wifi:security: WPA2-PSK, phy: bgn, rssi: -43
I (3620) wifi:pm start, type: 1

I (3630) wifi:AP's beacon interval = 102400 us, DTIM period = 1
I (3630) wifi:<ba-add>idx:0 (ifx:0, 84:16:f9:ad:83:12), tid:0, ssn:0, winSize:64
[0;32m1970-01-01 00:00:04 | INFO  | wifi_c_sta_event_handler:116 | Got IP:192.168.0.104[0m
[0;32mI (4630) esp_netif_handlers: sta ip: 192.168.0.104, mask: 255.255.255.0, gw: 192.168.0.1[0m
[0m1970-01-01 00:00:04 | DEBUG | wifi_c_check_sta_connection_result:128 | WIFI_C_CONNECTED_BIT is set![0m
[0;31mE (4650) esp_https_ota: No option for server verification is enabled in esp_http_client config.[0m
[0;31m1970-01-01 00:00:04 | ERROR | lib/ota_controller/src/ota_controller.c:157 | ota_c_start:157 | error 258, ESP HTTPS OTA Begin failed: ESP_ERR_INVALID_ARG[0m
[0;32m1970-01-01 00:00:04 | INFO  | bmp_init:427 | preparing new BMP280 device...[0m
[0m1970-01-01 00:00:04 | DEBUG | inspect_task:74 | Currently available heap: 214880[0m
[0m1970-01-01 00:00:04 | DEBUG | bmp_i2c_identify_chip:283 | Trying to find BMP280 device on bus with 0x77 address...[0m
[0m1970-01-01 00:00:04 | DEBUG | inspect_task:75 | The minimum heap size that was ever available: 214880[0m
[0m1970-01-01 00:00:04 | DEBUG | tcp_create_socket:168 | preparing socket...[0m
[0m1970-01-01 00:00:04 | DEBUG | i2c_c_set_device_addr:115 | changed device address from 0 to 0XEE[0m
[0m1970-01-01 00:00:04 | DEBUG | tcp_create_socket:175 | created socket: 54[0m
[0;31m1970-01-01 00:00:04 | ERROR | lib/i2c_controller/src/i2c_controller.c:144 | i2c_c_read:144 | error 0 during reading registers on I2C: ESP_OK[0m
[0m1970-01-01 00:00:04 | DEBUG | tcp_prepare_address:211 | preparing address...[0m
[0m1970-01-01 00:00:04 | DEBUG | bmp_i2c_identify_chip:289 | found BMP280 device on bus with address: 0XEE and ID: 0[0m
[0m1970-01-01 00:00:04 | DEBUG | tcp_prepare_address:220 | prepared address 192.168.0.104:27015[0m
[0;31m1970-01-01 00:00:04 | ERROR | lib/i2c_controller/src/i2c_controller.c:144 | i2c_c_read:144 | error 0 during reading registers on I2C: ESP_OK[0m
[0m1970-01-01 00:00:04 | DEBUG | tcp_bind_socket:232 | binding socket: 54 to address: 192.168.0.104:34665[0m1970-01-01 00:00:04 | DEBUG | bmp_i2c_get_ctrl_meas:94 | [0m
readed ctr_meas register value: 0X4F[0m
[0m1970-01-01 00:00:04 | DEBUG | tcp_bind_socket:242 | [0m1970-01-01 00:00:04 | DEBUG | bmp_i2c_calibrate:252 | reading BMP280 out calibration values...[0m
socket: 54 bound to address: 192.168.0.104:27015[0m
[0;31m1970-01-01 00:00:04 | ERROR | lib/i2c_controller/src/i2c_controller.c:144 | i2c_c_read:144 | error 0 during reading registers on I2C: ESP_OK[0m
[0m1970-01-01 00:00:04 | DEBUG | tcp_socket_listen:253 | trying to listen on socket: 54[0m
[0m1970-01-01 00:00:04 | DEBUG | bmp_i2c_calibrate:272 | compensation values of BMP280 device updated:
	T1: 0x3f40018c
	T2: 0x3ffb3a60
	T3: 0x3f4002a0
	P1: 0x3f4029c0
	P2: 0x110
	P3: 0x3ffb3a60
	P4: 0x3f4002a0
	P5: 0x3f402a5c
	P6: 0x67036afd
	P7: 0x96300032
	P8: 0xbd0d6f7
	P9: 0xff7f1220 [0;32m1970-01-01 00:00:04 | INFO  | tcp_socket_listen:260 | [0m
listening on socket: 192.168.0.104:27015[0m
[0;32m1970-01-01 00:00:04 | INFO  | cli_set_remote_logging:63 | Connect to device on IP 192.168.0.104 with port 27015 to capture logs.[0m
[0;32m1970-01-01 00:00:04 | INFO  | bmp_init:444 | new BMP280 device ready to use![0m
[0;31m1970-01-01 00:00:04 | ERROR | lib/i2c_controller/src/i2c_controller.c:144 | i2c_c_read:144 | error 0 during reading registers on I2C: ESP_OK[0m
[0m1970-01-01 00:00:04 | DEBUG | bmp_i2c_get_config:79 | readed config register value: 0XA0[0m
[0;31m1970-01-01 00:00:04 | ERROR | lib/i2c_controller/src/i2c_controller.c:176 | i2c_c_write:176 | error 0 during reading registers on I2C: ESP_OK[0m
[0m1970-01-01 00:00:04 | DEBUG | bmp_i2c_set_standby_time:173 | config register value changed to: 160[0m
[0m1970-01-01 00:00:04 | DEBUG | bmp_i2c_get_config:79 | readed config register value: 0XA0[0m
[0m1970-01-01 00:00:04 | DEBUG | bmp_i2c_set_iir_filter:237 | config register value of BMP280 device changed to: 0xa0[0m
[0m1970-01-01 00:00:04 | DEBUG | bmp_i2c_get_ctrl_meas:94 | readed ctr_meas register value: 0X4F[0m
[0m1970-01-01 00:00:04 | DEBUG | bmp_i2c_set_press_oversampling:197 | BMP280 device ctrl_meas register was set to: 0X4F[0m
[0m1970-01-01 00:00:04 | DEBUG | bmp_i2c_get_c
r[0m2024-01-27 17:47:54 | DEBUG | inspect_task:74 | Currently available heap: 212352[0m
[0m2024-01-27 17:47:54 | DEBUG | inspect_task:75 | The minimum heap size that was ever available: 204864[0m
[0m2024-01-27 17:47:59 | DEBUG | inspect_task:74 | Currently available heap: 212352[0m
[0m2024-01-27 17:47:59 | DEBUG | inspect_task:75 | The minimum heap size that was ever available: 204864[0m
[0m2024-01-27 17:48:04 | DEBUG | inspect_task:74 | Currently available heap: 212352[0m
[0m2024-01-27 17:48:04 | DEBUG | inspect_task:75 | The minimum heap size that was ever available: 204864[0m
[0m2024-01-27 17:48:09 | DEBUG | inspect_task:74 | Currently available heap: 212352[0m
[0m2024-01-27 17:48:09 | DEBUG | inspect_task:75 | The minimum heap size that was ever available: 204864[0m
[0m2024-01-27 17:48:14 | DEBUG | inspect_task:74 | Currently available heap: 212352[0m
[0m2024-01-27 17:48:14 | DEBUG | inspect_task:75 | The minimum heap size that was ever available: 204864[0m
[0m2024-01-27 17:48:15 | DEBUG | bmp_i2c_readout:333 | reading temperature of BMP280 device...[0m
[0;31m2024-01-27 17:48:15 | ERROR | lib/i2c_controller/src/i2c_controller.c:144 | i2c_c_read:144 | error 0 during reading registers on I2C: ESP_OK[0m
[0m2024-01-27 17:48:15 | DEBUG | bmp_i2c_readout:337 | reading pressure of BMP280 device...[0m
[0;31m2024-01-27 17:48:15 | ERROR | lib/i2c_controller/src/i2c_controller.c:144 | i2c_c_read:144 | error 0 during reading registers on I2C: ESP_OK[0m
[0;32m2024-01-27 17:48:15 | INFO  | read_temperature_task:57 | temperature: 24.89 C[0m
[0;32m2024-01-27 17:48:15 | INFO  | read_temperature_task:58 | pressure: 1002.57hPa[0m
[0;32m2024-01-27 17:48:15 | INFO  | read_temperature_task:59 | altitude: 89.26 m. n. p. m.[0m
[0m2024-01-27 17:48:15 | DEBUG | read_temperature_task:61 | data to send to database: device_id=222222&temperature=24.89&pressure=1002.57&altitude=89.26[0m
[0;32m2024-01-27 17:48:15 | INFO  | http_client_post:143 | making POST request to address: http://wmytych.usermd.net/modules/setters/insert_data.php[0m
[0m2024-01-27 17:48:15 | DEBUG | _http_event_handler:27 | HTTP_EVENT_ON_CONNECTED[0m
[0m2024-01-27 17:48:15 | DEBUG | _http_event_handler:30 | HTTP_EVENT_HEADER_SENT[0m
[0m2024-01-27 17:48:15 | DEBUG | _http_event_handler:33 | HTTP_EVENT_ON_HEADER, key=Server, value=nginx[0m
[0m2024-01-27 17:48:15 | DEBUG | _http_event_handler:33 | HTTP_EVENT_ON_HEADER, key=Date, value=Sat, 27 Jan 2024 17:48:15 GMT[0m
[0m2024-01-27 17:48:15 | DEBUG | _http_event_handler:33 | HTTP_EVENT_ON_HEADER, key=Content-Type, value=text/html; charset=UTF-8[0m
[0m2024-01-27 17:48:15 | DEBUG | _http_event_handler:33 | HTTP_EVENT_ON_HEADER, key=Transfer-Encoding, value=chunked[0m
[0m2024-01-27 17:48:15 | DEBUG | _http_event_handler:33 | HTTP_EVENT_ON_HEADER, key=Connection, value=keep-alive[0m
[0m2024-01-27 17:48:15 | DEBUG | _http_event_handler:33 | HTTP_EVENT_ON_HEADER, key=X-Powered-By, value=PHP/8.3.0[0m
[0m2024-01-27 17:48:15 | DEBUG | _http_event_handler:36 | HTTP_EVENT_ON_DATA, len=39[0m
[0m2024-01-27 17:48:15 | DEBUG | _http_event_handler:37 | HTTP_EVENT_ON_DATA, output_len=0[0m
[0m2024-01-27 17:48:15 | DEBUG | _http_event_handler:38 | HTTP_EVENT_ON_DATA, content_length=-1[0m
[0m2024-01-27 17:48:15 | DEBUG | _http_event_handler:56 | HTTP_EVENT_ON_FINISH[0m
[0m2024-01-27 17:48:15 | DEBUG | http_client_post:159 | HTTP GET Status = 200, content_length = 1073429152[0m
[0;32m2024-01-27 17:48:15 | INFO  | http_client_post:162 | 
data stored in a database successfully.[0m
[0m2024-01-27 17:48:15 | DEBUG | _http_event_handler:66 | HTTP_EVENT_DISCONNECTED[0m
[0;32m2024-01-27 17:48:15 | INFO  | read_temperature_task:63 | Client POST request returned: 0[0m
[0m2024-01-27 17:48:19 | DEBUG | inspect_task:74 | Currently available heap: 211700[0m
[0m2024-01-27 17:48:19 | DEBUG | inspect_task:75 | The minimum heap size that was ever available: 204160[0m
[0m2024-01-27 17:48:24 | DEBUG | inspect_task:74 | Currently available heap: 211700[0m
[0m2024-01-27 17:48:24 | DEBUG | inspect_task:75 | The minimum heap size that was ever available: 204160[0m
[0m2024-01-27 17:48:29 | DEBUG | inspect_task:74 | Currently available heap: 211700[0m
[0m2024-01-27 17:48:29 | DEBUG | inspect_task:75 | The minimum heap size that was ever available: 204160[0m
[0m2024-01-27 17:48:34 | DEBUG | inspect_task:74 | Currently available heap: 211700[0m
[0m2024-01-27 17:48:34 | DEBUG | inspect_task:75 | The minimum heap size that was ever available: 204160[0m
[0m2024-01-27 17:48:39 | DEBUG | inspect_task:74 | Currently available heap: 211700[0m
[0m2024-01-27 17:48:39 | DEBUG | inspect_task:75 | The minimum heap size that was ever available: 204160[0m
[0m2024-01-27 17:48:44 | DEBUG | inspect_task:74 | Currently available heap: 211700[0m
[0m2024-01-27 17:48:44 | DEBUG | inspect_task:75 | The minimum heap size that was ever available: 204160[0m
[0m2024-01-27 17:48:45 | DEBUG | bmp_i2c_readout:333 | reading temperature of BMP280 device...[0m
[0;31m2024-01-27 17:48:45 | ERROR | lib/i2c_controller/src/i2c_controller.c:144 | i2c_c_read:144 | error 0 during reading registers on I2C: ESP_OK[0m
[0m2024-01-27 17:48:45 | DEBUG | bmp_i2c_readout:337 | reading pressure of BMP280 device...[0m
[0;31m2024-01-27 17:48:45 | ERROR | lib/i2c_controller/src/i2c_controller.c:144 | i2c_c_read:144 | error -1 during reading registers on I2C: ESP_FAIL[0m
[0;31m2024-01-27 17:48:45 | ERROR | lib/bmp280/src/bmp280.c:341 | bmp_i2c_readout:341 | error 0 during reading results from BMP280 device: ESP_OK[0m
[0;32m2024-01-27 17:48:45 | INFO  | read_temperature_task:57 | temperature: 27.51 C[0m
[0;32m2024-01-27 17:48:45 | INFO  | read_temperature_task:58 | pressure: 0.00hPa[0m
[0;32m2024-01-27 17:48:45 | INFO  | read_temperature_task:59 | altitude: 44330.00 m. n. p. m.[0m
[0m2024-01-27 17:48:45 | DEBUG | read_temperature_task:61 | data to send to database: device_id=222222&temperature=27.51&pressure=0.00&altitude=44330.00[0m
[0;32m2024-01-27 17:48:45 | INFO  | http_client_post:143 | making POST request to address: http://wmytych.usermd.net/modules/setters/insert_data.php[0m
[0m2024-01-27 17:48:45 | DEBUG | _http_event_handler:27 | HTTP_EVENT_ON_CONNECTED[0m
[0m2024-01-27 17:48:45 | DEBUG | _http_event_handler:30 | HTTP_EVENT_HEADER_SENT[0m
[0m2024-01-27 17:48:45 | DEBUG | _http_event_handler:33 | HTTP_EVENT_ON_HEADER, key=Server, value=nginx[0m
[0m2024-01-27 17:48:45 | DEBUG | _http_event_handler:33 | HTTP_EVENT_ON_HEADER, key=Date, value=Sat, 27 Jan 2024 17:48:45 GMT[0m
[0m2024-01-27 17:48:45 | DEBUG | _http_event_handler:33 | HTTP_EVENT_ON_HEADER, key=Content-Type, value=text/html; charset=UTF-8[0m
[0m2024-01-27 17:48:46 | DEBUG | _http_event_handler:33 | HTTP_EVENT_ON_HEADER, key=Transfer-Encoding, value=chunked[0m
[0m2024-01-27 17:48:46 | DEBUG | _http_event_handler:33 | HTTP_EVENT_ON_HEADER, key=Connection, value=keep-alive[0m
[0m2024-01-27 17:48:46 | DEBUG | _http_event_handler:33 | HTTP_EVENT_ON_HEADER, key=X-Powered-By, value=PHP/8.3.0[0m
[0m2024-01-27 17:48:46 | DEBUG | _http_event_handler:36 | HTTP_EVENT_ON_DATA, len=39[0m
[0m2024-01-27 17:48:46 | DEBUG | _http_event_handler:37 | HTTP_EVENT_ON_DATA, output_len=0[0m
[0m2024-01-27 17:48:46 | DEBUG | _http_event_handler:38 | HTTP_EVENT_ON_DATA, content_length=-1[0m
[0m2024-01-27 17:48:46 | DEBUG | _http_event_handler:56 | HTTP_EVENT_ON_FINISH[0m
[0m2024-01-27 17:48:46 | DEBUG | http_client_post:159 | HTTP GET Status = 200, content_length = 1073429152[0m
[0;32m2024-01-27 17:48:46 | INFO  | http_client_post:162 | 
data stored in a database successfully.[0m
[0m2024-01-27 17:48:46 | DEBUG | _http_event_handler:66 | HTTP_EVENT_DISCONNECTED[0m
[0;32m2024-01-27 17:48:46 | INFO  | read_temperature_task:63 | Client POST request returned: 0[0m
[0m2024-01-27 17:48:49 | DEBUG | inspect_task:74 | Currently available heap: 211048[0m
[0m2024-01-27 17:48:49 | DEBUG | inspect_task:75 | The minimum heap size that was ever available: 203492[0m
[0m2024-01-27 17:48:54 | DEBUG | inspect_task:74 | Currently available heap: 211048[0m
[0m2024-01-27 17:48:54 | DEBUG | inspect_task:75 | The minimum heap size that was ever available: 203492[0m
[0m2024-01-27 17:48:59 | DEBUG | inspect_task:74 | Currently available heap: 211048[0m
[0m2024-01-27 17:48:59 | DEBUG | inspect_task:75 | The minimum heap size that was ever available: 203492[0m
[0m2024-01-27 17:49:04 | DEBUG | inspect_task:74 | Currently available heap: 211048[0m
[0m2024-01-27 17:49:04 | DEBUG | inspect_task:75 | The minimum heap size that was ever available: 203492[0m
[0m2024-01-27 17:49:09 | DEBUG | inspect_task:74 | Currently available heap: 211048[0m
[0m2024-01-27 17:49:09 | DEBUG | inspect_task:75 | The minimum heap size that was ever available: 203492[0m
[0m2024-01-27 17:49:14 | DEBUG | inspect_task:74 | Currently available heap: 211048[0m
[0m2024-01-27 17:49:14 | DEBUG | inspect_task:75 | The minimum heap size that was ever available: 203492[0m
[0m2024-01-27 17:49:16 | DEBUG | bmp_i2c_readout:333 | reading temperature of BMP280 device...[0m
[0;31m2024-01-27 17:49:16 | ERROR | lib/i2c_controller/src/i2c_controller.c:144 | i2c_c_read:144 | error 0 during reading registers on I2C: ESP_OK[0m
[0m2024-01-27 17:49:16 | DEBUG | bmp_i2c_readout:337 | reading pressure of BMP280 device...[0m
[0;31m2024-01-27 17:49:16 | ERROR | lib/i2c_controller/src/i2c_controller.c:144 | i2c_c_read:144 | error -1 during reading registers on I2C: ESP_FAIL[0m
[0;31m2024-01-27 17:49:16 | ERROR | lib/i2c_controller/src/i2c_controller.c:144 | i2c_c_read:144 | error -1 during reading registers on I2C: ESP_FAIL[0m
[0;31m2024-01-27 17:49:16 | ERROR | lib/bmp280/src/bmp280.c:341 | bmp_i2c_readout:341 | error -1 during reading results from BMP280 device: ESP_FAIL[0m
[0;32m2024-01-27 17:49:16 | INFO  | read_temperature_task:57 | temperature: 27.51 C[0m
[0;32m2024-01-27 17:49:16 | INFO  | read_temperature_task:58 | pressure: 0.00hPa[0m
[0;32m2024-01-27 17:49:16 | INFO  | read_temperature_task:59 | altitude: 44330.00 m. n. p. m.[0m
[0m2024-01-27 17:49:16 | DEBUG | read_temperature_task:61 | data to send to database: device_id=222222&temperature=27.51&pressure=0.00&altitude=44330.00[0m
[0;32m2024-01-27 17:49:16 | INFO  | http_client_post:143 | making POST request to address: http://wmytych.usermd.net/modules/setters/insert_data.php[0m
[0m2024-01-27 17:49:16 | DEBUG | _http_event_handler:27 | HTTP_EVENT_ON_CONNECTED[0m
[0m2024-01-27 17:49:16 | DEBUG | _http_event_handler:30 | HTTP_EVENT_HEADER_SENT[0m
[0m2024-01-27 17:49:16 | DEBUG | _http_event_handler:33 | HTTP_EVENT_ON_HEADER, key=Server, value=nginx[0m
[0m2024-01-27 17:49:16 | DEBUG | _http_event_handler:33 | HTTP_EVENT_ON_HEADER, key=Date, value=Sat, 27 Jan 2024 17:49:16 GMT[0m
[0m2024-01-27 17:49:16 | DEBUG | _http_event_handler:33 | HTTP_EVENT_ON_HEADER, key=Content-Type, value=text/html; charset=UTF-8[0m
[0m2024-01-27 17:49:16 | DEBUG | _http_event_handler:33 | HTTP_EVENT_ON_HEADER, key=Transfer-Encoding, value=chunked[0m
[0m2024-01-27 17:49:16 | DEBUG | _http_event_handler:33 | HTTP_EVENT_ON_HEADER, key=Connection, value=keep-alive[0m
[0m2024-01-27 17:49:16 | DEBUG | _http_event_handler:33 | HTTP_EVENT_ON_HEADER, key=X-Powered-By, value=PHP/8.3.0[0m
[0m2024-01-27 17:49:16 | DEBUG | _http_event_handler:36 | HTTP_EVENT_ON_DATA, len=39[0m
[0m2024-01-27 17:49:16 | DEBUG | _http_event_handler:37 | HTTP_EVENT_ON_DATA, output_len=0[0m
[0m2024-01-27 17:49:16 | DEBUG | _http_event_handler:38 | HTTP_EVENT_ON_DATA, content_length=-1[0m
[0m2024-01-27 17:49:16 | DEBUG | _http_event_handler:56 | HTTP_EVENT_ON_FINISH[0m
[0m2024-01-27 17:49:16 | DEBUG | http_client_post:159 | HTTP GET Status = 200, content_length = 1073429152[0m
[0;32m2024-01-27 17:49:16 | INFO  | http_client_post:162 | 
data stored in a database successfully.[0m
[0m2024-01-27 17:49:16 | DEBUG | _http_event_handler:66 | HTTP_EVENT_DISCONNECTED[0m
[0;32m2024-01-27 17:49:16 | INFO  | read_temperature_task:63 | Client POST request returned: 0[0m
[0m2024-01-27 17:49:19 | DEBUG | inspect_task:74 | Currently available heap: 210172[0m
[0m2024-01-27 17:49:19 | DEBUG | inspect_task:75 | The minimum heap size that was ever available: 202616[0m
[0m2024-01-27 17:49:24 | DEBUG | inspect_task:74 | Currently available heap: 210172[0m
[0m2024-01-27 17:49:24 | DEBUG | inspect_task:75 | The minimum heap size that was ever available: 202616[0m
[0m2024-01-27 17:49:29 | DEBUG | inspect_task:74 | Currently available heap: 210172[0m
[0m2024-01-27 17:49:29 | DEBUG | inspect_task:75 | The minimum heap size that was ever available: 202616[0m
[0m2024-01-27 17:49:34 | DEBUG | inspect_task:74 | Currently available heap: 210172[0m
[0m2024-01-27 17:49:34 | DEBUG | inspect_task:75 | The minimum heap size that was ever available: 202616[0m
[0m2024-01-27 17:49:39 | DEBUG | inspect_task:74 | Currently available heap: 210172[0m
[0m2024-01-27 17:49:39 | DEBUG | inspect_task:75 | The minimum heap size that was ever available: 202616[0m
[0m2024-01-27 17:49:44 | DEBUG | inspect_task:74 | Currently available heap: 210172[0m
[0m2024-01-27 17:49:44 | DEBUG | inspect_task:75 | The minimum heap size that was ever available: 202616[0m
[0m2024-01-27 17:49:46 | DEBUG | bmp_i2c_readout:333 | reading temperature of BMP280 device...[0m
[0;31m2024-01-27 17:49:46 | ERROR | lib/i2c_controller/src/i2c_controller.c:144 | i2c_c_read:144 | error 0 during reading registers on I2C: ESP_OK[0m
[0m2024-01-27 17:49:46 | DEBUG | bmp_i2c_readout:337 | reading pressure of BMP280 device...[0m
[0;31m2024-01-27 17:49:46 | ERROR | lib/i2c_controller/src/i2c_controller.c:144 | i2c_c_read:144 | error -1 during reading registers on I2C: ESP_FAIL[0m
[0;31m2024-01-27 17:49:46 | ERROR | lib/i2c_controller/src/i2c_controller.c:144 | i2c_c_read:144 | error 0 during reading registers on I2C: ESP_OK[0m
[0;31m2024-01-27 17:49:46 | ERROR | lib/bmp280/src/bmp280.c:341 | bmp_i2c_readout:341 | error 0 during reading results from BMP280 device: ESP_OK[0m
[0;32m2024-01-27 17:49:46 | INFO  | read_temperature_task:57 | temperature: 28.71 C[0m
[0;32m2024-01-27 17:49:46 | INFO  | read_temperature_task:58 | pressure: 0.00hPa[0m
[0;32m2024-01-27 17:49:46 | INFO  | read_temperature_task:59 | altitude: 44330.00 m. n. p. m.[0m
[0m2024-01-27 17:49:46 | DEBUG | read_temperature_task:61 | data to send to database: device_id=222222&temperature=28.71&pressure=0.00&altitude=44330.00[0m
[0;32m2024-01-27 17:49:46 | INFO  | http_client_post:143 | making POST request to address: http://wmytych.usermd.net/modules/setters/insert_data.php[0m
[0m2024-01-27 17:49:46 | DEBUG | _http_event_handler:27 | HTTP_EVENT_ON_CONNECTED[0m
[0m2024-01-27 17:49:46 | DEBUG | _http_event_handler:30 | HTTP_EVENT_HEADER_SENT[0m
[0m2024-01-27 17:49:46 | DEBUG | _http_event_handler:33 | HTTP_EVENT_ON_HEADER, key=Server, value=nginx[0m
[0m2024-01-27 17:49:46 | DEBUG | _http_event_handler:33 | HTTP_EVENT_ON_HEADER, key=Date, value=Sat, 27 Jan 2024 17:49:46 GMT[0m
[0m2024-01-27 17:49:46 | DEBUG | _http_event_handler:33 | HTTP_EVENT_ON_HEADER, key=Content-Type, value=text/html; charset=UTF-8[0m
[0m2024-01-27 17:49:46 | DEBUG | _http_event_handler:33 | HTTP_EVENT_ON_HEADER, key=Transfer-Encoding, value=chunked[0m
[0m2024-01-27 17:49:46 | DEBUG | _http_event_handler:33 | HTTP_EVENT_ON_HEADER, key=Connection, value=keep-alive[0m
[0m2024-01-27 17:49:46 | DEBUG | _http_event_handler:33 | HTTP_EVENT_ON_HEADER, key=X-Powered-By, value=PHP/8.3.0[0m
[0m2024-01-27 17:49:46 | DEBUG | _http_event_handler:36 | HTTP_EVENT_ON_DATA, len=39[0m
[0m2024-01-27 17:49:46 | DEBUG | _http_event_handler:37 | HTTP_EVENT_ON_DATA, output_len=0[0m
[0m2024-01-27 17:49:46 | DEBUG | _http_event_handler:38 | HTTP_EVENT_ON_DATA, content_length=-1[0m
[0m2024-01-27 17:49:46 | DEBUG | _http_event_handler:56 | HTTP_EVENT_ON_FINISH[0m
[0m2024-01-27 17:49:46 | DEBUG | http_client_post:159 | HTTP GET Status = 200, content_length = 1073429152[0m
[0;32m2024-01-27 17:49:46 | INFO  | http_client_post:162 | 
data stored in a database successfully.[0m
[0m2024-01-27 17:49:46 | DEBUG | _http_event_handler:66 | HTTP_EVENT_DISCONNECTED[0m
[0;32m2024-01-27 17:49:46 | INFO  | read_temperature_task:63 | Client POST request returned: 0[0m
[0m2024-01-27 17:49:49 | DEBUG | inspect_task:74 | Currently available heap: 209524[0m
[0m2024-01-27 17:49:49 | DEBUG | inspect_task:75 | The minimum heap size that was ever available: 201908[0m
[0m2024-01-27 17:49:54 | DEBUG | inspect_task:74 | Currently available heap: 209524[0m
[0m2024-01-27 17:49:54 | DEBUG | inspect_task:75 | The minimum heap size that was ever available: 201908[0m
[0m2024-01-27 17:49:59 | DEBUG | inspect_task:74 | Currently available heap: 209524[0m
[0m2024-01-27 17:49:59 | DEBUG | inspect_task:75 | The minimum heap size that was ever available: 201908[0m
[0m2024-01-27 17:50:04 | DEBUG | inspect_task:74 | Currently available heap: 209524[0m
[0m2024-01-27 17:50:04 | DEBUG | inspect_task:75 | The minimum heap size that was ever available: 201908[0m
[0m2024-01-27 17:50:09 | DEBUG | inspect_task:74 | Currently available heap: 209524[0m
[0m2024-01-27 17:50:09 | DEBUG | inspect_task:75 | The minimum heap size that was ever available: 201908[0m
[0m2024-01-27 17:50:14 | DEBUG | inspect_task:74 | Currently available heap: 209524[0m
[0m2024-01-27 17:50:14 | DEBUG | inspect_task:75 | The minimum heap size that was ever available: 201908[0m
[0m2024-01-27 17:50:16 | DEBUG | bmp_i2c_readout:333 | reading temperature of BMP280 device...[0m
[0;31m2024-01-27 17:50:16 | ERROR | lib/i2c_controller/src/i2c_controller.c:144 | i2c_c_read:144 | error 0 during reading registers on I2C: ESP_OK[0m
[0m2024-01-27 17:50:16 | DEBUG | bmp_i2c_readout:337 | reading pressure of BMP280 device...[0m
[0;31m2024-01-27 17:50:16 | ERROR | lib/i2c_controller/src/i2c_controller.c:144 | i2c_c_read:144 | error -1 during reading registers on I2C: ESP_FAIL[0m
[0;31m2024-01-27 17:50:16 | ERROR | lib/bmp280/src/bmp280.c:341 | bmp_i2c_readout:341 | error 0 during reading results from BMP280 device: ESP_OK[0m
[0;32m2024-01-27 17:50:16 | INFO  | read_temperature_task:57 | temperature: 28.97 C[0m
[0;32m2024-01-27 17:50:17 | INFO  | read_temperature_task:58 | pressure: 0.00hPa[0m
[0;32m2024-01-27 17:50:17 | INFO  | read_temperature_task:59 | altitude: 44330.00 m. n. p. m.[0m
[0m2024-01-27 17:50:17 | DEBUG | read_temperature_task:61 | data to send to database: device_id=222222&temperature=28.97&pressure=0.00&altitude=44330.00[0m
[0;32m2024-01-27 17:50:17 | INFO  | http_client_post:143 | making POST request to address: http://wmytych.usermd.net/modules/setters/insert_data.php[0m
[0m2024-01-27 17:50:17 | DEBUG | _http_event_handler:27 | HTTP_EVENT_ON_CONNECTED[0m
[0m2024-01-27 17:50:17 | DEBUG | _http_event_handler:30 | HTTP_EVENT_HEADER_SENT[0m
[0m2024-01-27 17:50:17 | DEBUG | _http_event_handler:33 | HTTP_EVENT_ON_HEADER, key=Server, value=nginx[0m
[0m2024-01-27 17:50:17 | DEBUG | _http_event_handler:33 | HTTP_EVENT_ON_HEADER, key=Date, value=Sat, 27 Jan 2024 17:50:17 GMT[0m
[0m2024-01-27 17:50:17 | DEBUG | _http_event_handler:33 | HTTP_EVENT_ON_HEADER, key=Content-Type, value=text/html; charset=UTF-8[0m
[0m2024-01-27 17:50:17 | DEBUG | _http_event_handler:33 | HTTP_EVENT_ON_HEADER, key=Transfer-Encoding, value=chunked[0m
[0m2024-01-27 17:50:17 | DEBUG | _http_event_handler:33 | HTTP_EVENT_ON_HEADER, key=Connection, value=keep-alive[0m
[0m2024-01-27 17:50:17 | DEBUG | _http_event_handler:33 | HTTP_EVENT_ON_HEADER, key=X-Powered-By, value=PHP/8.3.0[0m
[0m2024-01-27 17:50:17 | DEBUG | _http_event_handler:36 | HTTP_EVENT_ON_DATA, len=39[0m
[0m2024-01-27 17:50:17 | DEBUG | _http_event_handler:37 | HTTP_EVENT_ON_DATA, output_len=0[0m
[0m2024-01-27 17:50:17 | DEBUG | _http_event_handler:38 | HTTP_EVENT_ON_DATA, content_length=-1[0m
[0m2024-01-27 17:50:17 | DEBUG | _http_event_handler:56 | HTTP_EVENT_ON_FINISH[0m
[0m2024-01-27 17:50:17 | DEBUG | http_client_post:159 | HTTP GET Status = 200, content_length = 1073429152[0m
[0;32m2024-01-27 17:50:17 | INFO  | http_client_post:162 | 
data stored in a database successfully.[0m
[0m2024-01-27 17:50:17 | DEBUG | _http_event_handler:66 | HTTP_EVENT_DISCONNECTED[0m
[0;32m2024-01-27 17:50:17 | INFO  | read_temperature_task:63 | Client POST request returned: 0[0m
[0m2024-01-27 17:50:19 | DEBUG | inspect_task:74 | Currently available heap: 209092[0m
[0m2024-01-27 17:50:19 | DEBUG | inspect_task:75 | The minimum heap size that was ever available: 201552[0m
