I (3159) wifi:new:<11,2>, old:<1,0>, ap:<255,255>, sta:<11,2>, prof:1
I (3159) wifi:state: init -> auth (b0)
I (4159) wifi:state: auth -> init (200)
I (4159) wifi:new:<11,0>, old:<11,2>, ap:<255,255>, sta:<11,2>, prof:1
I (4159) wifi:new:<11,2>, old:<11,0>, ap:<255,255>, sta:<11,2>, prof:1
I (4169) wifi:state: init -> auth (b0)
I (4169) wifi:state: auth -> assoc (0)
I (4179) wifi:state: assoc -> run (10)
I (4189) wifi:connected with TP-LINK_AD8313, aid = 7, channel 11, 40D, bssid = 84:16:f9:ad:83:12
I (4189) wifi:security: WPA2-PSK, phy: bgn, rssi: -61
I (4189) wifi:pm start, type: 1

I (4189) wifi:set rx beacon pti, rx_bcn_pti: 0, bcn_timeout: 25000, mt_pti: 0, mt_time: 10000
I (4209) wifi:<ba-add>idx:0 (ifx:0, 84:16:f9:ad:83:12), tid:0, ssn:0, winSize:64
I (4239) wifi:AP's beacon interval = 102400 us, DTIM period = 1
[0;32m1970-01-01 00:00:04 | INFO  | wifi_c_sta_event_handler:116 | Got IP:192.168.0.100[0m
[0;32mI (5199) esp_netif_handlers: sta ip: 192.168.0.100, mask: 255.255.255.0, gw: 192.168.0.1[0m
[0m1970-01-01 00:00:04 | DEBUG | wifi_c_check_sta_connection_result:128 | WIFI_C_CONNECTED_BIT is set![0m
[0;32m1970-01-01 00:00:04 | INFO  | bmp_init:427 | preparing new BMP280 device...[0m
[0m1970-01-01 00:00:04 | DEBUG | inspect_task:74 | Currently available heap: 212740[0m
[0m1970-01-01 00:00:04 | DEBUG | inspect_task:75 | The minimum heap size that was ever available: 212740[0m
[0m1970-01-01 00:00:04 | DEBUG | bmp_i2c_identify_chip:283 | Trying to find BMP280 device on bus with 0x77 address...[0m
[0m1970-01-01 00:00:04 | DEBUG | tcp_create_socket:168 | preparing socket...[0m
[0m1970-01-01 00:00:04 | DEBUG | i2c_c_set_device_addr:115 | changed device address from 0 to 0XEE[0m
[0m1970-01-01 00:00:04 | DEBUG | tcp_create_socket:175 | created socket: 54[0m
[0m1970-01-01 00:00:04 | DEBUG | tcp_prepare_address:211 | preparing address...[0m
[0m1970-01-01 00:00:04 | DEBUG | tcp_prepare_address:220 | prepared address 192.168.0.100:27015[0m
[0m1970-01-01 00:00:04 | DEBUG | tcp_bind_socket:232 | binding socket: 54 to address: 192.168.0.100:34665[0m
[0;31m1970-01-01 00:00:04 | ERROR | lib/i2c_controller/src/i2c_controller.c:144 | i2c_c_read:144 | error -1 during reading registers on I2C: ESP_FAIL[0m
[0m1970-01-01 00:00:05 | DEBUG | bmp_i2c_identify_chip:296 | BMP280 device with 0x77 address not found on bus, trying 0x76 address...[0m
[0m1970-01-01 00:00:05 | DEBUG | i2c_c_set_device_addr:115 | changed device address from 0XEE to 0XEC[0m
[0m1970-01-01 00:00:04 | DEBUG | tcp_bind_socket:242 | [0m1970-01-01 00:00:05 | DEBUG | bmp_i2c_identify_chip:302 | found BMP280 device on bus with address: 0XEC and ID: 0[0m
socket: 54 bound to address: 192.168.0.100:27015[0m
[0m1970-01-01 00:00:05 | DEBUG | tcp_socket_listen:253 | trying to listen on socket: 54[0m
[0m1970-01-01 00:00:05 | DEBUG | bmp_i2c_get_ctrl_meas:94 | readed ctr_meas register value: 0X6F[0m
[0;32m1970-01-01 00:00:05 | INFO  | tcp_socket_listen:260 | [0m1970-01-01 00:00:05 | DEBUG | bmp_i2c_calibrate:252 | reading BMP280 out calibration values...[0m
listening on socket: 192.168.0.100:27015[0m
[0;32m1970-01-01 00:00:05 | INFO  | cli_set_remote_logging:63 | Connect to device on IP 192.168.0.100 with port 27015 to capture logs.[0m
[0m1970-01-01 00:00:05 | DEBUG | bmp_i2c_calibrate:272 | compensation values of BMP280 device updated:
	T1: 0
	T2: 0x1
	T3: 0x3fc99000
	P1: 0
	P2: 0xa0000000
	P3: 0xa
	P4: 0x3fc99000
	P5: 0x3c0c0000
	P6: 0x3c0c018c
	P7: 0x3fc9a0a0
	P8: 0x3fc99000
	P9: 0x68f66e18 [0m
[0;32m1970-01-01 00:00:05 | INFO  | bmp_init:444 | new BMP280 device ready to use![0m
[0m1970-01-01 00:00:05 | DEBUG | bmp_i2c_get_config:79 | readed config register value: 0XA0[0m
[0m1970-01-01 00:00:05 | DEBUG | bmp_i2c_set_standby_time:173 | config register value changed to: 160[0m
[0m1970-01-01 00:00:05 | DEBUG | bmp_i2c_get_config:79 | readed config register value: 0XA0[0m
[0m1970-01-01 00:00:05 | DEBUG | bmp_i2c_set_iir_filter:237 | config register value of BMP280 device changed to: 0xa0[0m
[0m1970-01-01 00:00:05 | DEBUG | bmp_i2c_get_ctrl_meas:94 | readed ctr_meas register value: 0X6F[0m
[0m1970-01-01 00:00:05 | DEBUG | bmp_i2c_set_press_oversampling:197 | BMP280 device ctrl_meas register was set to: 0X6F[0m
[0m1970-01-01 00:00:05 | DEBUG | bmp_i2c_get_ctrl_meas:94 | readed ctr_meas register value: 0X6F[0m
[0m1970-01-01 00:00:05 | DEBUG | bmp_i2c_set_temp_oversampling:221 | BMP280 device ctrl_meas register was set to: 0X6E[0m
[0m1970-01-01 00:00:05 | DEBUG | bmp_i2c_get_ctrl_meas:94 | readed ctr_meas register value: 0X6F[0m
[0m1970-01-01 00:00:05 | DEBUG | bmp_i2c_set_mode:150 | BMP280 device mode was set to: 3[0m
[0;32m1970-01-01 00:00:05 | INFO  | read_temperature_task:52 | Identified BMP280 device:
 address: ec
 chip id: 58
 mode: 3[0m
[0m1970-01-01 00:00:05 | DEBUG | bmp_i2c_readout:333 | reading temperature of BMP280 device...[0m
[0m1970-01-01 00:00:05 | DEBUG | bmp_i2c_readout:337 | reading pressure of BMP280 device...[0m
[0;32m1970-01-01 00:00:05 | INFO  | read_temperature_task:57 | temperature: 23.42 C[0m
[0;32m1970-01-01 00:00:05 | INFO  | read_temperature_task:58 | pressure: 1006.78hPa[0m
[0;32m1970-01-01 00:00:05 | INFO  | read_temperature_task:59 | altitude: 54.00 m. n. p. m.[0m
[0m1970-01-01 00:00:05 | DEBUG | read_temperature_task:61 | dat[0m2024-01-28 02:33:05 | DEBUG | inspect_task:74 | Currently available heap: 210964[0m
[0m2024-01-28 02:33:05 | DEBUG | inspect_task:75 | The minimum heap size that was ever available: 203448[0m
[0m2024-01-28 02:33:10 | DEBUG | inspect_task:74 | Currently available heap: 210964[0m
[0m2024-01-28 02:33:10 | DEBUG | inspect_task:75 | The minimum heap size that was ever available: 203448[0m
[0;32m2024-01-28 02:33:13 | INFO  | tcp_accept_client:281 | connected to socket: 192.168.0.108:27015[0m
[0;32mI (29209) main_task: Returned from app_main()[0m
[0m2024-01-28 02:33:15 | DEBUG | inspect_task:74 | Currently available heap: 212824[0m
[0m2024-01-28 02:33:15 | DEBUG | inspect_task:75 | The minimum heap size that was ever available: 203448[0m
[0m2024-01-28 02:33:20 | DEBUG | inspect_task:74 | Currently available heap: 212556[0m
[0m2024-01-28 02:33:20 | DEBUG | inspect_task:75 | The minimum heap size that was ever available: 203448[0m
[0m2024-01-28 02:33:21 | DEBUG | bmp_i2c_readout:333 | reading temperature of BMP280 device...[0m
[0m2024-01-28 02:33:21 | DEBUG | bmp_i2c_readout:337 | reading pressure of BMP280 device...[0m
[0;32m2024-01-28 02:33:21 | INFO  | read_temperature_task:57 | temperature: 23.68 C[0m
[0;32m2024-01-28 02:33:21 | INFO  | read_temperature_task:58 | pressure: 1006.81hPa[0m
[0;32m2024-01-28 02:33:21 | INFO  | read_temperature_task:59 | altitude: 53.76 m. n. p. m.[0m
[0m2024-01-28 02:33:21 | DEBUG | read_temperature_task:61 | data to send to database: device_id=333333&temperature=23.68&pressure=1006.81&altitude=53.76[0m
[0;32m2024-01-28 02:33:21 | INFO  | http_client_post:143 | making POST request to address: http://wmytych.usermd.net/modules/setters/insert_data.php[0m
[0m2024-01-28 02:33:21 | DEBUG | _http_event_handler:27 | HTTP_EVENT_ON_CONNECTED[0m
[0m2024-01-28 02:33:21 | DEBUG | _http_event_handler:30 | HTTP_EVENT_HEADER_SENT[0m
[0m2024-01-28 02:33:21 | DEBUG | _http_event_handler:33 | HTTP_EVENT_ON_HEADER, key=Server, value=nginx[0m
[0m2024-01-28 02:33:21 | DEBUG | _http_event_handler:33 | HTTP_EVENT_ON_HEADER, key=Date, value=Sun, 28 Jan 2024 02:33:21 GMT[0m
[0m2024-01-28 02:33:21 | DEBUG | _http_event_handler:33 | HTTP_EVENT_ON_HEADER, key=Content-Type, value=text/html; charset=UTF-8[0m
[0m2024-01-28 02:33:21 | DEBUG | _http_event_handler:33 | HTTP_EVENT_ON_HEADER, key=Transfer-Encoding, value=chunked[0m
[0m2024-01-28 02:33:21 | DEBUG | _http_event_handler:33 | HTTP_EVENT_ON_HEADER, key=Connection, value=keep-alive[0m
[0m2024-01-28 02:33:21 | DEBUG | _http_event_handler:33 | HTTP_EVENT_ON_HEADER, key=X-Powered-By, value=PHP/8.3.0[0m
[0m2024-01-28 02:33:21 | DEBUG | _http_event_handler:36 | HTTP_EVENT_ON_DATA, len=39[0m
[0m2024-01-28 02:33:21 | DEBUG | _http_event_handler:37 | HTTP_EVENT_ON_DATA, output_len=0[0m
[0m2024-01-28 02:33:21 | DEBUG | _http_event_handler:38 | HTTP_EVENT_ON_DATA, content_length=-1[0m
[0m2024-01-28 02:33:21 | DEBUG | _http_event_handler:56 | HTTP_EVENT_ON_FINISH[0m
[0m2024-01-28 02:33:21 | DEBUG | http_client_post:159 | HTTP GET Status = 200, content_length = 1[0m
[0;32m2024-01-28 02:33:21 | INFO  | http_client_post:162 | 
data stored in a database successfully.[0m
[0m2024-01-28 02:33:21 | DEBUG | _http_event_handler:66 | HTTP_EVENT_DISCONNECTED[0m
[0;32m2024-01-28 02:33:21 | INFO  | read_temperature_task:63 | Client POST request returned: 0[0m
[0m2024-01-28 02:33:25 | DEBUG | inspect_task:74 | Currently available heap: 212344[0m
[0m2024-01-28 02:33:25 | DEBUG | inspect_task:75 | The minimum heap size that was ever available: 201580[0m
