[0m2024-01-26 19:58:39 | DEBUG | inspect_task:103 | Currently available heap: 212760[0m
[0m2024-01-26 19:58:39 | DEBUG | inspect_task:104 | The minimum heap size that was ever available: 205168[0m
[0m2024-01-26 19:58:44 | DEBUG | inspect_task:103 | Currently available heap: 212760[0m
[0m2024-01-26 19:58:44 | DEBUG | inspect_task:104 | The minimum heap size that was ever available: 205168[0m
[0m2024-01-26 19:58:49 | DEBUG | inspect_task:103 | Currently available heap: 212760[0m
[0m2024-01-26 19:58:49 | DEBUG | inspect_task:104 | The minimum heap size that was ever available: 205168[0m
[0m2024-01-26 19:58:54 | DEBUG | inspect_task:103 | Currently available heap: 212972[0m
[0m2024-01-26 19:58:54 | DEBUG | inspect_task:104 | The minimum heap size that was ever available: 205168[0m
[0m2024-01-26 19:58:54 | DEBUG | bmp_i2c_readout:333 | reading temperature of BMP280 device...[0m
[0m2024-01-26 19:58:54 | DEBUG | bmp_i2c_readout:337 | reading pressure of BMP280 device...[0m
[0;32m2024-01-26 19:58:54 | INFO  | read_temperature_task:76 | temperature: 22.02 C[0m
[0;32m2024-01-26 19:58:54 | INFO  | read_temperature_task:77 | pressure: 993.20hPa[0m
[0;32m2024-01-26 19:58:54 | INFO  | read_temperature_task:78 | altitude: 168.22 m. n. p. m.[0m
[0m2024-01-26 19:58:54 | DEBUG | read_temperature_task:80 | data to send to database: device_id=222222&temperature=22.02&pressure=993.20&altitude=168.22[0m
[0;32m2024-01-26 19:58:54 | INFO  | http_client_post:143 | making POST request to address: http://wmytych.usermd.net/modules/setters/insert_data.php[0m
[0m2024-01-26 19:58:54 | DEBUG | _http_event_handler:27 | HTTP_EVENT_ON_CONNECTED[0m
[0m2024-01-26 19:58:54 | DEBUG | _http_event_handler:30 | HTTP_EVENT_HEADER_SENT[0m
[0m2024-01-26 19:58:54 | DEBUG | _http_event_handler:33 | HTTP_EVENT_ON_HEADER, key=Server, value=nginx[0m
[0m2024-01-26 19:58:54 | DEBUG | _http_event_handler:33 | HTTP_EVENT_ON_HEADER, key=Date, value=Fri, 26 Jan 2024 19:58:54 GMT[0m
[0m2024-01-26 19:58:54 | DEBUG | _http_event_handler:33 | HTTP_EVENT_ON_HEADER, key=Content-Type, value=text/html; charset=UTF-8[0m
[0m2024-01-26 19:58:54 | DEBUG | _http_event_handler:33 | HTTP_EVENT_ON_HEADER, key=Transfer-Encoding, value=chunked[0m
[0m2024-01-26 19:58:54 | DEBUG | _http_event_handler:33 | HTTP_EVENT_ON_HEADER, key=Connection, value=keep-alive[0m
[0m2024-01-26 19:58:54 | DEBUG | _http_event_handler:33 | HTTP_EVENT_ON_HEADER, key=X-Powered-By, value=PHP/8.3.0[0m
[0m2024-01-26 19:58:54 | DEBUG | _http_event_handler:36 | HTTP_EVENT_ON_DATA, len=39[0m
[0m2024-01-26 19:58:54 | DEBUG | _http_event_handler:37 | HTTP_EVENT_ON_DATA, output_len=0[0m
[0m2024-01-26 19:58:54 | DEBUG | _http_event_handler:38 | HTTP_EVENT_ON_DATA, content_length=-1[0m
[0m2024-01-26 19:58:54 | DEBUG | _http_event_handler:56 | HTTP_EVENT_ON_FINISH[0m
[0m2024-01-26 19:58:54 | DEBUG | http_client_post:159 | HTTP GET Status = 200, content_length = 1073430064[0m
[0;32m2024-01-26 19:58:54 | INFO  | http_client_post:162 | 
data stored in a database successfully.[0m
[0m2024-01-26 19:58:54 | DEBUG | _http_event_handler:66 | HTTP_EVENT_DISCONNECTED[0m
[0;32m2024-01-26 19:58:54 | INFO  | read_temperature_task:82 | Client POST request returned: 0[0m
[0m2024-01-26 19:58:59 | DEBUG | inspect_task:103 | Currently available heap: 212760[0m
[0m2024-01-26 19:58:59 | DEBUG | inspect_task:104 | The minimum heap size that was ever available: 205168[0m
[0m2024-01-26 19:59:04 | DEBUG | inspect_task:103 | Currently available heap: 212760[0m
[0m2024-01-26 19:59:04 | DEBUG | inspect_task:104 | The minimum heap size that was ever available: 205168[0m
[0m2024-01-26 19:59:09 | DEBUG | inspect_task:103 | Currently available heap: 212760[0m
[0m2024-01-26 19:59:09 | DEBUG | inspect_task:104 | The minimum heap size that was ever available: 205168[0m
[0m2024-01-26 19:59:14 | DEBUG | inspect_task:103 | Currently available heap: 212760[0m
[0m2024-01-26 19:59:14 | DEBUG | inspect_task:104 | The minimum heap size that was ever available: 205168[0m
[0m2024-01-26 19:59:19 | DEBUG | inspect_task:103 | Currently available heap: 212760[0m
[0m2024-01-26 19:59:19 | DEBUG | inspect_task:104 | The minimum heap size that was ever available: 205168[0m
[0m2024-01-26 19:59:24 | DEBUG | inspect_task:103 | Currently available heap: 212972[0m
[0m2024-01-26 19:59:24 | DEBUG | inspect_task:104 | The minimum heap size that was ever available: 205168[0m
[0m2024-01-26 19:59:24 | DEBUG | bmp_i2c_readout:333 | reading temperature of BMP280 device...[0m
[0m2024-01-26 19:59:24 | DEBUG | bmp_i2c_readout:337 | reading pressure of BMP280 device...[0m
[0;32m2024-01-26 19:59:24 | INFO  | read_temperature_task:76 | temperature: 22.01 C[0m
[0;32m2024-01-26 19:59:24 | INFO  | read_temperature_task:77 | pressure: 993.16hPa[0m
[0;32m2024-01-26 19:59:24 | INFO  | read_temperature_task:78 | altitude: 168.58 m. n. p. m.[0m
[0m2024-01-26 19:59:24 | DEBUG | read_temperature_task:80 | data to send to database: device_id=222222&temperature=22.01&pressure=993.16&altitude=168.58[0m
[0;32m2024-01-26 19:59:24 | INFO  | http_client_post:143 | making POST request to address: http://wmytych.usermd.net/modules/setters/insert_data.php[0m
[0m2024-01-26 19:59:24 | DEBUG | _http_event_handler:27 | HTTP_EVENT_ON_CONNECTED[0m
[0m2024-01-26 19:59:24 | DEBUG | _http_event_handler:30 | HTTP_EVENT_HEADER_SENT[0m
[0m2024-01-26 19:59:24 | DEBUG | _http_event_handler:33 | HTTP_EVENT_ON_HEADER, key=Server, value=nginx[0m
[0m2024-01-26 19:59:24 | DEBUG | _http_event_handler:33 | HTTP_EVENT_ON_HEADER, key=Date, value=Fri, 26 Jan 2024 19:59:24 GMT[0m
[0m2024-01-26 19:59:24 | DEBUG | _http_event_handler:33 | HTTP_EVENT_ON_HEADER, key=Content-Type, value=text/html; charset=UTF-8[0m
[0m2024-01-26 19:59:24 | DEBUG | _http_event_handler:33 | HTTP_EVENT_ON_HEADER, key=Transfer-Encoding, value=chunked[0m
[0m2024-01-26 19:59:24 | DEBUG | _http_event_handler:33 | HTTP_EVENT_ON_HEADER, key=Connection, value=keep-alive[0m
[0m2024-01-26 19:59:24 | DEBUG | _http_event_handler:33 | HTTP_EVENT_ON_HEADER, key=X-Powered-By, value=PHP/8.3.0[0m
[0m2024-01-26 19:59:24 | DEBUG | _http_event_handler:36 | HTTP_EVENT_ON_DATA, len=39[0m
[0m2024-01-26 19:59:24 | DEBUG | _http_event_handler:37 | HTTP_EVENT_ON_DATA, output_len=0[0m
[0m2024-01-26 19:59:24 | DEBUG | _http_event_handler:38 | HTTP_EVENT_ON_DATA, content_length=-1[0m
[0m2024-01-26 19:59:24 | DEBUG | _http_event_handler:56 | HTTP_EVENT_ON_FINISH[0m
[0m2024-01-26 19:59:24 | DEBUG | http_client_post:159 | HTTP GET Status = 200, content_length = 1073430064[0m
[0;32m2024-01-26 19:59:24 | INFO  | http_client_post:162 | 
data stored in a database successfully.[0m
[0m2024-01-26 19:59:24 | DEBUG | _http_event_handler:66 | HTTP_EVENT_DISCONNECTED[0m
[0;32m2024-01-26 19:59:24 | INFO  | read_temperature_task:82 | Client POST request returned: 0[0m
[0m2024-01-26 19:59:29 | DEBUG | inspect_task:103 | Currently available heap: 212760[0m
[0m2024-01-26 19:59:29 | DEBUG | inspect_task:104 | The minimum heap size that was ever available: 205168[0m
[0m2024-01-26 19:59:34 | DEBUG | inspect_task:103 | Currently available heap: 212760[0m
[0m2024-01-26 19:59:34 | DEBUG | inspect_task:104 | The minimum heap size that was ever available: 205168[0m
[0m2024-01-26 19:59:39 | DEBUG | inspect_task:103 | Currently available heap: 212760[0m
[0m2024-01-26 19:59:39 | DEBUG | inspect_task:104 | The minimum heap size that was ever available: 205168[0m
[0m2024-01-26 19:59:44 | DEBUG | inspect_task:103 | Currently available heap: 212760[0m
[0m2024-01-26 19:59:44 | DEBUG | inspect_task:104 | The minimum heap size that was ever available: 205168[0m
[0m2024-01-26 19:59:49 | DEBUG | inspect_task:103 | Currently available heap: 212760[0m
[0m2024-01-26 19:59:49 | DEBUG | inspect_task:104 | The minimum heap size that was ever available: 205168[0m
[0m2024-01-26 19:59:54 | DEBUG | inspect_task:103 | Currently available heap: 212760[0m
[0m2024-01-26 19:59:54 | DEBUG | inspect_task:104 | The minimum heap size that was ever available: 205168[0m
[0m2024-01-26 19:59:54 | DEBUG | bmp_i2c_readout:333 | reading temperature of BMP280 device...[0m
[0m2024-01-26 19:59:54 | DEBUG | bmp_i2c_readout:337 | reading pressure of BMP280 device...[0m
[0;32m2024-01-26 19:59:54 | INFO  | read_temperature_task:76 | temperature: 22.01 C[0m
[0;32m2024-01-26 19:59:54 | INFO  | read_temperature_task:77 | pressure: 993.16hPa[0m
[0;32m2024-01-26 19:59:54 | INFO  | read_temperature_task:78 | altitude: 168.58 m. n. p. m.[0m
[0m2024-01-26 19:59:54 | DEBUG | read_temperature_task:80 | data to send to database: device_id=222222&temperature=22.01&pressure=993.16&altitude=168.58[0m
[0;32m2024-01-26 19:59:54 | INFO  | http_client_post:143 | making POST request to address: http://wmytych.usermd.net/modules/setters/insert_data.php[0m
[0m2024-01-26 19:59:54 | DEBUG | _http_event_handler:27 | HTTP_EVENT_ON_CONNECTED[0m
[0m2024-01-26 19:59:54 | DEBUG | _http_event_handler:30 | HTTP_EVENT_HEADER_SENT[0m
[0m2024-01-26 19:59:55 | DEBUG | _http_event_handler:33 | HTTP_EVENT_ON_HEADER, key=Server, value=nginx[0m
[0m2024-01-26 19:59:55 | DEBUG | _http_event_handler:33 | HTTP_EVENT_ON_HEADER, key=Date, value=Fri, 26 Jan 2024 19:59:55 GMT[0m
[0m2024-01-26 19:59:55 | DEBUG | _http_event_handler:33 | HTTP_EVENT_ON_HEADER, key=Content-Type, value=text/html; charset=UTF-8[0m
[0m2024-01-26 19:59:55 | DEBUG | _http_event_handler:33 | HTTP_EVENT_ON_HEADER, key=Transfer-Encoding, value=chunked[0m
[0m2024-01-26 19:59:55 | DEBUG | _http_event_handler:33 | HTTP_EVENT_ON_HEADER, key=Connection, value=keep-alive[0m
[0m2024-01-26 19:59:55 | DEBUG | _http_event_handler:33 | HTTP_EVENT_ON_HEADER, key=X-Powered-By, value=PHP/8.3.0[0m
[0m2024-01-26 19:59:55 | DEBUG | _http_event_handler:36 | HTTP_EVENT_ON_DATA, len=39[0m
[0m2024-01-26 19:59:55 | DEBUG | _http_event_handler:37 | HTTP_EVENT_ON_DATA, output_len=0[0m
[0m2024-01-26 19:59:55 | DEBUG | _http_event_handler:38 | HTTP_EVENT_ON_DATA, content_length=-1[0m
[0m2024-01-26 19:59:55 | DEBUG | _http_event_handler:56 | HTTP_EVENT_ON_FINISH[0m
[0m2024-01-26 19:59:55 | DEBUG | http_client_post:159 | HTTP GET Status = 200, content_length = 1073430064[0m
[0;32m2024-01-26 19:59:55 | INFO  | http_client_post:162 | 
data stored in a database successfully.[0m
[0m2024-01-26 19:59:55 | DEBUG | _http_event_handler:66 | HTTP_EVENT_DISCONNECTED[0m
[0;32m2024-01-26 19:59:55 | INFO  | read_temperature_task:82 | Client POST request returned: 0[0m
[0m2024-01-26 19:59:59 | DEBUG | inspect_task:103 | Currently available heap: 212760[0m
[0m2024-01-26 19:59:59 | DEBUG | inspect_task:104 | The minimum heap size that was ever available: 205168[0m
[0m2024-01-26 20:00:04 | DEBUG | inspect_task:103 | Currently available heap: 212760[0m
[0m2024-01-26 20:00:04 | DEBUG | inspect_task:104 | The minimum heap size that was ever available: 205168[0m
[0m2024-01-26 20:00:09 | DEBUG | inspect_task:103 | Currently available heap: 212760[0m
[0m2024-01-26 20:00:09 | DEBUG | inspect_task:104 | The minimum heap size that was ever available: 205168[0m
[0m2024-01-26 20:00:14 | DEBUG | inspect_task:103 | Currently available heap: 212760[0m
[0m2024-01-26 20:00:14 | DEBUG | inspect_task:104 | The minimum heap size that was ever available: 205168[0m
[0m2024-01-26 20:00:19 | DEBUG | inspect_task:103 | Currently available heap: 212760[0m
[0m2024-01-26 20:00:19 | DEBUG | inspect_task:104 | The minimum heap size that was ever available: 205168[0m
[0m2024-01-26 20:00:24 | DEBUG | inspect_task:103 | Currently available heap: 212760[0m
[0m2024-01-26 20:00:24 | DEBUG | inspect_task:104 | The minimum heap size that was ever available: 205168[0m
[0m2024-01-26 20:00:25 | DEBUG | bmp_i2c_readout:333 | reading temperature of BMP280 device...[0m
[0m2024-01-26 20:00:25 | DEBUG | bmp_i2c_readout:337 | reading pressure of BMP280 device...[0m
[0;32m2024-01-26 20:00:25 | INFO  | read_temperature_task:76 | temperature: 22.00 C[0m
[0;32m2024-01-26 20:00:25 | INFO  | read_temperature_task:77 | pressure: 993.17hPa[0m
[0;32m2024-01-26 20:00:25 | INFO  | read_temperature_task:78 | altitude: 168.50 m. n. p. m.[0m
[0m2024-01-26 20:00:25 | DEBUG | read_temperature_task:80 | data to send to database: device_id=222222&temperature=22.00&pressure=993.17&altitude=168.50[0m
[0;32m2024-01-26 20:00:25 | INFO  | http_client_post:143 | making POST request to address: http://wmytych.usermd.net/modules/setters/insert_data.php[0m
[0m2024-01-26 20:00:25 | DEBUG | _http_event_handler:27 | HTTP_EVENT_ON_CONNECTED[0m
[0m2024-01-26 20:00:25 | DEBUG | _http_event_handler:30 | HTTP_EVENT_HEADER_SENT[0m
[0m2024-01-26 20:00:26 | DEBUG | _http_event_handler:33 | HTTP_EVENT_ON_HEADER, key=Server, value=nginx[0m
[0m2024-01-26 20:00:26 | DEBUG | _http_event_handler:33 | HTTP_EVENT_ON_HEADER, key=Date, value=Fri, 26 Jan 2024 20:00:26 GMT[0m
[0m2024-01-26 20:00:26 | DEBUG | _http_event_handler:33 | HTTP_EVENT_ON_HEADER, key=Content-Type, value=text/html; charset=UTF-8[0m
[0m2024-01-26 20:00:26 | DEBUG | _http_event_handler:33 | HTTP_EVENT_ON_HEADER, key=Transfer-Encoding, value=chunked[0m
[0m2024-01-26 20:00:26 | DEBUG | _http_event_handler:33 | HTTP_EVENT_ON_HEADER, key=Connection, value=keep-alive[0m
[0m2024-01-26 20:00:26 | DEBUG | _http_event_handler:33 | HTTP_EVENT_ON_HEADER, key=X-Powered-By, value=PHP/8.3.0[0m
[0m2024-01-26 20:00:26 | DEBUG | _http_event_handler:36 | HTTP_EVENT_ON_DATA, len=39[0m
[0m2024-01-26 20:00:26 | DEBUG | _http_event_handler:37 | HTTP_EVENT_ON_DATA, output_len=0[0m
[0m2024-01-26 20:00:26 | DEBUG | _http_event_handler:38 | HTTP_EVENT_ON_DATA, content_length=-1[0m
[0m2024-01-26 20:00:26 | DEBUG | _http_event_handler:56 | HTTP_EVENT_ON_FINISH[0m
[0m2024-01-26 20:00:26 | DEBUG | http_client_post:159 | HTTP GET Status = 200, content_length = 1073430064[0m
[0;32m2024-01-26 20:00:26 | INFO  | http_client_post:162 | 
data stored in a database successfully.[0m
[0m2024-01-26 20:00:26 | DEBUG | _http_event_handler:66 | HTTP_EVENT_DISCONNECTED[0m
[0;32m2024-01-26 20:00:26 | INFO  | read_temperature_task:82 | Client POST request returned: 0[0m
[0m2024-01-26 20:00:29 | DEBUG | inspect_task:103 | Currently available heap: 212760[0m
[0m2024-01-26 20:00:29 | DEBUG | inspect_task:104 | The minimum heap size that was ever available: 203492[0m
[0m2024-01-26 20:00:34 | DEBUG | inspect_task:103 | Currently available heap: 212760[0m
[0m2024-01-26 20:00:34 | DEBUG | inspect_task:104 | The minimum heap size that was ever available: 203492[0m
[0m2024-01-26 20:00:39 | DEBUG | inspect_task:103 | Currently available heap: 212760[0m
[0m2024-01-26 20:00:39 | DEBUG | inspect_task:104 | The minimum heap size that was ever available: 203492[0m
[0m2024-01-26 20:00:44 | DEBUG | inspect_task:103 | Currently available heap: 212760[0m
[0m2024-01-26 20:00:44 | DEBUG | inspect_task:104 | The minimum heap size that was ever available: 203492[0m
[0m2024-01-26 20:00:49 | DEBUG | inspect_task:103 | Currently available heap: 212760[0m
[0m2024-01-26 20:00:49 | DEBUG | inspect_task:104 | The minimum heap size that was ever available: 203492[0m
[0m2024-01-26 20:00:54 | DEBUG | inspect_task:103 | Currently available heap: 212760[0m
[0m2024-01-26 20:00:54 | DEBUG | inspect_task:104 | The minimum heap size that was ever available: 203492[0m
[0m2024-01-26 20:00:56 | DEBUG | bmp_i2c_readout:333 | reading temperature of BMP280 device...[0m
[0m2024-01-26 20:00:56 | DEBUG | bmp_i2c_readout:337 | reading pressure of BMP280 device...[0m
[0;32m2024-01-26 20:00:56 | INFO  | read_temperature_task:76 | temperature: 22.00 C[0m
[0;32m2024-01-26 20:00:56 | INFO  | read_temperature_task:77 | pressure: 993.13hPa[0m
[0;32m2024-01-26 20:00:56 | INFO  | read_temperature_task:78 | altitude: 168.87 m. n. p. m.[0m
[0m2024-01-26 20:00:56 | DEBUG | read_temperature_task:80 | data to send to database: device_id=222222&temperature=22.00&pressure=993.13&altitude=168.87[0m
[0;32m2024-01-26 20:00:56 | INFO  | http_client_post:143 | making POST request to address: http://wmytych.usermd.net/modules/setters/insert_data.php[0m
[0m2024-01-26 20:00:56 | DEBUG | _http_event_handler:27 | HTTP_EVENT_ON_CONNECTED[0m
[0m2024-01-26 20:00:56 | DEBUG | _http_event_handler:30 | HTTP_EVENT_HEADER_SENT[0m
[0m2024-01-26 20:00:57 | DEBUG | _http_event_handler:33 | HTTP_EVENT_ON_HEADER, key=Server, value=nginx[0m
[0m2024-01-26 20:00:57 | DEBUG | _http_event_handler:33 | HTTP_EVENT_ON_HEADER, key=Date, value=Fri, 26 Jan 2024 20:00:57 GMT[0m
[0m2024-01-26 20:00:57 | DEBUG | _http_event_handler:33 | HTTP_EVENT_ON_HEADER, key=Content-Type, value=text/html; charset=UTF-8[0m
[0m2024-01-26 20:00:57 | DEBUG | _http_event_handler:33 | HTTP_EVENT_ON_HEADER, key=Transfer-Encoding, value=chunked[0m
[0m2024-01-26 20:00:57 | DEBUG | _http_event_handler:33 | HTTP_EVENT_ON_HEADER, key=Connection, value=keep-alive[0m
[0m2024-01-26 20:00:57 | DEBUG | _http_event_handler:33 | HTTP_EVENT_ON_HEADER, key=X-Powered-By, value=PHP/8.3.0[0m
[0m2024-01-26 20:00:57 | DEBUG | _http_event_handler:36 | HTTP_EVENT_ON_DATA, len=39[0m
[0m2024-01-26 20:00:57 | DEBUG | _http_event_handler:37 | HTTP_EVENT_ON_DATA, output_len=0[0m
[0m2024-01-26 20:00:57 | DEBUG | _http_event_handler:38 | HTTP_EVENT_ON_DATA, content_length=-1[0m
[0m2024-01-26 20:00:57 | DEBUG | _http_event_handler:56 | HTTP_EVENT_ON_FINISH[0m
[0m2024-01-26 20:00:57 | DEBUG | http_client_post:159 | HTTP GET Status = 200, content_length = 1073430064[0m
[0;32m2024-01-26 20:00:57 | INFO  | http_client_post:162 | 
data stored in a database successfully.[0m
[0m2024-01-26 20:00:57 | DEBUG | _http_event_handler:66 | HTTP_EVENT_DISCONNECTED[0m
[0;32m2024-01-26 20:00:58 | INFO  | read_temperature_task:82 | Client POST request returned: 0[0m
[0m2024-01-26 20:00:59 | DEBUG | inspect_task:103 | Currently available heap: 212748[0m
[0m2024-01-26 20:00:59 | DEBUG | inspect_task:104 | The minimum heap size that was ever available: 203492[0m
[0m2024-01-26 20:01:04 | DEBUG | inspect_task:103 | Currently available heap: 212748[0m
[0m2024-01-26 20:01:04 | DEBUG | inspect_task:104 | The minimum heap size that was ever available: 203492[0m
[0m2024-01-26 20:01:09 | DEBUG | inspect_task:103 | Currently available heap: 212748[0m
[0m2024-01-26 20:01:09 | DEBUG | inspect_task:104 | The minimum heap size that was ever available: 203492[0m
[0m2024-01-26 20:01:14 | DEBUG | inspect_task:103 | Currently available heap: 212752[0m
[0m2024-01-26 20:01:14 | DEBUG | inspect_task:104 | The minimum heap size that was ever available: 203492[0m
[0m2024-01-26 20:01:19 | DEBUG | inspect_task:103 | Currently available heap: 212752[0m
[0m2024-01-26 20:01:19 | DEBUG | inspect_task:104 | The minimum heap size that was ever available: 203492[0m
[0m2024-01-26 20:01:24 | DEBUG | inspect_task:103 | Currently available heap: 212752[0m
[0m2024-01-26 20:01:24 | DEBUG | inspect_task:104 | The minimum heap size that was ever available: 203492[0m
[0m2024-01-26 20:01:28 | DEBUG | bmp_i2c_readout:333 | reading temperature of BMP280 device...[0m
[0m2024-01-26 20:01:28 | DEBUG | bmp_i2c_readout:337 | reading pressure of BMP280 device...[0m
[0;32m2024-01-26 20:01:28 | INFO  | read_temperature_task:76 | temperature: 27.06 C[0m
[0;32m2024-01-26 20:01:28 | INFO  | read_temperature_task:77 | pressure: 732.73hPa[0m
[0;32m2024-01-26 20:01:28 | INFO  | read_temperature_task:78 | altitude: 2651.32 m. n. p. m.[0m
[0m2024-01-26 20:01:28 | DEBUG | read_temperature_task:80 | data to send to database: device_id=222222&temperature=27.06&pressure=732.73&altitude=2651.32[0m
[0;32m2024-01-26 20:01:28 | INFO  | http_client_post:143 | making POST request to address: http://wmytych.usermd.net/modules/setters/insert_data.php[0m
[0m2024-01-26 20:01:28 | DEBUG | _http_event_handler:27 | HTTP_EVENT_ON_CONNECTED[0m
[0m2024-01-26 20:01:28 | DEBUG | _http_event_handler:30 | HTTP_EVENT_HEADER_SENT[0m
[0m2024-01-26 20:01:28 | DEBUG | _http_event_handler:33 | HTTP_EVENT_ON_HEADER, key=Server, value=nginx[0m
[0m2024-01-26 20:01:28 | DEBUG | _http_event_handler:33 | HTTP_EVENT_ON_HEADER, key=Date, value=Fri, 26 Jan 2024 20:01:28 GMT[0m
[0m2024-01-26 20:01:28 | DEBUG | _http_event_handler:33 | HTTP_EVENT_ON_HEADER, key=Content-Type, value=text/html; charset=UTF-8[0m
[0m2024-01-26 20:01:28 | DEBUG | _http_event_handler:33 | HTTP_EVENT_ON_HEADER, key=Transfer-Encoding, value=chunked[0m
[0m2024-01-26 20:01:28 | DEBUG | _http_event_handler:33 | HTTP_EVENT_ON_HEADER, key=Connection, value=keep-alive[0m
[0m2024-01-26 20:01:28 | DEBUG | _http_event_handler:33 | HTTP_EVENT_ON_HEADER, key=X-Powered-By, value=PHP/8.3.0[0m
[0m2024-01-26 20:01:28 | DEBUG | _http_event_handler:36 | HTTP_EVENT_ON_DATA, len=39[0m
[0m2024-01-26 20:01:28 | DEBUG | _http_event_handler:37 | HTTP_EVENT_ON_DATA, output_len=0[0m
[0m2024-01-26 20:01:28 | DEBUG | _http_event_handler:38 | HTTP_EVENT_ON_DATA, content_length=-1[0m
[0m2024-01-26 20:01:28 | DEBUG | _http_event_handler:56 | HTTP_EVENT_ON_FINISH[0m
[0m2024-01-26 20:01:28 | DEBUG | http_client_post:159 | HTTP GET Status = 200, content_length = 1073430064[0m
[0;32m2024-01-26 20:01:28 | INFO  | http_client_post:162 | 
data stored in a database successfully.[0m
[0m2024-01-26 20:01:28 | DEBUG | _http_event_handler:66 | HTTP_EVENT_DISCONNECTED[0m
[0;32m2024-01-26 20:01:28 | INFO  | read_temperature_task:82 | Client POST request returned: 0[0m
[0m2024-01-26 20:01:29 | DEBUG | inspect_task:103 | Currently available heap: 212752[0m
[0m2024-01-26 20:01:29 | DEBUG | inspect_task:104 | The minimum heap size that was ever available: 203492[0m
[0m2024-01-26 20:01:34 | DEBUG | inspect_task:103 | Currently available heap: 212752[0m
[0m2024-01-26 20:01:34 | DEBUG | inspect_task:104 | The minimum heap size that was ever available: 203492[0m
[0m2024-01-26 20:01:39 | DEBUG | inspect_task:103 | Currently available heap: 212752[0m
[0m2024-01-26 20:01:39 | DEBUG | inspect_task:104 | The minimum heap size that was ever available: 203492[0m
[0m2024-01-26 20:01:44 | DEBUG | inspect_task:103 | Currently available heap: 212752[0m
[0m2024-01-26 20:01:44 | DEBUG | inspect_task:104 | The minimum heap size that was ever available: 203492[0m
[0m2024-01-26 20:01:49 | DEBUG | inspect_task:103 | Currently available heap: 212752[0m
[0m2024-01-26 20:01:49 | DEBUG | inspect_task:104 | The minimum heap size that was ever available: 203492[0m
[0m2024-01-26 20:01:54 | DEBUG | inspect_task:103 | Currently available heap: 212752[0m
[0m2024-01-26 20:01:54 | DEBUG | inspect_task:104 | The minimum heap size that was ever available: 203492[0m
[0m2024-01-26 20:01:58 | DEBUG | bmp_i2c_readout:333 | reading temperature of BMP280 device...[0m
[0m2024-01-26 20:01:58 | DEBUG | bmp_i2c_readout:337 | reading pressure of BMP280 device...[0m
[0;32m2024-01-26 20:01:58 | INFO  | read_temperature_task:76 | temperature: 27.06 C[0m
[0;32m2024-01-26 20:01:58 | INFO  | read_temperature_task:77 | pressure: 732.73hPa[0m
[0;32m2024-01-26 20:01:58 | INFO  | read_temperature_task:78 | altitude: 2651.32 m. n. p. m.[0m
[0m2024-01-26 20:01:58 | DEBUG | read_temperature_task:80 | data to send to database: device_id=222222&temperature=27.06&pressure=732.73&altitude=2651.32[0m
[0;32m2024-01-26 20:01:58 | INFO  | http_client_post:143 | making POST request to address: http://wmytych.usermd.net/modules/setters/insert_data.php[0m
[0m2024-01-26 20:01:58 | DEBUG | _http_event_handler:27 | HTTP_EVENT_ON_CONNECTED[0m
[0m2024-01-26 20:01:58 | DEBUG | _http_event_handler:30 | HTTP_EVENT_HEADER_SENT[0m
[0m2024-01-26 20:01:58 | DEBUG | _http_event_handler:33 | HTTP_EVENT_ON_HEADER, key=Server, value=nginx[0m
[0m2024-01-26 20:01:58 | DEBUG | _http_event_handler:33 | HTTP_EVENT_ON_HEADER, key=Date, value=Fri, 26 Jan 2024 20:01:58 GMT[0m
[0m2024-01-26 20:01:58 | DEBUG | _http_event_handler:33 | HTTP_EVENT_ON_HEADER, key=Content-Type, value=text/html; charset=UTF-8[0m
[0m2024-01-26 20:01:58 | DEBUG | _http_event_handler:33 | HTTP_EVENT_ON_HEADER, key=Transfer-Encoding, value=chunked[0m
[0m2024-01-26 20:01:58 | DEBUG | _http_event_handler:33 | HTTP_EVENT_ON_HEADER, key=Connection, value=keep-alive[0m
[0m2024-01-26 20:01:58 | DEBUG | _http_event_handler:33 | HTTP_EVENT_ON_HEADER, key=X-Powered-By, value=PHP/8.3.0[0m
[0m2024-01-26 20:01:58 | DEBUG | _http_event_handler:36 | HTTP_EVENT_ON_DATA, len=39[0m
[0m2024-01-26 20:01:58 | DEBUG | _http_event_handler:37 | HTTP_EVENT_ON_DATA, output_len=0[0m
[0m2024-01-26 20:01:58 | DEBUG | _http_event_handler:38 | HTTP_EVENT_ON_DATA, content_length=-1[0m
[0m2024-01-26 20:01:58 | DEBUG | _http_event_handler:56 | HTTP_EVENT_ON_FINISH[0m
[0m2024-01-26 20:01:58 | DEBUG | http_client_post:159 | HTTP GET Status = 200, content_length = 1073430064[0m
[0;32m2024-01-26 20:01:58 | INFO  | http_client_post:162 | 
data stored in a database successfully.[0m
[0m2024-01-26 20:01:58 | DEBUG | _http_event_handler:66 | HTTP_EVENT_DISCONNECTED[0m
[0;32m2024-01-26 20:01:58 | INFO  | read_temperature_task:82 | Client POST request returned: 0[0m
[0m2024-01-26 20:01:59 | DEBUG | inspect_task:103 | Currently available heap: 212752[0m
[0m2024-01-26 20:01:59 | DEBUG | inspect_task:104 | The minimum heap size that was ever available: 203492[0m
[0m2024-01-26 20:02:04 | DEBUG | inspect_task:103 | Currently available heap: 212752[0m
[0m2024-01-26 20:02:04 | DEBUG | inspect_task:104 | The minimum heap size that was ever available: 203492[0m
[0m2024-01-26 20:02:09 | DEBUG | inspect_task:103 | Currently available heap: 212752[0m
[0m2024-01-26 20:02:09 | DEBUG | inspect_task:104 | The minimum heap size that was ever available: 203492[0m
[0m2024-01-26 20:02:14 | DEBUG | inspect_task:103 | Currently available heap: 212748[0m
[0m2024-01-26 20:02:14 | DEBUG | inspect_task:104 | The minimum heap size that was ever available: 203492[0m
[0m2024-01-26 20:02:19 | DEBUG | inspect_task:103 | Currently available heap: 212748[0m
[0m2024-01-26 20:02:19 | DEBUG | inspect_task:104 | The minimum heap size that was ever available: 203492[0m
[0m2024-01-26 20:02:24 | DEBUG | inspect_task:103 | Currently available heap: 212748[0m
[0m2024-01-26 20:02:24 | DEBUG | inspect_task:104 | The minimum heap size that was ever available: 203492[0m
[0m2024-01-26 20:02:28 | DEBUG | bmp_i2c_readout:333 | reading temperature of BMP280 device...[0m
[0m2024-01-26 20:02:28 | DEBUG | bmp_i2c_readout:337 | reading pressure of BMP280 device...[0m
[0;32m2024-01-26 20:02:28 | INFO  | read_temperature_task:76 | temperature: 27.06 C[0m
[0;32m2024-01-26 20:02:28 | INFO  | read_temperature_task:77 | pressure: 732.73hPa[0m
[0;32m2024-01-26 20:02:28 | INFO  | read_temperature_task:78 | altitude: 2651.32 m. n. p. m.[0m
[0m2024-01-26 20:02:28 | DEBUG | read_temperature_task:80 | data to send to database: device_id=222222&temperature=27.06&pressure=732.73&altitude=2651.32[0m
[0;32m2024-01-26 20:02:28 | INFO  | http_client_post:143 | making POST request to address: http://wmytych.usermd.net/modules/setters/insert_data.php[0m
[0m2024-01-26 20:02:28 | DEBUG | _http_event_handler:27 | HTTP_EVENT_ON_CONNECTED[0m
[0m2024-01-26 20:02:28 | DEBUG | _http_event_handler:30 | HTTP_EVENT_HEADER_SENT[0m
[0m2024-01-26 20:02:28 | DEBUG | _http_event_handler:33 | HTTP_EVENT_ON_HEADER, key=Server, value=nginx[0m
[0m2024-01-26 20:02:28 | DEBUG | _http_event_handler:33 | HTTP_EVENT_ON_HEADER, key=Date, value=Fri, 26 Jan 2024 20:02:28 GMT[0m
[0m2024-01-26 20:02:28 | DEBUG | _http_event_handler:33 | HTTP_EVENT_ON_HEADER, key=Content-Type, value=text/html; charset=UTF-8[0m
[0m2024-01-26 20:02:28 | DEBUG | _http_event_handler:33 | HTTP_EVENT_ON_HEADER, key=Transfer-Encoding, value=chunked[0m
[0m2024-01-26 20:02:28 | DEBUG | _http_event_handler:33 | HTTP_EVENT_ON_HEADER, key=Connection, value=keep-alive[0m
[0m2024-01-26 20:02:28 | DEBUG | _http_event_handler:33 | HTTP_EVENT_ON_HEADER, key=X-Powered-By, value=PHP/8.3.0[0m
[0m2024-01-26 20:02:28 | DEBUG | _http_event_handler:36 | HTTP_EVENT_ON_DATA, len=39[0m
[0m2024-01-26 20:02:28 | DEBUG | _http_event_handler:37 | HTTP_EVENT_ON_DATA, output_len=0[0m
[0m2024-01-26 20:02:28 | DEBUG | _http_event_handler:38 | HTTP_EVENT_ON_DATA, content_length=-1[0m
[0m2024-01-26 20:02:28 | DEBUG | _http_event_handler:56 | HTTP_EVENT_ON_FINISH[0m
[0m2024-01-26 20:02:28 | DEBUG | http_client_post:159 | HTTP GET Status = 200, content_length = 1073430064[0m
[0;32m2024-01-26 20:02:28 | INFO  | http_client_post:162 | 
data stored in a database successfully.[0m
[0m2024-01-26 20:02:28 | DEBUG | _http_event_handler:66 | HTTP_EVENT_DISCONNECTED[0m
[0;32m2024-01-26 20:02:28 | INFO  | read_temperature_task:82 | Client POST request returned: 0[0m
[0m2024-01-26 20:02:29 | DEBUG | inspect_task:103 | Currently available heap: 212748[0m
[0m2024-01-26 20:02:29 | DEBUG | inspect_task:104 | The minimum heap size that was ever available: 203492[0m
[0m2024-01-26 20:02:34 | DEBUG | inspect_task:103 | Currently available heap: 212748[0m
[0m2024-01-26 20:02:34 | DEBUG | inspect_task:104 | The minimum heap size that was ever available: 203492[0m
[0m2024-01-26 20:02:39 | DEBUG | inspect_task:103 | Currently available heap: 212748[0m
[0m2024-01-26 20:02:39 | DEBUG | inspect_task:104 | The minimum heap size that was ever available: 203492[0m
[0m2024-01-26 20:02:44 | DEBUG | inspect_task:103 | Currently available heap: 212748[0m
[0m2024-01-26 20:02:44 | DEBUG | inspect_task:104 | The minimum heap size that was ever available: 203492[0m
[0m2024-01-26 20:02:49 | DEBUG | inspect_task:103 | Currently available heap: 212748[0m
[0m2024-01-26 20:02:49 | DEBUG | inspect_task:104 | The minimum heap size that was ever available: 203492[0m
[0m2024-01-26 20:02:54 | DEBUG | inspect_task:103 | Currently available heap: 212748[0m
[0m2024-01-26 20:02:54 | DEBUG | inspect_task:104 | The minimum heap size that was ever available: 203492[0m
[0m2024-01-26 20:02:58 | DEBUG | bmp_i2c_readout:333 | reading temperature of BMP280 device...[0m
[0m2024-01-26 20:02:58 | DEBUG | bmp_i2c_readout:337 | reading pressure of BMP280 device...[0m
[0;32m2024-01-26 20:02:58 | INFO  | read_temperature_task:76 | temperature: 27.06 C[0m
[0;32m2024-01-26 20:02:58 | INFO  | read_temperature_task:77 | pressure: 732.73hPa[0m
[0;32m2024-01-26 20:02:58 | INFO  | read_temperature_task:78 | altitude: 2651.32 m. n. p. m.[0m
[0m2024-01-26 20:02:58 | DEBUG | read_temperature_task:80 | data to send to database: device_id=222222&temperature=27.06&pressure=732.73&altitude=2651.32[0m
[0;32m2024-01-26 20:02:58 | INFO  | http_client_post:143 | making POST request to address: http://wmytych.usermd.net/modules/setters/insert_data.php[0m
[0m2024-01-26 20:02:58 | DEBUG | _http_event_handler:27 | HTTP_EVENT_ON_CONNECTED[0m
[0m2024-01-26 20:02:58 | DEBUG | _http_event_handler:30 | HTTP_EVENT_HEADER_SENT[0m
[0m2024-01-26 20:02:58 | DEBUG | _http_event_handler:33 | HTTP_EVENT_ON_HEADER, key=Server, value=nginx[0m
[0m2024-01-26 20:02:58 | DEBUG | _http_event_handler:33 | HTTP_EVENT_ON_HEADER, key=Date, value=Fri, 26 Jan 2024 20:02:58 GMT[0m
[0m2024-01-26 20:02:59 | DEBUG | _http_event_handler:33 | HTTP_EVENT_ON_HEADER, key=Content-Type, value=text/html; charset=UTF-8[0m
[0m2024-01-26 20:02:59 | DEBUG | _http_event_handler:33 | HTTP_EVENT_ON_HEADER, key=Transfer-Encoding, value=chunked[0m
[0m2024-01-26 20:02:59 | DEBUG | _http_event_handler:33 | HTTP_EVENT_ON_HEADER, key=Connection, value=keep-alive[0m
[0m2024-01-26 20:02:59 | DEBUG | _http_event_handler:33 | HTTP_EVENT_ON_HEADER, key=X-Powered-By, value=PHP/8.3.0[0m
[0m2024-01-26 20:02:59 | DEBUG | _http_event_handler:36 | HTTP_EVENT_ON_DATA, len=39[0m
[0m2024-01-26 20:02:59 | DEBUG | _http_event_handler:37 | HTTP_EVENT_ON_DATA, output_len=0[0m
[0m2024-01-26 20:02:59 | DEBUG | _http_event_handler:38 | HTTP_EVENT_ON_DATA, content_length=-1[0m
[0m2024-01-26 20:02:59 | DEBUG | _http_event_handler:56 | HTTP_EVENT_ON_FINISH[0m
[0m2024-01-26 20:02:59 | DEBUG | http_client_post:159 | HTTP GET Status = 200, content_length = 1073430064[0m
[0;32m2024-01-26 20:02:59 | INFO  | http_client_post:162 | 
data stored in a database successfully.[0m
[0m2024-01-26 20:02:59 | DEBUG | _http_event_handler:66 | HTTP_EVENT_DISCONNECTED[0m
[0;32m2024-01-26 20:02:59 | INFO  | read_temperature_task:82 | Client POST request returned: 0[0m
[0m2024-01-26 20:02:59 | DEBUG | inspect_task:103 | Currently available heap: 212748[0m
[0m2024-01-26 20:02:59 | DEBUG | inspect_task:104 | The minimum heap size that was ever available: 203492[0m
[0m2024-01-26 20:03:04 | DEBUG | inspect_task:103 | Currently available heap: 212748[0m
[0m2024-01-26 20:03:04 | DEBUG | inspect_task:104 | The minimum heap size that was ever available: 203492[0m
[0m2024-01-26 20:03:09 | DEBUG | inspect_task:103 | Currently available heap: 212748[0m
[0m2024-01-26 20:03:09 | DEBUG | inspect_task:104 | The minimum heap size that was ever available: 203492[0m
[0m2024-01-26 20:03:14 | DEBUG | inspect_task:103 | Currently available heap: 212748[0m
[0m2024-01-26 20:03:14 | DEBUG | inspect_task:104 | The minimum heap size that was ever available: 203492[0m
[0m2024-01-26 20:03:19 | DEBUG | inspect_task:103 | Currently available heap: 212748[0m
[0m2024-01-26 20:03:19 | DEBUG | inspect_task:104 | The minimum heap size that was ever available: 203492[0m
[0m2024-01-26 20:03:24 | DEBUG | inspect_task:103 | Currently available heap: 212748[0m
[0m2024-01-26 20:03:24 | DEBUG | inspect_task:104 | The minimum heap size that was ever available: 203492[0m
[0m2024-01-26 20:03:29 | DEBUG | bmp_i2c_readout:333 | reading temperature of BMP280 device...[0m
[0m2024-01-26 20:03:29 | DEBUG | bmp_i2c_readout:337 | reading pressure of BMP280 device...[0m
[0;32m2024-01-26 20:03:29 | INFO  | read_temperature_task:76 | temperature: 27.06 C[0m
[0;32m2024-01-26 20:03:29 | INFO  | read_temperature_task:77 | pressure: 732.73hPa[0m
[0;32m2024-01-26 20:03:29 | INFO  | read_temperature_task:78 | altitude: 2651.32 m. n. p. m.[0m
[0m2024-01-26 20:03:29 | DEBUG | read_temperature_task:80 | data to send to database: device_id=222222&temperature=27.06&pressure=732.73&altitude=2651.32[0m
[0;32m2024-01-26 20:03:29 | INFO  | http_client_post:143 | making POST request to address: http://wmytych.usermd.net/modules/setters/insert_data.php[0m
[0m2024-01-26 20:03:29 | DEBUG | _http_event_handler:27 | HTTP_EVENT_ON_CONNECTED[0m
[0m2024-01-26 20:03:29 | DEBUG | _http_event_handler:30 | HTTP_EVENT_HEADER_SENT[0m
[0m2024-01-26 20:03:29 | DEBUG | _http_event_handler:33 | HTTP_EVENT_ON_HEADER, key=Server, value=nginx[0m
[0m2024-01-26 20:03:29 | DEBUG | _http_event_handler:33 | HTTP_EVENT_ON_HEADER, key=Date, value=Fri, 26 Jan 2024 20:03:29 GMT[0m
[0m2024-01-26 20:03:29 | DEBUG | _http_event_handler:33 | HTTP_EVENT_ON_HEADER, key=Content-Type, value=text/html; charset=UTF-8[0m
[0m2024-01-26 20:03:29 | DEBUG | _http_event_handler:33 | HTTP_EVENT_ON_HEADER, key=Transfer-Encoding, value=chunked[0m
[0m2024-01-26 20:03:29 | DEBUG | _http_event_handler:33 | HTTP_EVENT_ON_HEADER, key=Connection, value=keep-alive[0m
[0m2024-01-26 20:03:29 | DEBUG | _http_event_handler:33 | HTTP_EVENT_ON_HEADER, key=X-Powered-By, value=PHP/8.3.0[0m
[0m2024-01-26 20:03:29 | DEBUG | inspect_task:103 | Currently available heap: 210116[0m
[0m2024-01-26 20:03:29 | DEBUG | inspect_task:104 | The minimum heap size that was ever available: 203492[0m
[0m2024-01-26 20:03:29 | DEBUG | _http_event_handler:36 | HTTP_EVENT_ON_DATA, len=39[0m
[0m2024-01-26 20:03:29 | DEBUG | _http_event_handler:37 | HTTP_EVENT_ON_DATA, output_len=0[0m
[0m2024-01-26 20:03:29 | DEBUG | _http_event_handler:38 | HTTP_EVENT_ON_DATA, content_length=-1[0m
[0m2024-01-26 20:03:29 | DEBUG | _http_event_handler:56 | HTTP_EVENT_ON_FINISH[0m
[0m2024-01-26 20:03:29 | DEBUG | http_client_post:159 | HTTP GET Status = 200, content_length = 1073430064[0m
[0;32m2024-01-26 20:03:29 | INFO  | http_client_post:162 | 
data stored in a database successfully.[0m
[0m2024-01-26 20:03:29 | DEBUG | _http_event_handler:66 | HTTP_EVENT_DISCONNECTED[0m
[0;32m2024-01-26 20:03:29 | INFO  | read_temperature_task:82 | Client POST request returned: 0[0m
[0m2024-01-26 20:03:34 | DEBUG | inspect_task:103 | Currently available heap: 212736[0m
[0m2024-01-26 20:03:34 | DEBUG | inspect_task:104 | The minimum heap size that was ever available: 203492[0m
[0m2024-01-26 20:03:39 | DEBUG | inspect_task:103 | Currently available heap: 212736[0m
[0m2024-01-26 20:03:39 | DEBUG | inspect_task:104 | The minimum heap size that was ever available: 203492[0m
[0m2024-01-26 20:03:44 | DEBUG | inspect_task:103 | Currently available heap: 212736[0m
[0m2024-01-26 20:03:44 | DEBUG | inspect_task:104 | The minimum heap size that was ever available: 203492[0m
[0m2024-01-26 20:03:49 | DEBUG | inspect_task:103 | Currently available heap: 212736[0m
[0m2024-01-26 20:03:49 | DEBUG | inspect_task:104 | The minimum heap size that was ever available: 203492[0m
[0m2024-01-26 20:03:54 | DEBUG | inspect_task:103 | Currently available heap: 212736[0m
[0m2024-01-26 20:03:54 | DEBUG | inspect_task:104 | The minimum heap size that was ever available: 203492[0m
[0m2024-01-26 20:03:59 | DEBUG | inspect_task:103 | Currently available heap: 212948[0m
[0m2024-01-26 20:03:59 | DEBUG | inspect_task:104 | The minimum heap size that was ever available: 203492[0m
[0m2024-01-26 20:03:59 | DEBUG | bmp_i2c_readout:333 | reading temperature of BMP280 device...[0m
[0m2024-01-26 20:03:59 | DEBUG | bmp_i2c_readout:337 | reading pressure of BMP280 device...[0m
[0;32m2024-01-26 20:03:59 | INFO  | read_temperature_task:76 | temperature: 27.06 C[0m
[0;32m2024-01-26 20:03:59 | INFO  | read_temperature_task:77 | pressure: 732.73hPa[0m
[0;32m2024-01-26 20:03:59 | INFO  | read_temperature_task:78 | altitude: 2651.32 m. n. p. m.[0m
[0m2024-01-26 20:03:59 | DEBUG | read_temperature_task:80 | data to send to database: device_id=222222&temperature=27.06&pressure=732.73&altitude=2651.32[0m
[0;32m2024-01-26 20:03:59 | INFO  | http_client_post:143 | making POST request to address: http://wmytych.usermd.net/modules/setters/insert_data.php[0m
[0m2024-01-26 20:03:59 | DEBUG | _http_event_handler:27 | HTTP_EVENT_ON_CONNECTED[0m
[0m2024-01-26 20:03:59 | DEBUG | _http_event_handler:30 | HTTP_EVENT_HEADER_SENT[0m
[0m2024-01-26 20:03:59 | DEBUG | _http_event_handler:33 | HTTP_EVENT_ON_HEADER, key=Server, value=nginx[0m
[0m2024-01-26 20:03:59 | DEBUG | _http_event_handler:33 | HTTP_EVENT_ON_HEADER, key=Date, value=Fri, 26 Jan 2024 20:03:59 GMT[0m
[0m2024-01-26 20:03:59 | DEBUG | _http_event_handler:33 | HTTP_EVENT_ON_HEADER, key=Content-Type, value=text/html; charset=UTF-8[0m
[0m2024-01-26 20:03:59 | DEBUG | _http_event_handler:33 | HTTP_EVENT_ON_HEADER, key=Transfer-Encoding, value=chunked[0m
[0m2024-01-26 20:03:59 | DEBUG | _http_event_handler:33 | HTTP_EVENT_ON_HEADER, key=Connection, value=keep-alive[0m
[0m2024-01-26 20:03:59 | DEBUG | _http_event_handler:33 | HTTP_EVENT_ON_HEADER, key=X-Powered-By, value=PHP/8.3.0[0m
[0m2024-01-26 20:03:59 | DEBUG | _http_event_handler:36 | HTTP_EVENT_ON_DATA, len=39[0m
[0m2024-01-26 20:03:59 | DEBUG | _http_event_handler:37 | HTTP_EVENT_ON_DATA, output_len=0[0m
[0m2024-01-26 20:03:59 | DEBUG | _http_event_handler:38 | HTTP_EVENT_ON_DATA, content_length=-1[0m
[0m2024-01-26 20:03:59 | DEBUG | _http_event_handler:56 | HTTP_EVENT_ON_FINISH[0m
[0m2024-01-26 20:03:59 | DEBUG | http_client_post:159 | HTTP GET Status = 200, content_length = 1073430064[0m
[0;32m2024-01-26 20:03:59 | INFO  | http_client_post:162 | 
data stored in a database successfully.[0m
[0m2024-01-26 20:03:59 | DEBUG | _http_event_handler:66 | HTTP_EVENT_DISCONNECTED[0m
[0;32m2024-01-26 20:03:59 | INFO  | read_temperature_task:82 | Client POST request returned: 0[0m
[0m2024-01-26 20:04:04 | DEBUG | inspect_task:103 | Currently available heap: 212736[0m
[0m2024-01-26 20:04:04 | DEBUG | inspect_task:104 | The minimum heap size that was ever available: 203492[0m
[0m2024-01-26 20:04:09 | DEBUG | inspect_task:103 | Currently available heap: 212736[0m
[0m2024-01-26 20:04:09 | DEBUG | inspect_task:104 | The minimum heap size that was ever available: 203492[0m
[0m2024-01-26 20:04:14 | DEBUG | inspect_task:103 | Currently available heap: 212736[0m
[0m2024-01-26 20:04:14 | DEBUG | inspect_task:104 | The minimum heap size that was ever available: 203492[0m
[0m2024-01-26 20:04:19 | DEBUG | inspect_task:103 | Currently available heap: 212736[0m
[0m2024-01-26 20:04:19 | DEBUG | inspect_task:104 | The minimum heap size that was ever available: 203492[0m
[0m2024-01-26 20:04:24 | DEBUG | inspect_task:103 | Currently available heap: 212736[0m
[0m2024-01-26 20:04:24 | DEBUG | inspect_task:104 | The minimum heap size that was ever available: 203492[0m
[0m2024-01-26 20:04:29 | DEBUG | inspect_task:103 | Currently available heap: 212948[0m
[0m2024-01-26 20:04:29 | DEBUG | inspect_task:104 | The minimum heap size that was ever available: 203492[0m
[0m2024-01-26 20:04:29 | DEBUG | bmp_i2c_readout:333 | reading temperature of BMP280 device...[0m
[0m2024-01-26 20:04:29 | DEBUG | bmp_i2c_readout:337 | reading pressure of BMP280 device...[0m
[0;32m2024-01-26 20:04:29 | INFO  | read_temperature_task:76 | temperature: 27.06 C[0m
[0;32m2024-01-26 20:04:29 | INFO  | read_temperature_task:77 | pressure: 732.73hPa[0m
[0;32m2024-01-26 20:04:29 | INFO  | read_temperature_task:78 | altitude: 2651.32 m. n. p. m.[0m
[0m2024-01-26 20:04:29 | DEBUG | read_temperature_task:80 | data to send to database: device_id=222222&temperature=27.06&pressure=732.73&altitude=2651.32[0m
[0;32m2024-01-26 20:04:29 | INFO  | http_client_post:143 | making POST request to address: http://wmytych.usermd.net/modules/setters/insert_data.php[0m
[0m2024-01-26 20:04:29 | DEBUG | _http_event_handler:27 | HTTP_EVENT_ON_CONNECTED[0m
[0m2024-01-26 20:04:29 | DEBUG | _http_event_handler:30 | HTTP_EVENT_HEADER_SENT[0m
[0m2024-01-26 20:04:29 | DEBUG | _http_event_handler:33 | HTTP_EVENT_ON_HEADER, key=Server, value=nginx[0m
[0m2024-01-26 20:04:29 | DEBUG | _http_event_handler:33 | HTTP_EVENT_ON_HEADER, key=Date, value=Fri, 26 Jan 2024 20:04:29 GMT[0m
[0m2024-01-26 20:04:29 | DEBUG | _http_event_handler:33 | HTTP_EVENT_ON_HEADER, key=Content-Type, value=text/html; charset=UTF-8[0m
[0m2024-01-26 20:04:29 | DEBUG | _http_event_handler:33 | HTTP_EVENT_ON_HEADER, key=Transfer-Encoding, value=chunked[0m
[0m2024-01-26 20:04:29 | DEBUG | _http_event_handler:33 | HTTP_EVENT_ON_HEADER, key=Connection, value=keep-alive[0m
[0m2024-01-26 20:04:29 | DEBUG | _http_event_handler:33 | HTTP_EVENT_ON_HEADER, key=X-Powered-By, value=PHP/8.3.0[0m
[0m2024-01-26 20:04:29 | DEBUG | _http_event_handler:36 | HTTP_EVENT_ON_DATA, len=39[0m
[0m2024-01-26 20:04:29 | DEBUG | _http_event_handler:37 | HTTP_EVENT_ON_DATA, output_len=0[0m
[0m2024-01-26 20:04:29 | DEBUG | _http_event_handler:38 | HTTP_EVENT_ON_DATA, content_length=-1[0m
[0m2024-01-26 20:04:29 | DEBUG | _http_event_handler:56 | HTTP_EVENT_ON_FINISH[0m
[0m2024-01-26 20:04:29 | DEBUG | http_client_post:159 | HTTP GET Status = 200, content_length = 1073430064[0m
[0;32m2024-01-26 20:04:29 | INFO  | http_client_post:162 | 
data stored in a database successfully.[0m
[0m2024-01-26 20:04:29 | DEBUG | _http_event_handler:66 | HTTP_EVENT_DISCONNECTED[0m
[0;32m2024-01-26 20:04:29 | INFO  | read_temperature_task:82 | Client POST request returned: 0[0m
[0m2024-01-26 20:04:34 | DEBUG | inspect_task:103 | Currently available heap: 212736[0m
[0m2024-01-26 20:04:34 | DEBUG | inspect_task:104 | The minimum heap size that was ever available: 203492[0m
[0m2024-01-26 20:04:39 | DEBUG | inspect_task:103 | Currently available heap: 212736[0m
[0m2024-01-26 20:04:39 | DEBUG | inspect_task:104 | The minimum heap size that was ever available: 203492[0m
[0m2024-01-26 20:04:44 | DEBUG | inspect_task:103 | Currently available heap: 212736[0m
[0m2024-01-26 20:04:44 | DEBUG | inspect_task:104 | The minimum heap size that was ever available: 203492[0m
[0m2024-01-26 20:04:49 | DEBUG | inspect_task:103 | Currently available heap: 212736[0m
[0m2024-01-26 20:04:49 | DEBUG | inspect_task:104 | The minimum heap size that was ever available: 203492[0m
[0m2024-01-26 20:04:54 | DEBUG | inspect_task:103 | Currently available heap: 212736[0m
[0m2024-01-26 20:04:54 | DEBUG | inspect_task:104 | The minimum heap size that was ever available: 203492[0m
[0m2024-01-26 20:04:59 | DEBUG | inspect_task:103 | Currently available heap: 212736[0m
[0m2024-01-26 20:04:59 | DEBUG | inspect_task:104 | The minimum heap size that was ever available: 203492[0m
[0m2024-01-26 20:04:59 | DEBUG | bmp_i2c_readout:333 | reading temperature of BMP280 device...[0m
[0m2024-01-26 20:04:59 | DEBUG | bmp_i2c_readout:337 | reading pressure of BMP280 device...[0m
[0;32m2024-01-26 20:04:59 | INFO  | read_temperature_task:76 | temperature: 27.06 C[0m
[0;32m2024-01-26 20:04:59 | INFO  | read_temperature_task:77 | pressure: 732.73hPa[0m
[0;32m2024-01-26 20:04:59 | INFO  | read_temperature_task:78 | altitude: 2651.32 m. n. p. m.[0m
[0m2024-01-26 20:04:59 | DEBUG | read_temperature_task:80 | data to send to database: device_id=222222&temperature=27.06&pressure=732.73&altitude=2651.32[0m
[0;32m2024-01-26 20:05:00 | INFO  | http_client_post:143 | making POST request to address: http://wmytych.usermd.net/modules/setters/insert_data.php[0m
[0m2024-01-26 20:05:00 | DEBUG | _http_event_handler:27 | HTTP_EVENT_ON_CONNECTED[0m
[0m2024-01-26 20:05:00 | DEBUG | _http_event_handler:30 | HTTP_EVENT_HEADER_SENT[0m
[0m2024-01-26 20:05:00 | DEBUG | _http_event_handler:33 | HTTP_EVENT_ON_HEADER, key=Server, value=nginx[0m
[0m2024-01-26 20:05:00 | DEBUG | _http_event_handler:33 | HTTP_EVENT_ON_HEADER, key=Date, value=Fri, 26 Jan 2024 20:05:00 GMT[0m
[0m2024-01-26 20:05:00 | DEBUG | _http_event_handler:33 | HTTP_EVENT_ON_HEADER, key=Content-Type, value=text/html; charset=UTF-8[0m
[0m2024-01-26 20:05:00 | DEBUG | _http_event_handler:33 | HTTP_EVENT_ON_HEADER, key=Transfer-Encoding, value=chunked[0m
[0m2024-01-26 20:05:00 | DEBUG | _http_event_handler:33 | HTTP_EVENT_ON_HEADER, key=Connection, value=keep-alive[0m
[0m2024-01-26 20:05:00 | DEBUG | _http_event_handler:33 | HTTP_EVENT_ON_HEADER, key=X-Powered-By, value=PHP/8.3.0[0m
[0m2024-01-26 20:05:00 | DEBUG | _http_event_handler:36 | HTTP_EVENT_ON_DATA, len=39[0m
[0m2024-01-26 20:05:00 | DEBUG | _http_event_handler:37 | HTTP_EVENT_ON_DATA, output_len=0[0m
[0m2024-01-26 20:05:00 | DEBUG | _http_event_handler:38 | HTTP_EVENT_ON_DATA, content_length=-1[0m
[0m2024-01-26 20:05:00 | DEBUG | _http_event_handler:56 | HTTP_EVENT_ON_FINISH[0m
[0m2024-01-26 20:05:00 | DEBUG | http_client_post:159 | HTTP GET Status = 200, content_length = 1073430064[0m
[0;32m2024-01-26 20:05:00 | INFO  | http_client_post:162 | 
data stored in a database successfully.[0m
[0m2024-01-26 20:05:00 | DEBUG | _http_event_handler:66 | HTTP_EVENT_DISCONNECTED[0m
[0;32m2024-01-26 20:05:00 | INFO  | read_temperature_task:82 | Client POST request returned: 0[0m
[0m2024-01-26 20:05:04 | DEBUG | inspect_task:103 | Currently available heap: 212748[0m
[0m2024-01-26 20:05:04 | DEBUG | inspect_task:104 | The minimum heap size that was ever available: 203492[0m
[0m2024-01-26 20:05:09 | DEBUG | inspect_task:103 | Currently available heap: 212748[0m
[0m2024-01-26 20:05:09 | DEBUG | inspect_task:104 | The minimum heap size that was ever available: 203492[0m
[0m2024-01-26 20:05:14 | DEBUG | inspect_task:103 | Currently available heap: 212748[0m
[0m2024-01-26 20:05:14 | DEBUG | inspect_task:104 | The minimum heap size that was ever available: 203492[0m
[0m2024-01-26 20:05:19 | DEBUG | inspect_task:103 | Currently available heap: 212748[0m
[0m2024-01-26 20:05:19 | DEBUG | inspect_task:104 | The minimum heap size that was ever available: 203492[0m
[0m2024-01-26 20:05:24 | DEBUG | inspect_task:103 | Currently available heap: 212748[0m
[0m2024-01-26 20:05:24 | DEBUG | inspect_task:104 | The minimum heap size that was ever available: 203492[0m
[0m2024-01-26 20:05:29 | DEBUG | inspect_task:103 | Currently available heap: 212748[0m
[0m2024-01-26 20:05:29 | DEBUG | inspect_task:104 | The minimum heap size that was ever available: 203492[0m
[0m2024-01-26 20:05:30 | DEBUG | bmp_i2c_readout:333 | reading temperature of BMP280 device...[0m
[0m2024-01-26 20:05:30 | DEBUG | bmp_i2c_readout:337 | reading pressure of BMP280 device...[0m
[0;32m2024-01-26 20:05:30 | INFO  | read_temperature_task:76 | temperature: 27.06 C[0m
[0;32m2024-01-26 20:05:30 | INFO  | read_temperature_task:77 | pressure: 732.73hPa[0m
[0;32m2024-01-26 20:05:30 | INFO  | read_temperature_task:78 | altitude: 2651.32 m. n. p. m.[0m
[0m2024-01-26 20:05:30 | DEBUG | read_temperature_task:80 | data to send to database: device_id=222222&temperature=27.06&pressure=732.73&altitude=2651.32[0m
[0;32m2024-01-26 20:05:30 | INFO  | http_client_post:143 | making POST request to address: http://wmytych.usermd.net/modules/setters/insert_data.php[0m
[0m2024-01-26 20:05:30 | DEBUG | _http_event_handler:27 | HTTP_EVENT_ON_CONNECTED[0m
[0m2024-01-26 20:05:30 | DEBUG | _http_event_handler:30 | HTTP_EVENT_HEADER_SENT[0m
[0m2024-01-26 20:05:30 | DEBUG | _http_event_handler:33 | HTTP_EVENT_ON_HEADER, key=Server, value=nginx[0m
[0m2024-01-26 20:05:30 | DEBUG | _http_event_handler:33 | HTTP_EVENT_ON_HEADER, key=Date, value=Fri, 26 Jan 2024 20:05:30 GMT[0m
[0m2024-01-26 20:05:30 | DEBUG | _http_event_handler:33 | HTTP_EVENT_ON_HEADER, key=Content-Type, value=text/html; charset=UTF-8[0m
[0m2024-01-26 20:05:30 | DEBUG | _http_event_handler:33 | HTTP_EVENT_ON_HEADER, key=Transfer-Encoding, value=chunked[0m
[0m2024-01-26 20:05:30 | DEBUG | _http_event_handler:33 | HTTP_EVENT_ON_HEADER, key=Connection, value=keep-alive[0m
[0m2024-01-26 20:05:30 | DEBUG | _http_event_handler:33 | HTTP_EVENT_ON_HEADER, key=X-Powered-By, value=PHP/8.3.0[0m
[0m2024-01-26 20:05:30 | DEBUG | _http_event_handler:36 | HTTP_EVENT_ON_DATA, len=39[0m
[0m2024-01-26 20:05:30 | DEBUG | _http_event_handler:37 | HTTP_EVENT_ON_DATA, output_len=0[0m
[0m2024-01-26 20:05:30 | DEBUG | _http_event_handler:38 | HTTP_EVENT_ON_DATA, content_length=-1[0m
[0m2024-01-26 20:05:30 | DEBUG | _http_event_handler:56 | HTTP_EVENT_ON_FINISH[0m
[0m2024-01-26 20:05:30 | DEBUG | http_client_post:159 | HTTP GET Status = 200, content_length = 1073430064[0m
[0;32m2024-01-26 20:05:30 | INFO  | http_client_post:162 | 
data stored in a database successfully.[0m
[0m2024-01-26 20:05:30 | DEBUG | _http_event_handler:66 | HTTP_EVENT_DISCONNECTED[0m
[0;32m2024-01-26 20:05:30 | INFO  | read_temperature_task:82 | Client POST request returned: 0[0m
[0m2024-01-26 20:05:34 | DEBUG | inspect_task:103 | Currently available heap: 212760[0m
[0m2024-01-26 20:05:34 | DEBUG | inspect_task:104 | The minimum heap size that was ever available: 203492[0m
[0m2024-01-26 20:05:39 | DEBUG | inspect_task:103 | Currently available heap: 212760[0m
[0m2024-01-26 20:05:39 | DEBUG | inspect_task:104 | The minimum heap size that was ever available: 203492[0m
[0m2024-01-26 20:05:44 | DEBUG | inspect_task:103 | Currently available heap: 212760[0m
[0m2024-01-26 20:05:44 | DEBUG | inspect_task:104 | The minimum heap size that was ever available: 203492[0m
[0m2024-01-26 20:05:49 | DEBUG | inspect_task:103 | Currently available heap: 212760[0m
[0m2024-01-26 20:05:49 | DEBUG | inspect_task:104 | The minimum heap size that was ever available: 203492[0m
[0m2024-01-26 20:05:54 | DEBUG | inspect_task:103 | Currently available heap: 212760[0m
[0m2024-01-26 20:05:54 | DEBUG | inspect_task:104 | The minimum heap size that was ever available: 203492[0m
[0m2024-01-26 20:05:59 | DEBUG | inspect_task:103 | Currently available heap: 212760[0m
[0m2024-01-26 20:05:59 | DEBUG | inspect_task:104 | The minimum heap size that was ever available: 203492[0m
[0m2024-01-26 20:06:00 | DEBUG | bmp_i2c_readout:333 | reading temperature of BMP280 device...[0m
[0m2024-01-26 20:06:00 | DEBUG | bmp_i2c_readout:337 | reading pressure of BMP280 device...[0m
[0;32m2024-01-26 20:06:00 | INFO  | read_temperature_task:76 | temperature: 27.06 C[0m
[0;32m2024-01-26 20:06:00 | INFO  | read_temperature_task:77 | pressure: 732.73hPa[0m
[0;32m2024-01-26 20:06:00 | INFO  | read_temperature_task:78 | altitude: 2651.32 m. n. p. m.[0m
[0m2024-01-26 20:06:00 | DEBUG | read_temperature_task:80 | data to send to database: device_id=222222&temperature=27.06&pressure=732.73&altitude=2651.32[0m
[0;32m2024-01-26 20:06:00 | INFO  | http_client_post:143 | making POST request to address: http://wmytych.usermd.net/modules/setters/insert_data.php[0m
[0m2024-01-26 20:06:00 | DEBUG | _http_event_handler:27 | HTTP_EVENT_ON_CONNECTED[0m
[0m2024-01-26 20:06:00 | DEBUG | _http_event_handler:30 | HTTP_EVENT_HEADER_SENT[0m
[0m2024-01-26 20:06:00 | DEBUG | _http_event_handler:33 | HTTP_EVENT_ON_HEADER, key=Server, value=nginx[0m
[0m2024-01-26 20:06:00 | DEBUG | _http_event_handler:33 | HTTP_EVENT_ON_HEADER, key=Date, value=Fri, 26 Jan 2024 20:06:00 GMT[0m
[0m2024-01-26 20:06:00 | DEBUG | _http_event_handler:33 | HTTP_EVENT_ON_HEADER, key=Content-Type, value=text/html; charset=UTF-8[0m
[0m2024-01-26 20:06:00 | DEBUG | _http_event_handler:33 | HTTP_EVENT_ON_HEADER, key=Transfer-Encoding, value=chunked[0m
[0m2024-01-26 20:06:00 | DEBUG | _http_event_handler:33 | HTTP_EVENT_ON_HEADER, key=Connection, value=keep-alive[0m
[0m2024-01-26 20:06:00 | DEBUG | _http_event_handler:33 | HTTP_EVENT_ON_HEADER, key=X-Powered-By, value=PHP/8.3.0[0m
[0m2024-01-26 20:06:00 | DEBUG | _http_event_handler:36 | HTTP_EVENT_ON_DATA, len=39[0m
[0m2024-01-26 20:06:00 | DEBUG | _http_event_handler:37 | HTTP_EVENT_ON_DATA, output_len=0[0m
[0m2024-01-26 20:06:00 | DEBUG | _http_event_handler:38 | HTTP_EVENT_ON_DATA, content_length=-1[0m
[0m2024-01-26 20:06:00 | DEBUG | _http_event_handler:56 | HTTP_EVENT_ON_FINISH[0m
[0m2024-01-26 20:06:00 | DEBUG | http_client_post:159 | HTTP GET Status = 200, content_length = 1073430064[0m
[0;32m2024-01-26 20:06:00 | INFO  | http_client_post:162 | 
data stored in a database successfully.[0m
[0m2024-01-26 20:06:00 | DEBUG | _http_event_handler:66 | HTTP_EVENT_DISCONNECTED[0m
[0;32m2024-01-26 20:06:00 | INFO  | read_temperature_task:82 | Client POST request returned: 0[0m
[0m2024-01-26 20:06:04 | DEBUG | inspect_task:103 | Currently available heap: 212760[0m
[0m2024-01-26 20:06:04 | DEBUG | inspect_task:104 | The minimum heap size that was ever available: 203492[0m
[0m2024-01-26 20:06:09 | DEBUG | inspect_task:103 | Currently available heap: 212760[0m
[0m2024-01-26 20:06:09 | DEBUG | inspect_task:104 | The minimum heap size that was ever available: 203492[0m
[0m2024-01-26 20:06:14 | DEBUG | inspect_task:103 | Currently available heap: 212760[0m
[0m2024-01-26 20:06:14 | DEBUG | inspect_task:104 | The minimum heap size that was ever available: 203492[0m
[0m2024-01-26 20:06:19 | DEBUG | inspect_task:103 | Currently available heap: 212760[0m
[0m2024-01-26 20:06:19 | DEBUG | inspect_task:104 | The minimum heap size that was ever available: 203492[0m
[0m2024-01-26 20:06:24 | DEBUG | inspect_task:103 | Currently available heap: 212760[0m
[0m2024-01-26 20:06:24 | DEBUG | inspect_task:104 | The minimum heap size that was ever available: 203492[0m
[0m2024-01-26 20:06:29 | DEBUG | inspect_task:103 | Currently available heap: 212760[0m
[0m2024-01-26 20:06:29 | DEBUG | inspect_task:104 | The minimum heap size that was ever available: 203492[0m
[0m2024-01-26 20:06:30 | DEBUG | bmp_i2c_readout:333 | reading temperature of BMP280 device...[0m
[0m2024-01-26 20:06:30 | DEBUG | bmp_i2c_readout:337 | reading pressure of BMP280 device...[0m
[0;32m2024-01-26 20:06:30 | INFO  | read_temperature_task:76 | temperature: 27.06 C[0m
[0;32m2024-01-26 20:06:30 | INFO  | read_temperature_task:77 | pressure: 732.73hPa[0m
[0;32m2024-01-26 20:06:30 | INFO  | read_temperature_task:78 | altitude: 2651.32 m. n. p. m.[0m
[0m2024-01-26 20:06:30 | DEBUG | read_temperature_task:80 | data to send to database: device_id=222222&temperature=27.06&pressure=732.73&altitude=2651.32[0m
[0;32m2024-01-26 20:06:30 | INFO  | http_client_post:143 | making POST request to address: http://wmytych.usermd.net/modules/setters/insert_data.php[0m
[0m2024-01-26 20:06:30 | DEBUG | _http_event_handler:27 | HTTP_EVENT_ON_CONNECTED[0m
[0m2024-01-26 20:06:30 | DEBUG | _http_event_handler:30 | HTTP_EVENT_HEADER_SENT[0m
[0m2024-01-26 20:06:30 | DEBUG | _http_event_handler:33 | HTTP_EVENT_ON_HEADER, key=Server, value=nginx[0m
[0m2024-01-26 20:06:30 | DEBUG | _http_event_handler:33 | HTTP_EVENT_ON_HEADER, key=Date, value=Fri, 26 Jan 2024 20:06:30 GMT[0m
[0m2024-01-26 20:06:30 | DEBUG | _http_event_handler:33 | HTTP_EVENT_ON_HEADER, key=Content-Type, value=text/html; charset=UTF-8[0m
[0m2024-01-26 20:06:30 | DEBUG | _http_event_handler:33 | HTTP_EVENT_ON_HEADER, key=Transfer-Encoding, value=chunked[0m
[0m2024-01-26 20:06:30 | DEBUG | _http_event_handler:33 | HTTP_EVENT_ON_HEADER, key=Connection, value=keep-alive[0m
[0m2024-01-26 20:06:30 | DEBUG | _http_event_handler:33 | HTTP_EVENT_ON_HEADER, key=X-Powered-By, value=PHP/8.3.0[0m
[0m2024-01-26 20:06:30 | DEBUG | _http_event_handler:36 | HTTP_EVENT_ON_DATA, len=39[0m
[0m2024-01-26 20:06:30 | DEBUG | _http_event_handler:37 | HTTP_EVENT_ON_DATA, output_len=0[0m
[0m2024-01-26 20:06:31 | DEBUG | _http_event_handler:38 | HTTP_EVENT_ON_DATA, content_length=-1[0m
[0m2024-01-26 20:06:31 | DEBUG | _http_event_handler:56 | HTTP_EVENT_ON_FINISH[0m
[0m2024-01-26 20:06:31 | DEBUG | http_client_post:159 | HTTP GET Status = 200, content_length = 1073430064[0m
[0;32m2024-01-26 20:06:31 | INFO  | http_client_post:162 | 
data stored in a database successfully.[0m
[0m2024-01-26 20:06:31 | DEBUG | _http_event_handler:66 | HTTP_EVENT_DISCONNECTED[0m
[0;32m2024-01-26 20:06:31 | INFO  | read_temperature_task:82 | Client POST request returned: 0[0m
[0m2024-01-26 20:06:34 | DEBUG | inspect_task:103 | Currently available heap: 212760[0m
[0m2024-01-26 20:06:34 | DEBUG | inspect_task:104 | The minimum heap size that was ever available: 203492[0m
[0m2024-01-26 20:06:39 | DEBUG | inspect_task:103 | Currently available heap: 212760[0m
[0m2024-01-26 20:06:39 | DEBUG | inspect_task:104 | The minimum heap size that was ever available: 203492[0m
[0m2024-01-26 20:06:44 | DEBUG | inspect_task:103 | Currently available heap: 212760[0m
[0m2024-01-26 20:06:44 | DEBUG | inspect_task:104 | The minimum heap size that was ever available: 203492[0m
[0m2024-01-26 20:06:49 | DEBUG | inspect_task:103 | Currently available heap: 212760[0m
[0m2024-01-26 20:06:49 | DEBUG | inspect_task:104 | The minimum heap size that was ever available: 203492[0m
[0m2024-01-26 20:06:54 | DEBUG | inspect_task:103 | Currently available heap: 212760[0m
[0m2024-01-26 20:06:54 | DEBUG | inspect_task:104 | The minimum heap size that was ever available: 203492[0m
[0m2024-01-26 20:06:59 | DEBUG | inspect_task:103 | Currently available heap: 212760[0m
[0m2024-01-26 20:06:59 | DEBUG | inspect_task:104 | The minimum heap size that was ever available: 203492[0m
[0m2024-01-26 20:07:01 | DEBUG | bmp_i2c_readout:333 | reading temperature of BMP280 device...[0m
[0m2024-01-26 20:07:01 | DEBUG | bmp_i2c_readout:337 | reading pressure of BMP280 device...[0m
[0;32m2024-01-26 20:07:01 | INFO  | read_temperature_task:76 | temperature: 27.06 C[0m
[0;32m2024-01-26 20:07:01 | INFO  | read_temperature_task:77 | pressure: 732.73hPa[0m
[0;32m2024-01-26 20:07:01 | INFO  | read_temperature_task:78 | altitude: 2651.32 m. n. p. m.[0m
[0m2024-01-26 20:07:01 | DEBUG | read_temperature_task:80 | data to send to database: device_id=222222&temperature=27.06&pressure=732.73&altitude=2651.32[0m
[0;32m2024-01-26 20:07:01 | INFO  | http_client_post:143 | making POST request to address: http://wmytych.usermd.net/modules/setters/insert_data.php[0m
[0m2024-01-26 20:07:01 | DEBUG | _http_event_handler:27 | HTTP_EVENT_ON_CONNECTED[0m
[0m2024-01-26 20:07:01 | DEBUG | _http_event_handler:30 | HTTP_EVENT_HEADER_SENT[0m
[0m2024-01-26 20:07:01 | DEBUG | _http_event_handler:33 | HTTP_EVENT_ON_HEADER, key=Server, value=nginx[0m
[0m2024-01-26 20:07:01 | DEBUG | _http_event_handler:33 | HTTP_EVENT_ON_HEADER, key=Date, value=Fri, 26 Jan 2024 20:07:01 GMT[0m
[0m2024-01-26 20:07:01 | DEBUG | _http_event_handler:33 | HTTP_EVENT_ON_HEADER, key=Content-Type, value=text/html; charset=UTF-8[0m
[0m2024-01-26 20:07:01 | DEBUG | _http_event_handler:33 | HTTP_EVENT_ON_HEADER, key=Transfer-Encoding, value=chunked[0m
[0m2024-01-26 20:07:01 | DEBUG | _http_event_handler:33 | HTTP_EVENT_ON_HEADER, key=Connection, value=keep-alive[0m
[0m2024-01-26 20:07:01 | DEBUG | _http_event_handler:33 | HTTP_EVENT_ON_HEADER, key=X-Powered-By, value=PHP/8.3.0[0m
[0m2024-01-26 20:07:01 | DEBUG | _http_event_handler:36 | HTTP_EVENT_ON_DATA, len=39[0m
[0m2024-01-26 20:07:01 | DEBUG | _http_event_handler:37 | HTTP_EVENT_ON_DATA, output_len=0[0m
[0m2024-01-26 20:07:01 | DEBUG | _http_event_handler:38 | HTTP_EVENT_ON_DATA, content_length=-1[0m
[0m2024-01-26 20:07:01 | DEBUG | _http_event_handler:56 | HTTP_EVENT_ON_FINISH[0m
[0m2024-01-26 20:07:01 | DEBUG | http_client_post:159 | HTTP GET Status = 200, content_length = 1073430064[0m
[0;32m2024-01-26 20:07:01 | INFO  | http_client_post:162 | 
data stored in a database successfully.[0m
[0m2024-01-26 20:07:01 | DEBUG | _http_event_handler:66 | HTTP_EVENT_DISCONNECTED[0m
[0;32m2024-01-26 20:07:01 | INFO  | read_temperature_task:82 | Client POST request returned: 0[0m
[0m2024-01-26 20:07:04 | DEBUG | inspect_task:103 | Currently available heap: 212760[0m
[0m2024-01-26 20:07:04 | DEBUG | inspect_task:104 | The minimum heap size that was ever available: 203492[0m
