[0;32m1970-01-01 00:00:00 | INFO  | nvs_c_init_nvs:31 | nvs was initialized[0m
[0;32m1970-01-01 00:00:00 | INFO  | wifi_c_sta_register_connect_handler:370 | STA connect handler function of wifi controller changed![0m
[0;32m1970-01-01 00:00:00 | INFO  | nvs_c_init_nvs:31 | nvs was initialized[0m
[0m1970-01-01 00:00:00 | DEBUG | wifi_c_init_netif:235 | netif initialized as STA[0m
I (827) wifi:wifi driver task: 3ffc06b8, prio:23, stack:6656, core=0
I (847) wifi:wifi firmware version: ce9244d
I (847) wifi:wifi certification version: v7.0
I (847) wifi:config NVS flash: enabled
I (847) wifi:config nano formating: disabled
I (857) wifi:Init data frame dynamic rx buffer num: 32
I (857) wifi:Init management frame dynamic rx buffer num: 32
I (867) wifi:Init management short buffer num: 32
I (867) wifi:Init dynamic tx buffer num: 32
I (867) wifi:Init static rx buffer size: 1600
I (877) wifi:Init static rx buffer num: 10
I (877) wifi:Init dynamic rx buffer num: 32
[0;32mI (887) wifi_init: rx ba win: 6[0m
[0;32mI (887) wifi_init: tcpip mbox: 32[0m
[0;32mI (887) wifi_init: udp mbox: 6[0m
[0;32mI (897) wifi_init: tcp mbox: 6[0m
[0;32mI (897) wifi_init: tcp tx win: 5744[0m
[0;32mI (907) wifi_init: tcp rx win: 5744[0m
[0;32mI (907) wifi_init: tcp mss: 1440[0m
[0;32mI (907) wifi_init: WiFi IRAM OP enabled[0m
[0;32mI (917) wifi_init: WiFi RX IRAM OP enabled[0m
[0;32m1970-01-01 00:00:00 | INFO  | wifi_c_init_wifi:499 | Wifi initialized.[0m
[0;32mI (927) phy_init: phy_version 4670,719f9f6,Feb 18 2021,17:07:07[0m
I (1047) wifi:mode : sta (c8:f0:9e:f8:01:a8)
I (1047) wifi:enable tsf
[0;32m1970-01-01 00:00:00 | INFO  | wifi_c_sta_event_handler:158 | Station started, connecting to WiFi.[0m
[0m1970-01-01 00:00:00 | DEBUG | wifi_c_init_wifi:503 | wifi successfully initialized[0m
[0m1970-01-01 00:00:00 | DEBUG | nvs_c_open_read_only:79 | opened namespace nvs for read only operations[0m
[0;32m1970-01-01 00:00:00 | INFO  | nvs_c_read_string:131 | read 15 bytes from namespace: nvs[0m
[0m1970-01-01 00:00:00 | DEBUG | wifi_manager_get_stored_ap:79 | found stored SSID in NVS: TP-LINK_AD8313[0m
[0;32m1970-01-01 00:00:00 | INFO  | nvs_c_read_string:131 | read 9 bytes from namespace: nvs[0m
[0m1970-01-01 00:00:00 | DEBUG | wifi_manager_get_stored_ap:83 | found stored password in NVS: 20232887[0m
[0m1970-01-01 00:00:00 | DEBUG | nvs_c_close:88 | nvs namespace: nvs was closed[0m
[0;32m1970-01-01 00:00:00 | INFO  | wifi_manager_init:232 | found stored AP, connecting to: TP-LINK_AD8313[0m
[0m1970-01-01 00:00:00 | DEBUG | wifi_c_start_sta:667 | WiFi successfully configured as STA.[0m
I (3577) wifi:new:<1,1>, old:<1,0>, ap:<255,255>, sta:<1,1>, prof:1
I (4747) wifi:state: init -> auth (b0)
I (4757) wifi:state: auth -> assoc (0)
I (4757) wifi:state: assoc -> run (10)
I (4767) wifi:connected with TP-LINK_AD8313, aid = 4, channel 1, 40U, bssid = 84:16:f9:ad:83:12
I (4767) wifi:security: WPA2-PSK, phy: bgn, rssi: -50
I (4787) wifi:pm start, type: 1

I (4807) wifi:AP's beacon interval = 102400 us, DTIM period = 1
I (5837) wifi:<ba-add>idx:0 (ifx:0, 84:16:f9:ad:83:12), tid:0, ssn:0, winSize:64
[0;32m1970-01-01 00:00:06 | INFO  | wifi_c_sta_event_handler:184 | Got IP:192.168.0.103[0m
[0;32m1970-01-01 00:00:06 | INFO  | on_connect_handler:94 | Onboard LED turned on![0m
[0;32mI (6797) esp_netif_handlers: sta ip: 192.168.0.103, mask: 255.255.255.0, gw: 192.168.0.1[0m
[0;32m1970-01-01 00:00:06 | INFO  | bmp_init:427 | preparing new BMP280 device...[0m
[0m1970-01-01 00:00:06 | DEBUG | wifi_c_check_sta_connection_result:202 | [0m1970-01-01 00:00:06 | DEBUG | bmp_i2c_identify_chip:283 | WIFI_C_CONNECTED_BIT is set![0m
Trying to find BMP280 device on bus with 0x77 address...[0m
[0m1970-01-01 00:00:06 | DEBUG | ota_c_prepare_url_with_device_id:151 | prepared url with device id for ota update:
http://wmytych.usermd.net/modules/getters/ota.php?device_id=222222[0m1970-01-01 00:00:06 | DEBUG | i2c_c_set_device_addr:115 | changed device address from 0 to 0XEE[0m
[0m
[0m1970-01-01 00:00:06 | DEBUG | bmp_i2c_identify_chip:289 | found BMP280 device on bus with address: 0XEE and ID: 0[0m
[0;31mE (6867) esp_https_ota: No option for server verification is enabled in esp_http_client config.[0m
[0m1970-01-01 00:00:06 | DEBUG | bmp_i2c_get_ctrl_meas:94 | readed ctr_meas register value: 0[0m
[0;31m1970-01-01 00:00:06 | ERROR | lib/ota_controller/src/ota_controller.c:171 | ota_c_start:171 | [0m1970-01-01 00:00:06 | DEBUG | bmp_i2c_calibrate:252 | reading BMP280 out calibration values...error 25
,[0m1970-01-01 00:00:16 | DEBUG | inspect_task:123 | Currently available heap: 218064[0m
[0m1970-01-01 00:00:16 | DEBUG | inspect_task:124 | The minimum heap size that was ever available: 210444[0m
[0m1970-01-01 00:00:21 | DEBUG | inspect_task:123 | Currently available heap: 218064[0m
[0m1970-01-01 00:00:21 | DEBUG | inspect_task:124 | The minimum heap size that was ever available: 210444[0m
[0m1970-01-01 00:00:26 | DEBUG | inspect_task:123 | Currently available heap: 218064[0m
[0m1970-01-01 00:00:26 | DEBUG | inspect_task:124 | The minimum heap size that was ever available: 210444[0m
[0m1970-01-01 00:00:31 | DEBUG | inspect_task:123 | Currently available heap: 218064[0m
[0m1970-01-01 00:00:31 | DEBUG | inspect_task:124 | The minimum heap size that was ever available: 210444[0m
[0m1970-01-01 00:00:36 | DEBUG | inspect_task:123 | Currently available heap: 218064[0m
[0m1970-01-01 00:00:36 | DEBUG | inspect_task:124 | The minimum heap size that was ever available: 210444[0m
[0m1970-01-01 00:00:38 | DEBUG | bmp_i2c_readout:333 | reading temperature of BMP280 device...[0m
[0m1970-01-01 00:00:38 | DEBUG | bmp_i2c_readout:337 | reading pressure of BMP280 device...[0m
[0;31m1970-01-01 00:00:38 | ERROR | lib/i2c_controller/src/i2c_controller.c:144 | i2c_c_read:144 | error -1 during reading registers on I2C: ESP_FAIL[0m
[0;31m1970-01-01 00:00:38 | ERROR | lib/bmp280/src/bmp280.c:341 | bmp_i2c_readout:341 | error -1 during reading results from BMP280 device: ESP_FAIL[0m
[0;32m1970-01-01 00:00:38 | INFO  | read_temperature_task:78 | temperature: 25.66 C[0m
[0;32m1970-01-01 00:00:38 | INFO  | read_temperature_task:79 | pressure: 974.35hPa[0m
[0;32m1970-01-01 00:00:38 | INFO  | read_temperature_task:80 | altitude: 328.92 m. n. p. m.[0m
[0m1970-01-01 00:00:38 | DEBUG | read_temperature_task:82 | data to send to database: device_id=222222&temperature=25.66&pressure=974.35&altitude=328.92[0m
[0;32m1970-01-01 00:00:38 | INFO  | http_client_post:143 | making POST request to address: http://wmytych.usermd.net/modules/setters/insert_data.php[0m
[0m1970-01-01 00:00:38 | DEBUG | _http_event_handler:27 | HTTP_EVENT_ON_CONNECTED[0m
[0m1970-01-01 00:00:38 | DEBUG | _http_event_handler:30 | HTTP_EVENT_HEADER_SENT[0m
[0m1970-01-01 00:00:38 | DEBUG | _http_event_handler:33 | HTTP_EVENT_ON_HEADER, key=Server, value=nginx[0m
[0m1970-01-01 00:00:38 | DEBUG | _http_event_handler:33 | HTTP_EVENT_ON_HEADER, key=Date, value=Sat, 10 Feb 2024 18:32:34 GMT[0m
[0m1970-01-01 00:00:38 | DEBUG | _http_event_handler:33 | HTTP_EVENT_ON_HEADER, key=Content-Type, value=text/html; charset=UTF-8[0m
[0m1970-01-01 00:00:38 | DEBUG | _http_event_handler:33 | HTTP_EVENT_ON_HEADER, key=Transfer-Encoding, value=chunked[0m
[0m1970-01-01 00:00:38 | DEBUG | _http_event_handler:33 | HTTP_EVENT_ON_HEADER, key=Connection, value=keep-alive[0m
[0m1970-01-01 00:00:38 | DEBUG | _http_event_handler:33 | HTTP_EVENT_ON_HEADER, key=X-Powered-By, value=PHP/8.3.2[0m
[0m1970-01-01 00:00:38 | DEBUG | _http_event_handler:36 | HTTP_EVENT_ON_DATA, len=39[0m
[0m1970-01-01 00:00:38 | DEBUG | _http_event_handler:37 | HTTP_EVENT_ON_DATA, output_len=0[0m
[0m1970-01-01 00:00:38 | DEBUG | _http_event_handler:38 | HTTP_EVENT_ON_DATA, content_length=-1[0m
[0m1970-01-01 00:00:38 | DEBUG | _http_event_handler:56 | HTTP_EVENT_ON_FINISH[0m
[0m1970-01-01 00:00:38 | DEBUG | http_client_post:159 | HTTP GET Status = 200, content_length = 1073429588[0m
[0;32m1970-01-01 00:00:38 | INFO  | http_client_post:162 | 
data stored in a database successfully.[0m
[0m1970-01-01 00:00:38 | DEBUG | _http_event_handler:66 | HTTP_EVENT_DISCONNECTED[0m
[0;32m1970-01-01 00:00:38 | INFO  | read_temperature_task:84 | Client POST request returned: 0[0m
[0m1970-01-01 00:00:41 | DEBUG | inspect_task:123 | Currently available heap: 217636[0m
[0m1970-01-01 00:00:41 | DEBUG | inspect_task:124 | The minimum heap size that was ever available: 210088[0m
[0m1970-01-01 00:00:46 | DEBUG | inspect_task:123 | Currently available heap: 217636[0m
[0m1970-01-01 00:00:46 | DEBUG | inspect_task:124 | The minimum heap size that was ever available: 210088[0m
ets Jul 29 2019 12:21:46

rst:0x1 (POWERON_RESET),boot:0x13 (SPI_FAST_FLASH_BOOT)
configsip: 0, SPIWP:0xee
clk_drv:0x00,q_drv:0x00,d_drv:0x00,cs0_drv:0x00,hd_drv:0x00,wp_drv:0x00
mode:DIO, clock div:2
load:0x3fff0030,len:7076
load:0x40078000,len:15584
ho 0 tail 12 room 4
load:0x40080400,len:4
load:0x40080404,len:3876
entry 0x4008064c
[0;32mI (31) boot: ESP-IDF 5.1.1 2nd stage bootloader[0m
[0;32mI (31) boot: compile time Feb 10 2024 19:17:47[0m
[0;32mI (31) boot: Multicore bootloader[0m
[0;32mI (35) boot: chip revision: v3.0[0m
[0;32mI (39) boot.esp32: SPI Speed      : 40MHz[0m
[0;32mI (44) boot.esp32: SPI Mode       : DIO[0m
[0;32mI (48) boot.esp32: SPI Flash Size : 4MB[0m
[0;32mI (53) boot: Enabling RNG early entropy source...[0m
[0;32mI (58) boot: Partition Table:[0m
[0;32mI (62) boot: ## Label            Usage          Type ST Offset   Length[0m
[0;32mI (69) boot:  0 nvs              WiFi data        01 02 00009000 00004000[0m
[0;32mI (77) boot:  1 otadata          OTA data         01 00 0000d000 00002000[0m
[0;32mI (84) boot:  2 phy_init         RF data          01 01 0000f000 00001000[0m
[0;32mI (92) boot:  3 factory          factory app      00 00 00010000 00100000[0m
[0;32mI (99) boot:  4 ota_0            OTA app          00 10 00110000 00100000[0m
[0;32mI (106) boot:  5 ota_1            OTA app          00 11 00210000 00100000[0m
[0;32mI (114) boot: End of partition table[0m
[0;32mI (118) boot: Defaulting to factory image[0m
[0;32mI (123) esp_image: segment 0: paddr=00010020 vaddr=3f400020 size=2de04h (187908) map[0m
[0;32mI (199) esp_image: segment 1: paddr=0003de2c vaddr=3ffb0000 size=021ech (  8684) load[0m
[0;32mI (203) esp_image: segment 2: paddr=00040020 vaddr=400d0020 size=aec50h (715856) map[0m
[0;32mI (464) esp_image: segment 3: paddr=000eec78 vaddr=3ffb21ec size=0176ch (  5996) load[0m
[0;32mI (466) esp_image: segment 4: paddr=000f03ec vaddr=40080000 size=16c9ch ( 93340) load[0m
[0;32mI (520) boot: Loaded app from partition at offset 0x10000[0m
[0;32mI (520) boot: Disabling RNG early entropy source...[0m
[0;32mI (531) cpu_start: Multicore app[0m
[0;32mI (532) cpu_start: Pro cpu up.[0m
[0;32mI (532) cpu_start: Starting app cpu, entry point is 0x4008228c[0m
[0;32mI (0) cpu_start: App cpu up.[0m
[0;32mI (549) cpu_start: Pro cpu start user code[0m
[0;32mI (549) cpu_start: cpu freq: 160000000 Hz[0m
[0;32mI (550) cpu_start: Application information:[0m
[0;32mI (554) cpu_start: Project name:     bmp280[0m
[0;32mI (559) cpu_start: App version:      0.0.0.6[0m
[0;32mI (564) cpu_start: Compile time:     Feb 10 2024 19:21:47[0m
[0;32mI (570) cpu_start: ELF file SHA256:  df9641d5e415caef...[0m
[0;32mI (576) cpu_start: ESP-IDF:          5.1.1[0m
[0;32mI (581) cpu_start: Min chip rev:     v0.0[0m
[0;32mI (586) cpu_start: Max chip rev:     v3.99 [0m
[0;32mI (590) cpu_start: Chip rev:         v3.0[0m
[0;32mI (595) heap_init: Initializing. RAM available for dynamic allocation:[0m
[0;32mI (602) heap_init: At 3FFAE6E0 len 00001920 (6 KiB): DRAM[0m
[0;32mI (608) heap_init: At 3FFB8510 len 00027AF0 (158 KiB): DRAM[0m
[0;32mI (615) heap_init: At 3FFE0440 len 00003AE0 (14 KiB): D/IRAM[0m
[0;32mI (621) heap_init: At 3FFE4350 len 0001BCB0 (111 KiB): D/IRAM[0m
[0;32mI (627) heap_init: At 40096C9C len 00009364 (36 KiB): IRAM[0m
[0;32mI (635) spi_flash: detected chip: generic[0m
[0;32mI (638) spi_flash: flash io: dio[0m
[0;32mI (643) app_start: Starting scheduler on CPU0[0m
[0;32mI (647) app_start: Starting scheduler on CPU1[0m
[0;32mI (647) main_task: Started on CPU0[0m
[0;32mI (657) main_task: Calling app_main()[0m
[0;32m1970-01-01 00:00:00 | INFO  | nvs_c_init_nvs:31 | nvs was initialized[0m
[0;32m1970-01-01 00:00:00 | INFO  | wifi_c_sta_register_connect_handler:370 | STA connect handler function of wifi controller changed![0m
[0;32m1970-01-01 00:00:00 | INFO  | nvs_c_init_nvs:31 | nvs was initialized[0m
[0m1970-01-01 00:00:00 | DEBUG | wifi_c_init_netif:235 | netif initialized as STA[0m
I (827) wifi:wifi driver task: 3ffc06b8, prio:23, stack:6656, core=0
I (847) wifi:wifi firmware version: ce9244d
I (847) wifi:wifi certification version: v7.0
I (847) wifi:config NVS flash: enabled
I (847) wifi:config nano formating: disabled
I (857) wifi:Init data frame dynamic rx buffer num: 32
I (857) wifi:Init management frame dynamic rx buffer num: 32
I (867) wifi:Init management short buffer num: 32
I (867) wifi:Init dynamic tx buffer num: 32
I (867) wifi:Init static rx buffer size: 1600
I (877) wifi:Init static rx buffer num: 10
I (877) wifi:Init dynamic rx buffer num: 32
[0;32mI (887) wifi_init: rx ba win: 6[0m
[0;32mI (887) wifi_init: tcpip mbox: 32[0m
[0;32mI (887) wifi_init: udp mbox: 6[0m
[0;32mI (897) wifi_init: tcp mbox: 6[0m
[0;32mI (897) wifi_init: tcp tx win: 5744[0m
[0;32mI (897) wifi_init: tcp rx win: 5744[0m
[0;32mI (907) wifi_init: tcp mss: 1440[0m
[0;32mI (907) wifi_init: WiFi IRAM OP enabled[0m
[0;32mI (917) wifi_init: WiFi RX IRAM OP enabled[0m
[0;32m1970-01-01 00:00:00 | INFO  | wifi_c_init_wifi:499 | Wifi initialized.[0m
[0;32mI (927) phy_init: phy_version 4670,719f9f6,Feb 18 2021,17:07:07[0m
I (1037) wifi:mode : sta (c8:f0:9e:f8:01:a8)
I (1047) wifi:enable tsf
[0;32m1970-01-01 00:00:00 | INFO  | wifi_c_sta_event_handler:158 | Station started, connecting to WiFi.[0m
[0m1970-01-01 00:00:00 | DEBUG | wifi_c_init_wifi:503 | wifi successfully initialized[0m
[0m1970-01-01 00:00:00 | DEBUG | nvs_c_open_read_only:79 | opened namespace nvs for read only operations[0m
[0;32m1970-01-01 00:00:00 | INFO  | nvs_c_read_string:131 | read 15 bytes from namespace: nvs[0m
[0m1970-01-01 00:00:00 | DEBUG | wifi_manager_get_stored_ap:79 | found stored SSID in NVS: TP-LINK_AD8313[0m
[0;32m1970-01-01 00:00:00 | INFO  | nvs_c_read_string:131 | read 9 bytes from namespace: nvs[0m
[0m1970-01-01 00:00:00 | DEBUG | wifi_manager_get_stored_ap:83 | found stored password in NVS: 20232887[0m
[0m1970-01-01 00:00:00 | DEBUG | nvs_c_close:88 | nvs namespace: nvs was closed[0m
[0;32m1970-01-01 00:00:00 | INFO  | wifi_manager_init:232 | found stored AP, connecting to: TP-LINK_AD8313[0m
[0m1970-01-01 00:00:00 | DEBUG | wifi_c_start_sta:667 | WiFi successfully configured as STA.[0m
I (3537) wifi:new:<1,1>, old:<1,0>, ap:<255,255>, sta:<1,1>, prof:1
I (3547) wifi:state: init -> auth (b0)
I (3547) wifi:state: auth -> assoc (0)
I (3557) wifi:state: assoc -> run (10)
I (3567) wifi:connected with TP-LINK_AD8313, aid = 4, channel 1, 40U, bssid = 84:16:f9:ad:83:12
I (3567) wifi:security: WPA2-PSK, phy: bgn, rssi: -49
I (3577) wifi:pm start, type: 1

I (3577) wifi:AP's beacon interval = 102400 us, DTIM period = 1
I (3587) wifi:<ba-add>idx:0 (ifx:0, 84:16:f9:ad:83:12), tid:0, ssn:0, winSize:64
[0;32m1970-01-01 00:00:04 | INFO  | wifi_c_sta_event_handler:184 | Got IP:192.168.0.103[0m
[0;32m1970-01-01 00:00:04 | INFO  | on_connect_handler:94 | Onboard LED turned on![0m
[0;32mI (4587) esp_netif_handlers: sta ip: 192.168.0.103, mask: 255.255.255.0, gw: 192.168.0.1[0m
[0;32m1970-01-01 00:00:04 | INFO  | bmp_init:427 | preparing new BMP280 device...[0m
[0m1970-01-01 00:00:04 | DEBUG | wifi_c_check_sta_connection_result:202 | [0m1970-01-01 00:00:04 | DEBUG | bmp_i2c_identify_chip:283 | WIFI_C_CONNECTED_BIT is set![0m
Trying to find BMP280 device on bus with 0x77 address...[0m
[0m1970-01-01 00:00:04 | DEBUG | ota_c_prepare_url_with_device_id:151 | prepared url with device id for ota update:
http://wmytych.usermd.net/modules/getters/ota.php?device_id=222222[0m1970-01-01 00:00:04 | DEBUG | i2c_c_set_device_addr:115 | changed device address from 0 to 0XEE[0m
[0m
[0;31mE (4647) esp_https_ota: No option for server verification is enabled in esp_http_client config.[0m
[0m1970-01-01 00:00:04 | DEBUG | bmp_i2c_identify_chip:289 | found BMP280 device on bus with address: 0XEE and ID: 0[0m
[0;31m1970-01-01 00:00:04 | ERROR | lib/ota_controller/src/ota_controller.c:171 | ota_c_start:171 | error 258, ESP HTTPS OTA Begin failed: ESP_ERR_INVALID_ARG[0m1970-01-01 00:00:04 | DEBUG | bmp_i2c_get_ctrl_meas:94 | [0m
readed ctr_meas register value: 0X6F[0m
[0m1970-01-01 00:00:04 | DEBUG | inspect_task:123 | Currently available heap: 219228[0m
[0m1970-01-01 00:00:04 | DEBUG | inspect_task:124 | The minimum heap size that was ever available: 219228[0m
[0m1970-01-01 00:00:04 | DEBUG | tcp_create_socket:168 | [0m1970-01-01 00:00:04 | DEBUG | bmp_i2c_calibrate:252 | preparing socket...reading BMP280 out calibration values...[0m
[0m
[0m1970-01-01 00:00:04 | DEBUG | tcp_create_socket:175 | created socket: 54[0m
[0m1970-01-01 00:00:04 | DEBUG | bmp_i2c_calibrate:272 | compensation values of BMP280 device updated:
	T1: 0x3f40018c
	T2: 0x3ffb3c14
	T3: 0x3f4002a0
	P1: 0x3f403710
	P2: 0x110
	P3: 0x3ffb3c14
	P4: 0x3f4002a0
	P5: 0x3f4037ac
	P6: 0x67036afd
	P7: 0x96300032
	P8: 0xbd0d6f7
	P9: 0xff7f1220 [0m
[0m1970-01-01 00:00:04 | DEBUG | tcp_prepare_address:211 | preparing address...[0m
[0;32m1970-01-01 00:00:04 | INFO  | bmp_init:444 | new BMP280 device ready to use![0m
[0m1970-01-01 00:00:04 | DEBUG | tcp_prepare_address:220 | prepared address 192.168.0.103:27015[0m
[0m1970-01-01 00:00:04 | DEBUG | bmp_i2c_get_config:79 | readed config register value: 0XA0[0m
[0m1970-01-01 00:00:04 | DEBUG | tcp_bind_socket:232 | binding socket: 54 to address: 192.168.0.103:34665[0m
[0;31m1970-01-01 00:00:04 | ERROR | lib/i2c_controller/src/i2c_controller.c:176 | i2c_c_write:176 | error -1 during reading registers on I2C: ESP_FAIL[0m
[0m1970-01-01 00:00:04 | DEBUG | tcp_bind_socket:242 | [0;31m1970-01-01 00:00:04 | ERROR | lib/bmp280/src/bmp280.c:169 | bmp_i2c_set_standby_time:169 | socket: 54 bound to address: 192.168.0.103:27015error 1061159240 during writing to config register, cannot change standby time.[0m
[0m
[0m1970-01-01 00:00:04 | DEBUG | tcp_socket_listen:253 | trying to listen on socket: 54[0m
[0;31m1970-01-01 00:00:04 | ERROR | lib/bmp280/src/bmp280.c:414 | bmp_configure:414 | error -1 while configuring BMP device: ESP_FAIL[0m
[0;31m1970-01-01 00:00:04 | ERROR | src/main.c     :70 | read_temperature_task:70 | cannot configure BMP280 device[0m
[0;32m1970-01-01 00:00:04 | INFO  | tcp_socket_listen:260 | listening on socket: 192.168.0.103:27015[0m
[0;32m1970-01-01 00:00:04 | INFO  | cli_set_remote_logging:63 | Connect to device on IP 192.168.0.103 with port 27015 to capture logs.[0m
[0;32m1970-01-01 00:00:04 | INFO  | read_temperature_task:73 | Identified BMP280 device:
 address: ee
 chip id: 58
 mode: 3[0m
[0m1970-01-01 00:00:04 | DEBUG | bmp_i2c_readout:333 | reading temperature of BMP280 device...[0m
[0m1970-01-01 00:00:04 | DEBUG | bmp_i2c_readout:337 | reading pressure of BMP280 device...[0m
[0;32m1970-01-01 00:00:04 | INFO  | read_temperature_task:78 | temperature: 25.61 C[0m
[0;32m1970-01-01 00:00:04 | INFO  | read_temperature_task:79 | pressure: 974.35hPa[0m
[0;32m1970-01-01 00:00:04 | INFO  | read_temperature_task:80 | altitude: 328.93 m. n. p. m.[0m
[0m1970-01-01 00:00:04 | DEBUG | read_temperature_task:82 | data to send to database: device_id=222222&temperature=25.61&pressure=974.35&altitude=328.93[0m
[0;32m1970-01-01 00:00:04 | INFO  | http_client_post:143 | making POST request to address: http://wmytych.usermd.net/modules/setters/insert_data.php[0m
[0m1970-01-01 00:00:04 | DEBUG | _http_event_handler:27 | HTTP_EVENT_ON_CONNECTED[0m
[0m1970-01-01 00:00:04 | DEBUG | _http_event_handler:30 | HTTP_EVENT_HEADER_SENT[0m
[0m1970-01-01 00:00:04 | DEBUG | _http_event_handler:33 | HTTP_EVENT_ON_HEADER, key=Server, value=nginx[0m
[0m1970-01-01 00:00:04 | DEBUG | _http_event_handler:33 | HTTP_EVENT_ON_HEADER, key=Date, value=Sat, 10 Feb 2024 18:32:48 GMT[0m
[0m1970-01-01 00:00:04 | DEBUG | _http_event_handler:33 | HTTP_EVENT_ON_HEADER, key=Content-Type, value=text/html; charset=UTF-8[0m
[0m1970-01-01 00:00:04 | DEBUG | _http_event_handler:33 | HTTP_EVENT_ON_HEADER, key=Transfer-Encoding, value=chunked[0m
[0m1970-01-01 00:00:04 | DEBUG | _http_event_handler:33 | HTTP_EVENT_ON_HEADER, key=Connection, value=keep-alive[0m
[0m1970-01-01 00:00:04 | DEBUG | _http_event_handler:33 | HTTP_EVENT_ON_HEADER, key=X-Powered-By, value=PHP/8.3.2[0m
[0m1970-01-01 00:00:04 | DEBUG | _http_event_handler:36 | HTTP_EVENT_ON_DATA, len=39[0m
[0m1970-01-01 00:00:04 | DEBUG | _http_event_handler:37 | HTTP_EVENT_ON_DATA, output_len=0[0m
[0m1970-01-01 00:00:04 | DEBUG | _http_event_handler:38 | HTTP_EVENT_ON_DATA, content_length=-1[0m
[0m1970-01-01 00:00:04 | DEBUG | _http_event_handler:56 | HTTP_EVENT_ON_FINISH[0m
[0m1970-01-01 00:00:04 | DEBUG | http_client_post:159 | HTTP GET Status = 200, content_length = 1073429588[0m
[0;32m1970-01-01 00:00:04 | INFO  | http_client_post:162 | 
data stored in a database successfully.[0m
[0m1970-01-01 00:00:04 | DEBUG | _http_event_handler:66 | HTTP_EVENT_DISCONNECTED[0m
[0;32m1970-01-01 00:00:04 | INFO  | read_temperature_task:84 | Client POST request returned: 0[0m
[0m1970-01-01 00:00:09 | DEBUG | inspect_task:123 | Currently available heap: 217936[0m
[0m1970-01-01 00:00:09 | DEBUG | inspect_task:124 | The minimum heap size that was ever available: 210376[0m
[0m1970-01-01 00:00:14 | DEBUG | inspect_task:123 | Currently available heap: 217936[0m
[0m1970-01-01 00:00:14 | DEBUG | inspect_task:124 | The minimum heap size that was ever available: 210376[0m
[0m1970-01-01 00:00:19 | DEBUG | inspect_task:123 | Currently available heap: 217936[0m
[0m1970-01-01 00:00:19 | DEBUG | inspect_task:124 | The minimum heap size that was ever available: 210376[0m
[0m1970-01-01 00:00:24 | DEBUG | inspect_task:123 | Currently available heap: 217936[0m
[0m1970-01-01 00:00:24 | DEBUG | inspect_task:124 | The minimum heap size that was ever available: 210376[0m
[0m1970-01-01 00:00:29 | DEBUG | inspect_task:123 | Currently available heap: 217936[0m
[0m1970-01-01 00:00:29 | DEBUG | inspect_task:124 | The minimum heap size that was ever available: 210376[0m
[0m1970-01-01 00:00:34 | DEBUG | inspect_task:123 | Currently available heap: 217936[0m
[0m1970-01-01 00:00:34 | DEBUG | inspect_task:124 | The minimum heap size that was ever available: 210376[0m
[0m1970-01-01 00:00:34 | DEBUG | bmp_i2c_readout:333 | reading temperature of BMP280 device...[0m
[0;31m1970-01-01 00:00:34 | ERROR | lib/i2c_controller/src/i2c_controller.c:144 | i2c_c_read:144 | error -1 during reading registers on I2C: ESP_FAIL[0m
[0;31m1970-01-01 00:00:34 | ERROR | lib/bmp280/src/bmp280.c:341 | bmp_i2c_readout:341 | error -1 during reading results from BMP280 device: ESP_FAIL[0m
[0;32m1970-01-01 00:00:34 | INFO  | read_temperature_task:78 | temperature: 25.61 C[0m
[0;32m1970-01-01 00:00:34 | INFO  | read_temperature_task:79 | pressure: 974.35hPa[0m
[0;32m1970-01-01 00:00:34 | INFO  | read_temperature_task:80 | altitude: 328.93 m. n. p. m.[0m
[0m1970-01-01 00:00:34 | DEBUG | read_temperature_task:82 | data to send to database: device_id=222222&temperature=25.61&pressure=974.35&altitude=328.93[0m
[0;32m1970-01-01 00:00:34 | INFO  | http_client_post:143 | making POST request to address: http://wmytych.usermd.net/modules/setters/insert_data.php[0m
[0m1970-01-01 00:00:34 | DEBUG | _http_event_handler:27 | HTTP_EVENT_ON_CONNECTED[0m
[0m1970-01-01 00:00:34 | DEBUG | _http_event_handler:30 | HTTP_EVENT_HEADER_SENT[0m
[0m1970-01-01 00:00:34 | DEBUG | _http_event_handler:33 | HTTP_EVENT_ON_HEADER, key=Server, value=nginx[0m
[0m1970-01-01 00:00:34 | DEBUG | _http_event_handler:33 | HTTP_EVENT_ON_HEADER, key=Date, value=Sat, 10 Feb 2024 18:33:19 GMT[0m
[0m1970-01-01 00:00:34 | DEBUG | _http_event_handler:33 | HTTP_EVENT_ON_HEADER, key=Content-Type, value=text/html; charset=UTF-8[0m
[0m1970-01-01 00:00:34 | DEBUG | _http_event_handler:33 | HTTP_EVENT_ON_HEADER, key=Transfer-Encoding, value=chunked[0m
[0m1970-01-01 00:00:34 | DEBUG | _http_event_handler:33 | HTTP_EVENT_ON_HEADER, key=Connection, value=keep-alive[0m
[0m1970-01-01 00:00:34 | DEBUG | _http_event_handler:33 | HTTP_EVENT_ON_HEADER, key=X-Powered-By, value=PHP/8.3.2[0m
[0m1970-01-01 00:00:34 | DEBUG | _http_event_handler:36 | HTTP_EVENT_ON_DATA, len=39[0m
[0m1970-01-01 00:00:34 | DEBUG | _http_event_handler:37 | HTTP_EVENT_ON_DATA, output_len=0[0m
[0m1970-01-01 00:00:34 | DEBUG | _http_event_handler:38 | HTTP_EVENT_ON_DATA, content_length=-1[0m
[0m1970-01-01 00:00:34 | DEBUG | _http_event_handler:56 | HTTP_EVENT_ON_FINISH[0m
[0m1970-01-01 00:00:34 | DEBUG | http_client_post:159 | HTTP GET Status = 200, content_length = 1073429588[0m
[0;32m1970-01-01 00:00:34 | INFO  | http_client_post:162 | 
data stored in a database successfully.[0m
[0m1970-01-01 00:00:34 | DEBUG | _http_event_handler:66 | HTTP_EVENT_DISCONNECTED[0m
[0;32m1970-01-01 00:00:34 | INFO  | read_temperature_task:84 | Client POST request returned: 0[0m
[0m1970-01-01 00:00:39 | DEBUG | inspect_task:123 | Currently available heap: 217496[0m
[0m1970-01-01 00:00:39 | DEBUG | inspect_task:124 | The minimum heap size that was ever available: 209940[0m
[0m1970-01-01 00:00:44 | DEBUG | inspect_task:123 | Currently available heap: 217496[0m
[0m1970-01-01 00:00:44 | DEBUG | inspect_task:124 | The minimum heap size that was ever available: 209940[0m
[0m1970-01-01 00:00:49 | DEBUG | inspect_task:123 | Currently available heap: 217496[0m
[0m1970-01-01 00:00:49 | DEBUG | inspect_task:124 | The minimum heap size that was ever available: 209940[0m
[0m1970-01-01 00:00:54 | DEBUG | inspect_task:123 | Currently available heap: 217496[0m
[0m1970-01-01 00:00:54 | DEBUG | inspect_task:124 | The minimum heap size that was ever available: 209940[0m
[0m1970-01-01 00:00:59 | DEBUG | inspect_task:123 | Currently available heap: 217496[0m
[0m1970-01-01 00:00:59 | DEBUG | inspect_task:124 | The minimum heap size that was ever available: 209940[0m
[0m1970-01-01 00:01:04 | DEBUG | inspect_task:123 | Currently available heap: 217496[0m
[0m1970-01-01 00:01:04 | DEBUG | inspect_task:124 | The minimum heap size that was ever available: 209940[0m
[0m1970-01-01 00:01:04 | DEBUG | bmp_i2c_readout:333 | reading temperature of BMP280 device...[0m
[0m1970-01-01 00:01:04 | DEBUG | bmp_i2c_readout:337 | reading pressure of BMP280 device...[0m
[0;32m1970-01-01 00:01:05 | INFO  | read_temperature_task:78 | temperature: 25.35 C[0m
[0;32m1970-01-01 00:01:05 | INFO  | read_temperature_task:79 | pressure: 974.33hPa[0m
[0;32m1970-01-01 00:01:05 | INFO  | read_temperature_task:80 | altitude: 329.09 m. n. p. m.[0m
[0m1970-01-01 00:01:05 | DEBUG | read_temperature_task:82 | data to send to database: device_id=222222&temperature=25.35&pressure=974.33&altitude=329.09[0m
[0;32m1970-01-01 00:01:05 | INFO  | http_client_post:143 | making POST request to address: http://wmytych.usermd.net/modules/setters/insert_data.php[0m
[0m1970-01-01 00:01:06 | DEBUG | _http_event_handler:27 | HTTP_EVENT_ON_CONNECTED[0m
[0m1970-01-01 00:01:06 | DEBUG | _http_event_handler:30 | HTTP_EVENT_HEADER_SENT[0m
[0m1970-01-01 00:01:06 | DEBUG | _http_event_handler:33 | HTTP_EVENT_ON_HEADER, key=Server, value=nginx[0m
[0m1970-01-01 00:01:06 | DEBUG | _http_event_handler:33 | HTTP_EVENT_ON_HEADER, key=Date, value=Sat, 10 Feb 2024 18:33:51 GMT[0m
[0m1970-01-01 00:01:06 | DEBUG | _http_event_handler:33 | HTTP_EVENT_ON_HEADER, key=Content-Type, value=text/html; charset=UTF-8[0m
[0m1970-01-01 00:01:06 | DEBUG | _http_event_handler:33 | HTTP_EVENT_ON_HEADER, key=Transfer-Encoding, value=chunked[0m
[0m1970-01-01 00:01:06 | DEBUG | _http_event_handler:33 | HTTP_EVENT_ON_HEADER, key=Connection, value=keep-alive[0m
[0m1970-01-01 00:01:06 | DEBUG | _http_event_handler:33 | HTTP_EVENT_ON_HEADER, key=X-Powered-By, value=PHP/8.3.2[0m
[0m1970-01-01 00:01:06 | DEBUG | _http_event_handler:36 | HTTP_EVENT_ON_DATA, len=39[0m
[0m1970-01-01 00:01:06 | DEBUG | _http_event_handler:37 | HTTP_EVENT_ON_DATA, output_len=0[0m
[0m1970-01-01 00:01:06 | DEBUG | _http_event_handler:38 | HTTP_EVENT_ON_DATA, content_length=-1[0m
[0m1970-01-01 00:01:06 | DEBUG | _http_event_handler:56 | HTTP_EVENT_ON_FINISH[0m
[0m1970-01-01 00:01:06 | DEBUG | http_client_post:159 | HTTP GET Status = 200, content_length = 1073429588[0m
[0;32m1970-01-01 00:01:06 | INFO  | http_client_post:162 | 
data stored in a database successfully.[0m
[0m1970-01-01 00:01:06 | DEBUG | _http_event_handler:66 | HTTP_EVENT_DISCONNECTED[0m
[0;32m1970-01-01 00:01:06 | INFO  | read_temperature_task:84 | Client POST request returned: 0[0m
[0m1970-01-01 00:01:09 | DEBUG | inspect_task:123 | Currently available heap: 217284[0m
[0m1970-01-01 00:01:09 | DEBUG | inspect_task:124 | The minimum heap size that was ever available: 209724[0m
[0m1970-01-01 00:01:14 | DEBUG | inspect_task:123 | Currently available heap: 217284[0m
[0m1970-01-01 00:01:14 | DEBUG | inspect_task:124 | The minimum heap size that was ever available: 209724[0m
[0m1970-01-01 00:01:19 | DEBUG | inspect_task:123 | Currently available heap: 217284[0m
[0m1970-01-01 00:01:19 | DEBUG | inspect_task:124 | The minimum heap size that was ever available: 209724[0m
[0m1970-01-01 00:01:24 | DEBUG | inspect_task:123 | Currently available heap: 217284[0m
[0m1970-01-01 00:01:24 | DEBUG | inspect_task:124 | The minimum heap size that was ever available: 209724[0m
[0m1970-01-01 00:01:29 | DEBUG | inspect_task:123 | Currently available heap: 217284[0m
[0m1970-01-01 00:01:29 | DEBUG | inspect_task:124 | The minimum heap size that was ever available: 209724[0m
[0m1970-01-01 00:01:34 | DEBUG | inspect_task:123 | Currently available heap: 217284[0m
[0m1970-01-01 00:01:34 | DEBUG | inspect_task:124 | The minimum heap size that was ever available: 209724[0m
[0m1970-01-01 00:01:36 | DEBUG | bmp_i2c_readout:333 | reading temperature of BMP280 device...[0m
[0;31m1970-01-01 00:01:36 | ERROR | lib/i2c_controller/src/i2c_controller.c:144 | i2c_c_read:144 | error -1 during reading registers on I2C: ESP_FAIL[0m
[0;31m1970-01-01 00:01:36 | ERROR | lib/bmp280/src/bmp280.c:341 | bmp_i2c_readout:341 | error -1 during reading results from BMP280 device: ESP_FAIL[0m
[0;32m1970-01-01 00:01:36 | INFO  | read_temperature_task:78 | temperature: 25.35 C[0m
[0;32m1970-01-01 00:01:36 | INFO  | read_temperature_task:79 | pressure: 974.33hPa[0m
[0;32m1970-01-01 00:01:36 | INFO  | read_temperature_task:80 | altitude: 329.09 m. n. p. m.[0m
[0m1970-01-01 00:01:36 | DEBUG | read_temperature_task:82 | data to send to database: device_id=222222&temperature=25.35&pressure=974.33&altitude=329.09[0m
[0;32m1970-01-01 00:01:37 | INFO  | http_client_post:143 | making POST request to address: http://wmytych.usermd.net/modules/setters/insert_data.php[0m
[0m1970-01-01 00:01:37 | DEBUG | _http_event_handler:27 | HTTP_EVENT_ON_CONNECTED[0m
[0m1970-01-01 00:01:37 | DEBUG | _http_event_handler:30 | HTTP_EVENT_HEADER_SENT[0m
[0m1970-01-01 00:01:37 | DEBUG | _http_event_handler:33 | HTTP_EVENT_ON_HEADER, key=Server, value=nginx[0m
[0m1970-01-01 00:01:37 | DEBUG | _http_event_handler:33 | HTTP_EVENT_ON_HEADER, key=Date, value=Sat, 10 Feb 2024 18:34:21 GMT[0m
[0m1970-01-01 00:01:37 | DEBUG | _http_event_handler:33 | HTTP_EVENT_ON_HEADER, key=Content-Type, value=text/html; charset=UTF-8[0m
[0m1970-01-01 00:01:37 | DEBUG | _http_event_handler:33 | HTTP_EVENT_ON_HEADER, key=Transfer-Encoding, value=chunked[0m
[0m1970-01-01 00:01:37 | DEBUG | _http_event_handler:33 | HTTP_EVENT_ON_HEADER, key=Connection, value=keep-alive[0m
[0m1970-01-01 00:01:37 | DEBUG | _http_event_handler:33 | HTTP_EVENT_ON_HEADER, key=X-Powered-By, value=PHP/8.3.2[0m
[0m1970-01-01 00:01:37 | DEBUG | _http_event_handler:36 | HTTP_EVENT_ON_DATA, len=39[0m
[0m1970-01-01 00:01:37 | DEBUG | _http_event_handler:37 | HTTP_EVENT_ON_DATA, output_len=0[0m
[0m1970-01-01 00:01:37 | DEBUG | _http_event_handler:38 | HTTP_EVENT_ON_DATA, content_length=-1[0m
[0m1970-01-01 00:01:37 | DEBUG | _http_event_handler:56 | HTTP_EVENT_ON_FINISH[0m
[0m1970-01-01 00:01:37 | DEBUG | http_client_post:159 | HTTP GET Status = 200, content_length = 1073429588[0m
[0;32m1970-01-01 00:01:37 | INFO  | http_client_post:162 | 
data stored in a database successfully.[0m
[0m1970-01-01 00:01:37 | DEBUG | _http_event_handler:66 | HTTP_EVENT_DISCONNECTED[0m
[0;32m1970-01-01 00:01:37 | INFO  | read_temperature_task:84 | Client POST request returned: 0[0m
[0m1970-01-01 00:01:39 | DEBUG | inspect_task:123 | Currently available heap: 216856[0m
[0m1970-01-01 00:01:39 | DEBUG | inspect_task:124 | The minimum heap size that was ever available: 209312[0m
[0m1970-01-01 00:01:44 | DEBUG | inspect_task:123 | Currently available heap: 216856[0m
[0m1970-01-01 00:01:44 | DEBUG | inspect_task:124 | The minimum heap size that was ever available: 209312[0m
[0m1970-01-01 00:01:49 | DEBUG | inspect_task:123 | Currently available heap: 216856[0m
[0m1970-01-01 00:01:49 | DEBUG | inspect_task:124 | The minimum heap size that was ever available: 209312[0m
[0m1970-01-01 00:01:54 | DEBUG | inspect_task:123 | Currently available heap: 216856[0m
[0m1970-01-01 00:01:54 | DEBUG | inspect_task:124 | The minimum heap size that was ever available: 209312[0m
[0m1970-01-01 00:01:59 | DEBUG | inspect_task:123 | Currently available heap: 216856[0m
[0m1970-01-01 00:01:59 | DEBUG | inspect_task:124 | The minimum heap size that was ever available: 209312[0m
[0m1970-01-01 00:02:04 | DEBUG | inspect_task:123 | Currently available heap: 216856[0m
[0m1970-01-01 00:02:04 | DEBUG | inspect_task:124 | The minimum heap size that was ever available: 209312[0m
[0m1970-01-01 00:02:07 | DEBUG | bmp_i2c_readout:333 | reading temperature of BMP280 device...[0m
[0m1970-01-01 00:02:07 | DEBUG | bmp_i2c_readout:337 | reading pressure of BMP280 device...[0m
[0;32m1970-01-01 00:02:07 | INFO  | read_temperature_task:78 | temperature: 24.39 C[0m
[0;32m1970-01-01 00:02:07 | INFO  | read_temperature_task:79 | pressure: 974.38hPa[0m
[0;32m1970-01-01 00:02:07 | INFO  | read_temperature_task:80 | altitude: 328.67 m. n. p. m.[0m
[0m1970-01-01 00:02:07 | DEBUG | read_temperature_task:82 | data to send to database: device_id=222222&temperature=24.39&pressure=974.38&altitude=328.67[0m
[0;32m1970-01-01 00:02:07 | INFO  | http_client_post:143 | making POST request to address: http://wmytych.usermd.net/modules/setters/insert_data.php[0m
[0m1970-01-01 00:02:07 | DEBUG | _http_event_handler:27 | HTTP_EVENT_ON_CONNECTED[0m
[0m1970-01-01 00:02:07 | DEBUG | _http_event_handler:30 | HTTP_EVENT_HEADER_SENT[0m
[0m1970-01-01 00:02:07 | DEBUG | _http_event_handler:33 | HTTP_EVENT_ON_HEADER, key=Server, value=nginx[0m
[0m1970-01-01 00:02:07 | DEBUG | _http_event_handler:33 | HTTP_EVENT_ON_HEADER, key=Date, value=Sat, 10 Feb 2024 18:34:51 GMT[0m
[0m1970-01-01 00:02:07 | DEBUG | _http_event_handler:33 | HTTP_EVENT_ON_HEADER, key=Content-Type, value=text/html; charset=UTF-8[0m
[0m1970-01-01 00:02:07 | DEBUG | _http_event_handler:33 | HTTP_EVENT_ON_HEADER, key=Transfer-Encoding, value=chunked[0m
[0m1970-01-01 00:02:07 | DEBUG | _http_event_handler:33 | HTTP_EVENT_ON_HEADER, key=Connection, value=keep-alive[0m
[0m1970-01-01 00:02:07 | DEBUG | _http_event_handler:33 | HTTP_EVENT_ON_HEADER, key=X-Powered-By, value=PHP/8.3.2[0m
[0m1970-01-01 00:02:07 | DEBUG | _http_event_handler:36 | HTTP_EVENT_ON_DATA, len=39[0m
[0m1970-01-01 00:02:07 | DEBUG | _http_event_handler:37 | HTTP_EVENT_ON_DATA, output_len=0[0m
[0m1970-01-01 00:02:07 | DEBUG | _http_event_handler:38 | HTTP_EVENT_ON_DATA, content_length=-1[0m
[0m1970-01-01 00:02:07 | DEBUG | _http_event_handler:56 | HTTP_EVENT_ON_FINISH[0m
[0m1970-01-01 00:02:07 | DEBUG | http_client_post:159 | HTTP GET Status = 200, content_length = 1073429588[0m
[0;32m1970-01-01 00:02:07 | INFO  | http_client_post:162 | 
data stored in a database successfully.[0m
[0m1970-01-01 00:02:07 | DEBUG | _http_event_handler:66 | HTTP_EVENT_DISCONNECTED[0m
[0;32m1970-01-01 00:02:07 | INFO  | read_temperature_task:84 | Client POST request returned: 0[0m
[0m1970-01-01 00:02:09 | DEBUG | inspect_task:123 | Currently available heap: 216856[0m
[0m1970-01-01 00:02:09 | DEBUG | inspect_task:124 | The minimum heap size that was ever available: 209276[0m
[0m1970-01-01 00:02:14 | DEBUG | inspect_task:123 | Currently available heap: 216856[0m
[0m1970-01-01 00:02:14 | DEBUG | inspect_task:124 | The minimum heap size that was ever available: 209276[0m
[0m1970-01-01 00:02:19 | DEBUG | inspect_task:123 | Currently available heap: 216856[0m
[0m1970-01-01 00:02:19 | DEBUG | inspect_task:124 | The minimum heap size that was ever available: 209276[0m
[0m1970-01-01 00:02:24 | DEBUG | inspect_task:123 | Currently available heap: 216856[0m
[0m1970-01-01 00:02:24 | DEBUG | inspect_task:124 | The minimum heap size that was ever available: 209276[0m
[0m1970-01-01 00:02:29 | DEBUG | inspect_task:123 | Currently available heap: 216856[0m
[0m1970-01-01 00:02:29 | DEBUG | inspect_task:124 | The minimum heap size that was ever available: 209276[0m
[0m1970-01-01 00:02:34 | DEBUG | inspect_task:123 | Currently available heap: 216856[0m
[0m1970-01-01 00:02:34 | DEBUG | inspect_task:124 | The minimum heap size that was ever available: 209276[0m
[0m1970-01-01 00:02:37 | DEBUG | bmp_i2c_readout:333 | reading temperature of BMP280 device...[0m
[0m1970-01-01 00:02:37 | DEBUG | bmp_i2c_readout:337 | reading pressure of BMP280 device...[0m
[0;32m1970-01-01 00:02:37 | INFO  | read_temperature_task:78 | temperature: 23.77 C[0m
[0;32m1970-01-01 00:02:37 | INFO  | read_temperature_task:79 | pressure: 974.38hPa[0m
[0;32m1970-01-01 00:02:37 | INFO  | read_temperature_task:80 | altitude: 328.67 m. n. p. m.[0m
[0m1970-01-01 00:02:37 | DEBUG | read_temperature_task:82 | data to send to database: device_id=222222&temperature=23.77&pressure=974.38&altitude=328.67[0m
[0;32m1970-01-01 00:02:37 | INFO  | http_client_post:143 | making POST request to address: http://wmytych.usermd.net/modules/setters/insert_data.php[0m
[0m1970-01-01 00:02:37 | DEBUG | _http_event_handler:27 | HTTP_EVENT_ON_CONNECTED[0m
[0m1970-01-01 00:02:37 | DEBUG | _http_event_handler:30 | HTTP_EVENT_HEADER_SENT[0m
[0m1970-01-01 00:02:37 | DEBUG | _http_event_handler:33 | HTTP_EVENT_ON_HEADER, key=Server, value=nginx[0m
[0m1970-01-01 00:02:37 | DEBUG | _http_event_handler:33 | HTTP_EVENT_ON_HEADER, key=Date, value=Sat, 10 Feb 2024 18:35:22 GMT[0m
[0m1970-01-01 00:02:37 | DEBUG | _http_event_handler:33 | HTTP_EVENT_ON_HEADER, key=Content-Type, value=text/html; charset=UTF-8[0m
[0m1970-01-01 00:02:37 | DEBUG | _http_event_handler:33 | HTTP_EVENT_ON_HEADER, key=Transfer-Encoding, value=chunked[0m
[0m1970-01-01 00:02:37 | DEBUG | _http_event_handler:33 | HTTP_EVENT_ON_HEADER, key=Connection, value=keep-alive[0m
[0m1970-01-01 00:02:37 | DEBUG | _http_event_handler:33 | HTTP_EVENT_ON_HEADER, key=X-Powered-By, value=PHP/8.3.2[0m
[0m1970-01-01 00:02:37 | DEBUG | _http_event_handler:36 | HTTP_EVENT_ON_DATA, len=39[0m
[0m1970-01-01 00:02:37 | DEBUG | _http_event_handler:37 | HTTP_EVENT_ON_DATA, output_len=0[0m
[0m1970-01-01 00:02:37 | DEBUG | _http_event_handler:38 | HTTP_EVENT_ON_DATA, content_length=-1[0m
[0m1970-01-01 00:02:37 | DEBUG | _http_event_handler:56 | HTTP_EVENT_ON_FINISH[0m
[0m1970-01-01 00:02:37 | DEBUG | http_client_post:159 | HTTP GET Status = 200, content_length = 1073429588[0m
[0;32m1970-01-01 00:02:37 | INFO  | http_client_post:162 | 
data stored in a database successfully.[0m
[0m1970-01-01 00:02:37 | DEBUG | _http_event_handler:66 | HTTP_EVENT_DISCONNECTED[0m
[0;32m1970-01-01 00:02:37 | INFO  | read_temperature_task:84 | Client POST request returned: 0[0m
[0m1970-01-01 00:02:39 | DEBUG | inspect_task:123 | Currently available heap: 216856[0m
[0m1970-01-01 00:02:39 | DEBUG | inspect_task:124 | The minimum heap size that was ever available: 209276[0m
[0m1970-01-01 00:02:44 | DEBUG | inspect_task:123 | Currently available heap: 216856[0m
[0m1970-01-01 00:02:44 | DEBUG | inspect_task:124 | The minimum heap size that was ever available: 209276[0m
[0m1970-01-01 00:02:49 | DEBUG | inspect_task:123 | Currently available heap: 216856[0m
[0m1970-01-01 00:02:49 | DEBUG | inspect_task:124 | The minimum heap size that was ever available: 209276[0m
[0m1970-01-01 00:02:54 | DEBUG | inspect_task:123 | Currently available heap: 216856[0m
[0m1970-01-01 00:02:54 | DEBUG | inspect_task:124 | The minimum heap size that was ever available: 209276[0m
[0m1970-01-01 00:02:59 | DEBUG | inspect_task:123 | Currently available heap: 216856[0m
[0m1970-01-01 00:02:59 | DEBUG | inspect_task:124 | The minimum heap size that was ever available: 209276[0m
[0m1970-01-01 00:03:04 | DEBUG | inspect_task:123 | Currently available heap: 216856[0m
[0m1970-01-01 00:03:04 | DEBUG | inspect_task:124 | The minimum heap size that was ever available: 209276[0m
[0m1970-01-01 00:03:07 | DEBUG | bmp_i2c_readout:333 | reading temperature of BMP280 device...[0m
[0m1970-01-01 00:03:07 | DEBUG | bmp_i2c_readout:337 | reading pressure of BMP280 device...[0m
[0;32m1970-01-01 00:03:07 | INFO  | read_temperature_task:78 | temperature: 23.39 C[0m
[0;32m1970-01-01 00:03:07 | INFO  | read_temperature_task:79 | pressure: 974.43hPa[0m
[0;32m1970-01-01 00:03:07 | INFO  | read_temperature_task:80 | altitude: 328.26 m. n. p. m.[0m
[0m1970-01-01 00:03:07 | DEBUG | read_temperature_task:82 | data to send to database: device_id=222222&temperature=23.39&pressure=974.43&altitude=328.26[0m
[0;32m1970-01-01 00:03:07 | INFO  | http_client_post:143 | making POST request to address: http://wmytych.usermd.net/modules/setters/insert_data.php[0m
[0m1970-01-01 00:03:07 | DEBUG | _http_event_handler:27 | HTTP_EVENT_ON_CONNECTED[0m
[0m1970-01-01 00:03:07 | DEBUG | _http_event_handler:30 | HTTP_EVENT_HEADER_SENT[0m
[0m1970-01-01 00:03:08 | DEBUG | _http_event_handler:33 | HTTP_EVENT_ON_HEADER, key=Server, value=nginx[0m
[0m1970-01-01 00:03:08 | DEBUG | _http_event_handler:33 | HTTP_EVENT_ON_HEADER, key=Date, value=Sat, 10 Feb 2024 18:35:52 GMT[0m
[0m1970-01-01 00:03:08 | DEBUG | _http_event_handler:33 | HTTP_EVENT_ON_HEADER, key=Content-Type, value=text/html; charset=UTF-8[0m
[0m1970-01-01 00:03:08 | DEBUG | _http_event_handler:33 | HTTP_EVENT_ON_HEADER, key=Transfer-Encoding, value=chunked[0m
[0m1970-01-01 00:03:08 | DEBUG | _http_event_handler:33 | HTTP_EVENT_ON_HEADER, key=Connection, value=keep-alive[0m
[0m1970-01-01 00:03:08 | DEBUG | _http_event_handler:33 | HTTP_EVENT_ON_HEADER, key=X-Powered-By, value=PHP/8.3.2[0m
[0m1970-01-01 00:03:08 | DEBUG | _http_event_handler:36 | HTTP_EVENT_ON_DATA, len=39[0m
[0m1970-01-01 00:03:08 | DEBUG | _http_event_handler:37 | HTTP_EVENT_ON_DATA, output_len=0[0m
[0m1970-01-01 00:03:08 | DEBUG | _http_event_handler:38 | HTTP_EVENT_ON_DATA, content_length=-1[0m
[0m1970-01-01 00:03:08 | DEBUG | _http_event_handler:56 | HTTP_EVENT_ON_FINISH[0m
[0m1970-01-01 00:03:08 | DEBUG | http_client_post:159 | HTTP GET Status = 200, content_length = 1073429588[0m
[0;32m1970-01-01 00:03:08 | INFO  | http_client_post:162 | 
data stored in a database successfully.[0m
[0m1970-01-01 00:03:08 | DEBUG | _http_event_handler:66 | HTTP_EVENT_DISCONNECTED[0m
[0;32m1970-01-01 00:03:08 | INFO  | read_temperature_task:84 | Client POST request returned: 0[0m
[0m1970-01-01 00:03:09 | DEBUG | inspect_task:123 | Currently available heap: 216856[0m
[0m1970-01-01 00:03:09 | DEBUG | inspect_task:124 | The minimum heap size that was ever available: 209228[0m
[0m1970-01-01 00:03:14 | DEBUG | inspect_task:123 | Currently available heap: 216856[0m
[0m1970-01-01 00:03:14 | DEBUG | inspect_task:124 | The minimum heap size that was ever available: 209228[0m
[0m1970-01-01 00:03:19 | DEBUG | inspect_task:123 | Currently available heap: 216856[0m
[0m1970-01-01 00:03:19 | DEBUG | inspect_task:124 | The minimum heap size that was ever available: 209228[0m
[0m1970-01-01 00:03:24 | DEBUG | inspect_task:123 | Currently available heap: 216856[0m
[0m1970-01-01 00:03:24 | DEBUG | inspect_task:124 | The minimum heap size that was ever available: 209228[0m
[0m1970-01-01 00:03:29 | DEBUG | inspect_task:123 | Currently available heap: 216856[0m
[0m1970-01-01 00:03:29 | DEBUG | inspect_task:124 | The minimum heap size that was ever available: 209228[0m
[0m1970-01-01 00:03:34 | DEBUG | inspect_task:123 | Currently available heap: 216856[0m
[0m1970-01-01 00:03:34 | DEBUG | inspect_task:124 | The minimum heap size that was ever available: 209228[0m
[0m1970-01-01 00:03:38 | DEBUG | bmp_i2c_readout:333 | reading temperature of BMP280 device...[0m
[0m1970-01-01 00:03:38 | DEBUG | bmp_i2c_readout:337 | reading pressure of BMP280 device...[0m
[0;32m1970-01-01 00:03:38 | INFO  | read_temperature_task:78 | temperature: 23.17 C[0m
[0;32m1970-01-01 00:03:38 | INFO  | read_temperature_task:79 | pressure: 974.43hPa[0m
[0;32m1970-01-01 00:03:38 | INFO  | read_temperature_task:80 | altitude: 328.24 m. n. p. m.[0m
[0m1970-01-01 00:03:38 | DEBUG | read_temperature_task:82 | data to send to database: device_id=222222&temperature=23.17&pressure=974.43&altitude=328.24[0m
[0;32m1970-01-01 00:03:38 | INFO  | http_client_post:143 | making POST request to address: http://wmytych.usermd.net/modules/setters/insert_data.php[0m
[0m1970-01-01 00:03:38 | DEBUG | _http_event_handler:27 | HTTP_EVENT_ON_CONNECTED[0m
[0m1970-01-01 00:03:38 | DEBUG | _http_event_handler:30 | HTTP_EVENT_HEADER_SENT[0m
[0m1970-01-01 00:03:38 | DEBUG | _http_event_handler:33 | HTTP_EVENT_ON_HEADER, key=Server, value=nginx[0m
[0m1970-01-01 00:03:38 | DEBUG | _http_event_handler:33 | HTTP_EVENT_ON_HEADER, key=Date, value=Sat, 10 Feb 2024 18:36:22 GMT[0m
[0m1970-01-01 00:03:38 | DEBUG | _http_event_handler:33 | HTTP_EVENT_ON_HEADER, key=Content-Type, value=text/html; charset=UTF-8[0m
[0m1970-01-01 00:03:38 | DEBUG | _http_event_handler:33 | HTTP_EVENT_ON_HEADER, key=Transfer-Encoding, value=chunked[0m
[0m1970-01-01 00:03:38 | DEBUG | _http_event_handler:33 | HTTP_EVENT_ON_HEADER, key=Connection, value=keep-alive[0m
[0m1970-01-01 00:03:38 | DEBUG | _http_event_handler:33 | HTTP_EVENT_ON_HEADER, key=X-Powered-By, value=PHP/8.3.2[0m
[0m1970-01-01 00:03:38 | DEBUG | _http_event_handler:36 | HTTP_EVENT_ON_DATA, len=39[0m
[0m1970-01-01 00:03:38 | DEBUG | _http_event_handler:37 | HTTP_EVENT_ON_DATA, output_len=0[0m
[0m1970-01-01 00:03:38 | DEBUG | _http_event_handler:38 | HTTP_EVENT_ON_DATA, content_length=-1[0m
[0m1970-01-01 00:03:38 | DEBUG | _http_event_handler:56 | HTTP_EVENT_ON_FINISH[0m
[0m1970-01-01 00:03:38 | DEBUG | http_client_post:159 | HTTP GET Status = 200, content_length = 1073429588[0m
[0;32m1970-01-01 00:03:38 | INFO  | http_client_post:162 | 
data stored in a database successfully.[0m
[0m1970-01-01 00:03:38 | DEBUG | _http_event_handler:66 | HTTP_EVENT_DISCONNECTED[0m
[0;32m1970-01-01 00:03:38 | INFO  | read_temperature_task:84 | Client POST request returned: 0[0m
[0m1970-01-01 00:03:39 | DEBUG | inspect_task:123 | Currently available heap: 216856[0m
[0m1970-01-01 00:03:39 | DEBUG | inspect_task:124 | The minimum heap size that was ever available: 209228[0m
[0m1970-01-01 00:03:44 | DEBUG | inspect_task:123 | Currently available heap: 216856[0m
[0m1970-01-01 00:03:44 | DEBUG | inspect_task:124 | The minimum heap size that was ever available: 209228[0m
[0m1970-01-01 00:03:49 | DEBUG | inspect_task:123 | Currently available heap: 216856[0m
[0m1970-01-01 00:03:49 | DEBUG | inspect_task:124 | The minimum heap size that was ever available: 209228[0m
[0m1970-01-01 00:03:54 | DEBUG | inspect_task:123 | Currently available heap: 216856[0m
[0m1970-01-01 00:03:54 | DEBUG | inspect_task:124 | The minimum heap size that was ever available: 209228[0m
[0m1970-01-01 00:03:59 | DEBUG | inspect_task:123 | Currently available heap: 216856[0m
[0m1970-01-01 00:03:59 | DEBUG | inspect_task:124 | The minimum heap size that was ever available: 209228[0m
[0m1970-01-01 00:04:04 | DEBUG | inspect_task:123 | Currently available heap: 216856[0m
[0m1970-01-01 00:04:04 | DEBUG | inspect_task:124 | The minimum heap size that was ever available: 209228[0m
[0m1970-01-01 00:04:08 | DEBUG | bmp_i2c_readout:333 | reading temperature of BMP280 device...[0m
[0m1970-01-01 00:04:08 | DEBUG | bmp_i2c_readout:337 | reading pressure of BMP280 device...[0m
[0;32m1970-01-01 00:04:08 | INFO  | read_temperature_task:78 | temperature: 22.97 C[0m
[0;32m1970-01-01 00:04:08 | INFO  | read_temperature_task:79 | pressure: 974.48hPa[0m
[0;32m1970-01-01 00:04:08 | INFO  | read_temperature_task:80 | altitude: 327.81 m. n. p. m.[0m
[0m1970-01-01 00:04:08 | DEBUG | read_temperature_task:82 | data to send to database: device_id=222222&temperature=22.97&pressure=974.48&altitude=327.81[0m
[0;32m1970-01-01 00:04:08 | INFO  | http_client_post:143 | making POST request to address: http://wmytych.usermd.net/modules/setters/insert_data.php[0m
[0m1970-01-01 00:04:08 | DEBUG | _http_event_handler:27 | HTTP_EVENT_ON_CONNECTED[0m
[0m1970-01-01 00:04:08 | DEBUG | _http_event_handler:30 | HTTP_EVENT_HEADER_SENT[0m
[0m1970-01-01 00:04:09 | DEBUG | _http_event_handler:33 | HTTP_EVENT_ON_HEADER, key=Server, value=nginx[0m
[0m1970-01-01 00:04:09 | DEBUG | _http_event_handler:33 | HTTP_EVENT_ON_HEADER, key=Date, value=Sat, 10 Feb 2024 18:36:53 GMT[0m
[0m1970-01-01 00:04:09 | DEBUG | _http_event_handler:33 | HTTP_EVENT_ON_HEADER, key=Content-Type, value=text/html; charset=UTF-8[0m
[0m1970-01-01 00:04:09 | DEBUG | _http_event_handler:33 | HTTP_EVENT_ON_HEADER, key=Transfer-Encoding, value=chunked[0m
[0m1970-01-01 00:04:09 | DEBUG | _http_event_handler:33 | HTTP_EVENT_ON_HEADER, key=Connection, value=keep-alive[0m
[0m1970-01-01 00:04:09 | DEBUG | _http_event_handler:33 | HTTP_EVENT_ON_HEADER, key=X-Powered-By, value=PHP/8.3.2[0m
[0m1970-01-01 00:04:09 | DEBUG | _http_event_handler:36 | HTTP_EVENT_ON_DATA, len=39[0m
[0m1970-01-01 00:04:09 | DEBUG | _http_event_handler:37 | HTTP_EVENT_ON_DATA, output_len=0[0m
[0m1970-01-01 00:04:09 | DEBUG | _http_event_handler:38 | HTTP_EVENT_ON_DATA, content_length=-1[0m
[0m1970-01-01 00:04:09 | DEBUG | _http_event_handler:56 | HTTP_EVENT_ON_FINISH[0m
[0m1970-01-01 00:04:09 | DEBUG | http_client_post:159 | HTTP GET Status = 200, content_length = 1073429588[0m
[0;32m1970-01-01 00:04:09 | INFO  | http_client_post:162 | 
data stored in a database successfully.[0m
[0m1970-01-01 00:04:09 | DEBUG | _http_event_handler:66 | HTTP_EVENT_DISCONNECTED[0m
[0;32m1970-01-01 00:04:09 | INFO  | read_temperature_task:84 | Client POST request returned: 0[0m
[0m1970-01-01 00:04:09 | DEBUG | inspect_task:123 | Currently available heap: 216856[0m
[0m1970-01-01 00:04:09 | DEBUG | inspect_task:124 | The minimum heap size that was ever available: 208964[0m
[0m1970-01-01 00:04:14 | DEBUG | inspect_task:123 | Currently available heap: 216856[0m
[0m1970-01-01 00:04:14 | DEBUG | inspect_task:124 | The minimum heap size that was ever available: 208964[0m
[0m1970-01-01 00:04:19 | DEBUG | inspect_task:123 | Currently available heap: 216856[0m
[0m1970-01-01 00:04:19 | DEBUG | inspect_task:124 | The minimum heap size that was ever available: 208964[0m
[0m1970-01-01 00:04:24 | DEBUG | inspect_task:123 | Currently available heap: 216856[0m
[0m1970-01-01 00:04:24 | DEBUG | inspect_task:124 | The minimum heap size that was ever available: 208964[0m
[0m1970-01-01 00:04:29 | DEBUG | inspect_task:123 | Currently available heap: 216856[0m
[0m1970-01-01 00:04:29 | DEBUG | inspect_task:124 | The minimum heap size that was ever available: 208964[0m
[0m1970-01-01 00:04:34 | DEBUG | inspect_task:123 | Currently available heap: 216856[0m
[0m1970-01-01 00:04:34 | DEBUG | inspect_task:124 | The minimum heap size that was ever available: 208964[0m
[0m1970-01-01 00:04:39 | DEBUG | bmp_i2c_readout:333 | reading temperature of BMP280 device...[0m
[0m1970-01-01 00:04:39 | DEBUG | bmp_i2c_readout:337 | reading pressure of BMP280 device...[0m
[0;32m1970-01-01 00:04:39 | INFO  | read_temperature_task:78 | temperature: 22.82 C[0m
[0;32m1970-01-01 00:04:39 | INFO  | read_temperature_task:79 | pressure: 974.42hPa[0m
[0;32m1970-01-01 00:04:39 | INFO  | read_temperature_task:80 | altitude: 328.32 m. n. p. m.[0m
[0m1970-01-01 00:04:39 | DEBUG | read_temperature_task:82 | data to send to database: device_id=222222&temperature=22.82&pressure=974.42&altitude=328.32[0m
[0;32m1970-01-01 00:04:39 | INFO  | http_client_post:143 | making POST request to address: http://wmytych.usermd.net/modules/setters/insert_data.php[0m
[0m1970-01-01 00:04:39 | DEBUG | inspect_task:123 | Currently available heap: 217068[0m
[0m1970-01-01 00:04:39 | DEBUG | inspect_task:124 | The minimum heap size that was ever available: 208964[0m
[0m1970-01-01 00:04:39 | DEBUG | _http_event_handler:27 | HTTP_EVENT_ON_CONNECTED[0m
[0m1970-01-01 00:04:39 | DEBUG | _http_event_handler:30 | HTTP_EVENT_HEADER_SENT[0m
[0m1970-01-01 00:04:39 | DEBUG | _http_event_handler:33 | HTTP_EVENT_ON_HEADER, key=Server, value=nginx[0m
[0m1970-01-01 00:04:39 | DEBUG | _http_event_handler:33 | HTTP_EVENT_ON_HEADER, key=Date, value=Sat, 10 Feb 2024 18:37:23 GMT[0m
[0m1970-01-01 00:04:39 | DEBUG | _http_event_handler:33 | HTTP_EVENT_ON_HEADER, key=Content-Type, value=text/html; charset=UTF-8[0m
[0m1970-01-01 00:04:39 | DEBUG | _http_event_handler:33 | HTTP_EVENT_ON_HEADER, key=Transfer-Encoding, value=chunked[0m
[0m1970-01-01 00:04:39 | DEBUG | _http_event_handler:33 | HTTP_EVENT_ON_HEADER, key=Connection, value=keep-alive[0m
[0m1970-01-01 00:04:39 | DEBUG | _http_event_handler:33 | HTTP_EVENT_ON_HEADER, key=X-Powered-By, value=PHP/8.3.2[0m
[0m1970-01-01 00:04:39 | DEBUG | _http_event_handler:36 | HTTP_EVENT_ON_DATA, len=39[0m
[0m1970-01-01 00:04:39 | DEBUG | _http_event_handler:37 | HTTP_EVENT_ON_DATA, output_len=0[0m
[0m1970-01-01 00:04:39 | DEBUG | _http_event_handler:38 | HTTP_EVENT_ON_DATA, content_length=-1[0m
[0m1970-01-01 00:04:39 | DEBUG | _http_event_handler:56 | HTTP_EVENT_ON_FINISH[0m
[0m1970-01-01 00:04:39 | DEBUG | http_client_post:159 | HTTP GET Status = 200, content_length = 1073429588[0m
[0;32m1970-01-01 00:04:39 | INFO  | http_client_post:162 | 
data stored in a database successfully.[0m
[0m1970-01-01 00:04:39 | DEBUG | _http_event_handler:66 | HTTP_EVENT_DISCONNECTED[0m
[0;32m1970-01-01 00:04:39 | INFO  | read_temperature_task:84 | Client POST request returned: 0[0m
[0m1970-01-01 00:04:44 | DEBUG | inspect_task:123 | Currently available heap: 216856[0m
[0m1970-01-01 00:04:44 | DEBUG | inspect_task:124 | The minimum heap size that was ever available: 208964[0m
[0m1970-01-01 00:04:49 | DEBUG | inspect_task:123 | Currently available heap: 216856[0m
[0m1970-01-01 00:04:49 | DEBUG | inspect_task:124 | The minimum heap size that was ever available: 208964[0m
[0m1970-01-01 00:04:54 | DEBUG | inspect_task:123 | Currently available heap: 216856[0m
[0m1970-01-01 00:04:54 | DEBUG | inspect_task:124 | The minimum heap size that was ever available: 208964[0m
[0m1970-01-01 00:04:59 | DEBUG | inspect_task:123 | Currently available heap: 216856[0m
[0m1970-01-01 00:04:59 | DEBUG | inspect_task:124 | The minimum heap size that was ever available: 208964[0m
[0m1970-01-01 00:05:04 | DEBUG | inspect_task:123 | Currently available heap: 216856[0m
[0m1970-01-01 00:05:04 | DEBUG | inspect_task:124 | The minimum heap size that was ever available: 208964[0m
[0m1970-01-01 00:05:09 | DEBUG | inspect_task:123 | Currently available heap: 217068[0m
[0m1970-01-01 00:05:09 | DEBUG | inspect_task:124 | The minimum heap size that was ever available: 208964[0m
[0m1970-01-01 00:05:09 | DEBUG | bmp_i2c_readout:333 | reading temperature of BMP280 device...[0m
[0m1970-01-01 00:05:09 | DEBUG | bmp_i2c_readout:337 | reading pressure of BMP280 device...[0m
[0;32m1970-01-01 00:05:09 | INFO  | read_temperature_task:78 | temperature: 22.72 C[0m
[0;32m1970-01-01 00:05:09 | INFO  | read_temperature_task:79 | pressure: 974.43hPa[0m
[0;32m1970-01-01 00:05:09 | INFO  | read_temperature_task:80 | altitude: 328.30 m. n. p. m.[0m
[0m1970-01-01 00:05:09 | DEBUG | read_temperature_task:82 | data to send to database: device_id=222222&temperature=22.72&pressure=974.43&altitude=328.30[0m
[0;32m1970-01-01 00:05:09 | INFO  | http_client_post:143 | making POST request to address: http://wmytych.usermd.net/modules/setters/insert_data.php[0m
[0m1970-01-01 00:05:09 | DEBUG | _http_event_handler:27 | HTTP_EVENT_ON_CONNECTED[0m
[0m1970-01-01 00:05:09 | DEBUG | _http_event_handler:30 | HTTP_EVENT_HEADER_SENT[0m
[0m1970-01-01 00:05:09 | DEBUG | _http_event_handler:33 | HTTP_EVENT_ON_HEADER, key=Server, value=nginx[0m
[0m1970-01-01 00:05:09 | DEBUG | _http_event_handler:33 | HTTP_EVENT_ON_HEADER, key=Date, value=Sat, 10 Feb 2024 18:37:54 GMT[0m
[0m1970-01-01 00:05:09 | DEBUG | _http_event_handler:33 | HTTP_EVENT_ON_HEADER, key=Content-Type, value=text/html; charset=UTF-8[0m
[0m1970-01-01 00:05:09 | DEBUG | _http_event_handler:33 | HTTP_EVENT_ON_HEADER, key=Transfer-Encoding, value=chunked[0m
[0m1970-01-01 00:05:09 | DEBUG | _http_event_handler:33 | HTTP_EVENT_ON_HEADER, key=Connection, value=keep-alive[0m
[0m1970-01-01 00:05:09 | DEBUG | _http_event_handler:33 | HTTP_EVENT_ON_HEADER, key=X-Powered-By, value=PHP/8.3.2[0m
[0m1970-01-01 00:05:09 | DEBUG | _http_event_handler:36 | HTTP_EVENT_ON_DATA, len=39[0m
[0m1970-01-01 00:05:09 | DEBUG | _http_event_handler:37 | HTTP_EVENT_ON_DATA, output_len=0[0m
[0m1970-01-01 00:05:09 | DEBUG | _http_event_handler:38 | HTTP_EVENT_ON_DATA, content_length=-1[0m
[0m1970-01-01 00:05:09 | DEBUG | _http_event_handler:56 | HTTP_EVENT_ON_FINISH[0m
[0m1970-01-01 00:05:09 | DEBUG | http_client_post:159 | HTTP GET Status = 200, content_length = 1073429588[0m
[0;32m1970-01-01 00:05:09 | INFO  | http_client_post:162 | 
data stored in a database successfully.[0m
[0m1970-01-01 00:05:09 | DEBUG | _http_event_handler:66 | HTTP_EVENT_DISCONNECTED[0m
[0;32m1970-01-01 00:05:09 | INFO  | read_temperature_task:84 | Client POST request returned: 0[0m
[0m1970-01-01 00:05:14 | DEBUG | inspect_task:123 | Currently available heap: 216856[0m
[0m1970-01-01 00:05:14 | DEBUG | inspect_task:124 | The minimum heap size that was ever available: 208964[0m
[0m1970-01-01 00:05:19 | DEBUG | inspect_task:123 | Currently available heap: 216856[0m
[0m1970-01-01 00:05:19 | DEBUG | inspect_task:124 | The minimum heap size that was ever available: 208964[0m
[0m1970-01-01 00:05:24 | DEBUG | inspect_task:123 | Currently available heap: 216856[0m
[0m1970-01-01 00:05:24 | DEBUG | inspect_task:124 | The minimum heap size that was ever available: 208964[0m
[0m1970-01-01 00:05:29 | DEBUG | inspect_task:123 | Currently available heap: 216856[0m
[0m1970-01-01 00:05:29 | DEBUG | inspect_task:124 | The minimum heap size that was ever available: 208964[0m
[0m1970-01-01 00:05:34 | DEBUG | inspect_task:123 | Currently available heap: 216856[0m
[0m1970-01-01 00:05:34 | DEBUG | inspect_task:124 | The minimum heap size that was ever available: 208964[0m
[0m1970-01-01 00:05:39 | DEBUG | inspect_task:123 | Currently available heap: 217068[0m
[0m1970-01-01 00:05:39 | DEBUG | inspect_task:124 | The minimum heap size that was ever available: 208964[0m
[0m1970-01-01 00:05:39 | DEBUG | bmp_i2c_readout:333 | reading temperature of BMP280 device...[0m
[0m1970-01-01 00:05:39 | DEBUG | bmp_i2c_readout:337 | reading pressure of BMP280 device...[0m
[0;32m1970-01-01 00:05:39 | INFO  | read_temperature_task:78 | temperature: 22.64 C[0m
[0;32m1970-01-01 00:05:39 | INFO  | read_temperature_task:79 | pressure: 974.43hPa[0m
[0;32m1970-01-01 00:05:39 | INFO  | read_temperature_task:80 | altitude: 328.29 m. n. p. m.[0m
[0m1970-01-01 00:05:39 | DEBUG | read_temperature_task:82 | data to send to database: device_id=222222&temperature=22.64&pressure=974.43&altitude=328.29[0m
[0;32m1970-01-01 00:05:39 | INFO  | http_client_post:143 | making POST request to address: http://wmytych.usermd.net/modules/setters/insert_data.php[0m
[0m1970-01-01 00:05:39 | DEBUG | _http_event_handler:27 | HTTP_EVENT_ON_CONNECTED[0m
[0m1970-01-01 00:05:39 | DEBUG | _http_event_handler:30 | HTTP_EVENT_HEADER_SENT[0m
[0m1970-01-01 00:05:39 | DEBUG | _http_event_handler:33 | HTTP_EVENT_ON_HEADER, key=Server, value=nginx[0m
[0m1970-01-01 00:05:39 | DEBUG | _http_event_handler:33 | HTTP_EVENT_ON_HEADER, key=Date, value=Sat, 10 Feb 2024 18:38:24 GMT[0m
[0m1970-01-01 00:05:39 | DEBUG | _http_event_handler:33 | HTTP_EVENT_ON_HEADER, key=Content-Type, value=text/html; charset=UTF-8[0m
[0m1970-01-01 00:05:39 | DEBUG | _http_event_handler:33 | HTTP_EVENT_ON_HEADER, key=Transfer-Encoding, value=chunked[0m
[0m1970-01-01 00:05:39 | DEBUG | _http_event_handler:33 | HTTP_EVENT_ON_HEADER, key=Connection, value=keep-alive[0m
[0m1970-01-01 00:05:39 | DEBUG | _http_event_handler:33 | HTTP_EVENT_ON_HEADER, key=X-Powered-By, value=PHP/8.3.2[0m
[0m1970-01-01 00:05:39 | DEBUG | _http_event_handler:36 | HTTP_EVENT_ON_DATA, len=39[0m
[0m1970-01-01 00:05:39 | DEBUG | _http_event_handler:37 | HTTP_EVENT_ON_DATA, output_len=0[0m
[0m1970-01-01 00:05:40 | DEBUG | _http_event_handler:38 | HTTP_EVENT_ON_DATA, content_length=-1[0m
[0m1970-01-01 00:05:40 | DEBUG | _http_event_handler:56 | HTTP_EVENT_ON_FINISH[0m
[0m1970-01-01 00:05:40 | DEBUG | http_client_post:159 | HTTP GET Status = 200, content_length = 1073429588[0m
[0;32m1970-01-01 00:05:40 | INFO  | http_client_post:162 | 
data stored in a database successfully.[0m
[0m1970-01-01 00:05:40 | DEBUG | _http_event_handler:66 | HTTP_EVENT_DISCONNECTED[0m
[0;32m1970-01-01 00:05:40 | INFO  | read_temperature_task:84 | Client POST request returned: 0[0m
[0m1970-01-01 00:05:44 | DEBUG | inspect_task:123 | Currently available heap: 216856[0m
[0m1970-01-01 00:05:44 | DEBUG | inspect_task:124 | The minimum heap size that was ever available: 208964[0m
[0m1970-01-01 00:05:49 | DEBUG | inspect_task:123 | Currently available heap: 216856[0m
[0m1970-01-01 00:05:49 | DEBUG | inspect_task:124 | The minimum heap size that was ever available: 208964[0m
[0m1970-01-01 00:05:54 | DEBUG | inspect_task:123 | Currently available heap: 216856[0m
[0m1970-01-01 00:05:54 | DEBUG | inspect_task:124 | The minimum heap size that was ever available: 208964[0m
[0m1970-01-01 00:05:59 | DEBUG | inspect_task:123 | Currently available heap: 216856[0m
[0m1970-01-01 00:05:59 | DEBUG | inspect_task:124 | The minimum heap size that was ever available: 208964[0m
[0m1970-01-01 00:06:04 | DEBUG | inspect_task:123 | Currently available heap: 216856[0m
[0m1970-01-01 00:06:04 | DEBUG | inspect_task:124 | The minimum heap size that was ever available: 208964[0m
[0m1970-01-01 00:06:09 | DEBUG | inspect_task:123 | Currently available heap: 216856[0m
[0m1970-01-01 00:06:09 | DEBUG | inspect_task:124 | The minimum heap size that was ever available: 208964[0m
[0m1970-01-01 00:06:10 | DEBUG | bmp_i2c_readout:333 | reading temperature of BMP280 device...[0m
[0;31m1970-01-01 00:06:10 | ERROR | lib/i2c_controller/src/i2c_controller.c:144 | i2c_c_read:144 | error -1 during reading registers on I2C: ESP_FAIL[0m
[0;31m1970-01-01 00:06:10 | ERROR | lib/bmp280/src/bmp280.c:341 | bmp_i2c_readout:341 | error -1 during reading results from BMP280 device: ESP_FAIL[0m
[0;32m1970-01-01 00:06:10 | INFO  | read_temperature_task:78 | temperature: 22.64 C[0m
[0;32m1970-01-01 00:06:10 | INFO  | read_temperature_task:79 | pressure: 974.43hPa[0m
[0;32m1970-01-01 00:06:10 | INFO  | read_temperature_task:80 | altitude: 328.29 m. n. p. m.[0m
[0m1970-01-01 00:06:10 | DEBUG | read_temperature_task:82 | data to send to database: device_id=222222&temperature=22.64&pressure=974.43&altitude=328.29[0m
[0;32m1970-01-01 00:06:10 | INFO  | http_client_post:143 | making POST request to address: http://wmytych.usermd.net/modules/setters/insert_data.php[0m
[0m1970-01-01 00:06:10 | DEBUG | _http_event_handler:27 | HTTP_EVENT_ON_CONNECTED[0m
[0m1970-01-01 00:06:10 | DEBUG | _http_event_handler:30 | HTTP_EVENT_HEADER_SENT[0m
[0m1970-01-01 00:06:10 | DEBUG | _http_event_handler:33 | HTTP_EVENT_ON_HEADER, key=Server, value=nginx[0m
[0m1970-01-01 00:06:10 | DEBUG | _http_event_handler:33 | HTTP_EVENT_ON_HEADER, key=Date, value=Sat, 10 Feb 2024 18:38:54 GMT[0m
[0m1970-01-01 00:06:10 | DEBUG | _http_event_handler:33 | HTTP_EVENT_ON_HEADER, key=Content-Type, value=text/html; charset=UTF-8[0m
[0m1970-01-01 00:06:10 | DEBUG | _http_event_handler:33 | HTTP_EVENT_ON_HEADER, key=Transfer-Encoding, value=chunked[0m
[0m1970-01-01 00:06:10 | DEBUG | _http_event_handler:33 | HTTP_EVENT_ON_HEADER, key=Connection, value=keep-alive[0m
[0m1970-01-01 00:06:10 | DEBUG | _http_event_handler:33 | HTTP_EVENT_ON_HEADER, key=X-Powered-By, value=PHP/8.3.2[0m
[0m1970-01-01 00:06:10 | DEBUG | _http_event_handler:36 | HTTP_EVENT_ON_DATA, len=39[0m
[0m1970-01-01 00:06:10 | DEBUG | _http_event_handler:37 | HTTP_EVENT_ON_DATA, output_len=0[0m
[0m1970-01-01 00:06:10 | DEBUG | _http_event_handler:38 | HTTP_EVENT_ON_DATA, content_length=-1[0m
[0m1970-01-01 00:06:10 | DEBUG | _http_event_handler:56 | HTTP_EVENT_ON_FINISH[0m
[0m1970-01-01 00:06:10 | DEBUG | http_client_post:159 | HTTP GET Status = 200, content_length = 1073429588[0m
[0;32m1970-01-01 00:06:10 | INFO  | http_client_post:162 | 
data stored in a database successfully.[0m
[0m1970-01-01 00:06:10 | DEBUG | _http_event_handler:66 | HTTP_EVENT_DISCONNECTED[0m
[0;32m1970-01-01 00:06:10 | INFO  | read_temperature_task:84 | Client POST request returned: 0[0m
[0m1970-01-01 00:06:14 | DEBUG | inspect_task:123 | Currently available heap: 216624[0m
[0m1970-01-01 00:06:14 | DEBUG | inspect_task:124 | The minimum heap size that was ever available: 208964[0m
[0m1970-01-01 00:06:19 | DEBUG | inspect_task:123 | Currently available heap: 216624[0m
[0m1970-01-01 00:06:19 | DEBUG | inspect_task:124 | The minimum heap size that was ever available: 208964[0m
[0m1970-01-01 00:06:24 | DEBUG | inspect_task:123 | Currently available heap: 216624[0m
[0m1970-01-01 00:06:24 | DEBUG | inspect_task:124 | The minimum heap size that was ever available: 208964[0m
[0m1970-01-01 00:06:29 | DEBUG | inspect_task:123 | Currently available heap: 216624[0m
[0m1970-01-01 00:06:29 | DEBUG | inspect_task:124 | The minimum heap size that was ever available: 208964[0m
[0m1970-01-01 00:06:34 | DEBUG | inspect_task:123 | Currently available heap: 216624[0m
[0m1970-01-01 00:06:34 | DEBUG | inspect_task:124 | The minimum heap size that was ever available: 208964[0m
[0m1970-01-01 00:06:39 | DEBUG | inspect_task:123 | Currently available heap: 216624[0m
[0m1970-01-01 00:06:39 | DEBUG | inspect_task:124 | The minimum heap size that was ever available: 208964[0m
[0m1970-01-01 00:06:40 | DEBUG | bmp_i2c_readout:333 | reading temperature of BMP280 device...[0m
[0;31m1970-01-01 00:06:40 | ERROR | lib/i2c_controller/src/i2c_controller.c:144 | i2c_c_read:144 | error -1 during reading registers on I2C: ESP_FAIL[0m
[0;31m1970-01-01 00:06:40 | ERROR | lib/bmp280/src/bmp280.c:341 | bmp_i2c_readout:341 | error -1 during reading results from BMP280 device: ESP_FAIL[0m
[0;32m1970-01-01 00:06:40 | INFO  | read_temperature_task:78 | temperature: 22.64 C[0m
[0;32m1970-01-01 00:06:40 | INFO  | read_temperature_task:79 | pressure: 974.43hPa[0m
[0;32m1970-01-01 00:06:40 | INFO  | read_temperature_task:80 | altitude: 328.29 m. n. p. m.[0m
[0m1970-01-01 00:06:40 | DEBUG | read_temperature_task:82 | data to send to database: device_id=222222&temperature=22.64&pressure=974.43&altitude=328.29[0m
[0;32m1970-01-01 00:06:40 | INFO  | http_client_post:143 | making POST request to address: http://wmytych.usermd.net/modules/setters/insert_data.php[0m
[0m1970-01-01 00:06:40 | DEBUG | _http_event_handler:27 | HTTP_EVENT_ON_CONNECTED[0m
[0m1970-01-01 00:06:40 | DEBUG | _http_event_handler:30 | HTTP_EVENT_HEADER_SENT[0m
[0m1970-01-01 00:06:40 | DEBUG | _http_event_handler:33 | HTTP_EVENT_ON_HEADER, key=Server, value=nginx[0m
[0m1970-01-01 00:06:40 | DEBUG | _http_event_handler:33 | HTTP_EVENT_ON_HEADER, key=Date, value=Sat, 10 Feb 2024 18:39:24 GMT[0m
[0m1970-01-01 00:06:40 | DEBUG | _http_event_handler:33 | HTTP_EVENT_ON_HEADER, key=Content-Type, value=text/html; charset=UTF-8[0m
[0m1970-01-01 00:06:40 | DEBUG | _http_event_handler:33 | HTTP_EVENT_ON_HEADER, key=Transfer-Encoding, value=chunked[0m
[0m1970-01-01 00:06:40 | DEBUG | _http_event_handler:33 | HTTP_EVENT_ON_HEADER, key=Connection, value=keep-alive[0m
[0m1970-01-01 00:06:40 | DEBUG | _http_event_handler:33 | HTTP_EVENT_ON_HEADER, key=X-Powered-By, value=PHP/8.3.2[0m
[0m1970-01-01 00:06:40 | DEBUG | _http_event_handler:36 | HTTP_EVENT_ON_DATA, len=39[0m
[0m1970-01-01 00:06:40 | DEBUG | _http_event_handler:37 | HTTP_EVENT_ON_DATA, output_len=0[0m
[0m1970-01-01 00:06:40 | DEBUG | _http_event_handler:38 | HTTP_EVENT_ON_DATA, content_length=-1[0m
[0m1970-01-01 00:06:40 | DEBUG | _http_event_handler:56 | HTTP_EVENT_ON_FINISH[0m
[0m1970-01-01 00:06:40 | DEBUG | http_client_post:159 | HTTP GET Status = 200, content_length = 1073429588[0m
[0;32m1970-01-01 00:06:40 | INFO  | http_client_post:162 | 
data stored in a database successfully.[0m
[0m1970-01-01 00:06:40 | DEBUG | _http_event_handler:66 | HTTP_EVENT_DISCONNECTED[0m
[0;32m1970-01-01 00:06:40 | INFO  | read_temperature_task:84 | Client POST request returned: 0[0m
[0m1970-01-01 00:06:44 | DEBUG | inspect_task:123 | Currently available heap: 216400[0m
[0m1970-01-01 00:06:44 | DEBUG | inspect_task:124 | The minimum heap size that was ever available: 208716[0m
[0m1970-01-01 00:06:49 | DEBUG | inspect_task:123 | Currently available heap: 216400[0m
[0m1970-01-01 00:06:49 | DEBUG | inspect_task:124 | The minimum heap size that was ever available: 208716[0m
[0m1970-01-01 00:06:54 | DEBUG | inspect_task:123 | Currently available heap: 216400[0m
[0m1970-01-01 00:06:54 | DEBUG | inspect_task:124 | The minimum heap size that was ever available: 208716[0m
[0m1970-01-01 00:06:59 | DEBUG | inspect_task:123 | Currently available heap: 216400[0m
[0m1970-01-01 00:06:59 | DEBUG | inspect_task:124 | The minimum heap size that was ever available: 208716[0m
[0m1970-01-01 00:07:04 | DEBUG | inspect_task:123 | Currently available heap: 216400[0m
[0m1970-01-01 00:07:04 | DEBUG | inspect_task:124 | The minimum heap size that was ever available: 208716[0m
[0m1970-01-01 00:07:09 | DEBUG | inspect_task:123 | Currently available heap: 216400[0m
[0m1970-01-01 00:07:09 | DEBUG | inspect_task:124 | The minimum heap size that was ever available: 208716[0m
[0m1970-01-01 00:07:10 | DEBUG | bmp_i2c_readout:333 | reading temperature of BMP280 device...[0m
[0;31m1970-01-01 00:07:10 | ERROR | lib/i2c_controller/src/i2c_controller.c:144 | i2c_c_read:144 | error -1 during reading registers on I2C: ESP_FAIL[0m
[0;31m1970-01-01 00:07:10 | ERROR | lib/bmp280/src/bmp280.c:341 | bmp_i2c_readout:341 | error -1 during reading results from BMP280 device: ESP_FAIL[0m
[0;32m1970-01-01 00:07:10 | INFO  | read_temperature_task:78 | temperature: 22.64 C[0m
[0;32m1970-01-01 00:07:10 | INFO  | read_temperature_task:79 | pressure: 974.43hPa[0m
[0;32m1970-01-01 00:07:10 | INFO  | read_temperature_task:80 | altitude: 328.29 m. n. p. m.[0m
[0m1970-01-01 00:07:10 | DEBUG | read_temperature_task:82 | data to send to database: device_id=222222&temperature=22.64&pressure=974.43&altitude=328.29[0m
[0;32m1970-01-01 00:07:10 | INFO  | http_client_post:143 | making POST request to address: http://wmytych.usermd.net/modules/setters/insert_data.php[0m
[0m1970-01-01 00:07:10 | DEBUG | _http_event_handler:27 | HTTP_EVENT_ON_CONNECTED[0m
[0m1970-01-01 00:07:10 | DEBUG | _http_event_handler:30 | HTTP_EVENT_HEADER_SENT[0m
[0m1970-01-01 00:07:10 | DEBUG | _http_event_handler:33 | HTTP_EVENT_ON_HEADER, key=Server, value=nginx[0m
[0m1970-01-01 00:07:10 | DEBUG | _http_event_handler:33 | HTTP_EVENT_ON_HEADER, key=Date, value=Sat, 10 Feb 2024 18:39:55 GMT[0m
[0m1970-01-01 00:07:10 | DEBUG | _http_event_handler:33 | HTTP_EVENT_ON_HEADER, key=Content-Type, value=text/html; charset=UTF-8[0m
[0m1970-01-01 00:07:10 | DEBUG | _http_event_handler:33 | HTTP_EVENT_ON_HEADER, key=Transfer-Encoding, value=chunked[0m
[0m1970-01-01 00:07:10 | DEBUG | _http_event_handler:33 | HTTP_EVENT_ON_HEADER, key=Connection, value=keep-alive[0m
[0m1970-01-01 00:07:10 | DEBUG | _http_event_handler:33 | HTTP_EVENT_ON_HEADER, key=X-Powered-By, value=PHP/8.3.2[0m
[0m1970-01-01 00:07:10 | DEBUG | _http_event_handler:36 | HTTP_EVENT_ON_DATA, len=39[0m
[0m1970-01-01 00:07:10 | DEBUG | _http_event_handler:37 | HTTP_EVENT_ON_DATA, output_len=0[0m
[0m1970-01-01 00:07:10 | DEBUG | _http_event_handler:38 | HTTP_EVENT_ON_DATA, content_length=-1[0m
[0m1970-01-01 00:07:10 | DEBUG | _http_event_handler:56 | HTTP_EVENT_ON_FINISH[0m
[0m1970-01-01 00:07:10 | DEBUG | http_client_post:159 | HTTP GET Status = 200, content_length = 1073429588[0m
[0;32m1970-01-01 00:07:10 | INFO  | http_client_post:162 | 
data stored in a database successfully.[0m
[0m1970-01-01 00:07:10 | DEBUG | _http_event_handler:66 | HTTP_EVENT_DISCONNECTED[0m
[0;32m1970-01-01 00:07:10 | INFO  | read_temperature_task:84 | Client POST request returned: 0[0m
[0m1970-01-01 00:07:14 | DEBUG | inspect_task:123 | Currently available heap: 216188[0m
[0m1970-01-01 00:07:14 | DEBUG | inspect_task:124 | The minimum heap size that was ever available: 208628[0m
[0m1970-01-01 00:07:19 | DEBUG | inspect_task:123 | Currently available heap: 216188[0m
[0m1970-01-01 00:07:19 | DEBUG | inspect_task:124 | The minimum heap size that was ever available: 208628[0m
[0m1970-01-01 00:07:24 | DEBUG | inspect_task:123 | Currently available heap: 216188[0m
[0m1970-01-01 00:07:24 | DEBUG | inspect_task:124 | The minimum heap size that was ever available: 208628[0m
[0m1970-01-01 00:07:29 | DEBUG | inspect_task:123 | Currently available heap: 216188[0m
[0m1970-01-01 00:07:29 | DEBUG | inspect_task:124 | The minimum heap size that was ever available: 208628[0m
[0m1970-01-01 00:07:34 | DEBUG | inspect_task:123 | Currently available heap: 216188[0m
[0m1970-01-01 00:07:34 | DEBUG | inspect_task:124 | The minimum heap size that was ever available: 208628[0m
[0m1970-01-01 00:07:39 | DEBUG | inspect_task:123 | Currently available heap: 216188[0m
[0m1970-01-01 00:07:39 | DEBUG | inspect_task:124 | The minimum heap size that was ever available: 208628[0m
[0m1970-01-01 00:07:40 | DEBUG | bmp_i2c_readout:333 | reading temperature of BMP280 device...[0m
[0;31m1970-01-01 00:07:40 | ERROR | lib/i2c_controller/src/i2c_controller.c:144 | i2c_c_read:144 | error -1 during reading registers on I2C: ESP_FAIL[0m
[0;31m1970-01-01 00:07:40 | ERROR | lib/bmp280/src/bmp280.c:341 | bmp_i2c_readout:341 | error -1 during reading results from BMP280 device: ESP_FAIL[0m
[0;32m1970-01-01 00:07:40 | INFO  | read_temperature_task:78 | temperature: 22.64 C[0m
[0;32m1970-01-01 00:07:40 | INFO  | read_temperature_task:79 | pressure: 974.43hPa[0m
[0;32m1970-01-01 00:07:40 | INFO  | read_temperature_task:80 | altitude: 328.29 m. n. p. m.[0m
[0m1970-01-01 00:07:41 | DEBUG | read_temperature_task:82 | data to send to database: device_id=222222&temperature=22.64&pressure=974.43&altitude=328.29[0m
[0;32m1970-01-01 00:07:41 | INFO  | http_client_post:143 | making POST request to address: http://wmytych.usermd.net/modules/setters/insert_data.php[0m
[0m1970-01-01 00:07:41 | DEBUG | _http_event_handler:27 | HTTP_EVENT_ON_CONNECTED[0m
[0m1970-01-01 00:07:41 | DEBUG | _http_event_handler:30 | HTTP_EVENT_HEADER_SENT[0m
[0m1970-01-01 00:07:41 | DEBUG | _http_event_handler:33 | HTTP_EVENT_ON_HEADER, key=Server, value=nginx[0m
[0m1970-01-01 00:07:41 | DEBUG | _http_event_handler:33 | HTTP_EVENT_ON_HEADER, key=Date, value=Sat, 10 Feb 2024 18:40:25 GMT[0m
[0m1970-01-01 00:07:41 | DEBUG | _http_event_handler:33 | HTTP_EVENT_ON_HEADER, key=Content-Type, value=text/html; charset=UTF-8[0m
[0m1970-01-01 00:07:41 | DEBUG | _http_event_handler:33 | HTTP_EVENT_ON_HEADER, key=Transfer-Encoding, value=chunked[0m
[0m1970-01-01 00:07:41 | DEBUG | _http_event_handler:33 | HTTP_EVENT_ON_HEADER, key=Connection, value=keep-alive[0m
[0m1970-01-01 00:07:41 | DEBUG | _http_event_handler:33 | HTTP_EVENT_ON_HEADER, key=X-Powered-By, value=PHP/8.3.2[0m
[0m1970-01-01 00:07:41 | DEBUG | _http_event_handler:36 | HTTP_EVENT_ON_DATA, len=39[0m
[0m1970-01-01 00:07:41 | DEBUG | _http_event_handler:37 | HTTP_EVENT_ON_DATA, output_len=0[0m
[0m1970-01-01 00:07:41 | DEBUG | _http_event_handler:38 | HTTP_EVENT_ON_DATA, content_length=-1[0m
[0m1970-01-01 00:07:41 | DEBUG | _http_event_handler:56 | HTTP_EVENT_ON_FINISH[0m
[0m1970-01-01 00:07:41 | DEBUG | http_client_post:159 | HTTP GET Status = 200, content_length = 1073429588[0m
[0;32m1970-01-01 00:07:41 | INFO  | http_client_post:162 | 
data stored in a database successfully.[0m
[0m1970-01-01 00:07:41 | DEBUG | _http_event_handler:66 | HTTP_EVENT_DISCONNECTED[0m
[0;32m1970-01-01 00:07:41 | INFO  | read_temperature_task:84 | Client POST request returned: 0[0m
[0m1970-01-01 00:07:44 | DEBUG | inspect_task:123 | Currently available heap: 215972[0m
[0m1970-01-01 00:07:44 | DEBUG | inspect_task:124 | The minimum heap size that was ever available: 208292[0m
[0m1970-01-01 00:07:49 | DEBUG | inspect_task:123 | Currently available heap: 215972[0m
[0m1970-01-01 00:07:49 | DEBUG | inspect_task:124 | The minimum heap size that was ever available: 208292[0m
[0m1970-01-01 00:07:54 | DEBUG | inspect_task:123 | Currently available heap: 215972[0m
[0m1970-01-01 00:07:54 | DEBUG | inspect_task:124 | The minimum heap size that was ever available: 208292[0m
