I (3828) wifi:new:<11,2>, old:<1,0>, ap:<255,255>, sta:<11,2>, prof:1
I (3828) wifi:state: init -> auth (b0)
I (3828) wifi:state: auth -> assoc (0)
I (3838) wifi:state: assoc -> run (10)
I (3848) wifi:connected with TP-LINK_AD8313, aid = 4, channel 11, 40D, bssid = 84:16:f9:ad:83:12
I (3848) wifi:security: WPA2-PSK, phy: bgn, rssi: -62
I (3858) wifi:pm start, type: 1

I (3858) wifi:AP's beacon interval = 102400 us, DTIM period = 1
I (3868) wifi:<ba-add>idx:0 (ifx:0, 84:16:f9:ad:83:12), tid:0, ssn:0, winSize:64
[0;32m1970-01-01 00:00:04 | INFO  | wifi_c_sta_event_handler:116 | Got IP:192.168.0.100[0m
[0;32mI (4868) esp_netif_handlers: sta ip: 192.168.0.100, mask: 255.255.255.0, gw: 192.168.0.1[0m
[0m1970-01-01 00:00:04 | DEBUG | wifi_c_check_sta_connection_result:128 | WIFI_C_CONNECTED_BIT is set![0m
[0;32m1970-01-01 00:00:04 | INFO  | event_handler:26 | OTA started[0m
[0;31mE (4888) esp_https_ota: No option for server verification is enabled in esp_http_client config.[0m
[0;31m1970-01-01 00:00:04 | ERROR | lib/ota_controller/src/ota_controller.c:71 | ota_c_do_simple_ota:71 | error -1 during https ota: ESP_FAIL[0m
[0;32m1970-01-01 00:00:04 | INFO  | event_handler:26 | OTA started[0m
[0;31mE (4918) esp_https_ota: No option for server verification is enabled in esp_http_client config.[0m
[0;31m1970-01-01 00:00:04 | ERROR | lib/ota_controller/src/ota_controller.c:157 | ota_c_start:157 | error 258, ESP HTTPS OTA Begin failed: ESP_ERR_INVALID_ARG[0m
[0;32m1970-01-01 00:00:04 | INFO  | bmp_init:427 | preparing new BMP280 device...[0m
[0m1970-01-01 00:00:04 | DEBUG | inspect_task:92 | Currently available heap: 214760[0m
[0;32m1970-01-01 00:00:04 | INFO  | switch_led_task:79 | CHANGED GPIO_2 LEVEL[0m
[0m1970-01-01 00:00:04 | DEBUG | inspect_task:93 | [0m1970-01-01 00:00:04 | DEBUG | bmp_i2c_identify_chip:283 | The minimum heap size that was ever available: 214760[0m
Trying to find BMP280 device on bus with 0x77 address...[0m1970-01-01 00:00:04 | DEBUG | tcp_create_socket:168 | [0m
preparing socket...[0m
[0m1970-01-01 00:00:04 | DEBUG | i2c_c_set_device_addr:117 | changed device address from 0 to 0XEE[0m
[0m1970-01-01 00:00:04 | DEBUG | tcp_create_socket:175 | created socket: 54[0m
[0;31m1970-01-01 00:00:04 | ERROR | lib/i2c_controller/src/i2c_controller.c:146 | i2c_c_read:146 | error -1 during reading registers on I2C: ESP_FAIL[0m1970-01-01 00:00:04 | DEBUG | tcp_prepare_address:211 | [0m
preparing address...[0m
[0m1970-01-01 00:00:04 | DEBUG | bmp_i2c_identify_chip:296 | BMP280 device with 0x77 address not found on bus, trying 0x76 address...[0m
[0m1970-01-01 00:00:04 | DEBUG | tcp_prepare_address:220 | prepared address 192.168.0.100:27015[0m
[0m1970-01-01 00:00:04 | DEBUG | i2c_c_set_device_addr:117 | changed device address from 0XEE to 0XEC[0m
[0m1970-01-01 00:00:04 | DEBUG | tcp_bind_socket:232 | binding socket: 54 to address: 192.168.0.100:34665[0m
[0m1970-01-01 00:00:04 | DEBUG | bmp_i2c_identify_chip:302 | found BMP280 device on bus with address: 0XEC and ID: 0[0m
[0m1970-01-01 00:00:04 | DEBUG | tcp_bind_socket:242 | socket: 54 bound to address: 192.168.0.100:27015[0m
[0m1970-01-01 00:00:04 | DEBUG | bmp_i2c_get_ctrl_meas:94 | readed ctr_meas register value: 0[0m
[0m1970-01-01 00:00:04 | DEBUG | bmp_i2c_calibrate:252 | reading BMP280 out calibration values...[0m
[0m1970-01-01 00:00:04 | DEBUG | tcp_socket_listen:253 | trying to listen on socket: 54[0m
[0m1970-01-01 00:00:04 | DEBUG | bmp_i2c_calibrate:272 | compensation values of BMP280 device updated:
	T1: 0x3f40018c
	T2: 0x3ffb3a20
	T3: 0x3f4002a0
	P1: 0x3f402938
	P2: 0x110
	P3: 0x3ffb3a20
	P4: 0x3f4002a0
	P5: 0x3f4029d4
	P6: 0x67036afd
	P7: 0x96300032
	P8: 0xbd0d6f7
	P9: 0xff7f1220 [0;32m1970-01-01 00:00:04 | INFO  | tcp_socket_listen:260 | [0m
listening on socket: 192.168.0.100:27015[0m
[0;32m1970-01-01 00:00:04 | INFO  | cli_set_remote_logging:63 | Connect to device on IP 192.168.0.100 with port 27015 to capture logs.[0m
[0;32m1970-01-01 00:00:04 | INFO  | bmp_init:444 | new BMP280 device ready to use![0m
[0m1970-01-01 00:00:04 | DEBUG | bmp_i2c_get_config:79 | readed config register value: 0[0m
[0m1970-01-01 00:00:04 | DEBUG | bmp_i2c_set_standby_time:173 | config register value changed to: 160[0m
[0m1970-01-01 00:00:04 | DEBUG | bmp_i2c_get_config:79 | readed config register value: 0XA0[0m
[0m1970-01-01 00:00:04 | DEBUG | bmp_i2c_set_iir_filter:237 | config register value of BMP280 device changed to: 0xa0[0m
[0m1970-01-01 00:00:04 | DEBUG | bmp_i2c_get_ctrl_meas:94 |
r[0;32m2024-02-03 18:27:08 | INFO  | switch_led_task:79 | CHANGED GPIO_2 LEVEL[0m
[0m2024-02-03 18:27:10 | DEBUG | inspect_task:92 | Currently available heap: 208500[0m
[0m2024-02-03 18:27:10 | DEBUG | inspect_task:93 | The minimum heap size that was ever available: 200896[0m
[0;32m2024-02-03 18:27:12 | INFO  | switch_led_task:79 | CHANGED GPIO_2 LEVEL[0m
[0m2024-02-03 18:27:15 | DEBUG | inspect_task:92 | Currently available heap: 208500[0m
[0m2024-02-03 18:27:15 | DEBUG | inspect_task:93 | The minimum heap size that was ever available: 200896[0m
[0;32m2024-02-03 18:27:16 | INFO  | switch_led_task:79 | CHANGED GPIO_2 LEVEL[0m
[0;32m2024-02-03 18:27:20 | INFO  | switch_led_task:79 | CHANGED GPIO_2 LEVEL[0m
[0m2024-02-03 18:27:20 | DEBUG | inspect_task:92 | Currently available heap: 208500[0m
[0m2024-02-03 18:27:20 | DEBUG | inspect_task:93 | The minimum heap size that was ever available: 200896[0m
