[0m1970-01-01 00:00:00 | DEBUG | wifi_c_init_netif:150 | netif initialized as STA[0m
I (826) wifi:wifi driver task: 3ffc02ec, prio:23, stack:6656, core=0
I (846) wifi:wifi firmware version: ce9244d
I (846) wifi:wifi certification version: v7.0
I (846) wifi:config NVS flash: enabled
I (846) wifi:config nano formating: disabled
I (856) wifi:Init data frame dynamic rx buffer num: 32
I (856) wifi:Init management frame dynamic rx buffer num: 32
I (856) wifi:Init management short buffer num: 32
I (866) wifi:Init dynamic tx buffer num: 32
I (866) wifi:Init static rx buffer size: 1600
I (876) wifi:Init static rx buffer num: 10
I (876) wifi:Init dynamic rx buffer num: 32
[0;32mI (886) wifi_init: rx ba win: 6[0m
[0;32mI (886) wifi_init: tcpip mbox: 32[0m
[0;32mI (886) wifi_init: udp mbox: 6[0m
[0;32mI (896) wifi_init: tcp mbox: 6[0m
[0;32mI (896) wifi_init: tcp tx win: 5744[0m
[0;32mI (896) wifi_init: tcp rx win: 5744[0m
[0;32mI (906) wifi_init: tcp mss: 1440[0m
[0;32mI (906) wifi_init: WiFi IRAM OP enabled[0m
[0;32mI (916) wifi_init: WiFi RX IRAM OP enabled[0m
[0;32m1970-01-01 00:00:00 | INFO  | wifi_c_init_wifi:241 | Wifi initialized.[0m
[0;32mI (926) phy_init: phy_version 4670,719f9f6,Feb 18 2021,17:07:07[0m
I (1046) wifi:mode : sta (c8:f0:9e:f8:01:a8)
I (1046) wifi:enable tsf
[0;32m1970-01-01 00:00:00 | INFO  | wifi_c_sta_event_handler:91 | Station started, connecting to WiFi.[0m
[0m1970-01-01 00:00:00 | DEBUG | wifi_c_init_wifi:245 | wifi successfully initialized[0m
[0m1970-01-01 00:00:00 | DEBUG | wifi_c_start_sta:366 | WiFi successfully configured as STA.[0m
I (3486) wifi:new:<11,2>, old:<1,0>, ap:<255,255>, sta:<11,2>, prof:1
I (4656) wifi:state: init -> auth (b0)
I (4656) wifi:state: auth -> assoc (0)
I (4666) wifi:state: assoc -> run (10)
I (4676) wifi:connected with TP-LINK_AD8313, aid = 6, channel 11, 40D, bssid = 84:16:f9:ad:83:12
I (4676) wifi:security: WPA2-PSK, phy: bgn, rssi: -57
I (4686) wifi:pm start, type: 1

I (4686) wifi:AP's beacon interval = 102400 us, DTIM period = 1
I (5716) wifi:<ba-add>idx:0 (ifx:0, 84:16:f9:ad:83:12), tid:0, ssn:0, winSize:64
[0;32m1970-01-01 00:00:06 | INFO  | wifi_c_sta_event_handler:105 | Got IP:192.168.0.107[0m
[0;32mI (6696) esp_netif_handlers: sta ip: 192.168.0.107, mask: 255.255.255.0, gw: 192.168.0.1[0m
[0m1970-01-01 00:00:06 | DEBUG | wifi_c_check_sta_connection_result:117 | WIFI_C_CONNECTED_BIT is set![0m
[0;32m1970-01-01 00:00:06 | INFO  | app_main:121 | Connected to wifi, current ip: 192.168.0.107[0m
[0;32m1970-01-01 00:00:06 | INFO  | set_csb_and_sdo_to_high:96 | GPIO_NUM_3 level: 0[0m
[0;32m1970-01-01 00:00:06 | INFO  | set_csb_and_sdo_to_high:97 | GPIO_NUM_2 level: 0[0m
[0;32m1970-01-01 00:00:06 | INFO  | bmp_init:427 | preparing new BMP280 device...[0m
[0;32mI (6746) main_task: Returned from app_main()[0m
[0m1970-01-01 00:00:06 | DEBUG | inspect_task:79 | Currently available heap: 226248[0m
[0m1970-01-01 00:00:06 | DEBUG | bmp_i2c_identify_chip:283 | Trying to find BMP280 device on bus with 0x77 address...[0m
[0m1970-01-01 00:00:06 | DEBUG | inspect_task:80 | The minimum heap size that was ever available: 220608[0m
[0m1970-01-01 00:00:06 | DEBUG | i2c_c_set_device_addr:115 | changed device address from 0 to 0XEE[0m
[0;31m1970-01-01 00:00:06 | ERROR | lib/i2c_controller/src/i2c_controller.c:144 | i2c_c_read:144 | error -1 during reading registers on I2C: ESP_FAIL[0m
[0m1970-01-01 00:00:06 | DEBUG | bmp_i2c_identify_chip:296 | BMP280 device with 0x77 address not found on bus, trying 0x76 address...[0m
[0m1970-01-01 00:00:06 | DEBUG | i2c_c_set_device_addr:115 | changed device address from 0XEE to 0XEC[0m
[0;31m1970-01-01 00:00:06 | ERROR | lib/i2c_controller/src/i2c_controller.c:144 | i2c_c_read:144 | error -1 during reading registers on I2C: ESP_FAIL[0m
[0;33m1970-01-01 00:00:06 | WARN  | lib/bmp280/src/bmp280.c:308 | bmp_i2c_identify_chip:308 | no BMP280 device found on bus![0m
[0m1970-01-01 00:00:06 | DEBUG | i2c_c_set_device_addr:115 | changed device address from 0XEC to 0[0m
[0m1970-01-01 00:00:06 | DEBUG | bmp_i2c_identify_chip:283 | Trying to find BMP280 device on bus with 0x77 address...[0m
[0m1970-01-01 00:00:06 | DEBUG | i2c_c_set_device_addr:115 | changed device address from 0 to 0XEE[0m
[0;31m1970-01-01 00:00:06 | ERROR | lib/i2c_controller/src/i2c_controller.c:144 | i2c_c_read:144 | error -1 during reading registers on I2C: ESP_FAIL[0m
[0m1970-01-01 00:00:06 | DEBUG | bmp_i2c_identify_chip:296 | BMP280 device with 0x77 address not found on bus, trying 0x76 address...[0m
[0m1970-01-01 00:00:06 | DEBUG | i2c_c_set_device_addr:115 | changed device address from 0XEE to 0XEC[0m
[0;31m1970-01-01 00:00:06 | ERROR | lib/i2c_controller/src/i2c_controller.c:144 | i2c_c_read:144 | error -1 during reading registers on I2C: ESP_FAIL[0m
[0;33m1970-01-01 00:00:06 | WARN  | lib/bmp280/src/bmp280.c:308 | bmp_i2c_identify_chip:308 | no BMP280 device found on bus![0m
[0m1970-01-01 00:00:06 | DEBUG | i2c_c_set_device_addr:115 | changed device address from 0XEC to 0[0m
[0;31m1970-01-01 00:00:06 | ERROR | lib/bmp280/src/bmp280.c:449 | bmp_init:449 | no BMP280 device was found[0m
[0;31m1970-01-01 00:00:06 | ERROR | src/main.c     :50 | read_temperature_task:50 | BMP280 device not found[0m
[0;31m1970-01-01 00:00:06 | ERROR | lib/bmp280/src/bmp280.c:403 | bmp_configure:403 | BMP device handle cannot be NULL[0m
[0;31m1970-01-01 00:00:06 | ERROR | src/main.c     :55 | read_temperature_task:55 | cannot configure BMP280 device[0m
Guru Meditation Error: Core  0 panic'ed (LoadProhibited). Exception was unhandled.

Core  0 register dump:
PC      : 0x4016c7eb  PS      : 0x00060430  A0      : 0x800d2b35  A1      : 0x3ffc7480  
A2      : 0x00000000  A3      : 0x3f4001c8  A4      : 0x3f4001c0  A5      : 0x3ffb3828  
A6      : 0x3f4001b8  A7      : 0x3f4004bc  A8      : 0x800d309e  A9      : 0x3ffc7420  
A10     : 0x00000040  A11     : 0x3f4001c8  A12     : 0x3ffc7480  A13     : 0x3ffc7460  
A14     : 0x00000008  A15     : 0x3f401090  SAR     : 0x00000004  EXCCAUSE: 0x0000001c  
EXCVADDR: 0x00000000  LBEG    : 0x400014fd  LEND    : 0x4000150d  LCOUNT  : 0xfffffffa  


Backtrace: 0x4016c7e8:0x3ffc7480 0x400d2b32:0x3ffc74a0 0x4008cbbd:0x3ffc7600

  #0  0x4016c7e8:0x3ffc7480 in bmp_get_i2c_addr at lib/bmp280/src/bmp280.c:49
  #1  0x400d2b32:0x3ffc74a0 in read_temperature_task at src/main.c:58
  #2  0x4008cbbd:0x3ffc7600 in vPortTaskWrapper at /home/wmytych/.platformio/packages/framework-espidf/components/freertos/FreeRTOS-Kernel/portable/xtensa/port.c:162




ELF file SHA256: 3d58e0870c34549a

Rebooting...
ets Jul 29 2019 12:21:46

rst:0xc (SW_CPU_RESET),boot:0x13 (SPI_FAST_FLASH_BOOT)
configsip: 0, SPIWP:0xee
clk_drv:0x00,q_drv:0x00,d_drv:0x00,cs0_drv:0x00,hd_drv:0x00,wp_drv:0x00
mode:DIO, clock div:2
load:0x3fff0030,len:7076
load:0x40078000,len:15584
ho 0 tail 12 room 4
load:0x40080400,len:4
load:0x40080404,len:3876
entry 0x4008064c
[0;32mI (31) boot: ESP-IDF 5.1.1 2nd stage bootloader[0m
[0;32mI (31) boot: compile time Jan 13 2024 16:04:13[0m
[0;32mI (31) boot: Multicore bootloader[0m
[0;32mI (35) boot: chip revision: v3.0[0m
[0;32mI (39) boot.esp32: SPI Speed      : 40MHz[0m
[0;32mI (44) boot.esp32: SPI Mode       : DIO[0m
[0;32mI (48) boot.esp32: SPI Flash Size : 4MB[0m
[0;32mI (53) boot: Enabling RNG early entropy source...[0m
[0;32mI (58) boot: Partition Table:[0m
[0;32mI (62) boot: ## Label            Usage          Type ST Offset   Length[0m
[0;32mI (69) boot:  0 nvs              WiFi data        01 02 00009000 00004000[0m
[0;32mI (76) boot:  1 otadata          OTA data         01 00 0000d000 00002000[0m
[0;32mI (84) boot:  2 phy_init         RF data          01 01 0000f000 00001000[0m
[0;32mI (91) boot:  3 factory          OTA app          00 10 00010000 00100000[0m
[0;32mI (99) boot:  4 ota_1            OTA app          00 11 00110000 00100000[0m
[0;32mI (106) boot:  5 storage          Unknown data     01 82 00210000 000f0000[0m
[0;32mI (114) boot: End of partition table[0m
[0;32mI (118) esp_image: segment 0: paddr=00010020 vaddr=3f400020 size=282e4h (164580) map[0m
[0;32mI (186) esp_image: segment 1: paddr=0003830c vaddr=3ffb0000 size=03828h ( 14376) load[0m
[0;32mI (192) esp_image: segment 2: paddr=0003bb3c vaddr=40080000 size=044dch ( 17628) load[0m
[0;32mI (200) esp_image: segment 3: paddr=00040020 vaddr=400d0020 size=a4578h (673144) map[0m
[0;32mI (443) esp_image: segment 4: paddr=000e45a0 vaddr=400844dc size=127c0h ( 75712) load[0m
[0;32mI (487) boot: Loaded app from partition at offset 0x10000[0m
[0;32mI (487) boot: Disabling RNG early entropy source...[0m
[0;32mI (498) cpu_start: Multicore app[0m
[0;32mI (499) cpu_start: Pro cpu up.[0m
[0;32mI (499) cpu_start: Starting app cpu, entry point is 0x40081f94[0m
[0;32mI (486) cpu_start: App cpu up.[0m
[0;32mI (517) cpu_start: Pro cpu start user code[0m
[0;32mI (517) cpu_start: cpu freq: 160000000 Hz[0m
[0;32mI (517) cpu_start: Application information:[0m
[0;32mI (521) cpu_start: Project name:     esp_startup[0m
[0;32mI (527) cpu_start: App version:      b66229a-dirty[0m
[0;32mI (532) cpu_start: Compile time:     Jan 13 2024 16:01:43[0m
[0;32mI (538) cpu_start: ELF file SHA256:  3d58e0870c34549a...[0m
[0;32mI (544) cpu_start: ESP-IDF:          5.1.1[0m
[0;32mI (549) cpu_start: Min chip rev:     v0.0[0m
[0;32mI (554) cpu_start: Max chip rev:     v3.99 [0m
[0;32mI (558) cpu_start: Chip rev:         v3.0[0m
[0;32mI (563) heap_init: Initializing. RAM available for dynamic allocation:[0m
[0;32mI (571) heap_init: At 3FFAE6E0 len 00001920 (6 KiB): DRAM[0m
[0;32mI (576) heap_init: At 3FFB80E0 len 00027F20 (159 KiB): DRAM[0m
[0;32mI (583) heap_init: At 3FFE0440 len 00003AE0 (14 KiB): D/IRAM[0m
[0;32mI (589) heap_init: At 3FFE4350 len 0001BCB0 (111 KiB): D/IRAM[0m
[0;32mI (596) heap_init: At 40096C9C len 00009364 (36 KiB): IRAM[0m
[0;32mI (603) spi_flash: detected chip: generic[0m
[0;32mI (606) spi_flash: flash io: dio[0m
[0;32mI (611) app_start: Starting scheduler on CPU0[0m
[0;32mI (615) app_start: Starting scheduler on CPU1[0m
[0;32mI (615) main_task: Started on CPU0[0m
[0;32mI (625) main_task: Calling app_main()[0m
[0m1970-01-01 00:00:07 | DEBUG | wifi_c_init_netif:150 | netif initialized as STA[0m
I (775) wifi:wifi driver task: 3ffc02ec, prio:23, stack:6656, core=0
I (795) wifi:wifi firmware version: ce9244d
I (795) wifi:wifi certification version: v7.0
I (795) wifi:config NVS flash: enabled
I (795) wifi:config nano formating: disabled
I (805) wifi:Init data frame dynamic rx buffer num: 32
I (805) wifi:Init management frame dynamic rx buffer num: 32
I (805) wifi:Init management short buffer num: 32
I (815) wifi:Init dynamic tx buffer num: 32
I (815) wifi:Init static rx buffer size: 1600
I (825) wifi:Init static rx buffer num: 10
I (825) wifi:Init dynamic rx buffer num: 32
[0;32mI (835) wifi_init: rx ba win: 6[0m
[0;32mI (835) wifi_init: tcpip mbox: 32[0m
[0;32mI (835) wifi_init: udp mbox: 6[0m
[0;32mI (845) wifi_init: tcp mbox: 6[0m
[0;32mI (845) wifi_init: tcp tx win: 5744[0m
[0;32mI (845) wifi_init: tcp rx win: 5744[0m
[0;32mI (855) wifi_init: tcp mss: 1440[0m
[0;32mI (855) wifi_init: WiFi IRAM OP enabled[0m
[0;32mI (865) wifi_init: WiFi RX IRAM OP enabled[0m
[0;32m1970-01-01 00:00:07 | INFO  | wifi_c_init_wifi:241 | Wifi initialized.[0m
[0;32mI (875) phy_init: phy_version 4670,719f9f6,Feb 18 2021,17:07:07[0m
I (995) wifi:mode : sta (c8:f0:9e:f8:01:a8)
I (995) wifi:enable tsf
[0;32m1970-01-01 00:00:07 | INFO  | wifi_c_sta_event_handler:91 | Station started, connecting to WiFi.[0m
[0m1970-01-01 00:00:07 | DEBUG | wifi_c_init_wifi:245 | wifi successfully initialized[0m
[0m1970-01-01 00:00:07 | DEBUG | wifi_c_start_sta:366 | WiFi successfully configured as STA.[0m
I (3435) wifi:new:<11,2>, old:<1,0>, ap:<255,255>, sta:<11,2>, prof:1
I (4615) wifi:state: init -> auth (b0)
I (4615) wifi:state: auth -> assoc (0)
I (4625) wifi:state: assoc -> run (10)
I (4635) wifi:connected with TP-LINK_AD8313, aid = 6, channel 11, 40D, bssid = 84:16:f9:ad:83:12
I (4635) wifi:security: WPA2-PSK, phy: bgn, rssi: -55
I (4645) wifi:pm start, type: 1

I (4655) wifi:<ba-add>idx:0 (ifx:0, 84:16:f9:ad:83:12), tid:0, ssn:0, winSize:64
I (4685) wifi:AP's beacon interval = 102400 us, DTIM period = 1
[0;32m1970-01-01 00:00:12 | INFO  | wifi_c_sta_event_handler:105 | Got IP:192.168.0.107[0m
[0;32mI (5645) esp_netif_handlers: sta ip: 192.168.0.107, mask: 255.255.255.0, gw: 192.168.0.1[0m
[0m1970-01-01 00:00:12 | DEBUG | wifi_c_check_sta_connection_result:117 | WIFI_C_CONNECTED_BIT is set![0m
[0;32m1970-01-01 00:00:12 | INFO  | app_main:121 | Connected to wifi, current ip: 192.168.0.107[0m
[0;32m1970-01-01 00:00:12 | INFO  | set_csb_and_sdo_to_high:96 | GPIO_NUM_3 level: 0[0m
[0;32m1970-01-01 00:00:12 | INFO  | set_csb_and_sdo_to_high:97 | GPIO_NUM_2 level: 0[0m
[0;32m1970-01-01 00:00:12 | INFO  | bmp_init:427 | preparing new BMP280 device...[0m
[0;32mI (5695) main_task: Returned from app_main()[0m
[0m1970-01-01 00:00:12 | DEBUG | inspect_task:79 | Currently available heap: 226248[0m
[0m1970-01-01 00:00:12 | DEBUG | bmp_i2c_identify_chip:283 | Trying to find BMP280 device on bus with 0x77 address...[0m
[0m1970-01-01 00:00:12 | DEBUG | inspect_task:80 | The minimum heap size that was ever available: 217208[0m
[0m1970-01-01 00:00:12 | DEBUG | i2c_c_set_device_addr:115 | changed device address from 0 to 0XEE[0m
[0;31m1970-01-01 00:00:12 | ERROR | lib/i2c_controller/src/i2c_controller.c:144 | i2c_c_read:144 | error -1 during reading registers on I2C: ESP_FAIL[0m
[0m1970-01-01 00:00:12 | DEBUG | bmp_i2c_identify_chip:296 | BMP280 device with 0x77 address not found on bus, trying 0x76 address...[0m
[0m1970-01-01 00:00:12 | DEBUG | i2c_c_set_device_addr:115 | changed device address from 0XEE to 0XEC[0m
[0;31m1970-01-01 00:00:12 | ERROR | lib/i2c_controller/src/i2c_controller.c:144 | i2c_c_read:144 | error -1 during reading registers on I2C: ESP_FAIL[0m
[0;33m1970-01-01 00:00:12 | WARN  | lib/bmp280/src/bmp280.c:308 | bmp_i2c_identify_chip:308 | no BMP280 device found on bus![0m
[0m1970-01-01 00:00:12 | DEBUG | i2c_c_set_device_addr:115 | changed device address from 0XEC to 0[0m
[0m1970-01-01 00:00:12 | DEBUG | bmp_i2c_identify_chip:283 | Trying to find BMP280 device on bus with 0x77 address...[0m
[0m1970-01-01 00:00:12 | DEBUG | i2c_c_set_device_addr:115 | changed device address from 0 to 0XEE[0m
[0;31m1970-01-01 00:00:12 | ERROR | lib/i2c_controller/src/i2c_controller.c:144 | i2c_c_read:144 | error -1 during reading registers on I2C: ESP_FAIL[0m
[0m1970-01-01 00:00:12 | DEBUG | bmp_i2c_identify_chip:296 | BMP280 device with 0x77 address not found on bus, trying 0x76 address...[0m
[0m1970-01-01 00:00:12 | DEBUG | i2c_c_set_device_addr:115 | changed device address from 0XEE to 0XEC[0m
[0;31m1970-01-01 00:00:12 | ERROR | lib/i2c_controller/src/i2c_controller.c:144 | i2c_c_read:144 | error -1 during reading registers on I2C: ESP_FAIL[0m
[0;33m1970-01-01 00:00:12 | WARN  | lib/bmp280/src/bmp280.c:308 | bmp_i2c_identify_chip:308 | no BMP280 device found on bus![0m
[0m1970-01-01 00:00:12 | DEBUG | i2c_c_set_device_addr:115 | changed device address from 0XEC to 0[0m
[0;31m1970-01-01 00:00:12 | ERROR | lib/bmp280/src/bmp280.c:449 | bmp_init:449 | no BMP280 device was found[0m
[0;31m1970-01-01 00:00:12 | ERROR | src/main.c     :50 | read_temperature_task:50 | BMP280 device not found[0m
[0;31m1970-01-01 00:00:12 | ERROR | lib/bmp280/src/bmp280.c:403 | bmp_configure:403 | BMP device handle cannot be NULL[0m
[0;31m1970-01-01 00:00:12 | ERROR | src/main.c     :55 | read_temperature_task:55 | cannot configure BMP280 device[0m
Guru Meditation Error: Core  1 panic'ed (LoadProhibited). Exception was unhandled.

Core  1 register dump:
PC      : 0x4016c7eb  PS      : 0x00060330  A0      : 0x800d2b35  A1      : 0x3ffc7480  
A2      : 0x00000000  A3      : 0x3f4001c8  A4      : 0x3f4001c0  A5      : 0x3ffb3828  
A6      : 0x3f4001b8  A7      : 0x3f4004bc  A8      : 0x800d309e  A9      : 0x3ffc7420  
A10     : 0x00000040  A11     : 0x3f4001c8  A12     : 0x3ffc7480  A13     : 0x3ffc7460  
A14     : 0x00000008  A15     : 0x3f401090  SAR     : 0x00000004  EXCCAUSE: 0x0000001c  
EXCVADDR: 0x00000000  LBEG    : 0x400014fd  LEND    : 0x4000150d  LCOUNT  : 0xfffffffa  


Backtrace: 0x4016c7e8:0x3ffc7480 0x400d2b32:0x3ffc74a0 0x4008cbbd:0x3ffc7600

  #0  0x4016c7e8:0x3ffc7480 in bmp_get_i2c_addr at lib/bmp280/src/bmp280.c:49
  #1  0x400d2b32:0x3ffc74a0 in read_temperature_task at src/main.c:58
  #2  0x4008cbbd:0x3ffc7600 in vPortTaskWrapper at /home/wmytych/.platformio/packages/framework-espidf/components/freertos/FreeRTOS-Kernel/portable/xtensa/port.c:162




ELF file SHA256: 3d58e0870c34549a

Rebooting...
ets Jul 29 2019 12:21:46

rst:0xc (SW_CPU_RESET),boot:0x13 (SPI_FAST_FLASH_BOOT)
configsip: 0, SPIWP:0xee
clk_drv:0x00,q_drv:0x00,d_drv:0x00,cs0_drv:0x00,hd_drv:0x00,wp_drv:0x00
mode:DIO, clock div:2
load:0x3fff0030,len:7076
load:0x40078000,len:15584
ho 0 tail 12 room 4
load:0x40080400,len:4
load:0x40080404,len:3876
entry 0x4008064c
[0;32mI (31) boot: ESP-IDF 5.1.1 2nd stage bootloader[0m
[0;32mI (31) boot: compile time Jan 13 2024 16:04:13[0m
[0;32mI (31) boot: Multicore bootloader[0m
[0;32mI (35) boot: chip revision: v3.0[0m
[0;32mI (39) boot.esp32: SPI Speed      : 40MHz[0m
[0;32mI (44) boot.esp32: SPI Mode       : DIO[0m
[0;32mI (48) boot.esp32: SPI Flash Size : 4MB[0m
[0;32mI (53) boot: Enabling RNG early entropy source...[0m
[0;32mI (58) boot: Partition Table:[0m
[0;32mI (62) boot: ## Label            Usage          Type ST Offset   Length[0m
[0;32mI (69) boot:  0 nvs              WiFi data        01 02 00009000 00004000[0m
[0;32mI (76) boot:  1 otadata          OTA data         01 00 0000d000 00002000[0m
[0;32mI (84) boot:  2 phy_init         RF data          01 01 0000f000 00001000[0m
[0;32mI (91) boot:  3 factory          OTA app          00 10 00010000 00100000[0m
[0;32mI (99) boot:  4 ota_1            OTA app          00 11 00110000 00100000[0m
[0;32mI (106) boot:  5 storage          Unknown data     01 82 00210000 000f0000[0m
[0;32mI (114) boot: End of partition table[0m
[0;32mI (118) esp_image: segment 0: paddr=00010020 vaddr=3f400020 size=282e4h (164580) map[0m
[0;32mI (186) esp_image: segment 1: paddr=0003830c vaddr=3ffb0000 size=03828h ( 14376) load[0m
[0;32mI (192) esp_image: segment 2: paddr=0003bb3c vaddr=40080000 size=044dch ( 17628) load[0m
[0;32mI (200) esp_image: segment 3: paddr=00040020 vaddr=400d0020 size=a4578h (673144) map[0m
[0;32mI (443) esp_image: segment 4: paddr=000e45a0 vaddr=400844dc size=127c0h ( 75712) load[0m
[0;32mI (487) boot: Loaded app from partition at offset 0x10000[0m
[0;32mI (487) boot: Disabling RNG early entropy source...[0m
[0;32mI (498) cpu_start: Multicore app[0m
[0;32mI (498) cpu_start: Pro cpu up.[0m
[0;32mI (499) cpu_start: Starting app cpu, entry point is 0x40081f94[0m
[0;32mI (486) cpu_start: App cpu up.[0m
[0;32mI (517) cpu_start: Pro cpu start user code[0m
[0;32mI (517) cpu_start: cpu freq: 160000000 Hz[0m
[0;32mI (517) cpu_start: Application information:[0m
[0;32mI (521) cpu_start: Project name:     esp_startup[0m
[0;32mI (527) cpu_start: App version:      b66229a-dirty[0m
[0;32mI (532) cpu_start: Compile time:     Jan 13 2024 16:01:43[0m
[0;32mI (538) cpu_start: ELF file SHA256:  3d58e0870c34549a...[0m
[0;32mI (544) cpu_start: ESP-IDF:          5.1.1[0m
[0;32mI (549) cpu_start: Min chip rev:     v0.0[0m
[0;32mI (554) cpu_start: Max chip rev:     v3.99 [0m
[0;32mI (558) cpu_start: Chip rev:         v3.0[0m
[0;32mI (563) heap_init: Initializing. RAM available for dynamic allocation:[0m
[0;32mI (571) heap_init: At 3FFAE6E0 len 00001920 (6 KiB): DRAM[0m
[0;32mI (576) heap_init: At 3FFB80E0 len 00027F20 (159 KiB): DRAM[0m
[0;32mI (583) heap_init: At 3FFE0440 len 00003AE0 (14 KiB): D/IRAM[0m
[0;32mI (589) heap_init: At 3FFE4350 len 0001BCB0 (111 KiB): D/IRAM[0m
[0;32mI (596) heap_init: At 40096C9C len 00009364 (36 KiB): IRAM[0m
[0;32mI (603) spi_flash: detected chip: generic[0m
[0;32mI (606) spi_flash: flash io: dio[0m
[0;32mI (611) app_start: Starting scheduler on CPU0[0m
[0;32mI (615) app_start: Starting scheduler on CPU1[0m
[0;32mI (615) main_task: Started on CPU0[0m
[0;32mI (625) main_task: Calling app_main()[0m
[0m1970-01-01 00:00:13 | DEBUG | wifi_c_init_netif:150 | netif initialized as STA[0m
I (775) wifi:wifi driver task: 3ffc02ec, prio:23, stack:6656, core=0
I (795) wifi:wifi firmware version: ce9244d
I (795) wifi:wifi certification version: v7.0
I (795) wifi:config NVS flash: enabled
I (795) wifi:config nano formating: disabled
I (805) wifi:Init data frame dynamic rx buffer num: 32
I (805) wifi:Init management frame dynamic rx buffer num: 32
I (805) wifi:Init management short buffer num: 32
I (815) wifi:Init dynamic tx buffer num: 32
I (815) wifi:Init static rx buffer size: 1600
I (825) wifi:Init static rx buffer num: 10
I (825) wifi:Init dynamic rx buffer num: 32
[0;32mI (835) wifi_init: rx ba win: 6[0m
[0;32mI (835) wifi_init: tcpip mbox: 32[0m
[0;32mI (835) wifi_init: udp mbox: 6[0m
[0;32mI (845) wifi_init: tcp mbox: 6[0m
[0;32mI (845) wifi_init: tcp tx win: 5744[0m
[0;32mI (845) wifi_init: tcp rx win: 5744[0m
[0;32mI (855) wifi_init: tcp mss: 1440[0m
[0;32mI (855) wifi_init: WiFi IRAM OP enabled[0m
[0;32mI (865) wifi_init: WiFi RX IRAM OP enabled[0m
[0;32m1970-01-01 00:00:13 | INFO  | wifi_c_init_wifi:241 | Wifi initialized.[0m
[0;32mI (875) phy_init: phy_version 4670,719f9f6,Feb 18 2021,17:07:07[0m
I (995) wifi:mode : sta (c8:f0:9e:f8:01:a8)
I (995) wifi:enable tsf
[0;32m1970-01-01 00:00:13 | INFO  | wifi_c_sta_event_handler:91 | Station started, connecting to WiFi.[0m
[0m1970-01-01 00:00:13 | DEBUG | wifi_c_init_wifi:245 | wifi successfully initialized[0m
[0m1970-01-01 00:00:13 | DEBUG | wifi_c_start_sta:366 | WiFi successfully configured as STA.[0m
I (3505) wifi:new:<11,2>, old:<1,0>, ap:<255,255>, sta:<11,2>, prof:1
I (4685) wifi:state: init -> auth (b0)
I (4685) wifi:state: auth -> assoc (0)
I (4695) wifi:state: assoc -> run (10)
I (4705) wifi:connected with TP-LINK_AD8313, aid = 6, channel 11, 40D, bssid = 84:16:f9:ad:83:12
I (4705) wifi:security: WPA2-PSK, phy: bgn, rssi: -53
I (4725) wifi:pm start, type: 1

I (4735) wifi:<ba-add>idx:0 (ifx:0, 84:16:f9:ad:83:12), tid:0, ssn:0, winSize:64
I (4805) wifi:AP's beacon interval = 102400 us, DTIM period = 1
[0;32m1970-01-01 00:00:18 | INFO  | wifi_c_sta_event_handler:105 | Got IP:192.168.0.107[0m
[0;32mI (5725) esp_netif_handlers: sta ip: 192.168.0.107, mask: 255.255.255.0, gw: 192.168.0.1[0m
[0m1970-01-01 00:00:18 | DEBUG | wifi_c_check_sta_connection_result:117 | WIFI_C_CONNECTED_BIT is set![0m
[0;32m1970-01-01 00:00:18 | INFO  | app_main:121 | Connected to wifi, current ip: 192.168.0.107[0m
[0;32m1970-01-01 00:00:18 | INFO  | set_csb_and_sdo_to_high:96 | GPIO_NUM_3 level: 0[0m
[0;32m1970-01-01 00:00:18 | INFO  | set_csb_and_sdo_to_high:97 | GPIO_NUM_2 level: 0[0m
[0;32m1970-01-01 00:00:18 | INFO  | bmp_init:427 | preparing new BMP280 device...[0m
[0;32mI (5775) main_task: Returned from app_main()[0m
[0m1970-01-01 00:00:18 | DEBUG | inspect_task:79 | Currently available heap: 226248[0m
[0m1970-01-01 00:00:18 | DEBUG | bmp_i2c_identify_chip:283 | Trying to find BMP280 device on bus with 0x77 address...[0m
[0m1970-01-01 00:00:18 | DEBUG | inspect_task:80 | The minimum heap size that was ever available: 218908[0m
[0m1970-01-01 00:00:18 | DEBUG | i2c_c_set_device_addr:115 | changed device address from 0 to 0XEE[0m
[0;31m1970-01-01 00:00:18 | ERROR | lib/i2c_controller/src/i2c_controller.c:144 | i2c_c_read:144 | error -1 during reading registers on I2C: ESP_FAIL[0m
[0m1970-01-01 00:00:18 | DEBUG | bmp_i2c_identify_chip:296 | BMP280 device with 0x77 address not found on bus, trying 0x76 address...[0m
[0m1970-01-01 00:00:18 | DEBUG | i2c_c_set_device_addr:115 | changed device address from 0XEE to 0XEC[0m
[0;31m1970-01-01 00:00:18 | ERROR | lib/i2c_controller/src/i2c_controller.c:144 | i2c_c_read:144 | error -1 during reading registers on I2C: ESP_FAIL[0m
[0;33m1970-01-01 00:00:18 | WARN  | lib/bmp280/src/bmp280.c:308 | bmp_i2c_identify_chip:308 | no BMP280 device found on bus![0m
[0m1970-01-01 00:00:18 | DEBUG | i2c_c_set_device_addr:115 | changed device address from 0XEC to 0[0m
[0m1970-01-01 00:00:18 | DEBUG | bmp_i2c_identify_chip:283 | Trying to find BMP280 device on bus with 0x77 address...[0m
[0m1970-01-01 00:00:18 | DEBUG | i2c_c_set_device_addr:115 | changed device address from 0 to 0XEE[0m
I (5895) wifi:<ba-add>idx:1 (ifx:0, 84:16:f9:ad:83:12), tid:5, ssn:0, winSize:64
[0;31m1970-01-01 00:00:18 | ERROR | lib/i2c_controller/src/i2c_controller.c:144 | i2c_c_read:144 | error -1 during reading registers on I2C: ESP_FAIL[0m
[0m2024-01-13 20:14:07 | DEBUG | bmp_i2c_identify_chip:296 | BMP280 device with 0x77 address not found on bus, trying 0x76 address...[0m
[0m2024-01-13 20:14:07 | DEBUG | i2c_c_set_device_addr:115 | changed device address from 0XEE to 0XEC[0m
[0;31m2024-01-13 20:14:07 | ERROR | lib/i2c_controller/src/i2c_controller.c:144 | i2c_c_read:144 | error -1 during reading registers on I2C: ESP_FAIL[0m
[0;33m2024-01-13 20:14:07 | WARN  | lib/bmp280/src/bmp280.c:308 | bmp_i2c_identify_chip:308 | no BMP280 device found on bus![0m
[0m2024-01-13 20:14:07 | DEBUG | i2c_c_set_device_addr:115 | changed device address from 0XEC to 0[0m
[0;31m2024-01-13 20:14:07 | ERROR | lib/bmp280/src/bmp280.c:449 | bmp_init:449 | no BMP280 device was found[0m
[0;31m2024-01-13 20:14:07 | ERROR | src/main.c     :50 | read_temperature_task:50 | BMP280 device not found[0m
[0;31m2024-01-13 20:14:07 | ERROR | lib/bmp280/src/bmp280.c:403 | bmp_configure:403 | BMP device handle cannot be NULL[0m
[0;31m2024-01-13 20:14:07 | ERROR | src/main.c     :55 | read_temperature_task:55 | cannot configure BMP280 device[0m
Guru Meditation Error: Core  0 panic'ed (LoadProhibited). Exception was unhandled.

Core  0 register dump:
PC      : 0x4016c7eb  PS      : 0x00060030  A0      : 0x800d2b35  A1      : 0x3ffc7510  
A2      : 0x00000000  A3      : 0x3f4001c8  A4      : 0x3f4001c0  A5      : 0x3ffb3828  
A6      : 0x3f4001b8  A7      : 0x3f4004bc  A8      : 0x800d309e  A9      : 0x3ffc74b0  
A10     : 0x00000040  A11     : 0x3f4001c8  A12     : 0x3ffc7510  A13     : 0x3ffc74f0  
A14     : 0x00000008  A15     : 0x3f401090  SAR     : 0x00000004  EXCCAUSE: 0x0000001c  
EXCVADDR: 0x00000000  LBEG    : 0x400014fd  LEND    : 0x4000150d  LCOUNT  : 0xfffffffa  


Backtrace: 0x4016c7e8:0x3ffc7510 0x400d2b32:0x3ffc7530 0x4008cbbd:0x3ffc7690

  #0  0x4016c7e8:0x3ffc7510 in bmp_get_i2c_addr at lib/bmp280/src/bmp280.c:49
  #1  0x400d2b32:0x3ffc7530 in read_temperature_task at src/main.c:58
  #2  0x4008cbbd:0x3ffc7690 in vPortTaskWrapper at /home/wmytych/.platformio/packages/framework-espidf/components/freertos/FreeRTOS-Kernel/portable/xtensa/port.c:162




ELF file SHA256: 3d58e0870c34549a

Rebooting...
ets Jul 29 2019 12:21:46

rst:0xc (SW_CPU_RESET),boot:0x13 (SPI_FAST_FLASH_BOOT)
configsip: 0, SPIWP:0xee
clk_drv:0x00,q_drv:0x00,d_drv:0x00,cs0_drv:0x00,hd_drv:0x00,wp_drv:0x00
mode:DIO, clock div:2
load:0x3fff0030,len:7076
load:0x40078000,len:15584
ho 0 tail 12 room 4
load:0x40080400,len:4
load:0x40080404,len:3876
entry 0x4008064c
[0;32mI (31) boot: ESP-IDF 5.1.1 2nd stage bootloader[0m
[0;32mI (31) boot: compile time Jan 13 2024 16:04:13[0m
[0;32mI (31) boot: Multicore bootloader[0m
[0;32mI (35) boot: chip revision: v3.0[0m
[0;32mI (39) boot.esp32: SPI Speed      : 40MHz[0m
[0;32mI (44) boot.esp32: SPI Mode       : DIO[0m
[0;32mI (48) boot.esp32: SPI Flash Size : 4MB[0m
[0;32mI (53) boot: Enabling RNG early entropy source...[0m
[0;32mI (58) boot: Partition Table:[0m
[0;32mI (62) boot: ## Label            Usage          Type ST Offset   Length[0m
[0;32mI (69) boot:  0 nvs              WiFi data        01 02 00009000 00004000[0m
[0;32mI (76) boot:  1 otadata          OTA data         01 00 0000d000 00002000[0m
[0;32mI (84) boot:  2 phy_init         RF data          01 01 0000f000 00001000[0m
[0;32mI (91) boot:  3 factory          OTA app          00 10 00010000 00100000[0m
[0;32mI (99) boot:  4 ota_1            OTA app          00 11 00110000 00100000[0m
[0;32mI (106) boot:  5 storage          Unknown data     01 82 00210000 000f0000[0m
[0;32mI (114) boot: End of partition table[0m
[0;32mI (118) esp_image: segment 0: paddr=00010020 vaddr=3f400020 size=282e4h (164580) map[0m
[0;32mI (186) esp_image: segment 1: paddr=0003830c vaddr=3ffb0000 size=03828h ( 14376) load[0m
[0;32mI (192) esp_image: segment 2: paddr=0003bb3c vaddr=40080000 size=044dch ( 17628) load[0m
[0;32mI (200) esp_image: segment 3: paddr=00040020 vaddr=400d0020 size=a4578h (673144) map[0m
[0;32mI (443) esp_image: segment 4: paddr=000e45a0 vaddr=400844dc size=127c0h ( 75712) load[0m
[0;32mI (487) boot: Loaded app from partition at offset 0x10000[0m
[0;32mI (487) boot: Disabling RNG early entropy source...[0m
[0;32mI (498) cpu_start: Multicore app[0m
[0;32mI (499) cpu_start: Pro cpu up.[0m
[0;32mI (499) cpu_start: Starting app cpu, entry point is 0x40081f94[0m
[0;32mI (486) cpu_start: App cpu up.[0m
[0;32mI (517) cpu_start: Pro cpu start user code[0m
[0;32mI (517) cpu_start: cpu freq: 160000000 Hz[0m
[0;32mI (517) cpu_start: Application information:[0m
[0;32mI (521) cpu_start: Project name:     esp_startup[0m
[0;32mI (527) cpu_start: App version:      b66229a-dirty[0m
[0;32mI (532) cpu_start: Compile time:     Jan 13 2024 16:01:43[0m
[0;32mI (538) cpu_start: ELF file SHA256:  3d58e0870c34549a...[0m
[0;32mI (544) cpu_start: ESP-IDF:          5.1.1[0m
[0;32mI (549) cpu_start: Min chip rev:     v0.0[0m
[0;32mI (554) cpu_start: Max chip rev:     v3.99 [0m
[0;32mI (558) cpu_start: Chip rev:         v3.0[0m
[0;32mI (563) heap_init: Initializing. RAM available for dynamic allocation:[0m
[0;32mI (571) heap_init: At 3FFAE6E0 len 00001920 (6 KiB): DRAM[0m
[0;32mI (576) heap_init: At 3FFB80E0 len 00027F20 (159 KiB): DRAM[0m
[0;32mI (583) heap_init: At 3FFE0440 len 00003AE0 (14 KiB): D/IRAM[0m
[0;32mI (589) heap_init: At 3FFE4350 len 0001BCB0 (111 KiB): D/IRAM[0m
[0;32mI (596) heap_init: At 40096C9C len 00009364 (36 KiB): IRAM[0m
[0;32mI (603) spi_flash: detected chip: generic[0m
[0;32mI (606) spi_flash: flash io: dio[0m
[0;32mI (611) app_start: Starting scheduler on CPU0[0m
[0;32mI (615) app_start: Starting scheduler on CPU1[0m
[0;32mI (615) main_task: Started on CPU0[0m
[0;32mI (625) main_task: Calling app_main()[0m
[0m2024-01-13 20:14:07 | DEBUG | wifi_c_init_netif:150 | netif initialized as STA[0m
I (775) wifi:wifi driver task: 3ffc02ec, prio:23, stack:6656, core=0
I (795) wifi:wifi firmware version: ce9244d
I (795) wifi:wifi certification version: v7.0
I (795) wifi:config NVS flash: enabled
I (795) wifi:config nano formating: disabled
I (805) wifi:Init data frame dynamic rx buffer num: 32
I (805) wifi:Init management frame dynamic rx buffer num: 32
I (805) wifi:Init management short buffer num: 32
I (815) wifi:Init dynamic tx buffer num: 32
I (815) wifi:Init static rx buffer size: 1600
I (825) wifi:Init static rx buffer num: 10
I (825) wifi:Init dynamic rx buffer num: 32
[0;32mI (835) wifi_init: rx ba win: 6[0m
[0;32mI (835) wifi_init: tcpip mbox: 32[0m
[0;32mI (835) wifi_init: udp mbox: 6[0m
[0;32mI (845) wifi_init: tcp mbox: 6[0m
[0;32mI (845) wifi_init: tcp tx win: 5744[0m
[0;32mI (845) wifi_init: tcp rx win: 5744[0m
[0;32mI (855) wifi_init: tcp mss: 1440[0m
[0;32mI (855) wifi_init: WiFi IRAM OP enabled[0m
[0;32mI (865) wifi_init: WiFi RX IRAM OP enabled[0m
[0;32m2024-01-13 20:14:08 | INFO  | wifi_c_init_wifi:241 | Wifi initialized.[0m
[0;32mI (875) phy_init: phy_version 4670,719f9f6,Feb 18 2021,17:07:07[0m
I (985) wifi:mode : sta (c8:f0:9e:f8:01:a8)
I (995) wifi:enable tsf
[0;32m2024-01-13 20:14:08 | INFO  | wifi_c_sta_event_handler:91 | Station started, connecting to WiFi.[0m
[0m2024-01-13 20:14:08 | DEBUG | wifi_c_init_wifi:245 | wifi successfully initialized[0m
[0m2024-01-13 20:14:08 | DEBUG | wifi_c_start_sta:366 | WiFi successfully configured as STA.[0m
I (3435) wifi:new:<11,2>, old:<1,0>, ap:<255,255>, sta:<11,2>, prof:1
I (4615) wifi:state: init -> auth (b0)
I (4615) wifi:state: auth -> assoc (0)
I (4625) wifi:state: assoc -> run (10)
I (4635) wifi:connected with TP-LINK_AD8313, aid = 6, channel 11, 40D, bssid = 84:16:f9:ad:83:12
I (4635) wifi:security: WPA2-PSK, phy: bgn, rssi: -53
I (4645) wifi:pm start, type: 1

I (4645) wifi:AP's beacon interval = 102400 us, DTIM period = 1
I (4655) wifi:<ba-add>idx:0 (ifx:0, 84:16:f9:ad:83:12), tid:0, ssn:0, winSize:64
[0;32m2024-01-13 20:14:12 | INFO  | wifi_c_sta_event_handler:105 | Got IP:192.168.0.107[0m
[0;32mI (5655) esp_netif_handlers: sta ip: 192.168.0.107, mask: 255.255.255.0, gw: 192.168.0.1[0m
[0m2024-01-13 20:14:12 | DEBUG | wifi_c_check_sta_connection_result:117 | WIFI_C_CONNECTED_BIT is set![0m
[0;32m2024-01-13 20:14:12 | INFO  | app_main:121 | Connected to wifi, current ip: 192.168.0.107[0m
[0;32m2024-01-13 20:14:12 | INFO  | set_csb_and_sdo_to_high:96 | GPIO_NUM_3 level: 0[0m
[0;32m2024-01-13 20:14:12 | INFO  | set_csb_and_sdo_to_high:97 | GPIO_NUM_2 level: 0[0m
[0;32m2024-01-13 20:14:12 | INFO  | bmp_init:427 | preparing new BMP280 device...[0m
[0;32mI (5705) main_task: Returned from app_main()[0m
[0m2024-01-13 20:14:12 | DEBUG | inspect_task:79 | Currently available heap: 226248[0m
[0m2024-01-13 20:14:12 | DEBUG | bmp_i2c_identify_chip:283 | Trying to find BMP280 device on bus with 0x77 address...[0m
[0m2024-01-13 20:14:12 | DEBUG | inspect_task:80 | The minimum heap size that was ever available: 217208[0m
[0m2024-01-13 20:14:12 | DEBUG | i2c_c_set_device_addr:115 | changed device address from 0 to 0XEE[0m
[0;31m2024-01-13 20:14:12 | ERROR | lib/i2c_controller/src/i2c_controller.c:144 | i2c_c_read:144 | error -1 during reading registers on I2C: ESP_FAIL[0m
[0m2024-01-13 20:14:12 | DEBUG | bmp_i2c_identify_chip:296 | BMP280 device with 0x77 address not found on bus, trying 0x76 address...[0m
[0m2024-01-13 20:14:12 | DEBUG | i2c_c_set_device_addr:115 | changed device address from 0XEE to 0XEC[0m
[0;31m2024-01-13 20:14:12 | ERROR | lib/i2c_controller/src/i2c_controller.c:144 | i2c_c_read:144 | error -1 during reading registers on I2C: ESP_FAIL[0m
[0;33m2024-01-13 20:14:12 | WARN  | lib/bmp280/src/bmp280.c:308 | bmp_i2c_identify_chip:308 | no BMP280 device found on bus![0m
[0m2024-01-13 20:14:12 | DEBUG | i2c_c_set_device_addr:115 | changed device address from 0XEC to 0[0m
[0m2024-01-13 20:14:12 | DEBUG | bmp_i2c_identify_chip:283 | Trying to find BMP280 device on bus with 0x77 address...[0m
[0m2024-01-13 20:14:13 | DEBUG | i2c_c_set_device_addr:115 | changed device address from 0 to 0XEE[0m
[0;31m2024-01-13 20:14:13 | ERROR | lib/i2c_controller/src/i2c_controller.c:144 | i2c_c_read:144 | error -1 during reading registers on I2C: ESP_FAIL[0m
[0m2024-01-13 20:14:13 | DEBUG | bmp_i2c_identify_chip:296 | BMP280 device with 0x77 address not found on bus, trying 0x76 address...[0m
[0m2024-01-13 20:14:13 | DEBUG | i2c_c_set_device_addr:115 | changed device address from 0XEE to 0XEC[0m
[0;31m2024-01-13 20:14:13 | ERROR | lib/i2c_controller/src/i2c_controller.c:144 | i2c_c_read:144 | error -1 during reading registers on I2C: ESP_FAIL[0m
[0;33m2024-01-13 20:14:13 | WARN  | lib/bmp280/src/bmp280.c:308 | bmp_i2c_identify_chip:308 | no BMP280 device found on bus![0m
[0m2024-01-13 20:14:13 | DEBUG | i2c_c_set_device_addr:115 | changed device address from 0XEC to 0[0m
[0;31m2024-01-13 20:14:13 | ERROR | lib/bmp280/src/bmp280.c:449 | bmp_init:449 | no BMP280 device was found[0m
[0;31m2024-01-13 20:14:13 | ERROR | src/main.c     :50 | read_temperature_task:50 | BMP280 device not found[0m
[0;31m2024-01-13 20:14:13 | ERROR | lib/bmp280/src/bmp280.c:403 | bmp_configure:403 | BMP device handle cannot be NULL[0m
[0;31m2024-01-13 20:14:13 | ERROR | src/main.c     :55 | read_temperature_task:55 | cannot configure BMP280 device[0m
Guru Meditation Error: Core  0 panic'ed (LoadProhibited). Exception was unhandled.

Core  0 register dump:
PC      : 0x4016c7eb  PS      : 0x00060430  A0      : 0x800d2b35  A1      : 0x3ffc7480  
A2      : 0x00000000  A3      : 0x3f4001c8  A4      : 0x3f4001c0  A5      : 0x3ffb3828  
A6      : 0x3f4001b8  A7      : 0x3f4004bc  A8      : 0x800d309e  A9      : 0x3ffc7420  
A10     : 0x00000040  A11     : 0x3f4001c8  A12     : 0x3ffc7480  A13     : 0x3ffc7460  
A14     : 0x00000008  A15     : 0x3f401090  SAR     : 0x00000004  EXCCAUSE: 0x0000001c  
EXCVADDR: 0x00000000  LBEG    : 0x400014fd  LEND    : 0x4000150d  LCOUNT  : 0xfffffffa  


Backtrace: 0x4016c7e8:0x3ffc7480 0x400d2b32:0x3ffc74a0 0x4008cbbd:0x3ffc7600

  #0  0x4016c7e8:0x3ffc7480 in bmp_get_i2c_addr at lib/bmp280/src/bmp280.c:49
  #1  0x400d2b32:0x3ffc74a0 in read_temperature_task at src/main.c:58
  #2  0x4008cbbd:0x3ffc7600 in vPortTaskWrapper at /home/wmytych/.platformio/packages/framework-espidf/components/freertos/FreeRTOS-Kernel/portable/xtensa/port.c:162




ELF file SHA256: 3d58e0870c34549a

Rebooting...
ets Jul 29 2019 12:21:46

rst:0xc (SW_CPU_RESET),boot:0x13 (SPI_FAST_FLASH_BOOT)
configsip: 0, SPIWP:0xee
clk_drv:0x00,q_drv:0x00,d_drv:0x00,cs0_drv:0x00,hd_drv:0x00,wp_drv:0x00
mode:DIO, clock div:2
load:0x3fff0030,len:7076
load:0x40078000,len:15584
ho 0 tail 12 room 4
load:0x40080400,len:4
load:0x40080404,len:3876
entry 0x4008064c
[0;32mI (31) boot: ESP-IDF 5.1.1 2nd stage bootloader[0m
[0;32mI (31) boot: compile time Jan 13 2024 16:04:13[0m
[0;32mI (31) boot: Multicore bootloader[0m
[0;32mI (35) boot: chip revision: v3.0[0m
[0;32mI (39) boot.esp32: SPI Speed      : 40MHz[0m
[0;32mI (44) boot.esp32: SPI Mode       : DIO[0m
[0;32mI (48) boot.esp32: SPI Flash Size : 4MB[0m
[0;32mI (53) boot: Enabling RNG early entropy source...[0m
[0;32mI (58) boot: Partition Table:[0m
[0;32mI (62) boot: ## Label            Usage          Type ST Offset   Length[0m
[0;32mI (69) boot:  0 nvs              WiFi data        01 02 00009000 00004000[0m
[0;32mI (76) boot:  1 otadata          OTA data         01 00 0000d000 00002000[0m
[0;32mI (84) boot:  2 phy_init         RF data          01 01 0000f000 00001000[0m
[0;32mI (91) boot:  3 factory          OTA app          00 10 00010000 00100000[0m
[0;32mI (99) boot:  4 ota_1            OTA app          00 11 00110000 00100000[0m
[0;32mI (106) boot:  5 storage          Unknown data     01 82 00210000 000f0000[0m
[0;32mI (114) boot: End of partition table[0m
[0;32mI (118) esp_image: segment 0: paddr=00010020 vaddr=3f400020 size=282e4h (164580) map[0m
[0;32mI (186) esp_image: segment 1: paddr=0003830c vaddr=3ffb0000 size=03828h ( 14376) load[0m
[0;32mI (192) esp_image: segment 2: paddr=0003bb3c vaddr=40080000 size=044dch ( 17628) load[0m
[0;32mI (200) esp_image: segment 3: paddr=00040020 vaddr=400d0020 size=a4578h (673144) map[0m
[0;32mI (443) esp_image: segment 4: paddr=000e45a0 vaddr=400844dc size=127c0h ( 75712) load[0m
[0;32mI (487) boot: Loaded app from partition at offset 0x10000[0m
[0;32mI (487) boot: Disabling RNG early entropy source...[0m
[0;32mI (498) cpu_start: Multicore app[0m
[0;32mI (499) cpu_start: Pro cpu up.[0m
[0;32mI (499) cpu_start: Starting app cpu, entry point is 0x40081f94[0m
[0;32mI (486) cpu_start: App cpu up.[0m
[0;32mI (517) cpu_start: Pro cpu start user code[0m
[0;32mI (517) cpu_start: cpu freq: 160000000 Hz[0m
[0;32mI (517) cpu_start: Application information:[0m
[0;32mI (521) cpu_start: Project name:     esp_startup[0m
[0;32mI (527) cpu_start: App version:      b66229a-dirty[0m
[0;32mI (532) cpu_start: Compile time:     Jan 13 2024 16:01:43[0m
[0;32mI (538) cpu_start: ELF file SHA256:  3d58e0870c34549a...[0m
[0;32mI (544) cpu_start: ESP-IDF:          5.1.1[0m
[0;32mI (549) cpu_start: Min chip rev:     v0.0[0m
[0;32mI (554) cpu_start: Max chip rev:     v3.99 [0m
[0;32mI (558) cpu_start: Chip rev:         v3.0[0m
[0;32mI (563) heap_init: Initializing. RAM available for dynamic allocation:[0m
[0;32mI (571) heap_init: At 3FFAE6E0 len 00001920 (6 KiB): DRAM[0m
[0;32mI (576) heap_init: At 3FFB80E0 len 00027F20 (159 KiB): DRAM[0m
[0;32mI (583) heap_init: At 3FFE0440 len 00003AE0 (14 KiB): D/IRAM[0m
[0;32mI (589) heap_init: At 3FFE4350 len 0001BCB0 (111 KiB): D/IRAM[0m
[0;32mI (596) heap_init: At 40096C9C len 00009364 (36 KiB): IRAM[0m
[0;32mI (603) spi_flash: detected chip: generic[0m
[0;32mI (606) spi_flash: flash io: dio[0m
[0;32mI (611) app_start: Starting scheduler on CPU0[0m
[0;32mI (615) app_start: Starting scheduler on CPU1[0m
[0;32mI (615) main_task: Started on CPU0[0m
[0;32mI (625) main_task: Calling app_main()[0m
[0m2024-01-13 20:14:13 | DEBUG | wifi_c_init_netif:150 | netif initialized as STA[0m
I (775) wifi:wifi driver task: 3ffc02ec, prio:23, stack:6656, core=0
I (795) wifi:wifi firmware version: ce9244d
I (795) wifi:wifi certification version: v7.0
I (795) wifi:config NVS flash: enabled
I (795) wifi:config nano formating: disabled
I (795) wifi:Init data frame dynamic rx buffer num: 32
I (805) wifi:Init management frame dynamic rx buffer num: 32
I (805) wifi:Init management short buffer num: 32
I (815) wifi:Init dynamic tx buffer num: 32
I (815) wifi:Init static rx buffer size: 1600
I (825) wifi:Init static rx buffer num: 10
I (825) wifi:Init dynamic rx buffer num: 32
[0;32mI (835) wifi_init: rx ba win: 6[0m
[0;32mI (835) wifi_init: tcpip mbox: 32[0m
[0;32mI (835) wifi_init: udp mbox: 6[0m
[0;32mI (845) wifi_init: tcp mbox: 6[0m
[0;32mI (845) wifi_init: tcp tx win: 5744[0m
[0;32mI (845) wifi_init: tcp rx win: 5744[0m
[0;32mI (855) wifi_init: tcp mss: 1440[0m
[0;32mI (855) wifi_init: WiFi IRAM OP enabled[0m
[0;32mI (865) wifi_init: WiFi RX IRAM OP enabled[0m
[0;32m2024-01-13 20:14:14 | INFO  | wifi_c_init_wifi:241 | Wifi initialized.[0m
[0;32mI (875) phy_init: phy_version 4670,719f9f6,Feb 18 2021,17:07:07[0m
I (995) wifi:mode : sta (c8:f0:9e:f8:01:a8)
I (995) wifi:enable tsf
[0;32m2024-01-13 20:14:14 | INFO  | wifi_c_sta_event_handler:91 | Station started, connecting to WiFi.[0m
[0m2024-01-13 20:14:14 | DEBUG | wifi_c_init_wifi:245 | wifi successfully initialized[0m
[020:14:14 | _c_start_sta:366 | WiFi successfully configured as STA.[0m
I (3505) wifi:new:<11,2>, old:<1,0>, ap:<255,255>, sta:<11,2>, prof:1
I (4685) wifi:state: init -> auth (b0)
I (4695) wifi:state: auth -> assoc (0)
I (4695) wifi:state: assoc -> run (10)
I (4705) wifi:connected with TP-LINK_AD8313, aid = 6, channel 11, 40D, bssid = 84:16:f9:ad:83:12
I (4705) wifi:security: WPA2-PSK, phy: bgn, rssi: -50
I (4725) wifi:pm start, type: 1

I (4735) wifi:<ba-add>idx:0 (ifx:0, 84:16:f9:ad:83:12), tid:0, ssn:0, winSize:64
I (4755) wifi:AP's beacon interval = 102400 us, DTIM period = 1
[0;32m2024-01-13 20:14:18 | INFO  | wifi_c_sta_event_handler:105 | Got IP:192.168.0.107[0m
[0;32mI (5725) esp_netif_handlers: sta ip: 192.168.0.107, mask: 255.255.255.0, gw: 192.168.0.1[0m
[0m2024-01-13 20:14:18 | DEBUG | wifi_c_check_sta_connection_result:117 | WIFI_C_CONNECTED_BIT is set![0m
[0;32m2024-01-13 20:14:18 | INFO  | app_main:121 | Connected to wifi, current ip: 192.168.0.107[0m
[0;32m2024-01-13 20:14:18 | INFO  | set_csb_and_sdo_to_high:96 | GPIO_NUM_3 level: 0[0m
[0;32m2024-01-13 20:14:18 | INFO  | set_csb_and_sdo_to_high:97 | GPIO_NUM_2 level: 0[0m
[0;32m2024-01-13 20:14:18 | INFO  | bmp_init:427 | preparing new BMP280 device...[0m
[0;32mI (5775) main_task: Returned from app_main()[0m
[0m2024-01-13 20:14:18 | DEBUG | inspect_task:79 | Currently available heap: 226252[0m
[0m2024-01-13 20:14:18 | DEBUG | bmp_i2c_identify_chip:283 | Trying to find BMP280 device on bus with 0x77 address...[0m
[0m2024-01-13 20:14:18 | DEBUG | inspect_task:80 | The minimum heap size that was ever available: 217204[0m
[0m2024-01-13 20:14:18 | DEBUG | i2c_c_set_device_addr:115 | changed device address from 0 to 0XEE[0m
[0;31m2024-01-13 20:14:18 | ERROR | lib/i2c_controller/src/i2c_controller.c:144 | i2c_c_read:144 | error -1 during reading registers on I2C: ESP_FAIL[0m
[0m2024-01-13 20:14:19 | DEBUG | bmp_i2c_identify_chip:296 | BMP280 device with 0x77 address not found on bus, trying 0x76 address...[0m
[0m2024-01-13 20:14:19 | DEBUG | i2c_c_set_device_addr:115 | changed device address from 0XEE to 0XEC[0m
[0;31m2024-01-13 20:14:19 | ERROR | lib/i2c_controller/src/i2c_controller.c:144 | i2c_c_read:144 | error -1 during reading registers on I2C: ESP_FAIL[0m
[0;33m2024-01-13 20:14:19 | WARN  | lib/bmp280/src/bmp280.c:308 | bmp_i2c_identify_chip:308 | no BMP280 device found on bus![0m
[0m2024-01-13 20:14:19 | DEBUG | i2c_c_set_device_addr:115 | changed device address from 0XEC to 0[0m
[0m2024-01-13 20:14:19 | DEBUG | bmp_i2c_identify_chip:283 | Trying to find BMP280 device on bus with 0x77 address...[0m
[0m2024-01-13 20:14:19 | DEBUG | i2c_c_set_device_addr:115 | changed device address from 0 to 0XEE[0m
[0;31m2024-01-13 20:14:19 | ERROR | lib/i2c_controller/src/i2c_controller.c:144 | i2c_c_read:144 | error -1 during reading registers on I2C: ESP_FAIL[0m
[0m2024-01-13 20:14:19 | DEBUG | bmp_i2c_identify_chip:296 | BMP280 device with 0x77 address not found on bus, trying 0x76 address...[0m
[0m2024-01-13 20:14:19 | DEBUG | i2c_c_set_device_addr:115 | changed device address from 0XEE to 0XEC[0m
[0;31m2024-01-13 20:14:19 | ERROR | lib/i2c_controller/src/i2c_controller.c:144 | i2c_c_read:144 | error -1 during reading registers on I2C: ESP_FAIL[0m
[0;33m2024-01-13 20:14:19 | WARN  | lib/bmp280/src/bmp280.c:308 | bmp_i2c_identify_chip:308 | no BMP280 device found on bus![0m
[0m2024-01-13 20:14:19 | DEBUG | i2c_c_set_device_addr:115 | changed device address from 0XEC to 0[0m
[0;31m2024-01-13 20:14:19 | ERROR | lib/bmp280/src/bmp280.c:449 | bmp_init:449 | no BMP280 device was found[0m
[0;31m2024-01-13 20:14:19 | ERROR | src/main.c     :50 | read_temperature_task:50 | BMP280 device not found[0m
[0;31m2024-01-13 20:14:19 | ERROR | lib/bmp280/src/bmp280.c:403 | bmp_configure:403 | BMP device handle cannot be NULL[0m
[0;31m2024-01-13 20:14:19 | ERROR | src/main.c     :55 | read_temperature_task:55 | cannot configure BMP280 device[0m
Guru Meditation Error: Core  0 panic'ed (LoadProhibited). Exception was unhandled.

Core  0 register dump:
PC      : 0x4016c7eb  PS      : 0x00060630  A0      : 0x800d2b35  A1      : 0x3ffc7520  
A2      : 0x00000000  A3      : 0x3f4001c8  A4      : 0x3f4001c0  A5      : 0x3ffb3828  
A6      : 0x3f4001b8  A7      : 0x3f4004bc  A8      : 0x800d309e  A9      : 0x3ffc74c0  
A10     : 0x00000040  A11     : 0x3f4001c8  A12     : 0x3ffc7520  A13     : 0x3ffc7500  
A14     : 0x00000008  A15     : 0x3f401090  SAR     : 0x00000004  EXCCAUSE: 0x0000001c  
EXCVADDR: 0x00000000  LBEG    : 0x400014fd  LEND    : 0x4000150d  LCOUNT  : 0xfffffffa  


Backtrace: 0x4016c7e8:0x3ffc7520 0x400d2b32:0x3ffc7540 0x4008cbbd:0x3ffc76a0

  #0  0x4016c7e8:0x3ffc7520 in bmp_get_i2c_addr at lib/bmp280/src/bmp280.c:49
  #1  0x400d2b32:0x3ffc7540 in read_temperature_task at src/main.c:58
  #2  0x4008cbbd:0x3ffc76a0 in vPortTaskWrapper at /home/wmytych/.platformio/packages/framework-espidf/components/freertos/FreeRTOS-Kernel/portable/xtensa/port.c:162




ELF file SHA256: 3d58e0870c34549a

Rebooting...
ets Jul 29 2019 12:21:46

rst:0xc (SW_CPU_RESET),boot:0x13 (SPI_FAST_FLASH_BOOT)
configsip: 0, SPIWP:0xee
clk_drv:0x00,q_drv:0x00,d_drv:0x00,cs0_drv:0x00,hd_drv:0x00,wp_drv:0x00
mode:DIO, clock div:2
load:0x3fff0030,len:7076
load:0x40078000,len:15584
ho 0 tail 12 room 4
load:0x40080400,len:4
load:0x40080404,len:3876
entry 0x4008064c
[0;32mI (31) boot: ESP-IDF 5.1.1 2nd stage bootloader[0m
[0;32mI (31) boot: compile time Jan 13 2024 16:04:13[0m
[0;32mI (31) boot: Multicore bootloader[0m
[0;32mI (35) boot: chip revision: v3.0[0m
[0;32mI (39) boot.esp32: SPI Speed      : 40MHz[0m
[0;32mI (44) boot.esp32: SPI Mode       : DIO[0m
[0;32mI (48) boot.esp32: SPI Flash Size : 4MB[0m
[0;32mI (53) boot: Enabling RNG early entropy source...[0m
[0;32mI (58) boot: Partition Table:[0m
[0;32mI (62) boot: ## Label            Usage          Type ST Offset   Length[0m
[0;32mI (69) boot:  0 nvs              WiFi data        01 02 00009000 00004000[0m
[0;32mI (76) boot:  1 otadata          OTA data         01 00 0000d000 00002000[0m
[0;32mI (84) boot:  2 phy_init         RF data          01 01 0000f000 00001000[0m
[0;32mI (91) boot:  3 factory          OTA app          00 10 00010000 00100000[0m
[0;32mI (99) boot:  4 ota_1            OTA app          00 11 00110000 00100000[0m
[0;32mI (106) boot:  5 storage          Unknown data     01 82 00210000 000f0000[0m
[0;32mI (114) boot: End of partition table[0m
[0;32mI (118) esp_image: segment 0: paddr=00010020 vaddr=3f400020 size=282e4h (164580) map[0m
[0;32mI (186) esp_image: segment 1: paddr=0003830c vaddr=3ffb0000 size=03828h ( 14376) load[0m
[0;32mI (192) esp_image: segment 2: paddr=0003bb3c vaddr=40080000 size=044dch ( 17628) load[0m
[0;32mI (200) esp_image: segment 3: paddr=00040020 vaddr=400d0020 size=a4578h (673144) map[0m
[0;32mI (443) esp_image: segment 4: paddr=000e45a0 vaddr=400844dc size=127c0h ( 75712) load[0m
[0;32mI (487) boot: Loaded app from partition at offset 0x10000[0m
[0;32mI (487) boot: Disabling RNG early entropy source...[0m
[0;32mI (498) cpu_start: Multicore app[0m
[0;32mI (499) cpu_start: Pro cpu up.[0m
[0;32mI (499) cpu_start: Starting app cpu, entry point is 0x40081f94[0m
[0;32mI (486) cpu_start: App cpu up.[0m
[0;32mI (517) cpu_start: Pro cpu start user code[0m
[0;32mI (517) cpu_start: cpu freq: 160000000 Hz[0m
[0;32mI (517) cpu_start: Application information:[0m
[0;32mI (521) cpu_start: Project name:     esp_startup[0m
[0;32mI (527) cpu_start: App version:      b66229a-dirty[0m
[0;32mI (532) cpu_start: Compile time:     Jan 13 2024 16:01:43[0m
[0;32mI (538) cpu_start: ELF file SHA256:  3d58e0870c34549a...[0m
[0;32mI (544) cpu_start: ESP-IDF:          5.1.1[0m
[0;32mI (549) cpu_start: Min chip rev:     v0.0[0m
[0;32mI (554) cpu_start: Max chip rev:     v3.99 [0m
[0;32mI (558) cpu_start: Chip rev:         v3.0[0m
[0;32mI (563) heap_init: Initializing. RAM available for dynamic allocation:[0m
[0;32mI (571) heap_init: At 3FFAE6E0 len 00001920 (6 KiB): DRAM[0m
[0;32mI (576) heap_init: At 3FFB80E0 len 00027F20 (159 KiB): DRAM[0m
[0;32mI (583) heap_init: At 3FFE0440 len 00003AE0 (14 KiB): D/IRAM[0m
[0;32mI (589) heap_init: At 3FFE4350 len 0001BCB0 (111 KiB): D/IRAM[0m
[0;32mI (596) heap_init: At 40096C9C len 00009364 (36 KiB): IRAM[0m
[0;32mI (603) spi_flash: detected chip: generic[0m
[0;32mI (606) spi_flash: flash io: dio[0m
[0;32mI (611) app_start: Starting scheduler on CPU0[0m
[0;32mI (615) app_start: Starting scheduler on CPU1[0m
[0;32mI (615) main_task: Started on CPU0[0m
[0;32mI (625) main_task: Calling app_main()[0m
[0m2024-01-13 20:14:20 | DEBUG | wifi_c_init_netif:150 | netif initialized as STA[0m
I (775) wifi:wifi driver task: 3ffc02ec, prio:23, stack:6656, core=0
I (795) wifi:wifi firmware version: ce9244d
I (795) wifi:wifi certification version: v7.0
I (795) wifi:config NVS flash: enabled
I (795) wifi:config nano formating: disabled
I (805) wifi:Init data frame dynamic rx buffer num: 32
I (805) wifi:Init management frame dynamic rx buffer num: 32
I (805) wifi:Init management short buffer num: 32
I (815) wifi:Init dynamic tx buffer num: 32
I (815) wifi:Init static rx buffer size: 1600
I (825) wifi:Init static rx buffer num: 10
I (825) wifi:Init dynamic rx buffer num: 32
[0;32mI (835) wifi_init: rx ba win: 6[0m
[0;32mI (835) wifi_init: tcpip mbox: 32[0m
[0;32mI (835) wifi_init: udp mbox: 6[0m
[0;32mI (845) wifi_init: tcp mbox: 6[0m
[0;32mI (845) wifi_init: tcp tx win: 5744[0m
[0;32mI (845) wifi_init: tcp rx win: 5744[0m
[0;32mI (855) wifi_init: tcp mss: 1440[0m
[0;32mI (855) wifi_init: WiFi IRAM OP enabled[0m
[0;32mI (865) wifi_init: WiFi RX IRAM OP enabled[0m
[0;32m2024-01-13 20:14:20 | INFO  | wifi_c_init_wifi:241 | Wifi initialized.[0m
[0;32mI (875) phy_init: phy_version 4670,719f9f6,Feb 18 2021,17:07:07[0m
I (985) wifi:mode : sta (c8:f0:9e:f8:01:a8)
I (995) wifi:enable tsf
[0;32m2024-01-13 20:14:20 | INFO  | wifi_c_sta_event_handler:91 | Station started, connecting to WiFi.[0m
[0m2024-01-13 20:14:20 | DEBUG | wifi_c_init_wifi:245 | wifi successfully initialized[0m
[0m2024-01-13 20:14:20 | DEBUG | wifi_c_start_sta:366 | WiFi successfully configured as STA.[0m
I (3435) wifi:new:<11,2>, old:<1,0>, ap:<255,255>, sta:<11,2>, prof:1
I (4615) wifi:state: init -> auth (b0)
I (4625) wifi:state: auth -> assoc (0)
I (4625) wifi:state: assoc -> run (10)
I (4635) wifi:connected with TP-LINK_AD8313, aid = 6, channel 11, 40D, bssid = 84:16:f9:ad:83:12
I (4635) wifi:security: WPA2-PSK, phy: bgn, rssi: -53
I (4655) wifi:pm start, type: 1

I (4665) wifi:<ba-add>idx:0 (ifx:0, 84:16:f9:ad:83:12), tid:0, ssn:0, winSize:64
I (4695) wifi:AP's beacon interval = 102400 us, DTIM period = 1
[0;32m2024-01-13 20:14:24 | INFO  | wifi_c_sta_event_handler:105 | Got IP:192.168.0.107[0m
[0;32mI (5655) esp_netif_handlers: sta ip: 192.168.0.107, mask: 255.255.255.0, gw: 192.168.0.1[0m
[0m2024-01-13 20:14:24 | DEBUG | wifi_c_check_sta_connection_result:117 | WIFI_C_CONNECTED_BIT is set![0m
[0;32m2024-01-13 20:14:24 | INFO  | app_main:121 | Connected to wifi, current ip: 192.168.0.107[0m
[0;32m2024-01-13 20:14:24 | INFO  | set_csb_and_sdo_to_high:96 | GPIO_NUM_3 level: 0[0m
[0;32m2024-01-13 20:14:24 | INFO  | set_csb_and_sdo_to_high:97 | GPIO_NUM_2 level: 0[0m
[0;32m2024-01-13 20:14:24 | INFO  | bmp_init:427 | preparing new BMP280 device...[0m
[0;32mI (5705) main_task: Returned from app_main()[0m
[0m2024-01-13 20:14:24 | DEBUG | inspect_task:79 | Currently available heap: 226248[0m
[0m2024-01-13 20:14:24 | DEBUG | bmp_i2c_identify_chip:283 | [0m2024-01-13 20:14:24 | DEBUG | inspect_task:80 | The minimum heap size that was ever available: 217208Trying to find BMP280 device on bus with 0x77 address...[0m
[0m
[0m2024-01-13 20:14:24 | DEBUG | i2c_c_set_device_addr:115 | changed device address from 0 to 0XEE[0m
[0;31m2024-01-13 20:14:24 | ERROR | lib/i2c_controller/src/i2c_controller.c:144 | i2c_c_read:144 | error -1 during reading registers on I2C: ESP_FAIL[0m
[0m2024-01-13 20:14:25 | DEBUG | bmp_i2c_identify_chip:296 | BMP280 device with 0x77 address not found on bus, trying 0x76 address...[0m
[0m2024-01-13 20:14:25 | DEBUG | i2c_c_set_device_addr:115 | changed device address from 0XEE to 0XEC[0m
[0;31m2024-01-13 20:14:25 | ERROR | lib/i2c_controller/src/i2c_controller.c:144 | i2c_c_read:144 | error -1 during reading registers on I2C: ESP_FAIL[0m
[0;33m2024-01-13 20:14:25 | WARN  | lib/bmp280/src/bmp280.c:308 | bmp_i2c_identify_chip:308 | no BMP280 device found on bus![0m
[0m2024-01-13 20:14:25 | DEBUG | i2c_c_set_device_addr:115 | changed device address from 0XEC to 0[0m
[0m2024-01-13 20:14:25 | DEBUG | bmp_i2c_identify_chip:283 | Trying to find BMP280 device on bus with 0x77 address...[0m
[0m2024-01-13 20:14:25 | DEBUG | i2c_c_set_device_addr:115 | changed device address from 0 to 0XEE[0m
[0;31m2024-01-13 20:14:25 | ERROR | lib/i2c_controller/src/i2c_controller.c:144 | i2c_c_read:144 | error -1 during reading registers on I2C: ESP_FAIL[0m
[0m2024-01-13 20:14:25 | DEBUG | bmp_i2c_identify_chip:296 | BMP280 device with 0x77 address not found on bus, trying 0x76 address...[0m
[0m2024-01-13 20:14:25 | DEBUG | i2c_c_set_device_addr:115 | changed device address from 0XEE to 0XEC[0m
[0;31m2024-01-13 20:14:25 | ERROR | lib/i2c_controller/src/i2c_controller.c:144 | i2c_c_read:144 | error -1 during reading registers on I2C: ESP_FAIL[0m
[0;33m2024-01-13 20:14:25 | WARN  | lib/bmp280/src/bmp280.c:308 | bmp_i2c_identify_chip:308 | no BMP280 device found on bus![0m
[0m2024-01-13 20:14:25 | DEBUG | i2c_c_set_device_addr:115 | changed device address from 0XEC to 0[0m
[0;31m2024-01-13 20:14:25 | ERROR | lib/bmp280/src/bmp280.c:449 | bmp_init:449 | no BMP280 device was found[0m
[0;31m2024-01-13 20:14:25 | ERROR | src/main.c     :50 | read_temperature_task:50 | BMP280 device not found[0m
[0;31m2024-01-13 20:14:25 | ERROR | lib/bmp280/src/bmp280.c:403 | bmp_configure:403 | BMP device handle cannot be NULL[0m
[0;31m2024-01-13 20:14:25 | ERROR | src/main.c     :55 | read_temperature_task:55 | cannot configure BMP280 device[0m
Guru Meditation Error: Core  1 panic'ed (LoadProhibited). Exception was unhandled.

Core  1 register dump:
PC      : 0x4016c7eb  PS      : 0x00060930  A0      : 0x800d2b35  A1      : 0x3ffc7480  
A2      : 0x00000000  A3      : 0x3f4001c8  A4      : 0x3f4001c0  A5      : 0x3ffb3828  
A6      : 0x3f4001b8  A7      : 0x3f4004bc  A8      : 0x800d309e  A9      : 0x3ffc7420  
A10     : 0x00000040  A11     : 0x3f4001c8  A12     : 0x3ffc7480  A13     : 0x3ffc7460  
A14     : 0x00000008  A15     : 0x3f401090  SAR     : 0x00000004  EXCCAUSE: 0x0000001c  
EXCVADDR: 0x00000000  LBEG    : 0x400014fd  LEND    : 0x4000150d  LCOUNT  : 0xfffffffa  


Backtrace: 0x4016c7e8:0x3ffc7480 0x400d2b32:0x3ffc74a0 0x4008cbbd:0x3ffc7600

  #0  0x4016c7e8:0x3ffc7480 in bmp_get_i2c_addr at lib/bmp280/src/bmp280.c:49
  #1  0x400d2b32:0x3ffc74a0 in read_temperature_task at src/main.c:58
  #2  0x4008cbbd:0x3ffc7600 in vPortTaskWrapper at /home/wmytych/.platformio/packages/framework-espidf/components/freertos/FreeRTOS-Kernel/portable/xtensa/port.c:162




ELF file SHA256: 3d58e0870c34549a

Rebooting...
ets Jul 29 2019 12:21:46

rst:0xc (SW_CPU_RESET),boot:0x13 (SPI_FAST_FLASH_BOOT)
configsip: 0, SPIWP:0xee
clk_drv:0x00,q_drv:0x00,d_drv:0x00,cs0_drv:0x00,hd_drv:0x00,wp_drv:0x00
mode:DIO, clock div:2
load:0x3fff0030,len:7076
load:0x40078000,len:15584
ho 0 tail 12 room 4
load:0x40080400,len:4
load:0x40080404,len:3876
entry 0x4008064c
[0;32mI (31) boot: ESP-IDF 5.1.1 2nd stage bootloader[0m
[0;32mI (31) boot: compile time Jan 13 2024 16:04:13[0m
[0;32mI (31) boot: Multicore bootloader[0m
[0;32mI (35) boot: chip revision: v3.0[0m
[0;32mI (39) boot.esp32: SPI Speed      : 40MHz[0m
[0;32mI (44) boot.esp32: SPI Mode       : DIO[0m
[0;32mI (48) boot.esp32: SPI Flash Size : 4MB[0m
[0;32mI (53) boot: Enabling RNG early entropy source...[0m
[0;32mI (58) boot: Partition Table:[0m
[0;32mI (62) boot: ## Label            Usage          Type ST Offset   Length[0m
[0;32mI (69) boot:  0 nvs              WiFi data        01 02 00009000 00004000[0m
[0;32mI (76) boot:  1 otadata          OTA data         01 00 0000d000 00002000[0m
[0;32mI (84) boot:  2 phy_init         RF data          01 01 0000f000 00001000[0m
[0;32mI (91) boot:  3 factory          OTA app          00 10 00010000 00100000[0m
[0;32mI (99) boot:  4 ota_1            OTA app          00 11 00110000 00100000[0m
[0;32mI (106) boot:  5 storage          Unknown data     01 82 00210000 000f0000[0m
[0;32mI (114) boot: End of partition table[0m
[0;32mI (118) esp_image: segment 0: paddr=00010020 vaddr=3f400020 size=282e4h (164580) map[0m
[0;32mI (186) esp_image: segment 1: paddr=0003830c vaddr=3ffb0000 size=03828h ( 14376) load[0m
[0;32mI (192) esp_image: segment 2: paddr=0003bb3c vaddr=40080000 size=044dch ( 17628) load[0m
[0;32mI (200) esp_image: segment 3: paddr=00040020 vaddr=400d0020 size=a4578h (673144) map[0m
[0;32mI (443) esp_image: segment 4: paddr=000e45a0 vaddr=400844dc size=127c0h ( 75712) load[0m
[0;32mI (486) boot: Loaded app from partition at offset 0x10000[0m
[0;32mI (487) boot: Disabling RNG early entropy source...[0m
[0;32mI (498) cpu_start: Multicore app[0m
[0;32mI (498) cpu_start: Pro cpu up.[0m
[0;32mI (499) cpu_start: Starting app cpu, entry point is 0x40081f94[0m
[0;32mI (486) cpu_start: App cpu up.[0m
[0;32mI (517) cpu_start: Pro cpu start user code[0m
[0;32mI (517) cpu_start: cpu freq: 160000000 Hz[0m
[0;32mI (517) cpu_start: Application information:[0m
[0;32mI (521) cpu_start: Project name:     esp_startup[0m
[0;32mI (527) cpu_start: App version:      b66229a-dirty[0m
[0;32mI (532) cpu_start: Compile time:     Jan 13 2024 16:01:43[0m
[0;32mI (538) cpu_start: ELF file SHA256:  3d58e0870c34549a...[0m
[0;32mI (544) cpu_start: ESP-IDF:          5.1.1[0m
[0;32mI (549) cpu_start: Min chip rev:     v0.0[0m
[0;32mI (554) cpu_start: Max chip rev:     v3.99 [0m
[0;32mI (558) cpu_start: Chip rev:         v3.0[0m
[0;32mI (563) heap_init: Initializing. RAM available for dynamic allocation:[0m
[0;32mI (571) heap_init: At 3FFAE6E0 len 00001920 (6 KiB): DRAM[0m
[0;32mI (576) heap_init: At 3FFB80E0 len 00027F20 (159 KiB): DRAM[0m
[0;32mI (583) heap_init: At 3FFE0440 len 00003AE0 (14 KiB): D/IRAM[0m
[0;32mI (589) heap_init: At 3FFE4350 len 0001BCB0 (111 KiB): D/IRAM[0m
[0;32mI (596) heap_init: At 40096C9C len 00009364 (36 KiB): IRAM[0m
[0;32mI (603) spi_flash: detected chip: generic[0m
[0;32mI (606) spi_flash: flash io: dio[0m
[0;32mI (611) app_start: Starting scheduler on CPU0[0m
[0;32mI (615) app_start: Starting scheduler on CPU1[0m
[0;32mI (615) main_task: Started on CPU0[0m
[0;32mI (625) main_task: Calling app_main()[0m
[0m2024-01-13 20:14:26 | DEBUG | wifi_c_init_netif:150 | netif initialized as STA[0m
I (775) wifi:wifi driver task: 3ffc02ec, prio:23, stack:6656, core=0
I (795) wifi:wifi firmware version: ce9244d
I (795) wifi:wifi certification version: v7.0
I (795) wifi:config NVS flash: enabled
I (795) wifi:config nano formating: disabled
I (805) wifi:Init data frame dynamic rx buffer num: 32
I (805) wifi:Init management frame dynamic rx buffer num: 32
I (805) wifi:Init management short buffer num: 32
I (815) wifi:Init dynamic tx buffer num: 32
I (815) wifi:Init static rx buffer size: 1600
I (825) wifi:Init static rx buffer num: 10
I (825) wifi:Init dynamic rx buffer num: 32
[0;32mI (835) wifi_init: rx ba win: 6[0m
[0;32mI (835) wifi_init: tcpip mbox: 32[0m
[0;32mI (835) wifi_init: udp mbox: 6[0m
[0;32mI (845) wifi_init: tcp mbox: 6[0m
[0;32mI (845) wifi_init: tcp tx win: 5744[0m
[0;32mI (845) wifi_init: tcp rx win: 5744[0m
[0;32mI (855) wifi_init: tcp mss: 1440[0m
[0;32mI (855) wifi_init: WiFi IRAM OP enabled[0m
[0;32mI (865) wifi_init: WiFi RX IRAM OP enabled[0m
[0;32m2024-01-13 20:14:26 | INFO  | wifi_c_init_wifi:241 | Wifi initialized.[0m
[0;32mI (875) phy_init: phy_version 4670,719f9f6,Feb 18 2021,17:07:07[0m
I (995) wifi:mode : sta (c8:f0:9e:f8:01:a8)
I (995) wifi:enable tsf
[0;32m2024-01-13 20:14:26 | INFO  | wifi_c_sta_event_handler:91 | Station started, connecting to WiFi.[0m
[0m2024-01-13 20:14:26 | DEBUG | wifi_c_init_wifi:245 | wifi successfully initialized[0m
[0m2024-01-13 20:14:26 | DEBUG | wifi_c_start_sta:366 | WiFi successfully configured as STA.[0m
I (3435) wifi:new:<11,2>, old:<1,0>, ap:<255,255>, sta:<11,2>, prof:1
I (4685) wifi:state: init -> auth (b0)
I (4685) wifi:state: auth -> assoc (0)
I (4695) wifi:state: assoc -> run (10)
I (4705) wifi:connected with TP-LINK_AD8313, aid = 6, channel 11, 40D, bssid = 84:16:f9:ad:83:12
I (4705) wifi:security: WPA2-PSK, phy: bgn, rssi: -53
I (4715) wifi:pm start, type: 1

I (4715) wifi:AP's beacon interval = 102400 us, DTIM period = 1
I (4725) wifi:<ba-add>idx:0 (ifx:0, 84:16:f9:ad:83:12), tid:0, ssn:0, winSize:64
[0;32m2024-01-13 20:14:30 | INFO  | wifi_c_sta_event_handler:105 | Got IP:192.168.0.107[0m
[0;32mI (5725) esp_netif_handlers: sta ip: 192.168.0.107, mask: 255.255.255.0, gw: 192.168.0.1[0m
[0m2024-01-13 20:14:30 | DEBUG | wifi_c_check_sta_connection_result:117 | WIFI_C_CONNECTED_BIT is set![0m
[0;32m2024-01-13 20:14:30 | INFO  | app_main:121 | Connected to wifi, current ip: 192.168.0.107[0m
[0;32m2024-01-13 20:14:31 | INFO  | set_csb_and_sdo_to_high:96 | GPIO_NUM_3 level: 0[0m
[0;32m2024-01-13 20:14:31 | INFO  | set_csb_and_sdo_to_high:97 | GPIO_NUM_2 level: 0[0m
[0;32m2024-01-13 20:14:31 | INFO  | bmp_init:427 | preparing new BMP280 device...[0m
[0;32mI (5775) main_task: Returned from app_main()[0m
[0m2024-01-13 20:14:31 | DEBUG | inspect_task:79 | Currently available heap: 226248[0m
[0m2024-01-13 20:14:31 | DEBUG | bmp_i2c_identify_chip:283 | Trying to find BMP280 device on bus with 0x77 address...[0m
[0m2024-01-13 20:14:31 | DEBUG | inspect_task:80 | The minimum heap size that was ever available: 217208[0m
[0m2024-01-13 20:14:31 | DEBUG | i2c_c_set_device_addr:115 | changed device address from 0 to 0XEE[0m
[0;31m2024-01-13 20:14:31 | ERROR | lib/i2c_controller/src/i2c_controller.c:144 | i2c_c_read:144 | error -1 during reading registers on I2C: ESP_FAIL[0m
[0m2024-01-13 20:14:31 | DEBUG | bmp_i2c_identify_chip:296 | BMP280 device with 0x77 address not found on bus, trying 0x76 address...[0m
[0m2024-01-13 20:14:31 | DEBUG | i2c_c_set_device_addr:115 | changed device address from 0XEE to 0XEC[0m
[0;31m2024-01-13 20:14:31 | ERROR | lib/i2c_controller/src/i2c_controller.c:144 | i2c_c_read:144 | error -1 during reading registers on I2C: ESP_FAIL[0m
[0;33m2024-01-13 20:14:31 | WARN  | lib/bmp280/src/bmp280.c:308 | bmp_i2c_identify_chip:308 | no BMP280 device found on bus![0m
[0m2024-01-13 20:14:31 | DEBUG | i2c_c_set_device_addr:115 | changed device address from 0XEC to 0[0m
[0m2024-01-13 20:14:31 | DEBUG | bmp_i2c_identify_chip:283 | Trying to find BMP280 device on bus with 0x77 address...[0m
[0m2024-01-13 20:14:31 | DEBUG | i2c_c_set_device_addr:115 | changed device address from 0 to 0XEE[0m
[0;31m2024-01-13 20:14:31 | ERROR | lib/i2c_controller/src/i2c_controller.c:144 | i2c_c_read:144 | error -1 during reading registers on I2C: ESP_FAIL[0m
[0m2024-01-13 20:14:31 | DEBUG | bmp_i2c_identify_chip:296 | BMP280 device with 0x77 address not found on bus, trying 0x76 address...[0m
[0m2024-01-13 20:14:31 | DEBUG | i2c_c_set_device_addr:115 | changed device address from 0XEE to 0XEC[0m
[0;31m2024-01-13 20:14:31 | ERROR | lib/i2c_controller/src/i2c_controller.c:144 | i2c_c_read:144 | error -1 during reading registers on I2C: ESP_FAIL[0m
[0;33m2024-01-13 20:14:31 | WARN  | lib/bmp280/src/bmp280.c:308 | bmp_i2c_identify_chip:308 | no BMP280 device found on bus![0m
[0m2024-01-13 20:14:31 | DEBUG | i2c_c_set_device_addr:115 | changed device address from 0XEC to 0[0m
[0;31m2024-01-13 20:14:31 | ERROR | lib/bmp280/src/bmp280.c:449 | bmp_init:449 | no BMP280 device was found[0m
[0;31m2024-01-13 20:14:31 | ERROR | src/main.c     :50 | read_temperature_task:50 | BMP280 device not found[0m
[0;31m2024-01-13 20:14:31 | ERROR | lib/bmp280/src/bmp280.c:403 | bmp_configure:403 | BMP device handle cannot be NULL[0m
[0;31m2024-01-13 20:14:31 | ERROR | src/main.c     :55 | read_temperature_task:55 | cannot configure BMP280 device[0m
Guru Meditation Error: Core  0 panic'ed (LoadProhibited). Exception was unhandled.

Core  0 register dump:
PC      : 0x4016c7eb  PS      : 0x00060430  A0      : 0x800d2b35  A1      : 0x3ffc7480  
A2      : 0x00000000  A3      : 0x3f4001c8  A4      : 0x3f4001c0  A5      : 0x3ffb3828  
A6      : 0x3f4001b8  A7      : 0x3f4004bc  A8      : 0x800d309e  A9      : 0x3ffc7420  
A10     : 0x00000040  A11     : 0x3f4001c8  A12     : 0x3ffc7480  A13     : 0x3ffc7460  
A14     : 0x00000008  A15     : 0x3f401090  SAR     : 0x00000004  EXCCAUSE: 0x0000001c  
EXCVADDR: 0x00000000  LBEG    : 0x400014fd  LEND    : 0x4000150d  LCOUNT  : 0xfffffffa  


Backtrace: 0x4016c7e8:0x3ffc7480 0x400d2b32:0x3ffc74a0 0x4008cbbd:0x3ffc7600

  #0  0x4016c7e8:0x3ffc7480 in bmp_get_i2c_addr at lib/bmp280/src/bmp280.c:49
  #1  0x400d2b32:0x3ffc74a0 in read_temperature_task at src/main.c:58
  #2  0x4008cbbd:0x3ffc7600 in vPortTaskWrapper at /home/wmytych/.platformio/packages/framework-espidf/components/freertos/FreeRTOS-Kernel/portable/xtensa/port.c:162




ELF file SHA256: 3d58e0870c34549a

Rebooting...
ets Jul 29 2019 12:21:46

rst:0xc (SW_CPU_RESET),boot:0x13 (SPI_FAST_FLASH_BOOT)
configsip: 0, SPIWP:0xee
clk_drv:0x00,q_drv:0x00,d_drv:0x00,cs0_drv:0x00,hd_drv:0x00,wp_drv:0x00
mode:DIO, clock div:2
load:0x3fff0030,len:7076
load:0x40078000,len:15584
ho 0 tail 12 room 4
load:0x40080400,len:4
load:0x40080404,len:3876
entry 0x4008064c
[0;32mI (31) boot: ESP-IDF 5.1.1 2nd stage bootloader[0m
[0;32mI (31) boot: compile time Jan 13 2024 16:04:13[0m
[0;32mI (31) boot: Multicore bootloader[0m
[0;32mI (35) boot: chip revision: v3.0[0m
[0;32mI (39) boot.esp32: SPI Speed      : 40MHz[0m
[0;32mI (44) boot.esp32: SPI Mode       : DIO[0m
[0;32mI (48) boot.esp32: SPI Flash Size : 4MB[0m
[0;32mI (53) boot: Enabling RNG early entropy source...[0m
[0;32mI (58) boot: Partition Table:[0m
[0;32mI (62) boot: ## Label            Usage          Type ST Offset   Length[0m
[0;32mI (69) boot:  0 nvs              WiFi data        01 02 00009000 00004000[0m
[0;32mI (76) boot:  1 otadata          OTA data         01 00 0000d000 00002000[0m
[0;32mI (84) boot:  2 phy_init         RF data          01 01 0000f000 00001000[0m
[0;32mI (91) boot:  3 factory          OTA app          00 10 00010000 00100000[0m
[0;32mI (99) boot:  4 ota_1            OTA app          00 11 00110000 00100000[0m
[0;32mI (106) boot:  5 storage          Unknown data     01 82 00210000 000f0000[0m
[0;32mI (114) boot: End of partition table[0m
[0;32mI (118) esp_image: segment 0: paddr=00010020 vaddr=3f400020 size=282e4h (164580) map[0m
[0;32mI (186) esp_image: segment 1: paddr=0003830c vaddr=3ffb0000 size=03828h ( 14376) load[0m
[0;32mI (192) esp_image: segment 2: paddr=0003bb3c vaddr=40080000 size=044dch ( 17628) load[0m
[0;32mI (200) esp_image: segment 3: paddr=00040020 vaddr=400d0020 size=a4578h (673144) map[0m
[0;32mI (443) esp_image: segment 4: paddr=000e45a0 vaddr=400844dc size=127c0h ( 75712) load[0m
[0;32mI (487) boot: Loaded app from partition at offset 0x10000[0m
[0;32mI (487) boot: Disabling RNG early entropy source...[0m
[0;32mI (498) cpu_start: Multicore app[0m
[0;32mI (499) cpu_start: Pro cpu up.[0m
[0;32mI (499) cpu_start: Starting app cpu, entry point is 0x40081f94[0m
[0;32mI (486) cpu_start: App cpu up.[0m
[0;32mI (517) cpu_start: Pro cpu start user code[0m
[0;32mI (517) cpu_start: cpu freq: 160000000 Hz[0m
[0;32mI (517) cpu_start: Application information:[0m
[0;32mI (521) cpu_start: Project name:     esp_startup[0m
[0;32mI (527) cpu_start: App version:      b66229a-dirty[0m
[0;32mI (532) cpu_start: Compile time:     Jan 13 2024 16:01:43[0m
[0;32mI (538) cpu_start: ELF file SHA256:  3d58e0870c34549a...[0m
[0;32mI (544) cpu_start: ESP-IDF:          5.1.1[0m
[0;32mI (549) cpu_start: Min chip rev:     v0.0[0m
[0;32mI (554) cpu_start: Max chip rev:     v3.99 [0m
[0;32mI (558) cpu_start: Chip rev:         v3.0[0m
[0;32mI (563) heap_init: Initializing. RAM available for dynamic allocation:[0m
[0;32mI (571) heap_init: At 3FFAE6E0 len 00001920 (6 KiB): DRAM[0m
[0;32mI (576) heap_init: At 3FFB80E0 len 00027F20 (159 KiB): DRAM[0m
[0;32mI (583) heap_init: At 3FFE0440 len 00003AE0 (14 KiB): D/IRAM[0m
[0;32mI (589) heap_init: At 3FFE4350 len 0001BCB0 (111 KiB): D/IRAM[0m
[0;32mI (596) heap_init: At 40096C9C len 00009364 (36 KiB): IRAM[0m
[0;32mI (603) spi_flash: detected chip: generic[0m
[0;32mI (606) spi_flash: flash io: dio[0m
[0;32mI (611) app_start: Starting scheduler on CPU0[0m
[0;32mI (615) app_start: Starting scheduler on CPU1[0m
[0;32mI (615) main_task: Started on CPU0[0m
[0;32mI (625) main_task: Calling app_main()[0m
[0m2024-01-13 20:14:32 | DEBUG | wifi_c_init_netif:150 | netif initialized as STA[0m
I (775) wifi:wifi driver task: 3ffc02ec, prio:23, stack:6656, core=0
I (795) wifi:wifi firmware version: ce9244d
I (795) wifi:wifi certification version: v7.0
I (795) wifi:config NVS flash: enabled
I (795) wifi:config nano formating: disabled
I (795) wifi:Init data frame dynamic rx buffer num: 32
I (805) wifi:Init management frame dynamic rx buffer num: 32
I (805) wifi:Init management short buffer num: 32
I (815) wifi:Init dynamic tx buffer num: 32
I (815) wifi:Init static rx buffer size: 1600
I (825) wifi:Init static rx buffer num: 10
I (825) wifi:Init dynamic rx buffer num: 32
[0;32mI (835) wifi_init: rx ba win: 6[0m
[0;32mI (835) wifi_init: tcpip mbox: 32[0m
[0;32mI (835) wifi_init: udp mbox: 6[0m
[0;32mI (845) wifi_init: tcp mbox: 6[0m
[0;32mI (845) wifi_init: tcp tx win: 5744[0m
[0;32mI (845) wifi_init: tcp rx win: 5744[0m
[0;32mI (855) wifi_init: tcp mss: 1440[0m
[0;32mI (855) wifi_init: WiFi IRAM OP enabled[0m
[0;32mI (865) wifi_init: WiFi RX IRAM OP enabled[0m
[0;32m2024-01-13 20:14:32 | INFO  | wifi_c_init_wifi:241 | Wifi initialized.[0m
[0;32mI (875) phy_init: phy_version 4670,719f9f6,Feb 18 2021,17:07:07[0m
I (985) wifi:mode : sta (c8:f0:9e:f8:01:a8)
I (995) wifi:enable tsf
[0;32m2024-01-13 20:14:32 | INFO  | wifi_c_sta_event_handler:91 | Station started, connecting to WiFi.[0m
[0m2024-01-13 20:14:32 | DEBUG | wifi_c_init_wifi:245 | wifi successfully initialized[0m
[0m2024-01-13 20:14:32 | DEBUG | wifi_c_start_sta:366 | WiFi successfully configured as STA.[0m
I (3435) wifi:new:<11,2>, old:<1,0>, ap:<255,255>, sta:<11,2>, prof:1
