[0m1970-01-01 00:01:55 | DEBUG | inspect_task:97 | Currently available heap: 195232[0m
[0m1970-01-01 00:01:55 | DEBUG | inspect_task:98 | The minimum heap size that was ever available: 180492[0m
[0m1970-01-01 00:02:00 | DEBUG | inspect_task:97 | Currently available heap: 195232[0m
[0m1970-01-01 00:02:00 | DEBUG | inspect_task:98 | The minimum heap size that was ever available: 180492[0m
[0m1970-01-01 00:02:05 | DEBUG | inspect_task:97 | Currently available heap: 195240[0m
[0m1970-01-01 00:02:05 | DEBUG | inspect_task:98 | The minimum heap size that was ever available: 180492[0m
[0m1970-01-01 00:02:10 | DEBUG | inspect_task:97 | Currently available heap: 195240[0m
[0m1970-01-01 00:02:10 | DEBUG | inspect_task:98 | The minimum heap size that was ever available: 180492[0m
[0m1970-01-01 00:02:15 | DEBUG | inspect_task:97 | Currently available heap: 195240[0m
[0m1970-01-01 00:02:15 | DEBUG | inspect_task:98 | The minimum heap size that was ever available: 180492[0m
[0m1970-01-01 00:02:20 | DEBUG | inspect_task:97 | Currently available heap: 195240[0m
[0m1970-01-01 00:02:20 | DEBUG | inspect_task:98 | The minimum heap size that was ever available: 180492[0m
[0m1970-01-01 00:02:25 | DEBUG | inspect_task:97 | Currently available heap: 195240[0m
[0m1970-01-01 00:02:25 | DEBUG | inspect_task:98 | The minimum heap size that was ever available: 180492[0m
[0m1970-01-01 00:02:30 | DEBUG | inspect_task:97 | Currently available heap: 195240[0m
[0m1970-01-01 00:02:30 | DEBUG | inspect_task:98 | The minimum heap size that was ever available: 180492[0m
[0m1970-01-01 00:02:35 | DEBUG | inspect_task:97 | Currently available heap: 195240[0m
[0m1970-01-01 00:02:35 | DEBUG | inspect_task:98 | The minimum heap size that was ever available: 180492[0m
[0m1970-01-01 00:02:40 | DEBUG | inspect_task:97 | Currently available heap: 195240[0m
[0m1970-01-01 00:02:40 | DEBUG | inspect_task:98 | The minimum heap size that was ever available: 180492[0m
[0m1970-01-01 00:02:45 | DEBUG | inspect_task:97 | Currently available heap: 195240[0m
[0m1970-01-01 00:02:45 | DEBUG | inspect_task:98 | The minimum heap size that was ever available: 180492[0m
[0m1970-01-01 00:02:50 | DEBUG | inspect_task:97 | Currently available heap: 195240[0m
[0m1970-01-01 00:02:50 | DEBUG | inspect_task:98 | The minimum heap size that was ever available: 180492[0m
[0m1970-01-01 00:02:55 | DEBUG | inspect_task:97 | Currently available heap: 195240[0m
[0m1970-01-01 00:02:55 | DEBUG | inspect_task:98 | The minimum heap size that was ever available: 180492[0m
[0m1970-01-01 00:03:00 | DEBUG | inspect_task:97 | Currently available heap: 195240[0m
[0m1970-01-01 00:03:00 | DEBUG | inspect_task:98 | The minimum heap size that was ever available: 180492[0m
[0m1970-01-01 00:03:05 | DEBUG | inspect_task:97 | Currently available heap: 195240[0m
[0m1970-01-01 00:03:05 | DEBUG | inspect_task:98 | The minimum heap size that was ever available: 180492[0m
[0m1970-01-01 00:03:10 | DEBUG | inspect_task:97 | Currently available heap: 195240[0m
[0m1970-01-01 00:03:10 | DEBUG | inspect_task:98 | The minimum heap size that was ever available: 180492[0m
[0m1970-01-01 00:03:15 | DEBUG | inspect_task:97 | Currently available heap: 195240[0m
[0m1970-01-01 00:03:15 | DEBUG | inspect_task:98 | The minimum heap size that was ever available: 180492[0m
[0m1970-01-01 00:03:20 | DEBUG | inspect_task:97 | Currently available heap: 195240[0m
[0m1970-01-01 00:03:20 | DEBUG | inspect_task:98 | The minimum heap size that was ever available: 180492[0m
[0m1970-01-01 00:03:25 | DEBUG | inspect_task:97 | Currently available heap: 195452[0m
[0m1970-01-01 00:03:25 | DEBUG | inspect_task:98 | The minimum heap size that was ever available: 180492[0m
[0m1970-01-01 00:03:30 | DEBUG | inspect_task:97 | Currently available heap: 195452[0m
[0m1970-01-01 00:03:30 | DEBUG | inspect_task:98 | The minimum heap size that was ever available: 180492[0m
[0m1970-01-01 00:03:35 | DEBUG | inspect_task:97 | Currently available heap: 195452[0m
[0m1970-01-01 00:03:35 | DEBUG | inspect_task:98 | The minimum heap size that was ever available: 180492[0m
[0m1970-01-01 00:03:40 | DEBUG | inspect_task:97 | Currently available heap: 195452[0m
[0m1970-01-01 00:03:40 | DEBUG | inspect_task:98 | The minimum heap size that was ever available: 180492[0m
[0m1970-01-01 00:03:45 | DEBUG | inspect_task:97 | Currently available heap: 195452[0m
[0m1970-01-01 00:03:45 | DEBUG | inspect_task:98 | The minimum heap size that was ever available: 180492[0m
[0m1970-01-01 00:03:50 | DEBUG | inspect_task:97 | Currently available heap: 195452[0m
[0m1970-01-01 00:03:50 | DEBUG | inspect_task:98 | The minimum heap size that was ever available: 180492[0m
[0m1970-01-01 00:03:55 | DEBUG | inspect_task:97 | Currently available heap: 195452[0m
[0m1970-01-01 00:03:55 | DEBUG | inspect_task:98 | The minimum heap size that was ever available: 180492[0m
[0m1970-01-01 00:04:00 | DEBUG | inspect_task:97 | Currently available heap: 195452[0m
[0m1970-01-01 00:04:00 | DEBUG | inspect_task:98 | The minimum heap size that was ever available: 180492[0m
[0m1970-01-01 00:04:05 | DEBUG | inspect_task:97 | Currently available heap: 195452[0m
[0m1970-01-01 00:04:05 | DEBUG | inspect_task:98 | The minimum heap size that was ever available: 180492[0m
[0m1970-01-01 00:04:10 | DEBUG | inspect_task:97 | Currently available heap: 195452[0m
[0m1970-01-01 00:04:10 | DEBUG | inspect_task:98 | The minimum heap size that was ever available: 180492[0m
[0m1970-01-01 00:04:15 | DEBUG | inspect_task:97 | Currently available heap: 195452[0m
[0m1970-01-01 00:04:15 | DEBUG | inspect_task:98 | The minimum heap size that was ever available: 180492[0m
[0m1970-01-01 00:04:20 | DEBUG | inspect_task:97 | Currently available heap: 195452[0m
[0m1970-01-01 00:04:20 | DEBUG | inspect_task:98 | The minimum heap size that was ever available: 180492[0m
[0m1970-01-01 00:04:25 | DEBUG | inspect_task:97 | Currently available heap: 195452[0m
[0m1970-01-01 00:04:25 | DEBUG | inspect_task:98 | The minimum heap size that was ever available: 180492[0m
[0m1970-01-01 00:04:30 | DEBUG | inspect_task:97 | Currently available heap: 195452[0m
[0m1970-01-01 00:04:30 | DEBUG | inspect_task:98 | The minimum heap size that was ever available: 180492[0m
[0m1970-01-01 00:04:35 | DEBUG | inspect_task:97 | Currently available heap: 195452[0m
[0m1970-01-01 00:04:35 | DEBUG | inspect_task:98 | The minimum heap size that was ever available: 180492[0m
[0m1970-01-01 00:04:40 | DEBUG | inspect_task:97 | Currently available heap: 195452[0m
[0m1970-01-01 00:04:40 | DEBUG | inspect_task:98 | The minimum heap size that was ever available: 180492[0m
[0m1970-01-01 00:04:45 | DEBUG | inspect_task:97 | Currently available heap: 195452[0m
[0m1970-01-01 00:04:45 | DEBUG | inspect_task:98 | The minimum heap size that was ever available: 180492[0m
[0m1970-01-01 00:04:50 | DEBUG | inspect_task:97 | Currently available heap: 195452[0m
[0m1970-01-01 00:04:50 | DEBUG | inspect_task:98 | The minimum heap size that was ever available: 180492[0m
[0m1970-01-01 00:04:55 | DEBUG | inspect_task:97 | Currently available heap: 195452[0m
[0m1970-01-01 00:04:55 | DEBUG | inspect_task:98 | The minimum heap size that was ever available: 180492[0m
[0m1970-01-01 00:05:00 | DEBUG | inspect_task:97 | Currently available heap: 195452[0m
[0m1970-01-01 00:05:00 | DEBUG | inspect_task:98 | The minimum heap size that was ever available: 180492[0m
[0m1970-01-01 00:05:05 | DEBUG | inspect_task:97 | Currently available heap: 195452[0m
[0m1970-01-01 00:05:05 | DEBUG | inspect_task:98 | The minimum heap size that was ever available: 180492[0m
[0m1970-01-01 00:05:10 | DEBUG | inspect_task:97 | Currently available heap: 195452[0m
[0m1970-01-01 00:05:10 | DEBUG | inspect_task:98 | The minimum heap size that was ever available: 180492[0m
[0m1970-01-01 00:05:15 | DEBUG | inspect_task:97 | Currently available heap: 195452[0m
[0m1970-01-01 00:05:15 | DEBUG | inspect_task:98 | The minimum heap size that was ever available: 180492[0m
[0m1970-01-01 00:05:20 | DEBUG | inspect_task:97 | Currently available heap: 195452[0m
[0m1970-01-01 00:05:20 | DEBUG | inspect_task:98 | The minimum heap size that was ever available: 180492[0m
[0m1970-01-01 00:05:25 | DEBUG | inspect_task:97 | Currently available heap: 195452[0m
[0m1970-01-01 00:05:25 | DEBUG | inspect_task:98 | The minimum heap size that was ever available: 180492[0m
[0m1970-01-01 00:05:30 | DEBUG | inspect_task:97 | Currently available heap: 195452[0m
[0m1970-01-01 00:05:30 | DEBUG | inspect_task:98 | The minimum heap size that was ever available: 180492[0m
[0m1970-01-01 00:05:35 | DEBUG | inspect_task:97 | Currently available heap: 195452[0m
[0m1970-01-01 00:05:35 | DEBUG | inspect_task:98 | The minimum heap size that was ever available: 180492[0m
[0m1970-01-01 00:05:40 | DEBUG | inspect_task:97 | Currently available heap: 195452[0m
[0m1970-01-01 00:05:40 | DEBUG | inspect_task:98 | The minimum heap size that was ever available: 180492[0m
[0m1970-01-01 00:05:45 | DEBUG | inspect_task:97 | Currently available heap: 195452[0m
[0m1970-01-01 00:05:45 | DEBUG | inspect_task:98 | The minimum heap size that was ever available: 180492[0m
[0m1970-01-01 00:05:50 | DEBUG | inspect_task:97 | Currently available heap: 195452[0m
[0m1970-01-01 00:05:50 | DEBUG | inspect_task:98 | The minimum heap size that was ever available: 180492[0m
[0m1970-01-01 00:05:55 | DEBUG | inspect_task:97 | Currently available heap: 195452[0m
[0m1970-01-01 00:05:55 | DEBUG | inspect_task:98 | The minimum heap size that was ever available: 180492[0m
[0m1970-01-01 00:05:57 | DEBUG | connect_handler:135 | serving POST "/connect" request...[0m
[0;32m1970-01-01 00:05:57 | INFO  | connect_handler:169 | Received APs credentials!
	SSID: TP-LINK_AD8313
	Password: 20232887[0m
[0;33m1970-01-01 00:05:57 | WARN  | lib/wifi_manager/src/wifi_http_server.c:172 | connect_handler:172 | Got access point credentials, device will now restart![0m
[0m1970-01-01 00:05:58 | DEBUG | nvs_c_open:55 | opened namespace nvs for read and write operations[0m
[0;32m1970-01-01 00:05:58 | INFO  | nvs_c_write_string:115 | written 14 bytes data into namespace nvs[0m
[0;32m1970-01-01 00:05:58 | INFO  | nvs_c_write_string:115 | written 8 bytes data into namespace nvs[0m
[0m1970-01-01 00:05:58 | DEBUG | nvs_c_close:88 | nvs namespace: nvs was closed[0m
[0m1970-01-01 00:05:58 | DEBUG | wifi_manager_store_ap:60 | stored AP SSID and password in NVS:
SSID: TP-LINK_AD8313
Password: 20232887[0m
I (359675) wifi:station: 10:02:b5:33:2e:17 leave, AID = 1, bss_flags is 134259, bss:0x3ffb9e60
I (359675) wifi:new:<1,0>, old:<1,1>, ap:<1,1>, sta:<11,0>, prof:1
I (359675) wifi:<ba-del>idx:2, tid:0
E (359685) wifi:NAN WiFi stop
[0;32m1970-01-01 00:05:59 | INFO  | wifi_c_ap_event_handler:80 | Station 10:02:b5:33:2e:17 left, AID=1[0m
I (359735) wifi:flush txq
I (359735) wifi:stop sw txq
I (359735) wifi:lmac stop hw txq
[31;1;4m1970-01-01 00:05:59 | FATAL | src/main.c     :104 | shutdown_handler:104 | FATAL ERROR - RESTARTING ESP DEVICE![0m
ets Jul 29 2019 12:21:46

rst:0xc (SW_CPU_RESET),boot:0x1e (SPI_FAST_FLASH_BOOT)
configsip: 0, SPIWP:0xee
clk_drv:0x00,q_drv:0x00,d_drv:0x00,cs0_drv:0x00,hd_drv:0x00,wp_drv:0x00
mode:DIO, clock div:2
load:0x3fff0030,len:7076
load:0x40078000,len:15584
ho 0 tail 12 room 4
load:0x40080400,len:4
load:0x40080404,len:3876
entry 0x4008064c
[0;32mI (31) boot: ESP-IDF 5.1.1 2nd stage bootloader[0m
[0;32mI (31) boot: compile time Jan 15 2024 23:37:35[0m
[0;32mI (31) boot: Multicore bootloader[0m
[0;32mI (35) boot: chip revision: v3.1[0m
[0;32mI (39) boot.esp32: SPI Speed      : 40MHz[0m
[0;32mI (44) boot.esp32: SPI Mode       : DIO[0m
[0;32mI (48) boot.esp32: SPI Flash Size : 4MB[0m
[0;32mI (53) boot: Enabling RNG early entropy source...[0m
[0;32mI (58) boot: Partition Table:[0m
[0;32mI (62) boot: ## Label            Usage          Type ST Offset   Length[0m
[0;32mI (69) boot:  0 nvs              WiFi data        01 02 00009000 00004000[0m
[0;32mI (76) boot:  1 otadata          OTA data         01 00 0000d000 00002000[0m
[0;32mI (84) boot:  2 phy_init         RF data          01 01 0000f000 00001000[0m
[0;32mI (91) boot:  3 factory          OTA app          00 10 00010000 00100000[0m
[0;32mI (99) boot:  4 ota_1            OTA app          00 11 00110000 00100000[0m
[0;32mI (106) boot:  5 storage          Unknown data     01 82 00210000 000f0000[0m
[0;32mI (114) boot: End of partition table[0m
[0;32mI (118) esp_image: segment 0: paddr=00010020 vaddr=3f400020 size=271e0h (160224) map[0m
[0;32mI (185) esp_image: segment 1: paddr=00037208 vaddr=3ffb0000 size=038c8h ( 14536) load[0m
[0;32mI (191) esp_image: segment 2: paddr=0003aad8 vaddr=40080000 size=05540h ( 21824) load[0m
[0;32mI (200) esp_image: segment 3: paddr=00040020 vaddr=400d0020 size=943a0h (607136) map[0m
[0;32mI (419) esp_image: segment 4: paddr=000d43c8 vaddr=40085540 size=1175ch ( 71516) load[0m
[0;32mI (461) boot: Loaded app from partition at offset 0x10000[0m
[0;32mI (461) boot: Disabling RNG early entropy source...[0m
[0;32mI (472) cpu_start: Multicore app[0m
[0;32mI (473) cpu_start: Pro cpu up.[0m
[0;32mI (473) cpu_start: Starting app cpu, entry point is 0x40081f94[0m
[0;32mI (460) cpu_start: App cpu up.[0m
[0;32mI (491) cpu_start: Pro cpu start user code[0m
[0;32mI (491) cpu_start: cpu freq: 160000000 Hz[0m
[0;32mI (491) cpu_start: Application information:[0m
[0;32mI (496) cpu_start: Project name:     esp_startup[0m
[0;32mI (501) cpu_start: App version:      b66229a-dirty[0m
[0;32mI (506) cpu_start: Compile time:     Jan 15 2024 23:35:12[0m
[0;32mI (512) cpu_start: ELF file SHA256:  99ca3bab41bb3dc5...[0m
[0;32mI (518) cpu_start: ESP-IDF:          5.1.1[0m
[0;32mI (523) cpu_start: Min chip rev:     v0.0[0m
[0;32mI (528) cpu_start: Max chip rev:     v3.99 [0m
[0;32mI (533) cpu_start: Chip rev:         v3.1[0m
[0;32mI (538) heap_init: Initializing. RAM available for dynamic allocation:[0m
[0;32mI (545) heap_init: At 3FFAE6E0 len 00001920 (6 KiB): DRAM[0m
[0;32mI (551) heap_init: At 3FFB8408 len 00027BF8 (158 KiB): DRAM[0m
[0;32mI (557) heap_init: At 3FFE0440 len 00003AE0 (14 KiB): D/IRAM[0m
[0;32mI (563) heap_init: At 3FFE4350 len 0001BCB0 (111 KiB): D/IRAM[0m
[0;32mI (570) heap_init: At 40096C9C len 00009364 (36 KiB): IRAM[0m
[0;32mI (577) spi_flash: detected chip: generic[0m
[0;32mI (581) spi_flash: flash io: dio[0m
[0;32mI (585) app_start: Starting scheduler on CPU0[0m
[0;32mI (590) app_start: Starting scheduler on CPU1[0m
[0;32mI (590) main_task: Started on CPU0[0m
[0;32mI (600) main_task: Calling app_main()[0m
[0;32m1970-01-01 00:05:59 | INFO  | nvs_c_init_nvs:31 | nvs was initialized[0m
[0;32m1970-01-01 00:05:59 | INFO  | app_main:144 | Connected to wifi, current ip: 0.0.0.0[0m
[0m1970-01-01 00:05:59 | DEBUG | inspect_task:97 | Currently available heap: 272788[0m
[0m1970-01-01 00:05:59 | DEBUG | inspect_task:98 | The minimum heap size that was ever available: 272788[0m
[0;32m1970-01-01 00:05:59 | INFO  | nvs_c_init_nvs:31 | nvs was initialized[0m
[0m1970-01-01 00:05:59 | DEBUG | wifi_c_init_netif:163 | netif initialized as AP+STA[0m
I (790) wifi:wifi driver task: 3ffc1398, prio:23, stack:6656, core=0
I (810) wifi:wifi firmware version: ce9244d
I (810) wifi:wifi certification version: v7.0
I (810) wifi:config NVS flash: enabled
I (810) wifi:config nano formating: disabled
I (820) wifi:Init data frame dynamic rx buffer num: 32
I (820) wifi:Init management frame dynamic rx buffer num: 32
I (830) wifi:Init management short buffer num: 32
I (830) wifi:Init dynamic tx buffer num: 32
I (830) wifi:Init static rx buffer size: 1600
I (840) wifi:Init static rx buffer num: 10
I (840) wifi:Init dynamic rx buffer num: 32
[0;32mI (850) wifi_init: rx ba win: 6[0m
[0;32mI (850) wifi_init: tcpip mbox: 32[0m
[0;32mI (850) wifi_init: udp mbox: 6[0m
[0;32mI (860) wifi_init: tcp mbox: 6[0m
[0;32mI (860) wifi_init: tcp tx win: 5744[0m
[0;32mI (870) wifi_init: tcp rx win: 5744[0m
[0;32mI (870) wifi_init: tcp mss: 1440[0m
[0;32mI (870) wifi_init: WiFi IRAM OP enabled[0m
[0;32mI (880) wifi_init: WiFi RX IRAM OP enabled[0m
[0;32m1970-01-01 00:06:00 | INFO  | wifi_c_init_wifi:302 | Wifi initialized.[0m
[0;32mI (890) phy_init: phy_version 4670,719f9f6,Feb 18 2021,17:07:07[0m
I (1000) wifi:mode : sta (08:3a:8d:0a:f6:18) + softAP (08:3a:8d:0a:f6:19)
I (1000) wifi:enable tsf
I (1000) wifi:Total power save buffer number: 16
I (1000) wifi:Init max length of beacon: 752/752
I (1000) wifi:Init max length of beacon: 752/752
[0;32m1970-01-01 00:06:00 | INFO  | wifi_c_sta_event_handler:94 | Station started, connecting to WiFi.[0m
[0m1970-01-01 00:06:00 | DEBUG | wifi_c_init_wifi:306 | wifi successfully initialized[0m
[0;32mI (1020) esp_netif_lwip: DHCP server started on interface WIFI_AP_DEF with IP: 192.168.4.1[0m
[0m1970-01-01 00:06:00 | DEBUG | nvs_c_open_read_only:79 | opened namespace nvs for read only operations[0m
[0;32m1970-01-01 00:06:00 | INFO  | nvs_c_read_string:131 | read 15 bytes from namespace: nvs[0m
[0m1970-01-01 00:06:00 | DEBUG | wifi_manager_get_stored_ap:81 | found stored SSID in NVS: TP-LINK_AD8313[0m
[0;32m1970-01-01 00:06:00 | INFO  | nvs_c_read_string:131 | read 9 bytes from namespace: nvs[0m
[0m1970-01-01 00:06:00 | DEBUG | wifi_manager_get_stored_ap:91 | found stored password in NVS: 20232887[0m
[0m1970-01-01 00:06:00 | DEBUG | nvs_c_close:88 | nvs namespace: nvs was closed[0m
[0;32m1970-01-01 00:06:00 | INFO  | wifi_manager_init:162 | found stored AP, connecting to: TP-LINK_AD8313[0m
[0m1970-01-01 00:06:00 | DEBUG | wifi_c_start_sta:435 | WiFi successfully configured as STA.[0m
I (3980) wifi:ap channel adjust o:1,1 n:11,2
I (3980) wifi:new:<11,2>, old:<1,1>, ap:<11,2>, sta:<11,2>, prof:1
I (5150) wifi:state: init -> auth (b0)
I (5150) wifi:state: auth -> assoc (0)
I (5160) wifi:state: assoc -> run (10)
I (5180) wifi:connected with TP-LINK_AD8313, aid = 1, channel 11, 40D, bssid = 84:16:f9:ad:83:12
I (5180) wifi:security: WPA2-PSK, phy: bgn, rssi: -59
I (5190) wifi:pm start, type: 1

I (5220) wifi:AP's beacon interval = 102400 us, DTIM period = 1
[0m1970-01-01 00:06:04 | DEBUG | inspect_task:97 | Currently available heap: 223360[0m
[0m1970-01-01 00:06:04 | DEBUG | inspect_task:98 | The minimum heap size that was ever available: 206856[0m
I (5990) wifi:new:<11,2>, old:<11,2>, ap:<11,2>, sta:<11,2>, prof:1
I (5990) wifi:station: 10:02:b5:33:2e:17 join, AID=1, bgn, 40D
[0;32m1970-01-01 00:06:05 | INFO  | wifi_c_ap_event_handler:76 | Station 10:02:b5:33:2e:17 joined, AID=1[0m
[0;32mI (6140) esp_netif_lwip: DHCP server assigned IP to a client, IP is: 192.168.4.2[0m
I (6250) wifi:<ba-add>idx:0 (ifx:0, 84:16:f9:ad:83:12), tid:0, ssn:0, winSize:64
[0;32m1970-01-01 00:06:06 | INFO  | wifi_c_sta_event_handler:108 | Got IP:192.168.0.107[0m
[0;32mI (7200) esp_netif_handlers: sta ip: 192.168.0.107, mask: 255.255.255.0, gw: 192.168.0.1[0m
[0m1970-01-01 00:06:06 | DEBUG | wifi_c_check_sta_connection_result:120 | WIFI_C_CONNECTED_BIT is set![0m
[0;32mI (7210) main_task: Returned from app_main()[0m
I (7780) wifi:<ba-add>idx:2 (ifx:1, 10:02:b5:33:2e:17), tid:0, ssn:15, winSize:64
[0m1970-01-01 00:06:09 | DEBUG | inspect_task:97 | Currently available heap: 225660[0m
[0m1970-01-01 00:06:09 | DEBUG | inspect_task:98 | The minimum heap size that was ever available: 206856[0m
[0m1970-01-01 00:06:14 | DEBUG | inspect_task:97 | Currently available heap: 225660[0m
[0m1970-01-01 00:06:14 | DEBUG | inspect_task:98 | The minimum heap size that was ever available: 206856[0m
[0m1970-01-01 00:06:19 | DEBUG | inspect_task:97 | Currently available heap: 225660[0m
[0m1970-01-01 00:06:19 | DEBUG | inspect_task:98 | The minimum heap size that was ever available: 206856[0m
[0m1970-01-01 00:06:24 | DEBUG | inspect_task:97 | Currently available heap: 225660[0m
[0m1970-01-01 00:06:24 | DEBUG | inspect_task:98 | The minimum heap size that was ever available: 206856[0m
[0m1970-01-01 00:06:29 | DEBUG | inspect_task:97 | Currently available heap: 225660[0m
[0m1970-01-01 00:06:29 | DEBUG | inspect_task:98 | The minimum heap size that was ever available: 206856[0m
[0m2024-01-19 09:58:58 | DEBUG | inspect_task:97 | Currently available heap: 225504[0m
[0m2024-01-19 09:58:58 | DEBUG | inspect_task:98 | The minimum heap size that was ever available: 206856[0m
[0m2024-01-19 09:59:03 | DEBUG | inspect_task:97 | Currently available heap: 225504[0m
[0m2024-01-19 09:59:03 | DEBUG | inspect_task:98 | The minimum heap size that was ever available: 206856[0m
[0m2024-01-19 09:59:08 | DEBUG | inspect_task:97 | Currently available heap: 225504[0m
[0m2024-01-19 09:59:08 | DEBUG | inspect_task:98 | The minimum heap size that was ever available: 206856[0m
[0m2024-01-19 09:59:13 | DEBUG | inspect_task:97 | Currently available heap: 225504[0m
[0m2024-01-19 09:59:13 | DEBUG | inspect_task:98 | The minimum heap size that was ever available: 206856[0m
[0m2024-01-19 09:59:18 | DEBUG | inspect_task:97 | Currently available heap: 225504[0m
[0m2024-01-19 09:59:18 | DEBUG | inspect_task:98 | The minimum heap size that was ever available: 206856[0m
[0m2024-01-19 09:59:23 | DEBUG | inspect_task:97 | Currently available heap: 225504[0m
[0m2024-01-19 09:59:23 | DEBUG | inspect_task:98 | The minimum heap size that was ever available: 206856[0m
[0m2024-01-19 09:59:28 | DEBUG | inspect_task:97 | Currently available heap: 225512[0m
[0m2024-01-19 09:59:28 | DEBUG | inspect_task:98 | The minimum heap size that was ever available: 206856[0m
[0m2024-01-19 09:59:33 | DEBUG | inspect_task:97 | Currently available heap: 225512[0m
[0m2024-01-19 09:59:33 | DEBUG | inspect_task:98 | The minimum heap size that was ever available: 206856[0m
[0m2024-01-19 09:59:38 | DEBUG | inspect_task:97 | Currently available heap: 225532[0m
[0m2024-01-19 09:59:38 | DEBUG | inspect_task:98 | The minimum heap size that was ever available: 206856[0m
[0m2024-01-19 09:59:43 | DEBUG | inspect_task:97 | Currently available heap: 225532[0m
[0m2024-01-19 09:59:43 | DEBUG | inspect_task:98 | The minimum heap size that was ever available: 206856[0m
[0m2024-01-19 09:59:48 | DEBUG | inspect_task:97 | Currently available heap: 225532[0m
[0m2024-01-19 09:59:48 | DEBUG | inspect_task:98 | The minimum heap size that was ever available: 206856[0m
[0m2024-01-19 09:59:53 | DEBUG | inspect_task:97 | Currently available heap: 225532[0m
[0m2024-01-19 09:59:53 | DEBUG | inspect_task:98 | The minimum heap size that was ever available: 206856[0m
[0m2024-01-19 09:59:58 | DEBUG | inspect_task:97 | Currently available heap: 225532[0m
[0m2024-01-19 09:59:58 | DEBUG | inspect_task:98 | The minimum heap size that was ever available: 206856[0m
[0m2024-01-19 10:00:03 | DEBUG | inspect_task:97 | Currently available heap: 225532[0m
[0m2024-01-19 10:00:03 | DEBUG | inspect_task:98 | The minimum heap size that was ever available: 206856[0m
[0m2024-01-19 10:00:08 | DEBUG | inspect_task:97 | Currently available heap: 225532[0m
[0m2024-01-19 10:00:08 | DEBUG | inspect_task:98 | The minimum heap size that was ever available: 206856[0m
[0m2024-01-19 10:00:13 | DEBUG | inspect_task:97 | Currently available heap: 225532[0m
[0m2024-01-19 10:00:13 | DEBUG | inspect_task:98 | The minimum heap size that was ever available: 206856[0m
[0m2024-01-19 10:00:18 | DEBUG | inspect_task:97 | Currently available heap: 225532[0m
[0m2024-01-19 10:00:18 | DEBUG | inspect_task:98 | The minimum heap size that was ever available: 206856[0m
[0m2024-01-19 10:00:23 | DEBUG | inspect_task:97 | Currently available heap: 225532[0m
[0m2024-01-19 10:00:23 | DEBUG | inspect_task:98 | The minimum heap size that was ever available: 206856[0m
[0m2024-01-19 10:00:28 | DEBUG | inspect_task:97 | Currently available heap: 225532[0m
[0m2024-01-19 10:00:28 | DEBUG | inspect_task:98 | The minimum heap size that was ever available: 206856[0m
[0m2024-01-19 10:00:33 | DEBUG | inspect_task:97 | Currently available heap: 225532[0m
[0m2024-01-19 10:00:33 | DEBUG | inspect_task:98 | The minimum heap size that was ever available: 206856[0m
[0m2024-01-19 10:00:38 | DEBUG | inspect_task:97 | Currently available heap: 225532[0m
[0m2024-01-19 10:00:38 | DEBUG | inspect_task:98 | The minimum heap size that was ever available: 206856[0m
[0m2024-01-19 10:00:43 | DEBUG | inspect_task:97 | Currently available heap: 225532[0m
[0m2024-01-19 10:00:43 | DEBUG | inspect_task:98 | The minimum heap size that was ever available: 206856[0m
[0m2024-01-19 10:00:48 | DEBUG | inspect_task:97 | Currently available heap: 225532[0m
[0m2024-01-19 10:00:48 | DEBUG | inspect_task:98 | The minimum heap size that was ever available: 206856[0m
[0m2024-01-19 10:00:53 | DEBUG | inspect_task:97 | Currently available heap: 225532[0m
[0m2024-01-19 10:00:53 | DEBUG | inspect_task:98 | The minimum heap size that was ever available: 206856[0m
[0m2024-01-19 10:00:58 | DEBUG | inspect_task:97 | Currently available heap: 225532[0m
[0m2024-01-19 10:00:58 | DEBUG | inspect_task:98 | The minimum heap size that was ever available: 206856[0m
[0m2024-01-19 10:01:03 | DEBUG | inspect_task:97 | Currently available heap: 225532[0m
[0m2024-01-19 10:01:03 | DEBUG | inspect_task:98 | The minimum heap size that was ever available: 206856[0m
[0m2024-01-19 10:01:08 | DEBUG | inspect_task:97 | Currently available heap: 225532[0m
[0m2024-01-19 10:01:08 | DEBUG | inspect_task:98 | The minimum heap size that was ever available: 206856[0m
[0m2024-01-19 10:01:13 | DEBUG | inspect_task:97 | Currently available heap: 225532[0m
[0m2024-01-19 10:01:13 | DEBUG | inspect_task:98 | The minimum heap size that was ever available: 206856[0m
[0m2024-01-19 10:01:18 | DEBUG | inspect_task:97 | Currently available heap: 225532[0m
[0m2024-01-19 10:01:18 | DEBUG | inspect_task:98 | The minimum heap size that was ever available: 206856[0m
[0m2024-01-19 10:01:23 | DEBUG | inspect_task:97 | Currently available heap: 225532[0m
[0m2024-01-19 10:01:23 | DEBUG | inspect_task:98 | The minimum heap size that was ever available: 206856[0m
[0m2024-01-19 10:01:28 | DEBUG | inspect_task:97 | Currently available heap: 225532[0m
[0m2024-01-19 10:01:28 | DEBUG | inspect_task:98 | The minimum heap size that was ever available: 206856[0m
[0m2024-01-19 10:01:33 | DEBUG | inspect_task:97 | Currently available heap: 225532[0m
[0m2024-01-19 10:01:33 | DEBUG | inspect_task:98 | The minimum heap size that was ever available: 206856[0m
[0m2024-01-19 10:01:38 | DEBUG | inspect_task:97 | Currently available heap: 225532[0m
[0m2024-01-19 10:01:38 | DEBUG | inspect_task:98 | The minimum heap size that was ever available: 206856[0m
[0m2024-01-19 10:01:43 | DEBUG | inspect_task:97 | Currently available heap: 225532[0m
[0m2024-01-19 10:01:43 | DEBUG | inspect_task:98 | The minimum heap size that was ever available: 206856[0m
[0m2024-01-19 10:01:48 | DEBUG | inspect_task:97 | Currently available heap: 225532[0m
[0m2024-01-19 10:01:48 | DEBUG | inspect_task:98 | The minimum heap size that was ever available: 206856[0m
[0m2024-01-19 10:01:53 | DEBUG | inspect_task:97 | Currently available heap: 225532[0m
[0m2024-01-19 10:01:53 | DEBUG | inspect_task:98 | The minimum heap size that was ever available: 206856[0m
[0m2024-01-19 10:01:58 | DEBUG | inspect_task:97 | Currently available heap: 225532[0m
[0m2024-01-19 10:01:58 | DEBUG | inspect_task:98 | The minimum heap size that was ever available: 206856[0m
[0m2024-01-19 10:02:03 | DEBUG | inspect_task:97 | Currently available heap: 225532[0m
[0m2024-01-19 10:02:03 | DEBUG | inspect_task:98 | The minimum heap size that was ever available: 206856[0m
[0m2024-01-19 10:02:08 | DEBUG | inspect_task:97 | Currently available heap: 225532[0m
[0m2024-01-19 10:02:08 | DEBUG | inspect_task:98 | The minimum heap size that was ever available: 206856[0m
[0m2024-01-19 10:02:13 | DEBUG | inspect_task:97 | Currently available heap: 225532[0m
[0m2024-01-19 10:02:13 | DEBUG | inspect_task:98 | The minimum heap size that was ever available: 206856[0m
[0m2024-01-19 10:02:18 | DEBUG | inspect_task:97 | Currently available heap: 225532[0m
[0m2024-01-19 10:02:18 | DEBUG | inspect_task:98 | The minimum heap size that was ever available: 206856[0m
