I (3522) wifi:new:<11,2>, old:<1,0>, ap:<255,255>, sta:<11,2>, prof:1
I (3522) wifi:state: init -> auth (b0)
I (3522) wifi:state: auth -> assoc (0)
I (3532) wifi:state: assoc -> run (10)
I (3552) wifi:connected with TP-LINK_AD8313, aid = 5, channel 11, 40D, bssid = 84:16:f9:ad:83:12
I (3552) wifi:security: WPA2-PSK, phy: bgn, rssi: -72
I (3562) wifi:pm start, type: 1

I (3602) wifi:AP's beacon interval = 102400 us, DTIM period = 1
I (5662) wifi:<ba-add>idx:0 (ifx:0, 84:16:f9:ad:83:12), tid:0, ssn:0, winSize:64
[0;32m1970-01-01 00:00:06 | INFO  | wifi_c_sta_event_handler:116 | Got IP:192.168.0.105[0m
[0;32mI (6562) esp_netif_handlers: sta ip: 192.168.0.105, mask: 255.255.255.0, gw: 192.168.0.1[0m
[0m1970-01-01 00:00:06 | DEBUG | wifi_c_check_sta_connection_result:128 | WIFI_C_CONNECTED_BIT is set![0m
[0;31mE (6582) esp_https_ota: No option for server verification is enabled in esp_http_client config.[0m
[0;31m1970-01-01 00:00:06 | ERROR | lib/ota_controller/src/ota_controller.c:157 | ota_c_start:157 | error 258, ESP HTTPS OTA Begin failed: ESP_ERR_INVALID_ARG[0m
[0;32m1970-01-01 00:00:06 | INFO  | bmp_init:427 | preparing new BMP280 device...[0m
[0m1970-01-01 00:00:06 | DEBUG | inspect_task:74 | Currently available heap: 214880[0m
[0m1970-01-01 00:00:06 | DEBUG | tcp_create_socket:168 | preparing socket...[0m
[0m1970-01-01 00:00:06 | DEBUG | inspect_task:75 | [0m1970-01-01 00:00:06 | DEBUG | bmp_i2c_identify_chip:283 | The minimum heap size that was ever available: 214880[0m
Trying to find BMP280 device on bus with 0x77 address...[0m1970-01-01 00:00:06 | DEBUG | tcp_create_socket:175 | created socket: 54[0m
[0m
[0m1970-01-01 00:00:06 | DEBUG | tcp_prepare_address:211 | preparing address...[0m
[0m1970-01-01 00:00:06 | DEBUG | i2c_c_set_device_addr:115 | changed device address from 0 to 0XEE[0m
[0m1970-01-01 00:00:06 | DEBUG | tcp_prepare_address:220 | prepared address 192.168.0.105:27015[0m
[0m1970-01-01 00:00:06 | DEBUG | bmp_i2c_identify_chip:296 | BMP280 device with 0x77 address not found on bus, trying 0x76 address...[0m
[0m1970-01-01 00:00:06 | DEBUG | tcp_bind_socket:232 | [0m1970-01-01 00:00:06 | DEBUG | i2c_c_set_device_addr:115 | binding socket: 54 to address: 192.168.0.105:34665[0m
changed device address from 0XEE to 0XEC[0m
[0m1970-01-01 00:00:06 | DEBUG | tcp_bind_socket:242 | socket: 54 bound to address: 192.168.0.105:27015[0m
[0m1970-01-01 00:00:06 | DEBUG | bmp_i2c_identify_chip:302 | found BMP280 device on bus with address: 0XEC and ID: 0[0m
[0m1970-01-01 00:00:06 | DEBUG | tcp_socket_listen:253 | trying to listen on socket: 54[0m
[0m1970-01-01 00:00:06 | DEBUG | bmp_i2c_get_ctrl_meas:94 | readed ctr_meas register value: 0[0m
[0;32m1970-01-01 00:00:06 | INFO  | tcp_socket_listen:260 | [0m1970-01-01 00:00:06 | DEBUG | bmp_i2c_calibrate:252 | listening on socket: 192.168.0.105:27015[0m
reading BMP280 out calibration values...[0m
[0;32m1970-01-01 00:00:06 | INFO  | cli_set_remote_logging:63 | Connect to device on IP 192.168.0.105 with port 27015 to capture logs.[0m1970-01-01 00:00:06 | DEBUG | bmp_i2c_calibrate:272 | [0m
compensation values of BMP280 device updated:
	T1: 0x3f40018c
	T2: 0x3ffb3a60
	T3: 0x3f4002a0
	P1: 0x3f4029c0
	P2: 0x110
	P3: 0x3ffb3a60
	P4: 0x3f4002a0
	P5: 0x3f402a5c
	P6: 0x67036afd
	P7: 0x96300032
	P8: 0xbd0d6f7
	P9: 0xff7f1220 [0m
[0;32m1970-01-01 00:00:06 | INFO  | bmp_init:444 | new BMP280 device ready to use![0m
[0m1970-01-01 00:00:06 | DEBUG | bmp_i2c_get_config:79 | readed config register value: 0[0m
[0m1970-01-01 00:00:06 | DEBUG | bmp_i2c_set_standby_time:173 | config register value changed to: 160[0m
[0m1970-01-01 00:00:06 | DEBUG | bmp_i2c_get_config:79 | readed config register value: 0XA0[0m
[0m1970-01-01 00:00:06 | DEBUG | bmp_i2c_set_iir_filter:237 | config register value of BMP280 device changed to: 0xa0[0m
[0m1970-01-01 00:00:06 | DEBUG | bmp_i2c_get_ctrl_meas:94 | readed ctr_meas register value: 0[0m
[0m1970-01-01 00:00:06 | DEBUG | bmp_i2c_set_press_oversampling:197 | BMP280 device ctrl_meas register was set to: 0XC[0m
[0m1970-01-01 00:00:06 | DEBUG | bmp_i2c_get_ctrl_meas:94 | readed ctr_meas register value: 0XC[0m
[0m1970-01-01 00:00:06 | DEBUG | bmp_i2c_set_temp_oversampling:221 | BMP280 device ctrl_meas register was set to: 0X6C[0m
[0m1970-01-01 00:00:06 | DEBUG | bmp_i2c_get_ctrl_meas:94 | readed ctr_meas register value: 0X6C[0m
[0m1970-01-01 00:00:06 | DEBUG | bmp_i2c_set_mode:150 | BMP280 device mode was set to: 3[0m
[0;32m1970-01-01 00:00:06 | INFO  | read_temperature_task:52 | Identified BMP280 device:
 address: ec
 chip id: 58
 mode: 3[0m
[0m1970-01-01 00:00:06 | DEBUG | bmp_i2c_readout:333 | reading temperature of BMP280 device...[0m
[0m1970-01-01 00:00:06 | DEBUG | bmp_i2c_readout:337 | reading pressure of BMP280 device...[0m
[0;32m1970-01-01 00:00:06 | INFO  | read_temperature_task:57 | temperature: 21.32 C[0m
[0;32m1970-01-01 00:00:06 | INFO  | read_temperature_task:58 | pressure: 1009.57hPa[0m
[0;32m1970-01-01 00:00:06 | INFO  | read_temperature_task:59 | altitude: 30.69 m. n. p. m.[0m
[0m1970-01-01 00:00:06 | DEBUG | read_temperature_task:61 | data to send to database: device_id=222222&temperature=21.32&pressure=1009.57&altitude=30.69[0m
[0;32m1970-01-01 00:00:06 | INFO  | http_client_post:143 | making POST request to address: http://wmytych.usermd.net/modules/setters/insert_data.php[0m
[0m1970-01-01 00:00:06 | DEBUG | _http_event_handler:27 | HTTP_EVENT_ON_CONNECTED[0m
[0m1970-01-01 00:00:06 | DEBUG | _http_event_handler:30 | HTTP_EVENT_HEADER_SENT[0m
[0m1970-01-01 00:00:06 | DEBUG | _http_event_handler:33 | HTTP_EVENT_ON_HEADER, key=Server, value=nginx[0m
[0m1970-01-01 00:00:06 | DEBUG | _http_event_handler:33 | HTTP_EVENT_ON_HEADER, key=Date, value=Tue, 30 Jan 2024 17:33:21 GMT[0m
[0m1970-01-01 00:00:06 | DEBUG | _http_event_handler:33 | HTTP_EVENT_ON_HEADER, key=Content-Type, value=text/html; charset=UTF-8[0m
[0m1970-01-01 00:00:06 | DEBUG | _http_event_handler:33 | HTTP_EVENT_ON_HEADER, key=Transfer-Encoding, value=chunked[0m
[0m1970-01-01 00:00:06 | DEBUG | _http_event_handler:33 | HTTP_EVENT_ON_HEADER, key=Connection, value=keep-alive[0m
[0m1970-01-01 00:00:06 | DEBUG | _http_event_handler:33 | HTTP_EVENT_ON_HEADER, key=X-Powered-By, value=PHP/8.3.2[0m
[0m1970-01-01 00:00:06 | DEBUG | _http_event_handler:36 | HTTP_EVENT_ON_DATA, len=39[0m
[0m1970-01-01 00:00:06 | DEBUG | _http_event_handler:37 | HTTP_EVENT_ON_DATA, output_len=0[0m
[0m1970-01-01 00:00:06 | DEBUG | _http_event_handler:38 | HTTP_EVENT_ON_DATA, content_length=-1[0m
[0m1970-01-01 00:00:06 | DEBUG | _http_event_handler:56 | HTTP_EVENT_ON_FINISH[0m
[0m1970-01-01 00:00:06 | DEBUG | http_client_post:159 | HTTP GET Status = 200, content_length = 1073429152[0m
[0;32m1970-01-01 00:00:06 | INFO  | http_client_post:162 | 
data stored in a database successfully.[0m
[0m1970-01-01 00:00:06 | DEBUG | _http_event_handler:66 | HTTP_EVENT_DISCONNECTED[0m
[0;32m1970-01-01 00:00:06 | INFO  | read_temperature_task:63 | Client POST request returned: 0[0m
I (7322) wifi:<ba-add>idx:1 (ifx:0, 84:16:f9:ad:83:12), tid:5, ssn:0, winSize:64
[0m2024-01-30 17:33:25 | DEBUG | inspect_task:74 | Currently available heap: 213284[0m
[0m2024-01-30 17:33:25 | DEBUG | inspect_task:75 | The minimum heap size that was ever available: 205752[0m
[0m2024-01-30 17:33:30 | DEBUG | inspect_task:74 | Currently available heap: 213284[0m
[0m2024-01-30 17:33:30 | DEBUG | inspect_task:75 | The minimum heap size that was ever available: 205752[0m
