I (1070) wifi:mode : sta (c8:f0:9e:f8:01:a8)
I (1070) wifi:enable tsf
[0;32m1970-01-01 00:00:00 | INFO  | wifi_c_sta_event_handler:102 | Station started, connecting to WiFi.[0m
[0m1970-01-01 00:00:00 | DEBUG | wifi_c_init_wifi:313 | wifi successfully initialized[0m
[0m1970-01-01 00:00:00 | DEBUG | nvs_c_open_read_only:79 | opened namespace nvs for read only operations[0m
[0;32m1970-01-01 00:00:00 | INFO  | nvs_c_read_string:131 | read 15 bytes from namespace: nvs[0m
[0m1970-01-01 00:00:00 | DEBUG | wifi_manager_get_stored_ap:79 | found stored SSID in NVS: TP-LINK_AD8313[0m
[0;32m1970-01-01 00:00:00 | INFO  | nvs_c_read_string:131 | read 9 bytes from namespace: nvs[0m
[0m1970-01-01 00:00:00 | DEBUG | wifi_manager_get_stored_ap:83 | found stored password in NVS: 20232887[0m
[0m1970-01-01 00:00:00 | DEBUG | nvs_c_close:88 | nvs namespace: nvs was closed[0m
[0;32m1970-01-01 00:00:00 | INFO  | wifi_manager_init:232 | found stored AP, connecting to: TP-LINK_AD8313[0m
[0m1970-01-01 00:00:00 | DEBUG | wifi_c_start_sta:442 | WiFi successfully configured as STA.[0m
I (3570) wifi:new:<11,2>, old:<1,0>, ap:<255,255>, sta:<11,2>, prof:1
I (3570) wifi:state: init -> auth (b0)
I (3570) wifi:state: auth -> assoc (0)
I (3580) wifi:state: assoc -> run (10)
I (3590) wifi:connected with TP-LINK_AD8313, aid = 7, channel 11, 40D, bssid = 84:16:f9:ad:83:12
I (3590) wifi:security: WPA2-PSK, phy: bgn, rssi: -44
I (3600) wifi:pm start, type: 1

I (3610) wifi:<ba-add>idx:0 (ifx:0, 84:16:f9:ad:83:12), tid:0, ssn:0, winSize:64
I (3610) wifi:AP's beacon interval = 102400 us, DTIM period = 1
[0;32m1970-01-01 00:00:04 | INFO  | wifi_c_sta_event_handler:116 | Got IP:192.168.0.104[0m
[0;32mI (4600) esp_netif_handlers: sta ip: 192.168.0.104, mask: 255.255.255.0, gw: 192.168.0.1[0m
[0m1970-01-01 00:00:04 | DEBUG | wifi_c_check_sta_connection_result:128 | WIFI_C_CONNECTED_BIT is set![0m
[0;31mE (4610) esp_https_ota: No option for server verification is enabled in esp_http_client config.[0m
[0;31m1970-01-01 00:00:04 | ERROR | lib/ota_controller/src/ota_controller.c:157 | ota_c_start:157 | error 258, ESP HTTPS OTA Begin failed: ESP_ERR_INVALID_ARG[0m
[0m1970-01-01 00:00:04 | DEBUG | inspect_task:74 | Currently available heap: 214920[0m
[0;32m1970-01-01 00:00:04 | INFO  | bmp_init:427 | preparing new BMP280 device...[0m
[0m1970-01-01 00:00:04 | DEBUG | inspect_task:75 | The minimum heap size that was ever available: 214920[0m1970-01-01 00:00:04 | DEBUG | bmp_i2c_identify_chip:283 | [0m
Trying to find BMP280 device on bus with 0x77 address...[0m
[0m1970-01-01 00:00:04 | DEBUG | i2c_c_set_device_addr:115 | changed device address from 0 to 0XEE[0m1970-01-01 00:00:04 | DEBUG | tcp_create_socket:168 | [0m
preparing socket...[0m
[0m1970-01-01 00:00:04 | DEBUG | bmp_i2c_identify_chip:296 | BMP280 device with 0x77 address not found on bus, trying 0x76 address...[0m
[0m1970-01-01 00:00:04 | DEBUG | tcp_create_socket:175 | created socket: 54[0m
[0m1970-01-01 00:00:04 | DEBUG | i2c_c_set_device_addr:115 | changed device address from 0XEE to 0XEC[0m
[0m1970-01-01 00:00:04 | DEBUG | tcp_prepare_address:211 | preparing address...[0m
[0;33m1970-01-01 00:00:04 | WARN  | lib/bmp280/src/bmp280.c:308 | bmp_i2c_identify_chip:308 | no BMP280 device found on bus![0m
[0m1970-01-01 00:00:04 | DEBUG | tcp_prepare_address:220 | prepared address 192.168.0.104:27015[0m
[0m1970-01-01 00:00:04 | DEBUG | i2c_c_set_device_addr:115 | changed device address from 0XEC to 0[0m
      
***ERROR*** A stack overflow in task log_task has been detected.


Backtrace: 0x40082db2:0x3ffba2a0 0x40089f41:0x3ffba2c0 0x4008cc52:0x3ffba2e0 0x4008b5c7:0x3ffba360 0x4008cf28:0x3ffba380 0x4008ceda:0x3ffb4068 |<-CORRUPTED

  #0  0x40082db2:0x3ffba2a0 in panic_abort at /home/wmytych/.platformio/packages/framework-espidf/components/esp_system/panic.c:452
  #1  0x40089f41:0x3ffba2c0 in esp_system_abort at /home/wmytych/.platformio/packages/framework-espidf/components/esp_system/port/esp_system_chip.c:84
  #2  0x4008cc52:0x3ffba2e0 in vApplicationStackOverflowHook at /home/wmytych/.platformio/packages/framework-espidf/components/freertos/FreeRTOS-Kernel/portable/xtensa/port.c:581
  #3  0x4008b5c7:0x3ffba360 in vTaskSwitchContext at /home/wmytych/.platformio/packages/framework-espidf/components/freertos/FreeRTOS-Kernel/tasks.c:3728
  #4  0x4008cf28:0x3ffba380 in _frxt_dispatch at /home/wmytych/.platformio/packages/framework-espidf/components/freertos/FreeRTOS-Kernel/portable/xtensa/portasm.S:450
  #5  0x4008ceda:0x3ffb4068 in _frxt_int_exit at /home/wmytych/.platformio/packages/framework-espidf/components/freertos/FreeRTOS-Kernel/portable/xtensa/portasm.S:245




ELF file SHA256: 09c3a7d3fd1c2dfb

Rebooting...
ets Jul 29 2019 12:21:46

rst:0xc (SW_CPU_RESET),boot:0x13 (SPI_FAST_FLASH_BOOT)
configsip: 0, SPIWP:0xee
clk_drv:0x00,q_drv:0x00,d_drv:0x00,cs0_drv:0x00,hd_drv:0x00,wp_drv:0x00
mode:DIO, clock div:2
load:0x3fff0030,len:7076
load:0x40078000,len:15584
ho 0 tail 12 room 4
load:0x40080400,len:4
load:0x40080404,len:3876
entry 0x4008064c
[0;32mI (31) boot: ESP-IDF 5.1.1 2nd stage bootloader[0m
[0;32mI (31) boot: compile time Jan 27 2024 18:25:44[0m
[0;32mI (31) boot: Multicore bootloader[0m
[0;32mI (35) boot: chip revision: v3.0[0m
[0;32mI (39) boot.esp32: SPI Speed      : 40MHz[0m
[0;32mI (44) boot.esp32: SPI Mode       : DIO[0m
[0;32mI (48) boot.esp32: SPI Flash Size : 4MB[0m
[0;32mI (53) boot: Enabling RNG early entropy source...[0m

I (3522) wifi:new:<11,2>, old:<1,0>, ap:<255,255>, sta:<11,2>, prof:1
I (3522) wifi:state: init -> auth (b0)
I (3532) wifi:state: auth -> assoc (0)
I (3532) wifi:state: assoc -> run (10)
I (3542) wifi:connected with TP-LINK_AD8313, aid = 7, channel 11, 40D, bssid = 84:16:f9:ad:83:12
I (3542) wifi:security: WPA2-PSK, phy: bgn, rssi: -47
I (3552) wifi:pm start, type: 1

I (3562) wifi:<ba-add>idx:0 (ifx:0, 84:16:f9:ad:83:12), tid:0, ssn:0, winSize:64
I (3632) wifi:AP's beacon interval = 102400 us, DTIM period = 1
[0;32m1970-01-01 00:00:08 | INFO  | wifi_c_sta_event_handler:116 | Got IP:192.168.0.104[0m
[0;32mI (4552) esp_netif_handlers: sta ip: 192.168.0.104, mask: 255.255.255.0, gw: 192.168.0.1[0m
[0m1970-01-01 00:00:08 | DEBUG | wifi_c_check_sta_connection_result:128 | WIFI_C_CONNECTED_BIT is set![0m
[0;31mE (4562) esp_https_ota: No option for server verification is enabled in esp_http_client config.[0m
[0;31m1970-01-01 00:00:08 | ERROR | lib/ota_controller/src/ota_controller.c:157 | ota_c_start:157 | error 258, ESP HTTPS OTA Begin failed: ESP_ERR_INVALID_ARG[0m
[0;32m1970-01-01 00:00:08 | INFO  | bmp_init:427 | preparing new BMP280 device...[0m
[0m1970-01-01 00:00:08 | DEBUG | inspect_task:74 | Currently available heap: 214880[0m
[0m1970-01-01 00:00:08 | DEBUG | bmp_i2c_identify_chip:283 | Trying to find BMP280 device on bus with 0x77 address...[0m
[0m1970-01-01 00:00:08 | DEBUG | inspect_task:75 | The minimum heap size that was ever available: 214880[0m
[0m1970-01-01 00:00:08 | DEBUG | tcp_create_socket:168 | preparing socket...[0m
[0m1970-01-01 00:00:08 | DEBUG | i2c_c_set_device_addr:115 | changed device address from 0 to 0XEE[0m
[0m1970-01-01 00:00:08 | DEBUG | tcp_create_socket:175 | created socket: 54[0m
[0m1970-01-01 00:00:08 | DEBUG | bmp_i2c_identify_chip:289 | found BMP280 device on bus with address: 0XEE and ID: 0[0m
[0m1970-01-01 00:00:08 | DEBUG | tcp_prepare_address:211 | preparing address...[0m
[0m1970-01-01 00:00:08 | DEBUG | bmp_i2c_get_ctrl_meas:94 | readed ctr_meas register value: 0[0m
[0m1970-01-01 00:00:08 | DEBUG | tcp_prepare_address:220 | prepared address 192.168.0.104:27015[0m
[0m1970-01-01 00:00:08 | DEBUG | bmp_i2c_calibrate:252 | reading BMP280 out calibration values...[0m
[0m1970-01-01 00:00:08 | DEBUG | tcp_bind_socket:232 | binding socket: 54 to address: 192.168.0.104:34665[0m
[0m1970-01-01 00:00:08 | DEBUG | bmp_i2c_calibrate:272 | compensation values of BMP280 device updated:
	T1: 0x3f40018c
	T2: 0x3ffb3a60
	T3: 0x3f4002a0
	P1: 0x3f4029c0
	P2: 0x110
	P3: 0x3ffb3a60
	P4: 0x3f4002a0
	P5: 0x3f402a5c
	P6: 0x67036afd
	P7: 0x96300032
	P8: 0xbd0d6f7
	P9: 0xff7f1220 [0m
[0m1970-01-01 00:00:08 | DEBUG | tcp_bind_socket:242 | [0;32m1970-01-01 00:00:08 | INFO  | bmp_init:444 | new BMP280 device ready to use!socket: 54 bound to address: 192.168.0.104:27015[0m
[0m
[0m1970-01-01 00:00:08 | DEBUG | bmp_i2c_get_config:79 | [0m1970-01-01 00:00:08 | DEBUG | tcp_socket_listen:253 | readed config register value: 0trying to listen on socket: 54[0m
[0m
[0m1970-01-01 00:00:08 | DEBUG | bmp_i2c_set_standby_time:173 | config register value changed to: 160[0m
[0;32m1970-01-01 00:00:08 | INFO  | tcp_socket_listen:260 | [0m1970-01-01 00:00:08 | DEBUG | bmp_i2c_get_config:79 | readed config register value: 0XA0[0m
listening on socket: 192.168.0.104:27015[0m
[0m1970-01-01 00:00:08 | DEBUG | bmp_i2c_set_iir_filter:237 | config register value of BMP280 device changed to: 0xa0[0m
[0;32m1970-01-01 00:00:08 | INFO  | cli_set_remote_logging:63 | Connect to device on IP 192.168.0.104 with port 27015 to capture logs.[0m1970-01-01 00:00:08 | DEBUG | bmp_i2c_get_ctrl_meas:94 | [0m
readed ctr_meas register value: 0XAF[0m
[0m1970-01-01 00:00:09 | DEBUG | bmp_i2c_set_press_oversampling:197 | BMP280 device ctrl_meas register was set to: 0XAF[0m
[0m1970-01-01 00:00:09 | DEBUG | bmp_i2c_get_ctrl_meas:94 | readed ctr_meas register value: 0XAF[0m
[0m1970-01-01 00:00:09 | DEBUG | bmp_i2c_set_temp_oversampling:221 | BMP280 device ctrl_meas register was set to: 0X6E[0m
[0m1970-01-01 00:00:09 | DEBUG | bmp_i2c_get_ctrl_meas:94 | readed ctr_meas register value: 0[0m
[0m1970-01-01 00:00:09 | DEBUG | bmp_i2c_set_mode:150 | BMP280 device mode was set to: 3[0m
[0;32m1970-01-01 00:00:09 | INFO  | read_temperature_task:52 | Identified BMP280 device:
 address: ee
 chip id: 58
 mode: 3[0m
[0m1970-01-01 00:00:09 | DEBUG | bmp_i2c_readout:333 | reading temperature of BMP280 device...[0m
[0m1970-01-01 00:00:09 | DEBUG | bmp_i2c_readout:337 | reading pressure of BMP280 device...[0m
[0;32m2024-01-27 18:06:42 | INFO  | read_temperature_task:57 | temperature: 23.52 C[0m
[0;32m2024-01-27 18:06:42 | INFO  | read_temperature_task:58 | pressure: 746.66hPa[0m
[0;32m2024-01-27 18:06:42 | INFO  | read_temperature_task:59 | altitude: 2501.72 m. n. p. m.[0m
[0m2024-01-27 18:06:42 | DEBUG | read_temperature_task:61 | data to send to database: device_id=222222&temperature=23.52&pressure=746.66&altitude=2501.72[0m
[0;32m2024-01-27 18:06:42 | INFO  | http_client_post:143 | making POST request to address: http://wmytych.usermd.net/modules/setters/insert_data.php[0m
[0m2024-01-27 18:06:42 | DEBUG | _http_event_handler:27 | HTTP_EVENT_ON_CONNECTED[0m
[0m2024-01-27 18:06:42 | DEBUG | _http_event_handler:30 | HTTP_EVENT_HEADER_SENT[0m
[0m2024-01-27 18:06:42 | DEBUG | _http_event_handler:33 | HTTP_EVENT_ON_HEADER, key=Server, value=nginx[0m
[0m2024-01-27 18:06:42 | DEBUG | _http_event_handler:33 | HTTP_EVENT_ON_HEADER, key=Date, value=Sat, 27 Jan 2024 18:06:42 GMT[0m
[0m2024-01-27 18:06:42 | DEBUG | _http_event_handler:33 | HTTP_EVENT_ON_HEADER, key=Content-Type, value=text/html; charset=UTF-8[0m
[0m2024-01-27 18:06:42 | DEBUG | _http_event_handler:33 | HTTP_EVENT_ON_HEADER, key=Transfer-Encoding, value=chunked[0m
[0m2024-01-27 18:06:42 | DEBUG | _http_event_handler:33 | HTTP_EVENT_ON_HEADER, key=Connection, value=keep-alive[0m
[0m2024-01-27 18:06:42 | DEBUG | _http_event_handler:33 | HTTP_EVENT_ON_HEADER, key=X-Powered-By, value=PHP/8.3.0[0m
[0m2024-01-27 18:06:42 | DEBUG | _http_event_handler:36 | HTTP_EVENT_ON_DATA, len=39[0m
[0m2024-01-27 18:06:42 | DEBUG | _http_event_handler:37 | HTTP_EVENT_ON_DATA, output_len=0[0m
[0m2024-01-27 18:06:42 | DEBUG | _http_event_handler:38 | HTTP_EVENT_ON_DATA, content_length=-1[0m
[0m2024-01-27 18:06:42 | DEBUG | _http_event_handler:56 | HTTP_EVENT_ON_FINISH[0m
[0m2024-01-27 18:06:42 | DEBUG | http_client_post:159 | HTTP GET Status = 200, content_length = 1073429152[0m
[0;32m2024-01-27 18:06:42 | INFO  | http_client_post:162 | 
data stored in a database successfully.[0m
[0m2024-01-27 18:06:42 | DEBUG | _http_event_handler:66 | HTTP_EVENT_DISCONNECTED[0m
[0;32m2024-01-27 18:06:42 | INFO  | read_temperature_task:63 | Client POST request returned: 0[0m
[0m2024-01-27 18:06:47 | DEBUG | inspect_task:74 | Currently available heap: 213364[0m
[0m2024-01-27 18:06:47 | DEBUG | inspect_task:75 | The minimum heap size that was ever available: 205816[0m
[0m2024-01-27 18:06:52 | DEBUG | inspect_task:74 | Currently available heap: 213364[0m
[0m2024-01-27 18:06:52 | DEBUG | inspect_task:75 | The minimum heap size that was ever available: 205816[0m
[0m2024-01-27 18:06:57 | DEBUG | inspect_task:74 | Currently available heap: 213364[0m
[0m2024-01-27 18:06:57 | DEBUG | inspect_task:75 | The minimum heap size that was ever available: 205816[0m
[0m2024-01-27 18:07:02 | DEBUG | inspect_task:74 | Currently available heap: 213364[0m
[0m2024-01-27 18:07:02 | DEBUG | inspect_task:75 | The minimum heap size that was ever available: 205816[0m
[0m2024-01-27 18:07:07 | DEBUG | inspect_task:74 | Currently available heap: 213364[0m
[0m2024-01-27 18:07:07 | DEBUG | inspect_task:75 | The minimum heap size that was ever available: 205816[0m
[0m2024-01-27 18:07:12 | DEBUG | inspect_task:74 | Currently available heap: 213364[0m
[0m2024-01-27 18:07:12 | DEBUG | inspect_task:75 | The minimum heap size that was ever available: 205816[0m
[0m2024-01-27 18:07:12 | DEBUG | bmp_i2c_readout:333 | reading temperature of BMP280 device...[0m
[0m2024-01-27 18:07:12 | DEBUG | bmp_i2c_readout:337 | reading pressure of BMP280 device...[0m
[0;32m2024-01-27 18:07:12 | INFO  | read_temperature_task:57 | temperature: 167634.50 C[0m
[0;32m2024-01-27 18:07:12 | INFO  | read_temperature_task:58 | pressure: 859.41hPa[0m
[0;32m2024-01-27 18:07:12 | INFO  | read_temperature_task:59 | altitude: 1367.31 m. n. p. m.[0m
[0m2024-01-27 18:07:12 | DEBUG | read_temperature_task:61 | data to send to database: device_id=222222&temperature=167634.50&pressure=859.41&altitude=1367.31[0m
[0;32m2024-01-27 18:07:12 | INFO  | http_client_post:143 | making POST request to address: http://wmytych.usermd.net/modules/setters/insert_data.php[0m
[0m2024-01-27 18:07:12 | DEBUG | _http_event_handler:27 | HTTP_EVENT_ON_CONNECTED[0m
[0m2024-01-27 18:07:12 | DEBUG | _http_event_handler:30 | HTTP_EVENT_HEADER_SENT[0m
[0m2024-01-27 18:07:12 | DEBUG | _http_event_handler:33 | HTTP_EVENT_ON_HEADER, key=Server, value=nginx[0m
[0m2024-01-27 18:07:12 | DEBUG | _http_event_handler:33 | HTTP_EVENT_ON_HEADER, key=Date, value=Sat, 27 Jan 2024 18:07:12 GMT[0m
[0m2024-01-27 18:07:12 | DEBUG | _http_event_handler:33 | HTTP_EVENT_ON_HEADER, key=Content-Type, value=text/html; charset=UTF-8[0m
[0m2024-01-27 18:07:12 | DEBUG | _http_event_handler:33 | HTTP_EVENT_ON_HEADER, key=Transfer-Encoding, value=chunked[0m
[0m2024-01-27 18:07:12 | DEBUG | _http_event_handler:33 | HTTP_EVENT_ON_HEADER, key=Connection, value=keep-alive[0m
[0m2024-01-27 18:07:12 | DEBUG | _http_event_handler:33 | HTTP_EVENT_ON_HEADER, key=X-Powered-By, value=PHP/8.3.0[0m
[0m2024-01-27 18:07:12 | DEBUG | _http_event_handler:36 | HTTP_EVENT_ON_DATA, len=39[0m
[0m2024-01-27 18:07:12 | DEBUG | _http_event_handler:37 | HTTP_EVENT_ON_DATA, output_len=0[0m
[0m2024-01-27 18:07:12 | DEBUG | _http_event_handler:38 | HTTP_EVENT_ON_DATA, content_length=-1[0m
[0m2024-01-27 18:07:12 | DEBUG | _http_event_handler:56 | HTTP_EVENT_ON_FINISH[0m
[0m2024-01-27 18:07:12 | DEBUG | http_client_post:159 | HTTP GET Status = 200, content_length = 1073429152[0m
[0;32m2024-01-27 18:07:12 | INFO  | http_client_post:162 | 
data stored in a database successfully.[0m
[0m2024-01-27 18:07:12 | DEBUG | _http_event_handler:66 | HTTP_EVENT_DISCONNECTED[0m
[0;32m2024-01-27 18:07:13 | INFO  | read_temperature_task:63 | Client POST request returned: 0[0m
[0m2024-01-27 18:07:17 | DEBUG | inspect_task:74 | Currently available heap: 213152[0m
[0m2024-01-27 18:07:17 | DEBUG | inspect_task:75 | The minimum heap size that was ever available: 205608[0m
[0m2024-01-27 18:07:22 | DEBUG | inspect_task:74 | Currently available heap: 213152[0m
[0m2024-01-27 18:07:22 | DEBUG | inspect_task:75 | The minimum heap size that was ever available: 205608[0m
[0m2024-01-27 18:07:27 | DEBUG | inspect_task:74 | Currently available heap: 213152[0m
[0m2024-01-27 18:07:27 | DEBUG | inspect_task:75 | The minimum heap size that was ever available: 205608[0m
[0m2024-01-27 18:07:32 | DEBUG | inspect_task:74 | Currently available heap: 213152[0m
[0m2024-01-27 18:07:32 | DEBUG | inspect_task:75 | The minimum heap size that was ever available: 205608[0m
[0m2024-01-27 18:07:37 | DEBUG | inspect_task:74 | Currently available heap: 213152[0m
[0m2024-01-27 18:07:37 | DEBUG | inspect_task:75 | The minimum heap size that was ever available: 205608[0m
[0m2024-01-27 18:07:42 | DEBUG | inspect_task:74 | Currently available heap: 213152[0m
[0m2024-01-27 18:07:42 | DEBUG | inspect_task:75 | The minimum heap size that was ever available: 205608[0m
[0m2024-01-27 18:07:43 | DEBUG | bmp_i2c_readout:333 | reading temperature of BMP280 device...[0m
[0m2024-01-27 18:07:43 | DEBUG | bmp_i2c_readout:337 | reading pressure of BMP280 device...[0m
[0;32m2024-01-27 18:07:43 | INFO  | read_temperature_task:57 | temperature: 167634.50 C[0m
[0;32m2024-01-27 18:07:43 | INFO  | read_temperature_task:58 | pressure: 859.41hPa[0m
[0;32m2024-01-27 18:07:43 | INFO  | read_temperature_task:59 | altitude: 1367.31 m. n. p. m.[0m
[0m2024-01-27 18:07:43 | DEBUG | read_temperature_task:61 | data to send to database: device_id=222222&temperature=167634.50&pressure=859.41&altitude=1367.31[0m
[0;32m2024-01-27 18:07:43 | INFO  | http_client_post:143 | making POST request to address: http://wmytych.usermd.net/modules/setters/insert_data.php[0m
[0m2024-01-27 18:07:43 | DEBUG | _http_event_handler:27 | HTTP_EVENT_ON_CONNECTED[0m
[0m2024-01-27 18:07:43 | DEBUG | _http_event_handler:30 | HTTP_EVENT_HEADER_SENT[0m
[0m2024-01-27 18:07:43 | DEBUG | _http_event_handler:33 | HTTP_EVENT_ON_HEADER, key=Server, value=nginx[0m
[0m2024-01-27 18:07:43 | DEBUG | _http_event_handler:33 | HTTP_EVENT_ON_HEADER, key=Date, value=Sat, 27 Jan 2024 18:07:43 GMT[0m
[0m2024-01-27 18:07:43 | DEBUG | _http_event_handler:33 | HTTP_EVENT_ON_HEADER, key=Content-Type, value=text/html; charset=UTF-8[0m
[0m2024-01-27 18:07:43 | DEBUG | _http_event_handler:33 | HTTP_EVENT_ON_HEADER, key=Transfer-Encoding, value=chunked[0m
[0m2024-01-27 18:07:43 | DEBUG | _http_event_handler:33 | HTTP_EVENT_ON_HEADER, key=Connection, value=keep-alive[0m
[0m2024-01-27 18:07:43 | DEBUG | _http_event_handler:33 | HTTP_EVENT_ON_HEADER, key=X-Powered-By, value=PHP/8.3.0[0m
[0m2024-01-27 18:07:43 | DEBUG | _http_event_handler:36 | HTTP_EVENT_ON_DATA, len=39[0m
[0m2024-01-27 18:07:43 | DEBUG | _http_event_handler:37 | HTTP_EVENT_ON_DATA, output_len=0[0m
[0m2024-01-27 18:07:43 | DEBUG | _http_event_handler:38 | HTTP_EVENT_ON_DATA, content_length=-1[0m
[0m2024-01-27 18:07:43 | DEBUG | _http_event_handler:56 | HTTP_EVENT_ON_FINISH[0m
[0m2024-01-27 18:07:43 | DEBUG | http_client_post:159 | HTTP GET Status = 200, content_length = 1073429152[0m
[0;32m2024-01-27 18:07:43 | INFO  | http_client_post:162 | 
data stored in a database successfully.[0m
[0m2024-01-27 18:07:43 | DEBUG | _http_event_handler:66 | HTTP_EVENT_DISCONNECTED[0m
[0;32m2024-01-27 18:07:43 | INFO  | read_temperature_task:63 | Client POST request returned: 0[0m
[0m2024-01-27 18:07:47 | DEBUG | inspect_task:74 | Currently available heap: 212940[0m
[0m2024-01-27 18:07:47 | DEBUG | inspect_task:75 | The minimum heap size that was ever available: 205272[0m
[0m2024-01-27 18:07:52 | DEBUG | inspect_task:74 | Currently available heap: 212940[0m
[0m2024-01-27 18:07:52 | DEBUG | inspect_task:75 | The minimum heap size that was ever available: 205272[0m
[0m2024-01-27 18:07:57 | DEBUG | inspect_task:74 | Currently available heap: 212940[0m
[0m2024-01-27 18:07:57 | DEBUG | inspect_task:75 | The minimum heap size that was ever available: 205272[0m
[0m2024-01-27 18:08:02 | DEBUG | inspect_task:74 | Currently available heap: 212940[0m
[0m2024-01-27 18:08:02 | DEBUG | inspect_task:75 | The minimum heap size that was ever available: 205272[0m
[0m2024-01-27 18:08:07 | DEBUG | inspect_task:74 | Currently available heap: 212940[0m
[0m2024-01-27 18:08:07 | DEBUG | inspect_task:75 | The minimum heap size that was ever available: 205272[0m
[0m2024-01-27 18:08:12 | DEBUG | inspect_task:74 | Currently available heap: 212940[0m
[0m2024-01-27 18:08:12 | DEBUG | inspect_task:75 | The minimum heap size that was ever available: 205272[0m
[0m2024-01-27 18:08:13 | DEBUG | bmp_i2c_readout:333 | reading temperature of BMP280 device...[0m
[0m2024-01-27 18:08:13 | DEBUG | bmp_i2c_readout:337 | reading pressure of BMP280 device...[0m
[0;32m2024-01-27 18:08:13 | INFO  | read_temperature_task:57 | temperature: 167634.50 C[0m
[0;32m2024-01-27 18:08:13 | INFO  | read_temperature_task:58 | pressure: 859.41hPa[0m
[0;32m2024-01-27 18:08:13 | INFO  | read_temperature_task:59 | altitude: 1367.31 m. n. p. m.[0m
[0m2024-01-27 18:08:13 | DEBUG | read_temperature_task:61 | data to send to database: device_id=222222&temperature=167634.50&pressure=859.41&altitude=1367.31[0m
[0;32m2024-01-27 18:08:13 | INFO  | http_client_post:143 | making POST request to address: http://wmytych.usermd.net/modules/setters/insert_data.php[0m
[0m2024-01-27 18:08:13 | DEBUG | _http_event_handler:27 | HTTP_EVENT_ON_CONNECTED[0m
[0m2024-01-27 18:08:13 | DEBUG | _http_event_handler:30 | HTTP_EVENT_HEADER_SENT[0m
[0m2024-01-27 18:08:13 | DEBUG | _http_event_handler:33 | HTTP_EVENT_ON_HEADER, key=Server, value=nginx[0m
[0m2024-01-27 18:08:13 | DEBUG | _http_event_handler:33 | HTTP_EVENT_ON_HEADER, key=Date, value=Sat, 27 Jan 2024 18:08:13 GMT[0m
[0m2024-01-27 18:08:13 | DEBUG | _http_event_handler:33 | HTTP_EVENT_ON_HEADER, key=Content-Type, value=text/html; charset=UTF-8[0m
[0m2024-01-27 18:08:13 | DEBUG | _http_event_handler:33 | HTTP_EVENT_ON_HEADER, key=Transfer-Encoding, value=chunked[0m
[0m2024-01-27 18:08:13 | DEBUG | _http_event_handler:33 | HTTP_EVENT_ON_HEADER, key=Connection, value=keep-alive[0m
[0m2024-01-27 18:08:13 | DEBUG | _http_event_handler:33 | HTTP_EVENT_ON_HEADER, key=X-Powered-By, value=PHP/8.3.0[0m
[0m2024-01-27 18:08:13 | DEBUG | _http_event_handler:36 | HTTP_EVENT_ON_DATA, len=39[0m
[0m2024-01-27 18:08:13 | DEBUG | _http_event_handler:37 | HTTP_EVENT_ON_DATA, output_len=0[0m
[0m2024-01-27 18:08:13 | DEBUG | _http_event_handler:38 | HTTP_EVENT_ON_DATA, content_length=-1[0m
[0m2024-01-27 18:08:13 | DEBUG | _http_event_handler:56 | HTTP_EVENT_ON_FINISH[0m
[0m2024-01-27 18:08:13 | DEBUG | http_client_post:159 | HTTP GET Status = 200, content_length = 1073429152[0m
[0;32m2024-01-27 18:08:13 | INFO  | http_client_post:162 | 
data stored in a database successfully.[0m
[0m2024-01-27 18:08:13 | DEBUG | _http_event_handler:66 | HTTP_EVENT_DISCONNECTED[0m
[0;32m2024-01-27 18:08:13 | INFO  | read_temperature_task:63 | Client POST request returned: 0[0m
[0m2024-01-27 18:08:17 | DEBUG | inspect_task:74 | Currently available heap: 212728[0m
[0m2024-01-27 18:08:17 | DEBUG | inspect_task:75 | The minimum heap size that was ever available: 205184[0m
[0m2024-01-27 18:08:22 | DEBUG | inspect_task:74 | Currently available heap: 212728[0m
[0m2024-01-27 18:08:22 | DEBUG | inspect_task:75 | The minimum heap size that was ever available: 205184[0m
[0m2024-01-27 18:08:27 | DEBUG | inspect_task:74 | Currently available heap: 212728[0m
[0m2024-01-27 18:08:27 | DEBUG | inspect_task:75 | The minimum heap size that was ever available: 205184[0m
[0m2024-01-27 18:08:32 | DEBUG | inspect_task:74 | Currently available heap: 212728[0m
[0m2024-01-27 18:08:32 | DEBUG | inspect_task:75 | The minimum heap size that was ever available: 205184[0m
[0m2024-01-27 18:08:37 | DEBUG | inspect_task:74 | Currently available heap: 212728[0m
[0m2024-01-27 18:08:37 | DEBUG | inspect_task:75 | The minimum heap size that was ever available: 205184[0m
[0m2024-01-27 18:08:42 | DEBUG | inspect_task:74 | Currently available heap: 212728[0m
[0m2024-01-27 18:08:42 | DEBUG | inspect_task:75 | The minimum heap size that was ever available: 205184[0m
[0m20