[0m1970-01-01 00:01:41 | DEBUG | wifi_c_init_wifi:313 | wifi successfully initialized[0m
I (1677) wifi:Total power save buffer number: 16
[0;32mI (1687) esp_netif_lwip: DHCP server started on interface WIFI_AP_DEF with IP: 192.168.4.1[0m
[0;32m1970-01-01 00:01:42 | INFO  | wifi_c_start_ap:369 | Started AP: 
SSID: ESP32 
Password: 12345678[0m
[0m1970-01-01 00:01:42 | DEBUG | wifi_manager_server_init:340 | http server started[0m
[0m1970-01-01 00:01:42 | DEBUG | tcp_create_socket:168 | preparing socket...[0m
[0m1970-01-01 00:01:42 | DEBUG | tcp_create_socket:175 | created socket: 57[0m
[0m1970-01-01 00:01:42 | DEBUG | tcp_prepare_address:211 | preparing address...[0m
[0;31m1970-01-01 00:01:42 | ERROR | lib/tcp_controller/src/tcp_controller.c:214 | tcp_prepare_address:214 | error when translating address to binary data[0m
[0m1970-01-01 00:01:42 | DEBUG | tcp_prepare_address:211 | preparing address...[0m
[0;31m1970-01-01 00:01:42 | ERROR | lib/tcp_controller/src/tcp_controller.c:214 | tcp_prepare_address:214 | error when translating address to binary data[0m
[0;31m1970-01-01 00:01:42 | ERROR | lib/cli_manager/src/cli_manager.c:69 | cli_set_remote_logging:69 | Error 35 when connecting to remote host: ERROR[0m
[0;32mI (1767) main_task: Returned from app_main()[0m
[0m1970-01-01 00:01:46 | DEBUG | inspect_task:97 | Currently available heap: 210880[0m
[0m1970-01-01 00:01:46 | DEBUG | inspect_task:98 | The minimum heap size that was ever available: 206148[0m
[0m1970-01-01 00:01:51 | DEBUG | inspect_task:97 | Currently available heap: 210884[0m
[0m1970-01-01 00:01:51 | DEBUG | inspect_task:98 | The minimum heap size that was ever available: 206148[0m
[0m1970-01-01 00:01:56 | DEBUG | inspect_task:97 | Currently available heap: 210884[0m
[0m1970-01-01 00:01:56 | DEBUG | inspect_task:98 | The minimum heap size that was ever available: 206148[0m
[0m1970-01-01 00:02:01 | DEBUG | inspect_task:97 | Currently available heap: 210884[0m
[0m1970-01-01 00:02:01 | DEBUG | inspect_task:98 | The minimum heap size that was ever available: 206148[0m
