[0;32m1970-01-01 00:00:00 | INFO  | nvs_c_init_nvs:31 | nvs was initialized[0m
[0m1970-01-01 00:00:00 | DEBUG | wifi_c_init_netif:160 | netif initialized as STA[0m
I (848) wifi:wifi driver task: 3ffc09e4, prio:23, stack:6656, core=0
I (868) wifi:wifi firmware version: ce9244d
I (868) wifi:wifi certification version: v7.0
I (878) wifi:config NVS flash: enabled
I (878) wifi:config nano formating: disabled
I (878) wifi:Init data frame dynamic rx buffer num: 32
I (878) wifi:Init management frame dynamic rx buffer num: 32
I (888) wifi:Init management short buffer num: 32
I (888) wifi:Init dynamic tx buffer num: 32
I (898) wifi:Init static rx buffer size: 1600
I (898) wifi:Init static rx buffer num: 10
I (908) wifi:Init dynamic rx buffer num: 32
[0;32mI (908) wifi_init: rx ba win: 6[0m
[0;32mI (908) wifi_init: tcpip mbox: 32[0m
[0;32mI (918) wifi_init: udp mbox: 6[0m
[0;32mI (918) wifi_init: tcp mbox: 6[0m
[0;32mI (918) wifi_init: tcp tx win: 5744[0m
[0;32mI (928) wifi_init: tcp rx win: 5744[0m
[0;32mI (928) wifi_init: tcp mss: 1440[0m
[0;32mI (938) wifi_init: WiFi IRAM OP enabled[0m
[0;32mI (938) wifi_init: WiFi RX IRAM OP enabled[0m
[0;32m1970-01-01 00:00:00 | INFO  | wifi_c_init_wifi:309 | Wifi initialized.[0m
[0;32mI (958) phy_init: phy_version 4670,719f9f6,Feb 18 2021,17:07:07[0m
I (1068) wifi:mode : sta (c8:f0:9e:f8:01:a8)
I (1068) wifi:enable tsf
[0;32m1970-01-01 00:00:00 | INFO  | wifi_c_sta_event_handler:102 | Station started, connecting to WiFi.[0m
[0m1970-01-01 00:00:00 | DEBUG | wifi_c_init_wifi:313 | wifi successfully initialized[0m
[0m1970-01-01 00:00:00 | DEBUG | nvs_c_open_read_only:79 | opened namespace nvs for read only operations[0m
[0;32m1970-01-01 00:00:00 | INFO  | nvs_c_read_string:131 | read 15 bytes from namespace: nvs[0m
[0m1970-01-01 00:00:00 | DEBUG | wifi_manager_get_stored_ap:79 | found stored SSID in NVS: TP-LINK_AD8313[0m
[0;32m1970-01-01 00:00:00 | INFO  | nvs_c_read_string:131 | read 9 bytes from namespace: nvs[0m
[0m1970-01-01 00:00:00 | DEBUG | wifi_manager_get_stored_ap:83 | found stored password in NVS: 20232887[0m
[0m1970-01-01 00:00:00 | DEBUG | nvs_c_close:88 | nvs namespace: nvs was closed[0m
[0;32m1970-01-01 00:00:00 | INFO  | wifi_manager_init:232 | found stored AP, connecting to: TP-LINK_AD8313[0m
[0m1970-01-01 00:00:00 | DEBUG | wifi_c_start_sta:442 | WiFi successfully configured as STA.[0m
I (3568) wifi:new:<11,2>, old:<1,0>, ap:<255,255>, sta:<11,2>, prof:1
I (3568) wifi:state: init -> auth (b0)
I (3578) wifi:state: auth -> assoc (0)
I (3578) wifi:state: assoc -> run (10)
I (3598) wifi:connected with TP-LINK_AD8313, aid = 1, channel 11, 40D, bssid = 84:16:f9:ad:83:12
I (3598) wifi:security: WPA2-PSK, phy: bgn, rssi: -57
I (3598) wifi:pm start, type: 1

I (3598) wifi:AP's beacon interval = 102400 us, DTIM period = 1
I (3618) wifi:<ba-add>idx:0 (ifx:0, 84:16:f9:ad:83:12), tid:0, ssn:0, winSize:64
[0;32m1970-01-01 00:00:04 | INFO  | wifi_c_sta_event_handler:116 | Got IP:192.168.0.104[0m
[0;32mI (4608) esp_netif_handlers: sta ip: 192.168.0.104, mask: 255.255.255.0, gw: 192.168.0.1[0m
[0m1970-01-01 00:00:04 | DEBUG | wifi_c_check_sta_connection_result:128 | WIFI_C_CONNECTED_BIT is set![0m
[0;31mE (4628) esp_https_ota: No option for server verification is enabled in esp_http_client config.[0m
[0;31m1970-01-01 00:00:04 | ERROR | lib/ota_controller/src/ota_controller.c:157 | ota_c_start:157 | error 258, ESP HTTPS OTA Begin failed: ESP_ERR_INVALID_ARG[0m
[0;32m1970-01-01 00:00:04 | INFO  | bmp_init:427 | preparing new BMP280 device...[0m
[0m1970-01-01 00:00:04 | DEBUG | inspect_task:103 | Currently available heap: 214904[0m
[0m1970-01-01 00:00:04 | DEBUG | tcp_create_socket:168 | preparing socket...[0m
[0m1970-01-01 00:00:04 | DEBUG | inspect_task:104 | [0m1970-01-01 00:00:04 | DEBUG | bmp_i2c_identify_chip:283 | The minimum heap size that was ever available: 214904[0m
Trying to find BMP280 device on bus with 0x77 address...[0m
[0m1970-01-01 00:00:04 | DEBUG | tcp_create_socket:175 | created socket: 54[0m
[0m1970-01-01 00:00:04 | DEBUG | i2c_c_set_device_addr:115 | changed device address from 0 to 0XEE[0m1970-01-01 00:00:04 | DEBUG | tcp_prepare_address:211 | [0m
preparing address...[0m
[0m1970-01-01 00:00:04 | DEBUG | bmp_i2c_identify_chip:289 | found BMP280 device on bus with address: 0XEE and ID: 0[0m
[0m1970-01-01 00:00:04 | DEBUG | tcp_prepare_address:220 | prepared address 192.168.0.104:27015[0m
[0m1970-01-01 00:00:04 | DEBUG | bmp_i2c_get_ctrl_meas:94 | readed ctr_meas r
g[0m2024-01-26 23:55:43 | DEBUG | inspect_task:103 | Currently available heap: 213324[0m
[0m2024-01-26 23:55:43 | DEBUG | inspect_task:104 | The minimum heap size that was ever available: 205836[0m
[0m2024-01-26 23:55:48 | DEBUG | inspect_task:103 | Currently available heap: 213324[0m
[0m2024-01-26 23:55:48 | DEBUG | inspect_task:104 | The minimum heap size that was ever available: 205836[0m
[0m2024-01-26 23:55:53 | DEBUG | inspect_task:103 | Currently available heap: 213324[0m
[0m2024-01-26 23:55:53 | DEBUG | inspect_task:104 | The minimum heap size that was ever available: 205836[0m
[0m2024-01-26 23:55:58 | DEBUG | inspect_task:103 | Currently available heap: 213324[0m
[0m2024-01-26 23:55:58 | DEBUG | inspect_task:104 | The minimum heap size that was ever available: 205836[0m
[0m2024-01-26 23:56:03 | DEBUG | inspect_task:103 | Currently available heap: 213324[0m
[0m2024-01-26 23:56:03 | DEBUG | inspect_task:104 | The minimum heap size that was ever available: 205836[0m
[0m2024-01-26 23:56:03 | DEBUG | bmp_i2c_readout:333 | reading temperature of BMP280 device...[0m
[0m2024-01-26 23:56:03 | DEBUG | bmp_i2c_readout:337 | reading pressure of BMP280 device...[0m
[0;32m2024-01-26 23:56:03 | INFO  | read_temperature_task:76 | temperature: 22.89 C[0m
[0;32m2024-01-26 23:56:03 | INFO  | read_temperature_task:77 | pressure: 991.57hPa[0m
[0;32m2024-01-26 23:56:03 | INFO  | read_temperature_task:78 | altitude: 182.01 m. n. p. m.[0m
[0m2024-01-26 23:56:03 | DEBUG | read_temperature_task:80 | data to send to database: device_id=222222&temperature=22.89&pressure=991.57&altitude=182.01[0m
[0;32m2024-01-26 23:56:03 | INFO  | http_client_post:143 | making POST request to address: http://wmytych.usermd.net/modules/setters/insert_data.php[0m
[0m2024-01-26 23:56:04 | DEBUG | _http_event_handler:27 | HTTP_EVENT_ON_CONNECTED[0m
[0m2024-01-26 23:56:04 | DEBUG | _http_event_handler:30 | HTTP_EVENT_HEADER_SENT[0m
[0m2024-01-26 23:56:04 | DEBUG | _http_event_handler:33 | HTTP_EVENT_ON_HEADER, key=Server, value=nginx[0m
[0m2024-01-26 23:56:04 | DEBUG | _http_event_handler:33 | HTTP_EVENT_ON_HEADER, key=Date, value=Fri, 26 Jan 2024 23:56:04 GMT[0m
[0m2024-01-26 23:56:04 | DEBUG | _http_event_handler:33 | HTTP_EVENT_ON_HEADER, key=Content-Type, value=text/html; charset=UTF-8[0m
[0m2024-01-26 23:56:04 | DEBUG | _http_event_handler:33 | HTTP_EVENT_ON_HEADER, key=Transfer-Encoding, value=chunked[0m
[0m2024-01-26 23:56:04 | DEBUG | _http_event_handler:33 | HTTP_EVENT_ON_HEADER, key=Connection, value=keep-alive[0m
[0m2024-01-26 23:56:04 | DEBUG | _http_event_handler:33 | HTTP_EVENT_ON_HEADER, key=X-Powered-By, value=PHP/8.3.0[0m
[0m2024-01-26 23:56:04 | DEBUG | _http_event_handler:36 | HTTP_EVENT_ON_DATA, len=39[0m
[0m2024-01-26 23:56:04 | DEBUG | _http_event_handler:37 | HTTP_EVENT_ON_DATA, output_len=0[0m
[0m2024-01-26 23:56:04 | DEBUG | _http_event_handler:38 | HTTP_EVENT_ON_DATA, content_length=-1[0m
[0m2024-01-26 23:56:04 | DEBUG | _http_event_handler:56 | HTTP_EVENT_ON_FINISH[0m
[0m2024-01-26 23:56:04 | DEBUG | http_client_post:159 | HTTP GET Status = 200, content_length = 1073430064[0m
[0;32m2024-01-26 23:56:04 | INFO  | http_client_post:162 | 
data stored in a database successfully.[0m
[0m2024-01-26 23:56:04 | DEBUG | _http_event_handler:66 | HTTP_EVENT_DISCONNECTED[0m
[0;32m2024-01-26 23:56:04 | INFO  | read_temperature_task:82 | Client POST request returned: 0[0m
[0m2024-01-26 23:56:08 | DEBUG | inspect_task:103 | Currently available heap: 213112[0m
[0m2024-01-26 23:56:08 | DEBUG | inspect_task:104 | The minimum heap size that was ever available: 205560[0m
[0m2024-01-26 23:56:13 | DEBUG | inspect_task:103 | Currently available heap: 213112[0m
[0m2024-01-26 23:56:13 | DEBUG | inspect_task:104 | The minimum heap size that was ever available: 205560[0m
[0m2024-01-26 23:56:18 | DEBUG | inspect_task:103 | Currently available heap: 213112[0m
[0m2024-01-26 23:56:18 | DEBUG | inspect_task:104 | The minimum heap size that was ever available: 205560[0m
[0m2024-01-26 23:56:23 | DEBUG | inspect_task:103 | Currently available heap: 213112[0m
[0m2024-01-26 23:56:23 | DEBUG | inspect_task:104 | The minimum heap size that was ever available: 205560[0m
[0m2024-01-26 23:56:28 | DEBUG | inspect_task:103 | Currently available heap: 213112[0m
[0m2024-01-26 23:56:28 | DEBUG | inspect_task:104 | The minimum heap size that was ever available: 205560[0m
[0m2024-01-26 23:56:33 | DEBUG | inspect_task:103 | Currently available heap: 213112[0m
[0m2024-01-26 23:56:33 | DEBUG | inspect_task:104 | The minimum heap size that was ever available: 205560[0m
[0m2024-01-26 23:56:34 | DEBUG | bmp_i2c_readout:333 | reading temperature of BMP280 device...[0m
[0m2024-01-26 23:56:34 | DEBUG | bmp_i2c_readout:337 | reading pressure of BMP280 device...[0m
[0;32m2024-01-26 23:56:34 | INFO  | read_temperature_task:76 | temperature: 22.88 C[0m
[0;32m2024-01-26 23:56:34 | INFO  | read_temperature_task:77 | pressure: 991.51hPa[0m
[0;32m2024-01-26 23:56:34 | INFO  | read_temperature_task:78 | altitude: 182.52 m. n. p. m.[0m
[0m2024-01-26 23:56:34 | DEBUG | read_temperature_task:80 | data to send to database: device_id=222222&temperature=22.88&pressure=991.51&altitude=182.52[0m
[0;32m2024-01-26 23:56:34 | INFO  | http_client_post:143 | making POST request to address: http://wmytych.usermd.net/modules/setters/insert_data.php[0m
[0m2024-01-26 23:56:34 | DEBUG | _http_event_handler:27 | HTTP_EVENT_ON_CONNECTED[0m
[0m2024-01-26 23:56:34 | DEBUG | _http_event_handler:30 | HTTP_EVENT_HEADER_SENT[0m
[0m2024-01-26 23:56:34 | DEBUG | _http_event_handler:33 | HTTP_EVENT_ON_HEADER, key=Server, value=nginx[0m
[0m2024-01-26 23:56:34 | DEBUG | _http_event_handler:33 | HTTP_EVENT_ON_HEADER, key=Date, value=Fri, 26 Jan 2024 23:56:34 GMT[0m
[0m2024-01-26 23:56:34 | DEBUG | _http_event_handler:33 | HTTP_EVENT_ON_HEADER, key=Content-Type, value=text/html; charset=UTF-8[0m
[0m2024-01-26 23:56:34 | DEBUG | _http_event_handler:33 | HTTP_EVENT_ON_HEADER, key=Transfer-Encoding, value=chunked[0m
[0m2024-01-26 23:56:34 | DEBUG | _http_event_handler:33 | HTTP_EVENT_ON_HEADER, key=Connection, value=keep-alive[0m
[0m2024-01-26 23:56:34 | DEBUG | _http_event_handler:33 | HTTP_EVENT_ON_HEADER, key=X-Powered-By, value=PHP/8.3.0[0m
[0m2024-01-26 23:56:34 | DEBUG | _http_event_handler:36 | HTTP_EVENT_ON_DATA, len=39[0m
[0m2024-01-26 23:56:34 | DEBUG | _http_event_handler:37 | HTTP_EVENT_ON_DATA, output_len=0[0m
[0m2024-01-26 23:56:34 | DEBUG | _http_event_handler:38 | HTTP_EVENT_ON_DATA, content_length=-1[0m
[0m2024-01-26 23:56:34 | DEBUG | _http_event_handler:56 | HTTP_EVENT_ON_FINISH[0m
[0m2024-01-26 23:56:34 | DEBUG | http_client_post:159 | HTTP GET Status = 200, content_length = 1073430064[0m
[0;32m2024-01-26 23:56:34 | INFO  | http_client_post:162 | 
data stored in a database successfully.[0m
[0m2024-01-26 23:56:34 | DEBUG | _http_event_handler:66 | HTTP_EVENT_DISCONNECTED[0m
[0;32m2024-01-26 23:56:34 | INFO  | read_temperature_task:82 | Client POST request returned: 0[0m
[0m2024-01-26 23:56:38 | DEBUG | inspect_task:103 | Currently available heap: 212900[0m
[0m2024-01-26 23:56:38 | DEBUG | inspect_task:104 | The minimum heap size that was ever available: 205348[0m
[0m2024-01-26 23:56:43 | DEBUG | inspect_task:103 | Currently available heap: 212900[0m
[0m2024-01-26 23:56:43 | DEBUG | inspect_task:104 | The minimum heap size that was ever available: 205348[0m
[0m2024-01-26 23:56:48 | DEBUG | inspect_task:103 | Currently available heap: 212900[0m
[0m2024-01-26 23:56:48 | DEBUG | inspect_task:104 | The minimum heap size that was ever available: 205348[0m
[0m2024-01-26 23:56:53 | DEBUG | inspect_task:103 | Currently available heap: 212900[0m
[0m2024-01-26 23:56:53 | DEBUG | inspect_task:104 | The minimum heap size that was ever available: 205348[0m
[0m2024-01-26 23:56:58 | DEBUG | inspect_task:103 | Currently available heap: 212900[0m
[0m2024-01-26 23:56:58 | DEBUG | inspect_task:104 | The minimum heap size that was ever available: 205348[0m
[0m2024-01-26 23:57:03 | DEBUG | inspect_task:103 | Currently available heap: 212900[0m
[0m2024-01-26 23:57:03 | DEBUG | inspect_task:104 | The minimum heap size that was ever available: 205348[0m
[0m2024-01-26 23:57:04 | DEBUG | bmp_i2c_readout:333 | reading temperature of BMP280 device...[0m
[0m2024-01-26 23:57:04 | DEBUG | bmp_i2c_readout:337 | reading pressure of BMP280 device...[0m
[0;32m2024-01-26 23:57:04 | INFO  | read_temperature_task:76 | temperature: 22.88 C[0m
[0;32m2024-01-26 23:57:04 | INFO  | read_temperature_task:77 | pressure: 991.51hPa[0m
[0;32m2024-01-26 23:57:04 | INFO  | read_temperature_task:78 | altitude: 182.52 m. n. p. m.[0m
[0m2024-01-26 23:57:04 | DEBUG | read_temperature_task:80 | data to send to database: device_id=222222&temperature=22.88&pressure=991.51&altitude=182.52[0m
[0;32m2024-01-26 23:57:04 | INFO  | http_client_post:143 | making POST request to address: http://wmytych.usermd.net/modules/setters/insert_data.php[0m
[0m2024-01-26 23:57:04 | DEBUG | _http_event_handler:27 | HTTP_EVENT_ON_CONNECTED[0m
[0m2024-01-26 23:57:04 | DEBUG | _http_event_handler:30 | HTTP_EVENT_HEADER_SENT[0m
[0m2024-01-26 23:57:04 | DEBUG | _http_event_handler:33 | HTTP_EVENT_ON_HEADER, key=Server, value=nginx[0m
[0m2024-01-26 23:57:04 | DEBUG | _http_event_handler:33 | HTTP_EVENT_ON_HEADER, key=Date, value=Fri, 26 Jan 2024 23:57:04 GMT[0m
[0m2024-01-26 23:57:04 | DEBUG | _http_event_handler:33 | HTTP_EVENT_ON_HEADER, key=Content-Type, value=text/html; charset=UTF-8[0m
[0m2024-01-26 23:57:04 | DEBUG | _http_event_handler:33 | HTTP_EVENT_ON_HEADER, key=Transfer-Encoding, value=chunked[0m
[0m2024-01-26 23:57:04 | DEBUG | _http_event_handler:33 | HTTP_EVENT_ON_HEADER, key=Connection, value=keep-alive[0m
[0m2024-01-26 23:57:04 | DEBUG | _http_event_handler:33 | HTTP_EVENT_ON_HEADER, key=X-Powered-By, value=PHP/8.3.0[0m
[0m2024-01-26 23:57:04 | DEBUG | _http_event_handler:36 | HTTP_EVENT_ON_DATA, len=39[0m
[0m2024-01-26 23:57:04 | DEBUG | _http_event_handler:37 | HTTP_EVENT_ON_DATA, output_len=0[0m
[0m2024-01-26 23:57:04 | DEBUG | _http_event_handler:38 | HTTP_EVENT_ON_DATA, content_length=-1[0m
[0m2024-01-26 23:57:04 | DEBUG | _http_event_handler:56 | HTTP_EVENT_ON_FINISH[0m
[0m2024-01-26 23:57:04 | DEBUG | http_client_post:159 | HTTP GET Status = 200, content_length = 1073430064[0m
[0;32m2024-01-26 23:57:04 | INFO  | http_client_post:162 | 
data stored in a database successfully.[0m
[0m2024-01-26 23:57:04 | DEBUG | _http_event_handler:66 | HTTP_EVENT_DISCONNECTED[0m
[0;32m2024-01-26 23:57:04 | INFO  | read_temperature_task:82 | Client POST request returned: 0[0m
[0m2024-01-26 23:57:08 | DEBUG | inspect_task:103 | Currently available heap: 212688[0m
[0m2024-01-26 23:57:08 | DEBUG | inspect_task:104 | The minimum heap size that was ever available: 205136[0m
[0m2024-01-26 23:57:13 | DEBUG | inspect_task:103 | Currently available heap: 212688[0m
[0m2024-01-26 23:57:13 | DEBUG | inspect_task:104 | The minimum heap size that was ever available: 205136[0m
