I (3976) wifi:ap channel adjust o:1,1 n:11,2
I (3976) wifi:new:<11,2>, old:<1,1>, ap:<11,2>, sta:<11,2>, prof:1
I (3986) wifi:state: init -> auth (b0)
I (3986) wifi:state: auth -> assoc (0)
I (3996) wifi:state: assoc -> run (10)
I (4006) wifi:connected with TP-LINK_AD8313, aid = 1, channel 11, 40D, bssid = 84:16:f9:ad:83:12
I (4006) wifi:security: WPA2-PSK, phy: bgn, rssi: -59
I (4016) wifi:pm start, type: 1

I (4026) wifi:<ba-add>idx:0 (ifx:0, 84:16:f9:ad:83:12), tid:0, ssn:0, winSize:64
I (4066) wifi:AP's beacon interval = 102400 us, DTIM period = 1
[0;32m1970-01-01 00:00:04 | INFO  | wifi_c_sta_event_handler:108 | Got IP:192.168.0.107[0m
[0;32mI (5016) esp_netif_handlers: sta ip: 192.168.0.107, mask: 255.255.255.0, gw: 192.168.0.1[0m
[0m1970-01-01 00:00:04 | DEBUG | wifi_c_check_sta_connection_result:120 | WIFI_C_CONNECTED_BIT is set![0m
[0m1970-01-01 00:00:05 | DEBUG | inspect_task:97 | Currently available heap: 225264[0m
[0m1970-01-01 00:00:05 | DEBUG | inspect_task:98 | The minimum heap size that was ever available: 219784[0m
I (6416) wifi:Total power save buffer number: 16
[0;32mI (6426) esp_netif_lwip: DHCP server started on interface WIFI_AP_DEF with IP: 192.168.4.1[0m
[0;32m1970-01-01 00:00:05 | INFO  | wifi_c_start_ap:362 | Started AP: 
SSID: ESP32 
Password: 12345678[0m
[0m1970-01-01 00:00:05 | DEBUG | wifi_manager_server_init:290 | http server started[0m
[0;32mI (6446) main_task: Returned from app_main()[0m
[0m1970-01-01 00:00:10 | DEBUG | inspect_task:97 | Currently available heap: 206248[0m
[0m1970-01-01 00:00:10 | DEBUG | inspect_task:98 | The minimum heap size that was ever available: 199440[0m
[0m1970-01-01 00:00:15 | DEBUG | inspect_task:97 | Currently available heap: 206248[0m
[0m1970-01-01 00:00:15 | DEBUG | inspect_task:98 | The minimum heap size that was ever available: 199440[0m
[0m1970-01-01 00:00:20 | DEBUG | inspect_task:97 | Currently available heap: 206248[0m
[0m1970-01-01 00:00:20 | DEBUG | inspect_task:98 | The minimum heap size that was ever available: 199440[0m
[0m1970-01-01 00:00:25 | DEBUG | inspect_task:97 | Currently available heap: 206248[0m
[0m1970-01-01 00:00:25 | DEBUG | inspect_task:98 | The minimum heap size that was ever available: 199440[0m
[0m1970-01-01 00:00:30 | DEBUG | inspect_task:97 | Currently available heap: 206248[0m
[0m1970-01-01 00:00:30 | DEBUG | inspect_task:98 | The minimum heap size that was ever available: 199440[0m
[0m2024-01-19 10:03:49 | DEBUG | inspect_task:97 | Currently available heap: 206104[0m
[0m2024-01-19 10:03:49 | DEBUG | inspect_task:98 | The minimum heap size that was ever available: 199440[0m
[0m2024-01-19 10:03:54 | DEBUG | inspect_task:97 | Currently available heap: 206104[0m
[0m2024-01-19 10:03:54 | DEBUG | inspect_task:98 | The minimum heap size that was ever available: 199440[0m
[0m2024-01-19 10:03:59 | DEBUG | inspect_task:97 | Currently available heap: 206124[0m
[0m2024-01-19 10:03:59 | DEBUG | inspect_task:98 | The minimum heap size that was ever available: 199440[0m
[0m2024-01-19 10:04:04 | DEBUG | inspect_task:97 | Currently available heap: 206124[0m
[0m2024-01-19 10:04:04 | DEBUG | inspect_task:98 | The minimum heap size that was ever available: 199440[0m
[0m2024-01-19 10:04:09 | DEBUG | inspect_task:97 | Currently available heap: 206124[0m
[0m2024-01-19 10:04:09 | DEBUG | inspect_task:98 | The minimum heap size that was ever available: 199440[0m
[0m2024-01-19 10:04:14 | DEBUG | inspect_task:97 | Currently available heap: 206124[0m
[0m2024-01-19 10:04:14 | DEBUG | inspect_task:98 | The minimum heap size that was ever available: 199440[0m
[0m2024-01-19 10:04:19 | DEBUG | inspect_task:97 | Currently available heap: 206132[0m
[0m2024-01-19 10:04:19 | DEBUG | inspect_task:98 | The minimum heap size that was ever available: 199440[0m
[0m2024-01-19 10:04:24 | DEBUG | inspect_task:97 | Currently available heap: 206132[0m
[0m2024-01-19 10:04:24 | DEBUG | inspect_task:98 | The minimum heap size that was ever available: 199440[0m
[0m2024-01-19 10:04:29 | DEBUG | inspect_task:97 | Currently available heap: 206132[0m
[0m2024-01-19 10:04:29 | DEBUG | inspect_task:98 | The minimum heap size that was ever available: 199440[0m
[0m2024-01-19 10:04:34 | DEBUG | inspect_task:97 | Currently available heap: 206132[0m
[0m2024-01-19 10:04:34 | DEBUG | inspect_task:98 | The minimum heap size that was ever available: 199440[0m
[0m2024-01-19 10:04:39 | DEBUG | inspect_task:97 | Currently available heap: 206132[0m
[0m2024-01-19 10:04:39 | DEBUG | inspect_task:98 | The minimum heap size that was ever available: 199440[0m
[0m2024-01-19 10:04:42 | DEBUG | root_handler:65 | serving GET "/" request...[0m
[0m2024-01-19 10:04:42 | DEBUG | stylesheet_handler:75 | serving GET "/styles.css" request...[0m
[0m2024-01-19 10:04:42 | DEBUG | script_handler:86 | serving GET "/code.js" request...[0m
[0m2024-01-19 10:04:43 | DEBUG | ap_json_handler:97 | serving GET "/scan" request...[0m
[0m2024-01-19 10:04:43 | DEBUG | wifi_c_scan_all_ap:509 | scanning for Access Points...[0m
[0m2024-01-19 10:04:44 | DEBUG | inspect_task:97 | Currently available heap: 197712[0m
[0m2024-01-19 10:04:44 | DEBUG | inspect_task:98 | The minimum heap size that was ever available: 195596[0m
[0;32m2024-01-19 10:04:46 | INFO  | wifi_c_ap_event_handler:83 | Total APs scanned: 10[0m
[0m2024-01-19 10:04:46 | DEBUG | wifi_manager_fetch_ap_list:112 | wifi manager scan complete, scanned: 54032 APs[0m
[0m2024-01-19 10:04:46 | DEBUG | state_json_handler:113 | serving GET "/state" request...[0m
[0m2024-01-19 10:04:46 | DEBUG | wifi_c_get_status_as_json:238 | storing wifi_c_status structure as JSON string...[0m
[0m2024-01-19 10:04:46 | DEBUG | wifi_c_get_status_as_json:254 | wifi_c_status structure as JSON: 
{"wifi_initialized": true, "netif_initialized":true, "wifi_mode": "WIFI_C_MODE_APSTA", "event_loop_started": true, "sta_started": true, "ap_started": true, "scan_done": true, "sta_connected":true, "sta_ip": "192.168.0.107", "sta_ssid": "TP-LINK_AD8313", "ap_ip": "192.168.4.1", "ap_ssid": "ESP32"}[0m
[0;33mW (92986) httpd_uri: httpd_uri: URI '/favicon.ico' not found[0m
[0;33mW (92986) httpd_txrx: httpd_resp_send_err: 404 Not Found - Nothing matches the given URI[0m
[0m2024-01-19 10:04:46 | DEBUG | saved_ap_json_handler:187 | serving GET "/saved_ap" request...[0m
[0m2024-01-19 10:04:46 | DEBUG | nvs_c_open_read_only:79 | opened namespace nvs for read only operations[0m
[0;32m2024-01-19 10:04:46 | INFO  | nvs_c_read_string:131 | read 15 bytes from namespace: nvs[0m
[0m2024-01-19 10:04:46 | DEBUG | wifi_manager_get_stored_ap:81 | found stored SSID in NVS: TP-LINK_AD8313[0m
[0m2024-01-19 10:04:46 | DEBUG | nvs_c_close:88 | nvs namespace: nvs was closed[0m
[0m2024-01-19 10:04:46 | DEBUG | wifi_manager_get_stored_ap_as_json:28 | generated stored AP as JSON[0m
[0m2024-01-19 10:04:49 | DEBUG | inspect_task:97 | Currently available heap: 196932[0m
[0m2024-01-19 10:04:49 | DEBUG | inspect_task:98 | The minimum heap size that was ever available: 184684[0m
[0m2024-01-19 10:04:54 | DEBUG | inspect_task:97 | Currently available heap: 196932[0m
[0m2024-01-19 10:04:54 | DEBUG | inspect_task:98 | The minimum heap size that was ever available: 184684[0m
[0m2024-01-19 10:04:59 | DEBUG | inspect_task:97 | Currently available heap: 196932[0m
[0m2024-01-19 10:04:59 | DEBUG | inspect_task:98 | The minimum heap size that was ever available: 184684[0m
[0m2024-01-19 10:05:04 | DEBUG | inspect_task:97 | Currently available heap: 196932[0m
[0m2024-01-19 10:05:04 | DEBUG | inspect_task:98 | The minimum heap size that was ever available: 184684[0m
[0m2024-01-19 10:05:09 | DEBUG | inspect_task:97 | Currently available heap: 196932[0m
[0m2024-01-19 10:05:09 | DEBUG | inspect_task:98 | The minimum heap size that was ever available: 184684[0m
[0m2024-01-19 10:05:13 | DEBUG | ap_json_handler:97 | serving GET "/scan" request...[0m
[0m2024-01-19 10:05:13 | DEBUG | wifi_c_scan_all_ap:509 | scanning for Access Points...[0m
[0m2024-01-19 10:05:14 | DEBUG | inspect_task:97 | Currently available heap: 195724[0m
[0m2024-01-19 10:05:14 | DEBUG | inspect_task:98 | The minimum heap size that was ever available: 184684[0m
[0;32m2024-01-19 10:05:16 | INFO  | wifi_c_ap_event_handler:83 | Total APs scanned: 10[0m
[0m2024-01-19 10:05:16 | DEBUG | wifi_manager_fetch_ap_list:112 | wifi manager scan complete, scanned: 54032 APs[0m
[0m2024-01-19 10:05:19 | DEBUG | inspect_task:97 | Currently available heap: 197196[0m
[0m2024-01-19 10:05:19 | DEBUG | inspect_task:98 | The minimum heap size that was ever available: 184684[0m
[0m2024-01-19 10:05:24 | DEBUG | inspect_task:97 | Currently available heap: 197196[0m
[0m2024-01-19 10:05:24 | DEBUG | inspect_task:98 | The minimum heap size that was ever available: 184684[0m
[0m2024-01-19 10:05:29 | DEBUG | inspect_task:97 | Currently available heap: 197196[0m
[0m2024-01-19 10:05:29 | DEBUG | inspect_task:98 | The minimum heap size that was ever available: 184684[0m
[0m2024-01-19 10:05:32 | DEBUG | connect_handler:135 | serving POST "/connect" request...[0m
[0;31m2024-01-19 10:05:32 | ERROR | lib/wifi_manager/src/wifi_http_server.c:161 | connect_handler:161 | Length of X-Custom-password header cannot be 0[0m
[0;33mW (138746) httpd_uri: httpd_uri: uri handler execution failed[0m
[0m2024-01-19 10:05:32 | DEBUG | connect_handler:135 | serving POST "/connect" request...[0m
[0;31m2024-01-19 10:05:32 | ERROR | lib/wifi_manager/src/wifi_http_server.c:161 | connect_handler:161 | Length of X-Custom-password header cannot be 0[0m
[0;33mW (138946) httpd_uri: httpd_uri: uri handler execution failed[0m
[0m2024-01-19 10:05:32 | DEBUG | connect_handler:135 | serving POST "/connect" request...[0m
[0;31m2024-01-19 10:05:32 | ERROR | lib/wifi_manager/src/wifi_http_server.c:161 | connect_handler:161 | Length of X-Custom-password header cannot be 0[0m
[0;33mW (139086) httpd_uri: httpd_uri: uri handler execution failed[0m
[0m2024-01-19 10:05:34 | DEBUG | inspect_task:97 | Currently available heap: 197356[0m
[0m2024-01-19 10:05:34 | DEBUG | inspect_task:98 | The minimum heap size that was ever available: 184684[0m
[0m2024-01-19 10:05:39 | DEBUG | inspect_task:97 | Currently available heap: 197356[0m
[0m2024-01-19 10:05:39 | DEBUG | inspect_task:98 | The minimum heap size that was ever available: 184684[0m
[0m2024-01-19 10:05:44 | DEBUG | inspect_task:97 | Currently available heap: 197356[0m
[0m2024-01-19 10:05:44 | DEBUG | inspect_task:98 | The minimum heap size that was ever available: 184684[0m
[0m2024-01-19 10:05:49 | DEBUG | inspect_task:97 | Currently available heap: 197356[0m
[0m2024-01-19 10:05:49 | DEBUG | inspect_task:98 | The minimum heap size that was ever available: 184684[0m
[0m2024-01-19 10:05:52 | DEBUG | ap_json_handler:97 | serving GET "/scan" request...[0m
[0m2024-01-19 10:05:52 | DEBUG | wifi_c_scan_all_ap:509 | scanning for Access Points...[0m
[0m2024-01-19 10:05:54 | DEBUG | inspect_task:97 | Currently available heap: 194324[0m
[0m2024-01-19 10:05:54 | DEBUG | inspect_task:98 | The minimum heap size that was ever available: 184684[0m
[0;32m2024-01-19 10:05:54 | INFO  | wifi_c_ap_event_handler:83 | Total APs scanned: 10[0m
[0m2024-01-19 10:05:55 | DEBUG | wifi_manager_fetch_ap_list:112 | wifi manager scan complete, scanned: 54032 APs[0m
[0m2024-01-19 10:05:59 | DEBUG | inspect_task:97 | Currently available heap: 196816[0m
[0m2024-01-19 10:05:59 | DEBUG | inspect_task:98 | The minimum heap size that was ever available: 184684[0m
[0m2024-01-19 10:06:04 | DEBUG | inspect_task:97 | Currently available heap: 196816[0m
[0m2024-01-19 10:06:04 | DEBUG | inspect_task:98 | The minimum heap size that was ever available: 184684[0m
[0m2024-01-19 10:06:09 | DEBUG | inspect_task:97 | Currently available heap: 196816[0m
[0m2024-01-19 10:06:09 | DEBUG | inspect_task:98 | The minimum heap size that was ever available: 184684[0m
[0m2024-01-19 10:06:14 | DEBUG | inspect_task:97 | Currently available heap: 196816[0m
[0m2024-01-19 10:06:14 | DEBUG | inspect_task:98 | The minimum heap size that was ever available: 184684[0m
[0m2024-01-19 10:06:19 | DEBUG | inspect_task:97 | Currently available heap: 196816[0m
[0m2024-01-19 10:06:19 | DEBUG | inspect_task:98 | The minimum heap size that was ever available: 184684[0m
[0m2024-01-19 10:06:24 | DEBUG | inspect_task:97 | Currently available heap: 196816[0m
[0m2024-01-19 10:06:24 | DEBUG | inspect_task:98 | The minimum heap size that was ever available: 184684[0m
[0m2024-01-19 10:06:29 | DEBUG | inspect_task:97 | Currently available heap: 196816[0m
[0m2024-01-19 10:06:29 | DEBUG | inspect_task:98 | The minimum heap size that was ever available: 184684[0m
[0m2024-01-19 10:06:34 | DEBUG | inspect_task:97 | Currently available heap: 196816[0m
[0m2024-01-19 10:06:34 | DEBUG | inspect_task:98 | The minimum heap size that was ever available: 184684[0m
[0m2024-01-19 10:06:39 | DEBUG | inspect_task:97 | Currently available heap: 196816[0m
[0m2024-01-19 10:06:39 | DEBUG | inspect_task:98 | The minimum heap size that was ever available: 184684[0m
[0m2024-01-19 10:06:44 | DEBUG | inspect_task:97 | Currently available heap: 196816[0m
[0m2024-01-19 10:06:44 | DEBUG | inspect_task:98 | The minimum heap size that was ever available: 184684[0m
[0m2024-01-19 10:06:49 | DEBUG | inspect_task:97 | Currently available heap: 197028[0m
[0m2024-01-19 10:06:49 | DEBUG | inspect_task:98 | The minimum heap size that was ever available: 184684[0m
[0m2024-01-19 10:06:54 | DEBUG | inspect_task:97 | Currently available heap: 197028[0m
[0m2024-01-19 10:06:54 | DEBUG | inspect_task:98 | The minimum heap size that was ever available: 184684[0m
[0m2024-01-19 10:06:59 | DEBUG | inspect_task:97 | Currently available heap: 197028[0m
[0m2024-01-19 10:06:59 | DEBUG | inspect_task:98 | The minimum heap size that was ever available: 184684[0m
[0m2024-01-19 10:07:04 | DEBUG | inspect_task:97 | Currently available heap: 197028[0m
[0m2024-01-19 10:07:04 | DEBUG | inspect_task:98 | The minimum heap size that was ever available: 184684[0m
[0m2024-01-19 10:07:09 | DEBUG | inspect_task:97 | Currently available heap: 197028[0m
[0m2024-01-19 10:07:09 | DEBUG | inspect_task:98 | The minimum heap size that was ever available: 184684[0m
[0m2024-01-19 10:07:14 | DEBUG | inspect_task:97 | Currently available heap: 197028[0m
[0m2024-01-19 10:07:14 | DEBUG | inspect_task:98 | The minimum heap size that was ever available: 184684[0m
[0m2024-01-19 10:07:19 | DEBUG | inspect_task:97 | Currently available heap: 197028[0m
[0m2024-01-19 10:07:19 | DEBUG | inspect_task:98 | The minimum heap size that was ever available: 184684[0m
[0m2024-01-19 10:07:24 | DEBUG | inspect_task:97 | Currently available heap: 197028[0m
[0m2024-01-19 10:07:24 | DEBUG | inspect_task:98 | The minimum heap size that was ever available: 184684[0m
[0m2024-01-19 10:07:29 | DEBUG | inspect_task:97 | Currently available heap: 197028[0m
[0m2024-01-19 10:07:29 | DEBUG | inspect_task:98 | The minimum heap size that was ever available: 184684[0m
[0m2024-01-19 10:07:34 | DEBUG | inspect_task:97 | Currently available heap: 197668[0m
[0m2024-01-19 10:07:34 | DEBUG | inspect_task:98 | The minimum heap size that was ever available: 184684[0m
[0m2024-01-19 10:07:39 | DEBUG | inspect_task:97 | Currently available heap: 197668[0m
[0m2024-01-19 10:07:39 | DEBUG | inspect_task:98 | The minimum heap size that was ever available: 184684[0m
[0m2024-01-19 10:07:44 | DEBUG | inspect_task:97 | Currently available heap: 197668[0m
[0m2024-01-19 10:07:44 | DEBUG | inspect_task:98 | The minimum heap size that was ever available: 184684[0m
[0m2024-01-19 10:07:49 | DEBUG | inspect_task:97 | Currently available heap: 197668[0m
[0m2024-01-19 10:07:49 | DEBUG | inspect_task:98 | The minimum heap size that was ever available: 184684[0m
[0m2024-01-19 10:07:54 | DEBUG | inspect_task:97 | Currently available heap: 197668[0m
[0m2024-01-19 10:07:54 | DEBUG | inspect_task:98 | The minimum heap size that was ever available: 184684[0m
[0m2024-01-19 10:07:59 | DEBUG | inspect_task:97 | Currently available heap: 197668[0m
[0m2024-01-19 10:07:59 | DEBUG | inspect_task:98 | The minimum heap size that was ever available: 184684[0m
[0m2024-01-19 10:08:04 | DEBUG | inspect_task:97 | Currently available heap: 197668[0m
[0m2024-01-19 10:08:04 | DEBUG | inspect_task:98 | The minimum heap size that was ever available: 184684[0m
[0m2024-01-19 10:08:09 | DEBUG | inspect_task:97 | Currently available heap: 197668[0m
[0m2024-01-19 10:08:09 | DEBUG | inspect_task:98 | The minimum heap size that was ever available: 184684[0m
[0m2024-01-19 10:08:14 | DEBUG | inspect_task:97 | Currently available heap: 197668[0m
[0m2024-01-19 10:08:14 | DEBUG | inspect_task:98 | The minimum heap size that was ever available: 184684[0m
[0m2024-01-19 10:08:19 | DEBUG | inspect_task:97 | Currently available heap: 197668[0m
[0m2024-01-19 10:08:19 | DEBUG | inspect_task:98 | The minimum heap size that was ever available: 184684[0m
[0m2024-01-19 10:08:24 | DEBUG | inspect_task:97 | Currently available heap: 197668[0m
[0m2024-01-19 10:08:24 | DEBUG | inspect_task:98 | The minimum heap size that was ever available: 184684[0m
[0m2024-01-19 10:08:29 | DEBUG | inspect_task:97 | Currently available heap: 197668[0m
[0m2024-01-19 10:08:29 | DEBUG | inspect_task:98 | The minimum heap size that was ever available: 184684[0m
[0m2024-01-19 10:08:34 | DEBUG | inspect_task:97 | Currently available heap: 197668[0m
[0m2024-01-19 10:08:34 | DEBUG | inspect_task:98 | The minimum heap size that was ever available: 184684[0m
[0m2024-01-19 10:08:39 | DEBUG | inspect_task:97 | Currently available heap: 197668[0m
[0m2024-01-19 10:08:39 | DEBUG | inspect_task:98 | The minimum heap size that was ever available: 184684[0m
[0m2024-01-19 10:08:44 | DEBUG | inspect_task:97 | Currently available heap: 197352[0m
[0m2024-01-19 10:08:44 | DEBUG | inspect_task:98 | The minimum heap size that was ever available: 184684[0m
[0m2024-01-19 10:08:49 | DEBUG | inspect_task:97 | Currently available heap: 197668[0m
[0m2024-01-19 10:08:49 | DEBUG | inspect_task:98 | The minimum heap size that was ever available: 184684[0m
[0m2024-01-19 10:08:54 | DEBUG | inspect_task:97 | Currently available heap: 197668[0m
[0m2024-01-19 10:08:54 | DEBUG | inspect_task:98 | The minimum heap size that was ever available: 184684[0m
[0m2024-01-19 10:08:59 | DEBUG | inspect_task:97 | Currently available heap: 197668[0m
[0m2024-01-19 10:08:59 | DEBUG | inspect_task:98 | The minimum heap size that was ever available: 184684[0m
