[0;32m1970-01-01 00:00:00 | INFO  | nvs_c_init_nvs:31 | nvs wasI (3179) wifi:new:<11,2>, old:<1,0>, ap:<255,255>, sta:<11,2>, prof:1
I (3179) wifi:state: init -> auth (b0)
I (3189) wifi:state: auth -> assoc (0)
I (3189) wifi:state: assoc -> run (10)
I (3199) wifi:connected with TP-LINK_AD8313, aid = 1, channel 11, 40D, bssid = 84:16:f9:ad:83:12
I (3199) wifi:security: WPA2-PSK, phy: bgn, rssi: -50
I (3199) wifi:pm start, type: 1

I (3209) wifi:set rx beacon pti, rx_bcn_pti: 0, bcn_timeout: 25000, mt_pti: 0, mt_time: 10000
I (3219) wifi:<ba-add>idx:0 (ifx:0, 84:16:f9:ad:83:12), tid:0, ssn:0, winSize:64
I (3279) wifi:AP's beacon interval = 102400 us, DTIM period = 1
[0;32m1970-01-01 00:00:38 | INFO  | wifi_c_sta_event_handler:116 | Got IP:192.168.0.103[0m
[0;32mI (4219) esp_netif_handlers: sta ip: 192.168.0.103, mask: 255.255.255.0, gw: 192.168.0.1[0m
[0m1970-01-01 00:00:38 | DEBUG | wifi_c_check_sta_connection_result:128 | WIFI_C_CONNECTED_BIT is set![0m
[0;33mW (4229) esp_https_ota: Continuing with insecure option because CONFIG_ESP_HTTPS_OTA_ALLOW_HTTP is set.[0m
[0;32mI (4289) esp_https_ota: Starting OTA...[0m
[0;32mI (4289) esp_https_ota: Writing to partition subtype 16 at offset 0x10000[0m
[0;32m1970-01-01 00:00:38 | INFO  | ota_c_validate_image:91 | Running firmware version: 0.0.0.1[0m
[0;33m1970-01-01 00:00:38 | WARN  | lib/ota_controller/src/ota_controller.c:96 | ota_c_validate_image:96 | Current running version is the same as a new. Will not update.[0m
[0m1970-01-01 00:00:38 | DEBUG | ota_c_validate_image:97 | current firmware version: 0.0.0.1
new firmware version: 0.0.0.1[0m
[0;31m1970-01-01 00:00:38 | ERROR | lib/ota_controller/src/ota_controller.c:172 | ota_c_start:172 | image header verification failed[0m
[0m1970-01-01 00:00:38 | DEBUG | inspect_task:99 | Currently available heap: 211988[0m
[0m1970-01-01 00:00:38 | DEBUG | inspect_task:100 | The minimum heap size that was ever available: 211988[0m
[0m1970-01-01 00:00:38 | DEBUG | tcp_create_socket:168 | preparing socket...[0m
[0m1970-01-01 00:00:38 | DEBUG | tcp_create_socket:175 | created socket: 55[0m
[0m1970-01-01 00:00:38 | DEBUG | tcp_prepare_address:211 | preparing address...[0m
[0m1970-01-01 00:00:38 | DEBUG | tcp_prepare_address:220 | prepared address 192.168.0.103:27015[0m
[0m1970-01-01 00:00:38 | DEBUG | tcp_bind_socket:232 | binding socket: 55 to address: 192.168.0.103:34665[0m
[0m1970-01-01 00:00:38 | DEBUG | tcp_bind_socket:242 | socket: 55 bound to address: 192.168.0.103:27015[0m
[0m1970-01-01 00:00:38 | DEBUG | tcp_socket_listen:253 | trying to listen on socket: 55[0m
[0;32m1970-01-01 00:00:38 | INFO  | tcp_socket_listen:260 | listening on socket: 192.168.0.103:27015[0m
[0;32m1970-01-01 00:00:38 | INFO  | cli_set_remote_logging:63 | Connect to device on IP 192.168.0.103 with port 27015 to capture logs.[0m
I (6979) wifi:<ba-add>idx:1 (ifx:0, 84:16:f9:ad:83:12), tid:5, ssn:0, winSize:64
[0m2024-01-22 23:23:03 | DEBUG | inspect_task:99 | Currently available heap: 211384[0m
[0m2024-01-22 23:23:03 | DEBUG | inspect_task:100 | The minimum heap size that was ever available: 209496[0m
[0m2024-01-22 23:23:08 | DEBUG | inspect_task:99 | Currently available heap: 209648[0m
[0m2024-01-22 23:23:08 | DEBUG | inspect_task:100 | The minimum heap size that was ever available: 207600[0m
[0m2024-01-22 23:23:13 | DEBUG | inspect_task:99 | Currently available heap: 207912[0m
[0m2024-01-22 23:23:13 | DEBUG | inspect_task:100 | The minimum heap size that was ever available: 206208[0m
[0m2024-01-22 23:23:18 | DEBUG | inspect_task:99 | Currently available heap: 206176[0m
[0m2024-01-22 23:23:18 | DEBUG | inspect_task:100 | The minimum heap size that was ever available: 204472[0m
[0m2024-01-22 23:23:23 | DEBUG | inspect_task:99 | Currently available heap: 204440[0m
[0m2024-01-22 23:23:23 | DEBUG | inspect_task:100 | The minimum heap size that was ever available: 202676[0m
[0m2024-01-22 23:23:28 | DEBUG | inspect_task:99 | Currently available heap: 202696[0m
[0m2024-01-22 23:23:28 | DEBUG | inspect_task:100 | The minimum heap size that was ever available: 200940[0m
[0m2024-01-22 23:23:33 | DEBUG | inspect_task:99 | Currently available heap: 202696[0m
[0m2024-01-22 23:23:33 | DEBUG | inspect_task:100 | The minimum heap size that was ever available: 200648[0m
[0m2024-01-22 23:23:38 | DEBUG | inspect_task:99 | Currently available heap: 202696[0m
[0m2024-01-22 23:23:38 | DEBUG | inspect_task:100 | The minimum heap size that was ever available: 200648[0m
[0m2024-01-22 23:23:43 | DEBUG | inspect_task:99 | Currently available heap: 202696[0m
[0m2024-01-22 23:23:43 | DEBUG | inspect_task:100 | The minimum heap size that was ever available: 200648[0m
[0m2024-01-22 23:23:48 | DEBUG | inspect_task:99 | Currently available heap: 202696[0m
[0m2024-01-22 23:23:48 | DEBUG | inspect_task:100 | The minimum heap size that was ever available: 200648[0m
[0m2024-01-22 23:23:53 | DEBUG | inspect_task:99 | Currently available heap: 202696[0m
[0m2024-01-22 23:23:53 | DEBUG | inspect_task:100 | The minimum heap size that was ever available: 200648[0m
[0m2024-01-22 23:23:58 | DEBUG | inspect_task:99 | Currently available heap: 202696[0m
[0m2024-01-22 23:23:58 | DEBUG | inspect_task:100 | The minimum heap size that was ever available: 200648[0m
[0m2024-01-22 23:24:03 | DEBUG | inspect_task:99 | Currently available heap: 202696[0m
[0m2024-01-22 23:24:03 | DEBUG | inspect_task:100 | The minimum heap size that was ever available: 200648[0m
[0m2024-01-22 23:24:08 | DEBUG | inspect_task:99 | Currently available heap: 202696[0m
[0m2024-01-22 23:24:08 | DEBUG | inspect_task:100 | The minimum heap size that was ever available: 200648[0m
[0m2024-01-22 23:24:13 | DEBUG | inspect_task:99 | Currently available heap: 202696[0m
[0m2024-01-22 23:24:13 | DEBUG | inspect_task:100 | The minimum heap size that was ever available: 200648[0m
[0m2024-01-22 23:24:18 | DEBUG | inspect_task:99 | Currently available heap: 202696[0m
[0m2024-01-22 23:24:18 | DEBUG | inspect_task:100 | The minimum heap size that was ever available: 200648[0m
[0m2024-01-22 23:24:23 | DEBUG | inspect_task:99 | Currently available heap: 202696[0m
[0m2024-01-22 23:24:23 | DEBUG | inspect_task:100 | The minimum heap size that was ever available: 200648[0m
[0m2024-01-22 23:24:28 | DEBUG | inspect_task:99 | Currently available heap: 202696[0m
[0m2024-01-22 23:24:28 | DEBUG | inspect_task:100 | The minimum heap size that was ever available: 200648[0m
[0m2024-01-22 23:24:33 | DEBUG | inspect_task:99 | Currently available heap: 202696[0m
[0m2024-01-22 23:24:33 | DEBUG | inspect_task:100 | The minimum heap size that was ever available: 200648[0m
[0m2024-01-22 23:24:38 | DEBUG | inspect_task:99 | Currently available heap: 202696[0m
[0m2024-01-22 23:24:38 | DEBUG | inspect_task:100 | The minimum heap size that was ever available: 200648[0m
[0m2024-01-22 23:24:43 | DEBUG | inspect_task:99 | Currently available heap: 202696[0m
[0m2024-01-22 23:24:43 | DEBUG | inspect_task:100 | The minimum heap size that was ever available: 198936[0m
[0m2024-01-22 23:24:48 | DEBUG | inspect_task:99 | Currently available heap: 202696[0m
[0m2024-01-22 23:24:48 | DEBUG | inspect_task:100 | The minimum heap size that was ever available: 198936[0m
[0m2024-01-22 23:24:53 | DEBUG | inspect_task:99 | Currently available heap: 202696[0m
[0m2024-01-22 23:24:53 | DEBUG | inspect_task:100 | The minimum heap size that was ever available: 198936[0m
[0m2024-01-22 23:24:58 | DEBUG | inspect_task:99 | Currently available heap: 202696[0m
[0m2024-01-22 23:24:58 | DEBUG | inspect_task:100 | The minimum heap size that was ever available: 198936[0m
[0m2024-01-22 23:25:03 | DEBUG | inspect_task:99 | Currently available heap: 202696[0m
[0m2024-01-22 23:25:03 | DEBUG | inspect_task:100 | The minimum heap size that was ever available: 198936[0m
[0m2024-01-22 23:25:08 | DEBUG | inspect_task:99 | Currently available heap: 202696[0m
[0m2024-01-22 23:25:08 | DEBUG | inspect_task:100 | The minimum heap size that was ever available: 198936[0m
[0m2024-01-22 23:25:13 | DEBUG | inspect_task:99 | Currently available heap: 202696[0m
[0m2024-01-22 23:25:13 | DEBUG | inspect_task:100 | The minimum heap size that was ever available: 198936[0m
[0m2024-01-22 23:25:18 | DEBUG | inspect_task:99 | Currently available heap: 202696[0m
[0m2024-01-22 23:25:18 | DEBUG | inspect_task:100 | The minimum heap size that was ever available: 198936[0m
[0m2024-01-22 23:25:23 | DEBUG | inspect_task:99 | Currently available heap: 202696[0m
[0m2024-01-22 23:25:23 | DEBUG | inspect_task:100 | The minimum heap size that was ever available: 198936[0m
[0m2024-01-22 23:25:28 | DEBUG | inspect_task:99 | Currently available heap: 202696[0m
[0m2024-01-22 23:25:28 | DEBUG | inspect_task:100 | The minimum heap size that was ever available: 198936[0m
[0m2024-01-22 23:25:33 | DEBUG | inspect_task:99 | Currently available heap: 202696[0m
[0m2024-01-22 23:25:33 | DEBUG | inspect_task:100 | The minimum heap size that was ever available: 198936[0m
[0m2024-01-22 23:25:38 | DEBUG | inspect_task:99 | Currently available heap: 202696[0m
[0m2024-01-22 23:25:38 | DEBUG | inspect_task:100 | The minimum heap size that was ever available: 198936[0m
[0m2024-01-22 23:25:43 | DEBUG | inspect_task:99 | Currently available heap: 202696[0m
[0m2024-01-22 23:25:43 | DEBUG | inspect_task:100 | The minimum heap size that was ever available: 198936[0m
[0m2024-01-22 23:25:48 | DEBUG | inspect_task:99 | Currently available heap: 202696[0m
[0m2024-01-22 23:25:48 | DEBUG | inspect_task:100 | The minimum heap size that was ever available: 198936[0m
[0m2024-01-22 23:25:53 | DEBUG | inspect_task:99 | Currently available heap: 202696[0m
[0m2024-01-22 23:25:53 | DEBUG | inspect_task:100 | The minimum heap size that was ever available: 198936[0m
[0m2024-01-22 23:25:58 | DEBUG | inspect_task:99 | Currently available heap: 202696[0m
[0m2024-01-22 23:25:58 | DEBUG | inspect_task:100 | The minimum heap size that was ever available: 198936[0m
[0m2024-01-22 23:26:03 | DEBUG | inspect_task:99 | Currently available heap: 202696[0m
[0m2024-01-22 23:26:03 | DEBUG | inspect_task:100 | The minimum heap size that was ever available: 198936[0m
[0m2024-01-22 23:26:08 | DEBUG | inspect_task:99 | Currently available heap: 202696[0m
[0m2024-01-22 23:26:08 | DEBUG | inspect_task:100 | The minimum heap size that was ever available: 198936[0m
[0m2024-01-22 23:26:13 | DEBUG | inspect_task:99 | Currently available heap: 202696[0m
[0m2024-01-22 23:26:13 | DEBUG | inspect_task:100 | The minimum heap size that was ever available: 198936[0m
[0m2024-01-22 23:26:18 | DEBUG | inspect_task:99 | Currently available heap: 202696[0m
[0m2024-01-22 23:26:18 | DEBUG | inspect_task:100 | The minimum heap size that was ever available: 198936[0m
[0m2024-01-22 23:26:23 | DEBUG | inspect_task:99 | Currently available heap: 202696[0m
[0m2024-01-22 23:26:23 | DEBUG | inspect_task:100 | The minimum heap size that was ever available: 198936[0m
[0m2024-01-22 23:26:28 | DEBUG | inspect_task:99 | Currently available heap: 202696[0m
[0m2024-01-22 23:26:28 | DEBUG | inspect_task:100 | The minimum heap size that was ever available: 198936[0m
[0m2024-01-22 23:26:33 | DEBUG | inspect_task:99 | Currently available heap: 202696[0m
[0m2024-01-22 23:26:33 | DEBUG | inspect_task:100 | The minimum heap size that was ever available: 198936[0m
[0m2024-01-22 23:26:38 | DEBUG | inspect_task:99 | Currently available heap: 202696[0m
[0m2024-01-22 23:26:38 | DEBUG | inspect_task:100 | The minimum heap size that was ever available: 198936[0m
[0m2024-01-22 23:26:43 | DEBUG | inspect_task:99 | Currently available heap: 202696[0m
[0m2024-01-22 23:26:43 | DEBUG | inspect_task:100 | The minimum heap size that was ever available: 198936[0m
[0m2024-01-22 23:26:48 | DEBUG | inspect_task:99 | Currently available heap: 202696[0m
[0m2024-01-22 23:26:48 | DEBUG | inspect_task:100 | The minimum heap size that was ever available: 198936[0m
[0m2024-01-22 23:26:53 | DEBUG | inspect_task:99 | Currently available heap: 202696[0m
[0m2024-01-22 23:26:53 | DEBUG | inspect_task:100 | The minimum heap size that was ever available: 198936[0m
[0m2024-01-22 23:26:58 | DEBUG | inspect_task:99 | Currently available heap: 202696[0m
[0m2024-01-22 23:26:58 | DEBUG | inspect_task:100 | The minimum heap size that was ever available: 198936[0m
[0m2024-01-22 23:27:03 | DEBUG | inspect_task:99 | Currently available heap: 202696[0m
[0m2024-01-22 23:27:03 | DEBUG | inspect_task:100 | The minimum heap size that was ever available: 198936[0m
[0m2024-01-22 23:27:08 | DEBUG | inspect_task:99 | Currently available heap: 202696[0m
[0m2024-01-22 23:27:08 | DEBUG | inspect_task:100 | The minimum heap size that was ever available: 198936[0m
[0m2024-01-22 23:27:13 | DEBUG | inspect_task:99 | Currently available heap: 202696[0m
[0m2024-01-22 23:27:13 | DEBUG | inspect_task:100 | The minimum heap size that was ever available: 198936[0m
[0m2024-01-22 23:27:18 | DEBUG | inspect_task:99 | Currently available heap: 202696[0m
[0m2024-01-22 23:27:18 | DEBUG | inspect_task:100 | The minimum heap size that was ever available: 198936[0m
[0m2024-01-22 23:27:23 | DEBUG | inspect_task:99 | Currently available heap: 202696[0m
[0m2024-01-22 23:27:23 | DEBUG | inspect_task:100 | The minimum heap size that was ever available: 198936[0m
[0m2024-01-22 23:27:28 | DEBUG | inspect_task:99 | Currently available heap: 202696[0m
[0m2024-01-22 23:27:28 | DEBUG | inspect_task:100 | The minimum heap size that was ever available: 198936[0m
[0m2024-01-22 23:27:33 | DEBUG | inspect_task:99 | Currently available heap: 202696[0m
[0m2024-01-22 23:27:33 | DEBUG | inspect_task:100 | The minimum heap size that was ever available: 198936[0m
[0m2024-01-22 23:27:38 | DEBUG | inspect_task:99 | Currently available heap: 202696[0m
[0m2024-01-22 23:27:38 | DEBUG | inspect_task:100 | The minimum heap size that was ever available: 198936[0m
[0m2024-01-22 23:27:43 | DEBUG | inspect_task:99 | Currently available heap: 202696[0m
[0m2024-01-22 23:27:43 | DEBUG | inspect_task:100 | The minimum heap size that was ever available: 198936[0m
[0m2024-01-22 23:27:48 | DEBUG | inspect_task:99 | Currently available heap: 202696[0m
[0m2024-01-22 23:27:48 | DEBUG | inspect_task:100 | The minimum heap size that was ever available: 198936[0m
[0m2024-01-22 23:27:53 | DEBUG | inspect_task:99 | Currently available heap: 202696[0m
[0m2024-01-22 23:27:53 | DEBUG | inspect_task:100 | The minimum heap size that was ever available: 198936[0m
[0m2024-01-22 23:27:58 | DEBUG | inspect_task:99 | Currently available heap: 202696[0m
[0m2024-01-22 23:27:58 | DEBUG | inspect_task:100 | The minimum heap size that was ever available: 198936[0m
[0m2024-01-22 23:28:03 | DEBUG | inspect_task:99 | Currently available heap: 202696[0m
[0m2024-01-22 23:28:03 | DEBUG | inspect_task:100 | The minimum heap size that was ever available: 198936[0m
[0m2024-01-22 23:28:08 | DEBUG | inspect_task:99 | Currently available heap: 202696[0m
[0m2024-01-22 23:28:08 | DEBUG | inspect_task:100 | The minimum heap size that was ever available: 198936[0m
[0m2024-01-22 23:28:13 | DEBUG | inspect_task:99 | Currently available heap: 202696[0m
[0m2024-01-22 23:28:13 | DEBUG | inspect_task:100 | The minimum heap size that was ever available: 198936[0m
[0m2024-01-22 23:28:18 | DEBUG | inspect_task:99 | Currently available heap: 202696[0m
[0m2024-01-22 23:28:18 | DEBUG | inspect_task:100 | The minimum heap size that was ever available: 198936[0m
[0m2024-01-22 23:28:23 | DEBUG | inspect_task:99 | Currently available heap: 202696[0m
[0m2024-01-22 23:28:23 | DEBUG | inspect_task:100 | The minimum heap size that was ever available: 198936[0m
[0m2024-01-22 23:28:28 | DEBUG | inspect_task:99 | Currently available heap: 202696[0m
[0m2024-01-22 23:28:28 | DEBUG | inspect_task:100 | The minimum heap size that was ever available: 198936[0m
[0m2024-01-22 23:28:33 | DEBUG | inspect_task:99 | Currently available heap: 202696[0m
[0m2024-01-22 23:28:33 | DEBUG | inspect_task:100 | The minimum heap size that was ever available: 198936[0m
[0m2024-01-22 23:28:38 | DEBUG | inspect_task:99 | Currently available heap: 202696[0m
[0m2024-01-22 23:28:38 | DEBUG | inspect_task:100 | The minimum heap size that was ever available: 198936[0m
[0m2024-01-22 23:28:43 | DEBUG | inspect_task:99 | Currently available heap: 202696[0m
[0m2024-01-22 23:28:43 | DEBUG | inspect_task:100 | The minimum heap size that was ever available: 198936[0m
[0m2024-01-22 23:28:48 | DEBUG | inspect_task:99 | Currently available heap: 202696[0m
[0m2024-01-22 23:28:48 | DEBUG | inspect_task:100 | The minimum heap size that was ever available: 198936[0m
[0m2024-01-22 23:28:53 | DEBUG | inspect_task:99 | Currently available heap: 202696[0m
[0m2024-01-22 23:28:53 | DEBUG | inspect_task:100 | The minimum heap size that was ever available: 198936[0m
[0m2024-01-22 23:28:58 | DEBUG | inspect_task:99 | Currently available heap: 202696[0m
[0m2024-01-22 23:28:58 | DEBUG | inspect_task:100 | The minimum heap size that was ever available: 198936[0m
[0m2024-01-22 23:29:03 | DEBUG | inspect_task:99 | Currently available heap: 202696[0m
[0m2024-01-22 23:29:03 | DEBUG | inspect_task:100 | The minimum heap size that was ever available: 198936[0m
[0m2024-01-22 23:29:08 | DEBUG | inspect_task:99 | Currently available heap: 202696[0m
[0m2024-01-22 23:29:08 | DEBUG | inspect_task:100 | The minimum heap size that was ever available: 198936[0m
[0m2024-01-22 23:29:13 | DEBUG | inspect_task:99 | Currently available heap: 202696[0m
[0m2024-01-22 23:29:13 | DEBUG | inspect_task:100 | The minimum heap size that was ever available: 198936[0m
[0m2024-01-22 23:29:18 | DEBUG | inspect_task:99 | Currently available heap: 202696[0m
[0m2024-01-22 23:29:18 | DEBUG | inspect_task:100 | The minimum heap size that was ever available: 198936[0m
[0m2024-01-22 23:29:23 | DEBUG | inspect_task:99 | Currently available heap: 202696[0m
[0m2024-01-22 23:29:23 | DEBUG | inspect_task:100 | The minimum heap size that was ever available: 198936[0m
[0m2024-01-22 23:29:28 | DEBUG | inspect_task:99 | Currently available heap: 202696[0m
[0m2024-01-22 23:29:28 | DEBUG | inspect_task:100 | The minimum heap size that was ever available: 198936[0m
[0m2024-01-22 23:29:33 | DEBUG | inspect_task:99 | Currently available heap: 202696[0m
[0m2024-01-22 23:29:33 | DEBUG | inspect_task:100 | The minimum heap size that was ever available: 198936[0m
[0m2024-01-22 23:29:38 | DEBUG | inspect_task:99 | Currently available heap: 202696[0m
[0m2024-01-22 23:29:38 | DEBUG | inspect_task:100 | The minimum heap size that was ever available: 198936[0m
[0m2024-01-22 23:29:43 | DEBUG | inspect_task:99 | Currently available heap: 202696[0m
[0m2024-01-22 23:29:43 | DEBUG | inspect_task:100 | The minimum heap size that was ever available: 198936[0m
[0m2024-01-22 23:29:48 | DEBUG | inspect_task:99 | Currently available heap: 202696[0m
[0m2024-01-22 23:29:48 | DEBUG | inspect_task:100 | The minimum heap size that was ever available: 198936[0m
[0m2024-01-22 23:29:53 | DEBUG | inspect_task:99 | Currently available heap: 202696[0m
[0m2024-01-22 23:29:53 | DEBUG | inspect_task:100 | The minimum heap size that was ever available: 198936[0m
[0m2024-01-22 23:29:58 | DEBUG | inspect_task:99 | Currently available heap: 202696[0m
[0m2024-01-22 23:29:58 | DEBUG | inspect_task:100 | The minimum heap size that was ever available: 198936[0m
[0m2024-01-22 23:30:03 | DEBUG | inspect_task:99 | Currently available heap: 202696[0m
[0m2024-01-22 23:30:03 | DEBUG | inspect_task:100 | The minimum heap size that was ever available: 198936[0m
[0m2024-01-22 23:30:08 | DEBUG | inspect_task:99 | Currently available heap: 202696[0m
[0m2024-01-22 23:30:08 | DEBUG | inspect_task:100 | The minimum heap size that was ever available: 198936[0m
[0m2024-01-22 23:30:13 | DEBUG | inspect_task:99 | Currently available heap: 202696[0m
[0m2024-01-22 23:30:13 | DEBUG | inspect_task:100 | The minimum heap size that was ever available: 198936[0m
[0m2024-01-22 23:30:18 | DEBUG | inspect_task:99 | Currently available heap: 202696[0m
[0m2024-01-22 23:30:18 | DEBUG | inspect_task:100 | The minimum heap size that was ever available: 198936[0m
[0m2024-01-22 23:30:23 | DEBUG | inspect_task:99 | Currently available heap: 202696[0m
[0m2024-01-22 23:30:23 | DEBUG | inspect_task:100 | The minimum heap size that was ever available: 198936[0m
[0m2024-01-22 23:30:28 | DEBUG | inspect_task:99 | Currently available heap: 202696[0m
[0m2024-01-22 23:30:28 | DEBUG | inspect_task:100 | The minimum heap size that was ever available: 198936[0m
[0m2024-01-22 23:30:33 | DEBUG | inspect_task:99 | Currently available heap: 202696[0m
[0m2024-01-22 23:30:33 | DEBUG | inspect_task:100 | The minimum heap size that was ever available: 198936[0m
[0m2024-01-22 23:30:38 | DEBUG | inspect_task:99 | Currently available heap: 202696[0m
[0m2024-01-22 23:30:38 | DEBUG | inspect_task:100 | The minimum heap size that was ever available: 198936[0m
[0m2024-01-22 23:30:43 | DEBUG | inspect_task:99 | Currently available heap: 202696[0m
[0m2024-01-22 23:30:43 | DEBUG | inspect_task:100 | The minimum heap size that was ever available: 198936[0m
[0m2024-01-22 23:30:48 | DEBUG | inspect_task:99 | Currently available heap: 202696[0m
[0m2024-01-22 23:30:48 | DEBUG | inspect_task:100 | The minimum heap size that was ever available: 198936[0m
[0m2024-01-22 23:30:53 | DEBUG | inspect_task:99 | Currently available heap: 202696[0m
[0m2024-01-22 23:30:53 | DEBUG | inspect_task:100 | The minimum heap size that was ever available: 198936[0m
[0m2024-01-22 23:30:58 | DEBUG | inspect_task:99 | Currently available heap: 202696[0m
[0m2024-01-22 23:30:58 | DEBUG | inspect_task:100 | The minimum heap size that was ever available: 198936[0m
[0m2024-01-22 23:31:03 | DEBUG | inspect_task:99 | Currently available heap: 202696[0m
[0m2024-01-22 23:31:03 | DEBUG | inspect_task:100 | The minimum heap size that was ever available: 198936[0m
[0m2024-01-22 23:31:08 | DEBUG | inspect_task:99 | Currently available heap: 202696[0m
[0m2024-01-22 23:31:08 | DEBUG | inspect_task:100 | The minimum heap size that was ever available: 198936[0m
[0m2024-01-22 23:31:13 | DEBUG | inspect_task:99 | Currently available heap: 202696[0m
[0m2024-01-22 23:31:13 | DEBUG | inspect_task:100 | The minimum heap size that was ever available: 198936[0m
[0m2024-01-22 23:31:18 | DEBUG | inspect_task:99 | Currently available heap: 202696[0m
[0m2024-01-22 23:31:18 | DEBUG | inspect_task:100 | The minimum heap size that was ever available: 198936[0m
[0m2024-01-22 23:31:23 | DEBUG | inspect_task:99 | Currently available heap: 202696[0m
[0m2024-01-22 23:31:23 | DEBUG | inspect_task:100 | The minimum heap size that was ever available: 198936[0m
[0m2024-01-22 23:31:28 | DEBUG | inspect_task:99 | Currently available heap: 202696[0m
[0m2024-01-22 23:31:28 | DEBUG | inspect_task:100 | The minimum heap size that was ever available: 198936[0m
[0m2024-01-22 23:31:33 | DEBUG | inspect_task:99 | Currently available heap: 202696[0m
[0m2024-01-22 23:31:33 | DEBUG | inspect_task:100 | The minimum heap size that was ever available: 198936[0m
[0m2024-01-22 23:31:38 | DEBUG | inspect_task:99 | Currently available heap: 202696[0m
[0m2024-01-22 23:31:38 | DEBUG | inspect_task:100 | The minimum heap size that was ever available: 198936[0m
[0m2024-01-22 23:31:43 | DEBUG | inspect_task:99 | Currently available heap: 202696[0m
[0m2024-01-22 23:31:43 | DEBUG | inspect_task:100 | The minimum heap size that was ever available: 198936[0m
[0m2024-01-22 23:31:48 | DEBUG | inspect_task:99 | Currently available heap: 202696[0m
[0m2024-01-22 23:31:48 | DEBUG | inspect_task:100 | The minimum heap size that was ever available: 198936[0m
