it_netif:160 | netif initialized as STA[0m
I (852) wifi:wifi driver task: 3ffc09e4, prio:23, stack:6656, core=0
I (872) wifi:wifi firmware version: ce9244d
I (872) wifi:wifi certification version: v7.0
I (882) wifi:config NVS flash: enabled
I (882) wifi:config nano formating: disabled
I (882) wifi:Init data frame dynamic rx buffer num: 32
I (882) wifi:Init management frame dynamic rx buffer num: 32
I (892) wifi:Init management short buffer num: 32
I (892) wifi:Init dynamic tx buffer num: 32
I (902) wifi:Init static rx buffer size: 1600
I (902) wifi:Init static rx buffer num: 10
I (912) wifi:Init dynamic rx buffer num: 32
[0;32mI (912) wifi_init: rx ba win: 6[0m
[0;32mI (912) wifi_init: tcpip mbox: 32[0m
[0;32mI (922) wifi_init: udp mbox: 6[0m
[0;32mI (922) wifi_init: tcp mbox: 6[0m
[0;32mI (922) wifi_init: tcp tx win: 5744[0m
[0;32mI (932) wifi_init: tcp rx win: 5744[0m
[0;32mI (932) wifi_init: tcp mss: 1440[0m
[0;32mI (942) wifi_init: WiFi IRAM OP enabled[0m
[0;32mI (942) wifi_init: WiFi RX IRAM OP enabled[0m
[0;32m1970-01-01 00:00:00 | INFO  | wifi_c_init_wifi:309 | Wifi initialized.[0m
[0;32mI (962) phy_init: phy_version 4670,719f9f6,Feb 18 2021,17:07:07[0m
I (1072) wifi:mode : sta (c8:f0:9e:f8:01:a8)
I (1072) wifi:enable tsf
[0;32m1970-01-01 00:00:00 | INFO  | wifi_c_sta_event_handler:102 | Station started, connecting to WiFi.[0m
[0m1970-01-01 00:00:00 | DEBUG | wifi_c_init_wifi:313 | wifi successfully initialized[0m
[0m1970-01-01 00:00:00 | DEBUG | nvs_c_open_read_only:79 | opened namespace nvs for read only operations[0m
[0;32m1970-01-01 00:00:00 | INFO  | nvs_c_read_string:131 | read 15 bytes from namespace: nvs[0m
[0m1970-01-01 00:00:00 | DEBUG | wifi_manager_get_stored_ap:79 | found stored SSID in NVS: TP-LINK_AD8313[0m
[0;32m1970-01-01 00:00:00 | INFO  | nvs_c_read_string:131 | read 9 bytes from namespace: nvs[0m
[0m1970-01-01 00:00:00 | DEBUG | wifi_manager_get_stored_ap:83 | found stored password in NVS: 20232887[0m
[0m1970-01-01 00:00:00 | DEBUG | nvs_c_close:88 | nvs namespace: nvs was closed[0m
[0;32m1970-01-01 00:00:00 | INFO  | wifi_manager_init:232 | found stored AP, connecting to: TP-LINK_AD8313[0m
[0m1970-01-01 00:00:00 | DEBUG | wifi_c_start_sta:442 | WiFi successfully configured as STA.[0m
I (3572) wifi:new:<11,2>, old:<1,0>, ap:<255,255>, sta:<11,2>, prof:1
I (3572) wifi:state: init -> auth (b0)
I (3582) wifi:state: auth -> assoc (0)
I (3582) wifi:state: assoc -> run (10)
I (3602) wifi:connected with TP-LINK_AD8313, aid = 6, channel 11, 40D, bssid = 84:16:f9:ad:83:12
I (3602) wifi:security: WPA2-PSK, phy: bgn, rssi: -61
I (3602) wifi:pm start, type: 1

I (3602) wifi:AP's beacon interval = 102400 us, DTIM period = 1
I (3622) wifi:<ba-add>idx:0 (ifx:0, 84:16:f9:ad:83:12), tid:0, ssn:0, winSize:64
[0;32m1970-01-01 00:00:04 | INFO  | wifi_c_sta_event_handler:116 | Got IP:192.168.0.104[0m
[0;32mI (4612) esp_netif_handlers: sta ip: 192.168.0.104, mask: 255.255.255.0, gw: 192.168.0.1[0m
[0m1970-01-01 00:00:04 | DEBUG | wifi_c_check_sta_connection_result:128 | WIFI_C_CONNECTED_BIT is set![0m
[0;31mE (4632) esp_https_ota: No option for server verification is enabled in esp_http_client config.[0m
[0;31m1970-01-01 00:00:04 | ERROR | lib/ota_controller/src/ota_controller.c:157 | ota_c_start:157 | error 258, ESP HTTPS OTA Begin failed: ESP_ERR_INVALID_ARG[0m
[0;32m1970-01-01 00:00:04 | INFO  | bmp_init:427 | preparing new BMP280 device...[0m
[0m1970-01-01 00:00:04 | DEBUG | inspect_task:103 | Currently available heap: 214904[0m
[0m1970-01-01 00:00:04 | DEBUG | tcp_create_socket:168 | preparing socket...[0m
[0m1970-01-01 00:00:04 | DEBUG | inspect_task:104 | [0m1970-01-01 00:00:04 | DEBUG | bmp_i2c_identify_chip:283 | The minimum heap size that was ever available: 214904[0m
Trying to find BMP280 device on bus with 0x77 address...[0m
[0m1970-01-01 00:00:04 | DEBUG | tcp_create_socket:175 | created socket: 54[0m
[0m1970-01-01 00:00:04 | DEBUG | i2c_c_set_device_addr:115 | changed device address from 0 to 0XEE[0m1970-01-01 00:00:04 | DEBUG | tcp_prepare_address:211 | [0m
preparing address...[0m
[0m1970-01-01 00:00:04 | DEBUG | bmp_i2c_identify_chip:289 | found BMP280 device on bus with address: 0XEE and ID: 0[0m
[0m1970-01-01 00:00:04 | DEBUG | tcp_prepare_address:220 | prepared address 192.168.0.104:27015[0m
[0m1970-01-01 00:00:04 | DEBUG | bmp_i2c_get_ctrl_meas:94 | readed ctr_meas register value: 0X57[0m
[0m1970-01-01 00:00:04 | DEBUG | tcp_bind_socket:232 | binding socket: 54 to address: 192.168.0.104:3
6[0m2024-01-25 22:11:05 | DEBUG | inspect_task:103 | Currently available heap: 213324[0m
[0m2024-01-25 22:11:05 | DEBUG | inspect_task:104 | The minimum heap size that was ever available: 205776[0m
[0m2024-01-25 22:11:10 | DEBUG | inspect_task:103 | Currently available heap: 213324[0m
[0m2024-01-25 22:11:10 | DEBUG | inspect_task:104 | The minimum heap size that was ever available: 205776[0m
[0m2024-01-25 22:11:15 | DEBUG | inspect_task:103 | Currently available heap: 213324[0m
[0m2024-01-25 22:11:15 | DEBUG | inspect_task:104 | The minimum heap size that was ever available: 205776[0m
[0m2024-01-25 22:11:20 | DEBUG | inspect_task:103 | Currently available heap: 213324[0m
[0m2024-01-25 22:11:20 | DEBUG | inspect_task:104 | The minimum heap size that was ever available: 205776[0m
[0m2024-01-25 22:11:25 | DEBUG | inspect_task:103 | Currently available heap: 213324[0m
[0m2024-01-25 22:11:25 | DEBUG | inspect_task:104 | The minimum heap size that was ever available: 205776[0m
[0m2024-01-25 22:11:26 | DEBUG | bmp_i2c_readout:333 | reading temperature of BMP280 device...[0m
[0m2024-01-25 22:11:26 | DEBUG | bmp_i2c_readout:337 | reading pressure of BMP280 device...[0m
[0;32m2024-01-25 22:11:26 | INFO  | read_temperature_task:76 | temperature: 21.70 C[0m
[0;32m2024-01-25 22:11:26 | INFO  | read_temperature_task:77 | pressure: 993.96hPa[0m
[0;32m2024-01-25 22:11:26 | INFO  | read_temperature_task:78 | altitude: 161.81 m. n. p. m.[0m
[0m2024-01-25 22:11:26 | DEBUG | read_temperature_task:80 | data to send to database: device_id=222222&temperature=21.70&pressure=993.96&altitude=161.81[0m
[0;32m2024-01-25 22:11:26 | INFO  | http_client_post:143 | making POST request to address: http://wmytych.usermd.net/modules/setters/insert_data.php[0m
[0m2024-01-25 22:11:26 | DEBUG | _http_event_handler:27 | HTTP_EVENT_ON_CONNECTED[0m
[0m2024-01-25 22:11:26 | DEBUG | _http_event_handler:30 | HTTP_EVENT_HEADER_SENT[0m
[0m2024-01-25 22:11:26 | DEBUG | _http_event_handler:33 | HTTP_EVENT_ON_HEADER, key=Server, value=nginx[0m
[0m2024-01-25 22:11:26 | DEBUG | _http_event_handler:33 | HTTP_EVENT_ON_HEADER, key=Date, value=Thu, 25 Jan 2024 22:11:26 GMT[0m
[0m2024-01-25 22:11:26 | DEBUG | _http_event_handler:33 | HTTP_EVENT_ON_HEADER, key=Content-Type, value=text/html; charset=UTF-8[0m
[0m2024-01-25 22:11:26 | DEBUG | _http_event_handler:33 | HTTP_EVENT_ON_HEADER, key=Transfer-Encoding, value=chunked[0m
[0m2024-01-25 22:11:26 | DEBUG | _http_event_handler:33 | HTTP_EVENT_ON_HEADER, key=Connection, value=keep-alive[0m
[0m2024-01-25 22:11:26 | DEBUG | _http_event_handler:33 | HTTP_EVENT_ON_HEADER, key=X-Powered-By, value=PHP/8.3.0[0m
[0m2024-01-25 22:11:26 | DEBUG | _http_event_handler:36 | HTTP_EVENT_ON_DATA, len=39[0m
[0m2024-01-25 22:11:26 | DEBUG | _http_event_handler:37 | HTTP_EVENT_ON_DATA, output_len=0[0m
[0m2024-01-25 22:11:26 | DEBUG | _http_event_handler:38 | HTTP_EVENT_ON_DATA, content_length=-1[0m
[0m2024-01-25 22:11:26 | DEBUG | _http_event_handler:56 | HTTP_EVENT_ON_FINISH[0m
[0m2024-01-25 22:11:26 | DEBUG | http_client_post:159 | HTTP GET Status = 200, content_length = 1073430064[0m
[0;32m2024-01-25 22:11:26 | INFO  | http_client_post:162 | 
data stored in a database successfully.[0m
[0m2024-01-25 22:11:26 | DEBUG | _http_event_handler:66 | HTTP_EVENT_DISCONNECTED[0m
[0;32m2024-01-25 22:11:26 | INFO  | read_temperature_task:82 | Client POST request returned: 0[0m
[0m2024-01-25 22:11:30 | DEBUG | inspect_task:103 | Currently available heap: 213112[0m
[0m2024-01-25 22:11:30 | DEBUG | inspect_task:104 | The minimum heap size that was ever available: 205488[0m
[0m2024-01-25 22:11:35 | DEBUG | inspect_task:103 | Currently available heap: 213112[0m
[0m2024-01-25 22:11:35 | DEBUG | inspect_task:104 | The minimum heap size that was ever available: 205488[0m
[0m2024-01-25 22:11:40 | DEBUG | inspect_task:103 | Currently available heap: 213112[0m
[0m2024-01-25 22:11:40 | DEBUG | inspect_task:104 | The minimum heap size that was ever available: 205488[0m
[0m2024-01-25 22:11:45 | DEBUG | inspect_task:103 | Currently available heap: 213112[0m
[0m2024-01-25 22:11:45 | DEBUG | inspect_task:104 | The minimum heap size that was ever available: 205488[0m
[0m2024-01-25 22:11:50 | DEBUG | inspect_task:103 | Currently available heap: 213112[0m
[0m2024-01-25 22:11:50 | DEBUG | inspect_task:104 | The minimum heap size that was ever available: 205488[0m
[0m2024-01-25 22:11:55 | DEBUG | inspect_task:103 | Currently available heap: 213112[0m
[0m2024-01-25 22:11:55 | DEBUG | inspect_task:104 | The minimum heap size that was ever available: 205488[0m
[0m2024-01-25 22:11:56 | DEBUG | bmp_i2c_readout:333 | reading temperature of BMP280 device...[0m
[0m2024-01-25 22:11:56 | DEBUG | bmp_i2c_readout:337 | reading pressure of BMP280 device...[0m
[0;32m2024-01-25 22:11:56 | INFO  | read_temperature_task:76 | temperature: 21.60 C[0m
[0;32m2024-01-25 22:11:56 | INFO  | read_temperature_task:77 | pressure: 993.93hPa[0m
[0;32m2024-01-25 22:11:56 | INFO  | read_temperature_task:78 | altitude: 162.11 m. n. p. m.[0m
[0m2024-01-25 22:11:56 | DEBUG | read_temperature_task:80 | data to send to database: device_id=222222&temperature=21.60&pressure=993.93&altitude=162.11[0m
[0;32m2024-01-25 22:11:56 | INFO  | http_client_post:143 | making POST request to address: http://wmytych.usermd.net/modules/setters/insert_data.php[0m
[0m2024-01-25 22:11:56 | DEBUG | _http_event_handler:27 | HTTP_EVENT_ON_CONNECTED[0m
[0m2024-01-25 22:11:56 | DEBUG | _http_event_handler:30 | HTTP_EVENT_HEADER_SENT[0m
[0m2024-01-25 22:11:56 | DEBUG | _http_event_handler:33 | HTTP_EVENT_ON_HEADER, key=Server, value=nginx[0m
[0m2024-01-25 22:11:56 | DEBUG | _http_event_handler:33 | HTTP_EVENT_ON_HEADER, key=Date, value=Thu, 25 Jan 2024 22:11:56 GMT[0m
[0m2024-01-25 22:11:56 | DEBUG | _http_event_handler:33 | HTTP_EVENT_ON_HEADER, key=Content-Type, value=text/html; charset=UTF-8[0m
[0m2024-01-25 22:11:56 | DEBUG | _http_event_handler:33 | HTTP_EVENT_ON_HEADER, key=Transfer-Encoding, value=chunked[0m
[0m2024-01-25 22:11:57 | DEBUG | _http_event_handler:33 | HTTP_EVENT_ON_HEADER, key=Connection, value=keep-alive[0m
[0m2024-01-25 22:11:57 | DEBUG | _http_event_handler:33 | HTTP_EVENT_ON_HEADER, key=X-Powered-By, value=PHP/8.3.0[0m
[0m2024-01-25 22:11:57 | DEBUG | _http_event_handler:36 | HTTP_EVENT_ON_DATA, len=39[0m
[0m2024-01-25 22:11:57 | DEBUG | _http_event_handler:37 | HTTP_EVENT_ON_DATA, output_len=0[0m
[0m2024-01-25 22:11:57 | DEBUG | _http_event_handler:38 | HTTP_EVENT_ON_DATA, content_length=-1[0m
[0m2024-01-25 22:11:57 | DEBUG | _http_event_handler:56 | HTTP_EVENT_ON_FINISH[0m
[0m2024-01-25 22:11:57 | DEBUG | http_client_post:159 | HTTP GET Status = 200, content_length = 1073430064[0m
[0;32m2024-01-25 22:11:57 | INFO  | http_client_post:162 | 
data stored in a database successfully.[0m
[0m2024-01-25 22:11:57 | DEBUG | _http_event_handler:66 | HTTP_EVENT_DISCONNECTED[0m
[0;32m2024-01-25 22:11:57 | INFO  | read_temperature_task:82 | Client POST request returned: 0[0m
[0m2024-01-25 22:12:00 | DEBUG | inspect_task:103 | Currently available heap: 212900[0m
[0m2024-01-25 22:12:00 | DEBUG | inspect_task:104 | The minimum heap size that was ever available: 205276[0m
[0m2024-01-25 22:12:05 | DEBUG | inspect_task:103 | Currently available heap: 212900[0m
[0m2024-01-25 22:12:05 | DEBUG | inspect_task:104 | The minimum heap size that was ever available: 205276[0m
[0m2024-01-25 22:12:10 | DEBUG | inspect_task:103 | Currently available heap: 212900[0m
[0m2024-01-25 22:12:10 | DEBUG | inspect_task:104 | The minimum heap size that was ever available: 205276[0m
[0m2024-01-25 22:12:15 | DEBUG | inspect_task:103 | Currently available heap: 212900[0m
[0m2024-01-25 22:12:15 | DEBUG | inspect_task:104 | The minimum heap size that was ever available: 205276[0m
[0m2024-01-25 22:12:20 | DEBUG | inspect_task:103 | Currently available heap: 212900[0m
[0m2024-01-25 22:12:20 | DEBUG | inspect_task:104 | The minimum heap size that was ever available: 205276[0m
[0m2024-01-25 22:12:25 | DEBUG | inspect_task:103 | Currently available heap: 212900[0m
[0m2024-01-25 22:12:25 | DEBUG | inspect_task:104 | The minimum heap size that was ever available: 205276[0m
[0m2024-01-25 22:12:27 | DEBUG | bmp_i2c_readout:333 | reading temperature of BMP280 device...[0m
[0m2024-01-25 22:12:27 | DEBUG | bmp_i2c_readout:337 | reading pressure of BMP280 device...[0m
[0;32m2024-01-25 22:12:27 | INFO  | read_temperature_task:76 | temperature: 21.56 C[0m
[0;32m2024-01-25 22:12:27 | INFO  | read_temperature_task:77 | pressure: 993.86hPa[0m
[0;32m2024-01-25 22:12:27 | INFO  | read_temperature_task:78 | altitude: 162.66 m. n. p. m.[0m
[0m2024-01-25 22:12:27 | DEBUG | read_temperature_task:80 | data to send to database: device_id=222222&temperature=21.56&pressure=993.86&altitude=162.66[0m
[0;32m2024-01-25 22:12:27 | INFO  | http_client_post:143 | making POST request to address: http://wmytych.usermd.net/modules/setters/insert_data.php[0m
[0m2024-01-25 22:12:27 | DEBUG | _http_event_handler:27 | HTTP_EVENT_ON_CONNECTED[0m
[0m2024-01-25 22:12:27 | DEBUG | _http_event_handler:30 | HTTP_EVENT_HEADER_SENT[0m
[0m2024-01-25 22:12:27 | DEBUG | _http_event_handler:33 | HTTP_EVENT_ON_HEADER, key=Server, value=nginx[0m
[0m2024-01-25 22:12:27 | DEBUG | _http_event_handler:33 | HTTP_EVENT_ON_HEADER, key=Date, value=Thu, 25 Jan 2024 22:12:27 GMT[0m
[0m2024-01-25 22:12:27 | DEBUG | _http_event_handler:33 | HTTP_EVENT_ON_HEADER, key=Content-Type, value=text/html; charset=UTF-8[0m
[0m2024-01-25 22:12:27 | DEBUG | _http_event_handler:33 | HTTP_EVENT_ON_HEADER, key=Transfer-Encoding, value=chunked[0m
[0m2024-01-25 22:12:27 | DEBUG | _http_event_handler:33 | HTTP_EVENT_ON_HEADER, key=Connection, value=keep-alive[0m
[0m2024-01-25 22:12:27 | DEBUG | _http_event_handler:33 | HTTP_EVENT_ON_HEADER, key=X-Powered-By, value=PHP/8.3.0[0m
[0m2024-01-25 22:12:27 | DEBUG | _http_event_handler:36 | HTTP_EVENT_ON_DATA, len=39[0m
[0m2024-01-25 22:12:27 | DEBUG | _http_event_handler:37 | HTTP_EVENT_ON_DATA, output_len=0[0m
[0m2024-01-25 22:12:27 | DEBUG | _http_event_handler:38 | HTTP_EVENT_ON_DATA, content_length=-1[0m
[0m2024-01-25 22:12:27 | DEBUG | _http_event_handler:56 | HTTP_EVENT_ON_FINISH[0m
[0m2024-01-25 22:12:27 | DEBUG | http_client_post:159 | HTTP GET Status = 200, content_length = 1073430064[0m
[0;32m2024-01-25 22:12:27 | INFO  | http_client_post:162 | 
data stored in a database successfully.[0m
[0m2024-01-25 22:12:27 | DEBUG | _http_event_handler:66 | HTTP_EVENT_DISCONNECTED[0m
[0;32m2024-01-25 22:12:27 | INFO  | read_temperature_task:82 | Client POST request returned: 0[0m
[0m2024-01-25 22:12:30 | DEBUG | inspect_task:103 | Currently available heap: 212688[0m
[0m2024-01-25 22:12:30 | DEBUG | inspect_task:104 | The minimum heap size that was ever available: 205064[0m
[0m2024-01-25 22:12:35 | DEBUG | inspect_task:103 | Currently available heap: 212688[0m
[0m2024-01-25 22:12:35 | DEBUG | inspect_task:104 | The minimum heap size that was ever available: 205064[0m
[0m2024-01-25 22:12:40 | DEBUG | inspect_task:103 | Currently available heap: 212688[0m
[0m2024-01-25 22:12:40 | DEBUG | inspect_task:104 | The minimum heap size that was ever available: 205064[0m
[0m2024-01-25 22:12:45 | DEBUG | inspect_task:103 | Currently available heap: 212688[0m
[0m2024-01-25 22:12:45 | DEBUG | inspect_task:104 | The minimum heap size that was ever available: 205064[0m
[0m2024-01-25 22:12:50 | DEBUG | inspect_task:103 | Currently available heap: 212688[0m
[0m2024-01-25 22:12:50 | DEBUG | inspect_task:104 | The minimum heap size that was ever available: 205064[0m
[0m2024-01-25 22:12:55 | DEBUG | inspect_task:103 | Currently available heap: 212688[0m
[0m2024-01-25 22:12:55 | DEBUG | inspect_task:104 | The minimum heap size that was ever available: 205064[0m
[0m2024-01-25 22:12:57 | DEBUG | bmp_i2c_readout:333 | reading temperature of BMP280 device...[0m
[0m2024-01-25 22:12:57 | DEBUG | bmp_i2c_readout:337 | reading pressure of BMP280 device...[0m
[0;32m2024-01-25 22:12:57 | INFO  | read_temperature_task:76 | temperature: 21.54 C[0m
[0;32m2024-01-25 22:12:57 | INFO  | read_temperature_task:77 | pressure: 993.87hPa[0m
[0;32m2024-01-25 22:12:57 | INFO  | read_temperature_task:78 | altitude: 162.57 m. n. p. m.[0m
[0m2024-01-25 22:12:57 | DEBUG | read_temperature_task:80 | data to send to database: device_id=222222&temperature=21.54&pressure=993.87&altitude=162.57[0m
[0;32m2024-01-25 22:12:57 | INFO  | http_client_post:143 | making POST request to address: http://wmytych.usermd.net/modules/setters/insert_data.php[0m
[0m2024-01-25 22:12:57 | DEBUG | _http_event_handler:27 | HTTP_EVENT_ON_CONNECTED[0m
[0m2024-01-25 22:12:57 | DEBUG | _http_event_handler:30 | HTTP_EVENT_HEADER_SENT[0m
[0m2024-01-25 22:12:57 | DEBUG | _http_event_handler:33 | HTTP_EVENT_ON_HEADER, key=Server, value=nginx[0m
[0m2024-01-25 22:12:57 | DEBUG | _http_event_handler:33 | HTTP_EVENT_ON_HEADER, key=Date, value=Thu, 25 Jan 2024 22:12:57 GMT[0m
[0m2024-01-25 22:12:57 | DEBUG | _http_event_handler:33 | HTTP_EVENT_ON_HEADER, key=Content-Type, value=text/html; charset=UTF-8[0m
[0m2024-01-25 22:12:57 | DEBUG | _http_event_handler:33 | HTTP_EVENT_ON_HEADER, key=Transfer-Encoding, value=chunked[0m
[0m2024-01-25 22:12:57 | DEBUG | _http_event_handler:33 | HTTP_EVENT_ON_HEADER, key=Connection, value=keep-alive[0m
[0m2024-01-25 22:12:57 | DEBUG | _http_event_handler:33 | HTTP_EVENT_ON_HEADER, key=X-Powered-By, value=PHP/8.3.0[0m
[0m2024-01-25 22:12:57 | DEBUG | _http_event_handler:36 | HTTP_EVENT_ON_DATA, len=39[0m
[0m2024-01-25 22:12:57 | DEBUG | _http_event_handler:37 | HTTP_EVENT_ON_DATA, output_len=0[0m
[0m2024-01-25 22:12:57 | DEBUG | _http_event_handler:38 | HTTP_EVENT_ON_DATA, content_length=-1[0m
[0m2024-01-25 22:12:57 | DEBUG | _http_event_handler:56 | HTTP_EVENT_ON_FINISH[0m
[0m2024-01-25 22:12:57 | DEBUG | http_client_post:159 | HTTP GET Status = 200, content_length = 1073430064[0m
[0;32m2024-01-25 22:12:57 | INFO  | http_client_post:162 | 
data stored in a database successfully.[0m
[0m2024-01-25 22:12:57 | DEBUG | _http_event_handler:66 | HTTP_EVENT_DISCONNECTED[0m
[0;32m2024-01-25 22:12:57 | INFO  | read_temperature_task:82 | Client POST request returned: 0[0m
[0m2024-01-25 22:13:00 | DEBUG | inspect_task:103 | Currently available heap: 212688[0m
[0m2024-01-25 22:13:00 | DEBUG | inspect_task:104 | The minimum heap size that was ever available: 205028[0m
[0m2024-01-25 22:13:05 | DEBUG | inspect_task:103 | Currently available heap: 212688[0m
[0m2024-01-25 22:13:05 | DEBUG | inspect_task:104 | The minimum heap size that was ever available: 205028[0m
