[0m1970-01-01 00:01:05 | DEBUG | inspect_task:97 | Currently available heap: 206916[0m
[0m1970-01-01 00:01:05 | DEBUG | inspect_task:98 | The minimum heap size that was ever available: 202144[0m
[0m1970-01-01 00:01:10 | DEBUG | inspect_task:97 | Currently available heap: 206916[0m
[0m1970-01-01 00:01:10 | DEBUG | inspect_task:98 | The minimum heap size that was ever available: 202144[0m
[0m1970-01-01 00:01:15 | DEBUG | inspect_task:97 | Currently available heap: 206916[0m
[0m1970-01-01 00:01:15 | DEBUG | inspect_task:98 | The minimum heap size that was ever available: 202144[0m
[0m1970-01-01 00:01:20 | DEBUG | inspect_task:97 | Currently available heap: 206916[0m
[0m1970-01-01 00:01:20 | DEBUG | inspect_task:98 | The minimum heap size that was ever available: 202144[0m
[0m1970-01-01 00:01:25 | DEBUG | inspect_task:97 | Currently available heap: 206916[0m
[0m1970-01-01 00:01:25 | DEBUG | inspect_task:98 | The minimum heap size that was ever available: 202144[0m
[0m1970-01-01 00:01:30 | DEBUG | inspect_task:97 | Currently available heap: 206916[0m
[0m1970-01-01 00:01:30 | DEBUG | inspect_task:98 | The minimum heap size that was ever available: 202144[0m
I (95055) wifi:new:<1,1>, old:<1,1>, ap:<1,1>, sta:<11,0>, prof:1
I (95065) wifi:station: 10:02:b5:33:2e:17 join, AID=1, bgn, 40U
[0;32m1970-01-01 00:01:34 | INFO  | wifi_c_ap_event_handler:76 | Station 10:02:b5:33:2e:17 joined, AID=1[0m
[0;32mI (95185) esp_netif_lwip: DHCP server assigned IP to a client, IP is: 192.168.4.2[0m
[0m1970-01-01 00:01:35 | DEBUG | inspect_task:97 | Currently available heap: 204840[0m
[0m1970-01-01 00:01:35 | DEBUG | inspect_task:98 | The minimum heap size that was ever available: 200668[0m
[0m1970-01-01 00:01:38 | DEBUG | root_handler:65 | serving GET "/" request...[0m
[0m1970-01-01 00:01:38 | DEBUG | stylesheet_handler:75 | serving GET "/styles.css" request...[0m
I (98955) wifi:<ba-add>idx:2 (ifx:1, 10:02:b5:33:2e:17), tid:0, ssn:30, winSize:64
[0m1970-01-01 00:01:38 | DEBUG | script_handler:86 | serving GET "/code.js" request...[0m
[0m1970-01-01 00:01:38 | DEBUG | state_json_handler:113 | serving GET "/state" request...[0m
[0m1970-01-01 00:01:38 | DEBUG | wifi_c_get_status_as_json:238 | storing wifi_c_status structure as JSON string...[0m
[0m1970-01-01 00:01:38 | DEBUG | wifi_c_get_status_as_json:254 | wifi_c_status structure as JSON: 
{"wifi_initialized": true, "netif_initialized":true, "wifi_mode": "WIFI_C_MODE_APSTA", "event_loop_started": true, "sta_started": true, "ap_started": true, "scan_done": false, "sta_connected":false, "sta_ip": "0.0.0.0", "sta_ssid": "none", "ap_ip": "192.168.4.1", "ap_ssid": "ESP32"}[0m
[0m1970-01-01 00:01:38 | DEBUG | ap_json_handler:97 | serving GET "/scan" request...[0m
[0m1970-01-01 00:01:38 | DEBUG | wifi_c_scan_all_ap:509 | scanning for Access Points...[0m
[0m1970-01-01 00:01:40 | DEBUG | inspect_task:97 | Currently available heap: 193968[0m
[0m1970-01-01 00:01:40 | DEBUG | inspect_task:98 | The minimum heap size that was ever available: 191984[0m
[0;32m1970-01-01 00:01:41 | INFO  | wifi_c_ap_event_handler:83 | Total APs scanned: 10[0m
[0m1970-01-01 00:01:41 | DEBUG | wifi_manager_fetch_ap_list:112 | wifi manager scan complete, scanned: 53008 APs[0m
[0;33mW (102255) httpd_uri: httpd_uri: URI '/stored_ap' not found[0m
[0;33mW (102255) httpd_txrx: httpd_resp_send_err: 404 Not Found - Nothing matches the given URI[0m
[0;33mW (102275) httpd_uri: httpd_uri: URI '/favicon.ico' not found[0m
[0;33mW (102275) httpd_txrx: httpd_resp_send_err: 404 Not Found - Nothing matches the given URI[0m
[0m1970-01-01 00:01:45 | DEBUG | inspect_task:97 | Currently available heap: 196240[0m
[0m1970-01-01 00:01:45 | DEBUG | inspect_task:98 | The minimum heap size that was ever available: 187604[0m
[0m1970-01-01 00:01:50 | DEBUG | inspect_task:97 | Currently available heap: 196240[0m
[0m1970-01-01 00:01:50 | DEBUG | inspect_task:98 | The minimum heap size that was ever available: 187604[0m
[0m1970-01-01 00:01:55 | DEBUG | inspect_task:97 | Currently available heap: 196240[0m
[0m1970-01-01 00:01:55 | DEBUG | inspect_task:98 | The minimum heap size that was ever available: 187604[0m
[0m1970-01-01 00:02:00 | DEBUG | inspect_task:97 | Currently available heap: 196240[0m
[0m1970-01-01 00:02:00 | DEBUG | inspect_task:98 | The minimum heap size that was ever available: 187604[0m
[0m1970-01-01 00:02:05 | DEBUG | inspect_task:97 | Currently available heap: 196240[0m
[0m1970-01-01 00:02:05 | DEBUG | inspect_task:98 | The minimum heap size that was ever available: 187604[0m
[0m1970-01-01 00:02:10 | DEBUG | inspect_task:97 | Currently available heap: 196240[0m
[0m1970-01-01 00:02:10 | DEBUG | inspect_task:98 | The minimum heap size that was ever available: 187604[0m
[0m1970-01-01 00:02:15 | DEBUG | inspect_task:97 | Currently available heap: 196240[0m
[0m1970-01-01 00:02:15 | DEBUG | inspect_task:98 | The minimum heap size that was ever available: 187604[0m
[0m1970-01-01 00:02:20 | DEBUG | inspect_task:97 | Currently available heap: 196240[0m
[0m1970-01-01 00:02:20 | DEBUG | inspect_task:98 | The minimum heap size that was ever available: 187604[0m
[0m1970-01-01 00:02:25 | DEBUG | inspect_task:97 | Currently available heap: 196240[0m
[0m1970-01-01 00:02:25 | DEBUG | inspect_task:98 | The minimum heap size that was ever available: 187604[0m
[0m1970-01-01 00:02:30 | DEBUG | inspect_task:97 | Currently available heap: 196240[0m
[0m1970-01-01 00:02:30 | DEBUG | inspect_task:98 | The minimum heap size that was ever available: 187604[0m
[0m1970-01-01 00:02:35 | DEBUG | inspect_task:97 | Currently available heap: 196240[0m
[0m1970-01-01 00:02:35 | DEBUG | inspect_task:98 | The minimum heap size that was ever available: 187604[0m
[0m1970-01-01 00:02:40 | DEBUG | inspect_task:97 | Currently available heap: 196240[0m
[0m1970-01-01 00:02:40 | DEBUG | inspect_task:98 | The minimum heap size that was ever available: 187604[0m
