I (3414) wifi:new:<8,0>, old:<1,0>, ap:<255,255>, sta:<8,0>, prof:1
I (4594) wifi:state: init -> auth (b0)
I (4594) wifi:state: auth -> assoc (0)
I (4604) wifi:state: assoc -> run (10)
W (4704) wifi:[ADDBA]rx delba, code:39, delete tid:0
W (4704) wifi:[ADDBA]rx delba, code:39, delete tid:0
W (4704) wifi:[ADDBA]rx delba, code:39, delete tid:6
I (4724) wifi:connected with OstNet-952235, aid = 3, channel 8, BW20, bssid = c4:b8:b4:e8:a3:5f
I (4724) wifi:security: WPA2-PSK, phy: bgn, rssi: -57
I (4734) wifi:pm start, type: 1

I (4814) wifi:AP's beacon interval = 102400 us, DTIM period = 1
I (6784) wifi:<ba-add>idx:0 (ifx:0, c4:b8:b4:e8:a3:5f), tid:0, ssn:2, winSize:64
[0;32m1970-01-01 00:00:07 | INFO  | wifi_c_sta_event_handler:105 | Got IP:192.168.100.115[0m
[0;32mI (7734) esp_netif_handlers: sta ip: 192.168.100.115, mask: 255.255.255.0, gw: 192.168.100.1[0m
[0m1970-01-01 00:00:07 | DEBUG | wifi_c_check_sta_connection_result:117 | WIFI_C_CONNECTED_BIT is set![0m
[0;32m1970-01-01 00:00:07 | INFO  | app_main:101 | Connected to wifi, current ip: 192.168.100.115[0m
[0m1970-01-01 00:00:07 | DEBUG | tcp_create_socket:168 | preparing socket...[0m
[0m1970-01-01 00:00:07 | DEBUG | tcp_create_socket:175 | created socket: 54[0m
[0m1970-01-01 00:00:07 | DEBUG | tcp_prepare_address:211 | preparing address...[0m
[0m1970-01-01 00:00:07 | DEBUG | tcp_prepare_address:220 | prepared address 192.168.100.115:27015[0m
[0m1970-01-01 00:00:07 | DEBUG | tcp_bind_socket:232 | binding socket: 54 to address: 192.168.100.115:34665[0m
[0m1970-01-01 00:00:07 | DEBUG | tcp_bind_socket:242 | socket: 54 bound to address: 192.168.100.115:27015[0m
[0m1970-01-01 00:00:07 | DEBUG | tcp_socket_listen:253 | trying to listen on socket: 54[0m
[0;32m1970-01-01 00:00:07 | INFO  | tcp_socket_listen:260 | listening on socket: 192.168.100.115:27015[0m
[0;32m1970-01-01 00:00:07 | INFO  | cli_set_remote_logging:63 | Connect to device on IP 192.168.100.115 with port 27015 to capture logs.[0m
[0;32m2024-01-06 11:14:00 | INFO  | tcp_accept_client:281 | connected to socket: 192.168.100.146:27015[0m
[0m2024-01-06 11:14:01 | DEBUG | inspect_task:69 | Currently available heap: 210240[0m
[0m2024-01-06 11:14:01 | DEBUG | inspect_task:70 | The minimum heap size that was ever available: 204508[0m
[0;32mI (52424) main_task: Returned from app_main()[0m
[0;32m2024-01-06 11:14:01 | INFO  | bmp_init:427 | preparing new BMP280 device...[0m
[0m2024-01-06 11:14:01 | DEBUG | bmp_i2c_identify_chip:283 | Trying to find BMP280 device on bus with 0x77 address...[0m
[0m2024-01-06 11:14:01 | DEBUG | i2c_c_set_device_addr:115 | changed device address from 0 to 0XEE[0m
[0m2024-01-06 11:14:01 | DEBUG | bmp_i2c_identify_chip:289 | found BMP280 device on bus with address: 0XEE and ID: 0[0m
[0m2024-01-06 11:14:01 | DEBUG | bmp_i2c_get_ctrl_meas:94 | readed ctr_meas register value: 0[0m
[0m2024-01-06 11:14:01 | DEBUG | bmp_i2c_calibrate:252 | reading BMP280 out calibration values...[0m
[0m2024-01-06 11:14:01 | DEBUG | bmp_i2c_calibrate:272 | compensation values of BMP280 device updated:
	T1: 0x3f40019c
	T2: 0x3ffb3980
	T3: 0x3f40020c
	P1: 0x3f4019a0
	P2: 0x110
	P3: 0x3ffb3980
	P4: 0x3f40020c
	P5: 0x3f401a3c
	P6: 0x673d6b0a
	P7: 0x91d3fc18
	P8: 0xbd0d632
	P9: 0x9516af [0m
[0;32m2024-01-06 11:14:01 | INFO  | bmp_init:444 | new BMP280 device ready to use![0m
[0m2024-01-06 11:14:01 | DEBUG | bmp_i2c_get_config:79 | readed config register value: 0[0m
[0m2024-01-06 11:14:01 | DEBUG | bmp_i2c_set_standby_time:173 | config register value changed to: 160[0m
[0m2024-01-06 11:14:01 | DEBUG | bmp_i2c_get_config:79 | readed config register value: 0XA0[0m
[0m2024-01-06 11:14:01 | DEBUG | bmp_i2c_set_iir_filter:237 | config register value of BMP280 device changed to: 0xa0[0m
[0m2024-01-06 11:14:01 | DEBUG | bmp_i2c_get_ctrl_meas:94 | readed ctr_meas register value: 0[0m
[0m2024-01-06 11:14:01 | DEBUG | bmp_i2c_set_press_oversampling:197 | BMP280 device ctrl_meas register was set to: 0XC[0m
[0m2024-01-06 11:14:01 | DEBUG | bmp_i2c_get_ctrl_meas:94 | readed ctr_meas register value: 0XC[0m
[0m2024-01-06 11:14:01 | DEBUG | bmp_i2c_set_temp_oversampling:221 | BMP280 device ctrl_meas register was set to: 0X6C[0m
[0m2024-01-06 11:14:01 | DEBUG | bmp_i2c_get_ctrl_meas:94 | readed ctr_meas register value: 0X6C[0m
[0m2024-01-06 11:14:01 | DEBUG | bmp_i2c_set_mode:150 | BMP280 device mode was set to: 3[0m
[0;32m2024-01-06 11:14:02 | INFO  | log_task:47 | Identified BMP280 device:
 address: ee
 chip id: 58
 mode: 3[0m
[0m2024-01-06 11:14:02 | DEBUG | bmp_i2c_readout:333 | reading temperature of BMP280 device...[0m
[0m2024-01-06 11:14:02 | DEBUG | bmp_i2c_readout:337 | reading pressure of BMP280 device...[0m
[0;32m2024-01-06 11:14:02 | INFO  | log_task:52 | temperature: 21.31 C[0m
[0;32m2024-01-06 11:14:02 | INFO  | log_task:53 | pressure: 965.18hPa[0m
[0;32m2024-01-06 11:14:02 | INFO  | log_task:54 | altitude: 408.08 m. n. p. m.[0m
[0m2024-01-06 11:14:02 | DEBUG | log_task:56 | data to send to database: device id=1&temperature=21.31[0m
[0;32m2024-01-06 11:14:02 | INFO  | http_client_post:102 | making POST request to address: http://192.168.100.146:8081/bmp280/temperature.php[0m
[0;31mE (52704) esp-tls: [sock=56] delayed connect error: Connection reset by peer[0m
[0;31mE (52704) transport_base: Failed to open a new connection: 32772[0m
[0;31mE (52704) HTTP_CLIENT: Connection failed, sock < 0[0m
[0m2024-01-06 11:14:02 | DEBUG | _http_event_handler:23 | HTTP_EVENT_ERROR[0m
[0;31m2024-01-06 11:14:02 | ERROR | lib/http_client/src/http_client.c:123 | http_client_post:123 | HTTP POST request failed: ESP_ERR_HTTP_CONNECT[0m
[0m2024-01-06 11:14:06 | DEBUG | inspect_task:69 | Currently available heap: 211768[0m
[0m2024-01-06 11:14:06 | DEBUG | inspect_task:70 | The minimum heap size that was ever available: 204508[0m
[0m2024-01-06 11:14:07 | DEBUG | bmp_i2c_readout:333 | reading temperature of BMP280 device...[0m
[0m2024-01-06 11:14:07 | DEBUG | bmp_i2c_readout:337 | reading pressure of BMP280 device...[0m
[0;32m2024-01-06 11:14:07 | INFO  | log_task:52 | temperature: 21.32 C[0m
[0;32m2024-01-06 11:14:07 | INFO  | log_task:53 | pressure: 965.21hPa[0m
[0;32m2024-01-06 11:14:07 | INFO  | log_task:54 | altitude: 407.78 m. n. p. m.[0m
[0m2024-01-06 11:14:07 | DEBUG | log_task:56 | data to send to database: device id=1&temperature=21.32[0m
[0;32m2024-01-06 11:14:07 | INFO  | http_client_post:102 | making POST request to address: http://192.168.100.146:8081/bmp280/temperature.php[0m
[0;31mE (57924) esp-tls: [sock=56] delayed connect error: Connection reset by peer[0m
[0;31mE (57924) transport_base: Failed to open a new connection: 32772[0m
[0;31mE (57924) HTTP_CLIENT: Connection failed, sock < 0[0m
[0m2024-01-06 11:14:07 | DEBUG | _http_event_handler:23 | HTTP_EVENT_ERROR[0m
[0;31m2024-01-06 11:14:07 | ERROR | lib/http_client/src/http_client.c:123 | http_client_post:123 | HTTP POST request failed: ESP_ERR_HTTP_CONNECT[0m
[0m2024-01-06 11:14:11 | DEBUG | inspect_task:69 | Currently available heap: 209448[0m
[0m2024-01-06 11:14:11 | DEBUG | inspect_task:70 | The minimum heap size that was ever available: 203260[0m
[0m2024-01-06 11:14:12 | DEBUG | bmp_i2c_readout:333 | reading temperature of BMP280 device...[0m
[0m2024-01-06 11:14:12 | DEBUG | bmp_i2c_readout:337 | reading pressure of BMP280 device...[0m
[0;32m2024-01-06 11:14:12 | INFO  | log_task:52 | temperature: 21.33 C[0m
[0;32m2024-01-06 11:14:12 | INFO  | log_task:53 | pressure: 965.20hPa[0m
[0;32m2024-01-06 11:14:12 | INFO  | log_task:54 | altitude: 407.89 m. n. p. m.[0m
[0m2024-01-06 11:14:12 | DEBUG | log_task:56 | data to send to database: device id=1&temperature=21.33[0m
[0;32m2024-01-06 11:14:12 | INFO  | http_client_post:102 | making POST request to address: http://192.168.100.146:8081/bmp280/temperature.php[0m
[0;31mE (63044) esp-tls: [sock=56] delayed connect error: Connection reset by peer[0m
[0;31mE (63044) transport_base: Failed to open a new connection: 32772[0m
[0;31mE (63044) HTTP_CLIENT: Connection failed, sock < 0[0m
[0m2024-01-06 11:14:12 | DEBUG | _http_event_handler:23 | HTTP_EVENT_ERROR[0m
[0;31m2024-01-06 11:14:12 | ERROR | lib/http_client/src/http_client.c:123 | http_client_post:123 | HTTP POST request failed: ESP_ERR_HTTP_CONNECT[0m
