I (1494) wifi:Total power save buffer number: 16
[0;32mI (1494) esp_netif_lwip: DHCP server started on interface WIFI_AP_DEF with IP: 192.168.4.1[0m
[0;32m2024-01-20 09:44:43 | INFO  | wifi_c_start_ap:362 | Started AP: 
SSID: ESP32 
Password: 12345678[0m
[0m2024-01-20 09:44:43 | DEBUG | wifi_manager_server_init:340 | http server started[0m
[0;32mI (1514) main_task: Returned from app_main()[0m
[0m2024-01-20 09:44:47 | DEBUG | inspect_task:97 | Currently available heap: 211528[0m
[0m2024-01-20 09:44:47 | DEBUG | inspect_task:98 | The minimum heap size that was ever available: 206788[0m
[0m2024-01-20 09:44:52 | DEBUG | inspect_task:97 | Currently available heap: 211528[0m
[0m2024-01-20 09:44:52 | DEBUG | inspect_task:98 | The minimum heap size that was ever available: 206788[0m
[0m2024-01-20 09:44:57 | DEBUG | inspect_task:97 | Currently available heap: 211528[0m
[0m2024-01-20 09:44:57 | DEBUG | inspect_task:98 | The minimum heap size that was ever available: 206788[0m
[0m2024-01-20 09:45:02 | DEBUG | inspect_task:97 | Currently available heap: 211528[0m
[0m2024-01-20 09:45:02 | DEBUG | inspect_task:98 | The minimum heap size that was ever available: 206788[0m
[0m2024-01-20 09:45:07 | DEBUG | inspect_task:97 | Currently available heap: 211528[0m
[0m2024-01-20 09:45:07 | DEBUG | inspect_task:98 | The minimum heap size that was ever available: 206788[0m
[0m2024-01-20 09:45:12 | DEBUG | inspect_task:97 | Currently available heap: 211528[0m
[0m2024-01-20 09:45:12 | DEBUG | inspect_task:98 | The minimum heap size that was ever available: 206788[0m
[0m2024-01-20 09:45:17 | DEBUG | inspect_task:97 | Currently available heap: 211528[0m
[0m2024-01-20 09:45:17 | DEBUG | inspect_task:98 | The minimum heap size that was ever available: 206788[0m
[0m2024-01-20 09:45:22 | DEBUG | inspect_task:97 | Currently available heap: 211528[0m
[0m2024-01-20 09:45:22 | DEBUG | inspect_task:98 | The minimum heap size that was ever available: 206788[0m
[0m2024-01-20 09:45:27 | DEBUG | inspect_task:97 | Currently available heap: 211528[0m
[0m2024-01-20 09:45:27 | DEBUG | inspect_task:98 | The minimum heap size that was ever available: 206788[0m
[0m2024-01-20 09:45:32 | DEBUG | inspect_task:97 | Currently available heap: 211528[0m
[0m2024-01-20 09:45:32 | DEBUG | inspect_task:98 | The minimum heap size that was ever available: 206788[0m
[0m2024-01-20 09:45:37 | DEBUG | inspect_task:97 | Currently available heap: 211528[0m
[0m2024-01-20 09:45:37 | DEBUG | inspect_task:98 | The minimum heap size that was ever available: 206788[0m
[0m2024-01-20 09:45:42 | DEBUG | inspect_task:97 | Currently available heap: 211528[0m
[0m2024-01-20 09:45:42 | DEBUG | inspect_task:98 | The minimum heap size that was ever available: 206788[0m
I (65284) wifi:new:<1,1>, old:<1,1>, ap:<1,1>, sta:<0,0>, prof:1
I (65284) wifi:station: 10:02:b5:33:2e:17 join, AID=1, bgn, 40U
[0;32m2024-01-20 09:45:47 | INFO  | wifi_c_ap_event_handler:76 | Station 10:02:b5:33:2e:17 joined, AID=1[0m
[0;32mI (65394) esp_netif_lwip: DHCP server assigned IP to a client, IP is: 192.168.4.2[0m
[0m2024-01-20 09:45:47 | DEBUG | inspect_task:97 | Currently available heap: 209444[0m
[0m2024-01-20 09:45:47 | DEBUG | inspect_task:98 | The minimum heap size that was ever available: 205264[0m
[0m2024-01-20 09:45:52 | DEBUG | inspect_task:97 | Currently available heap: 209444[0m
[0m2024-01-20 09:45:52 | DEBUG | inspect_task:98 | The minimum heap size that was ever available: 205264[0m
I (73884) wifi:station: 10:02:b5:33:2e:17 leave, AID = 1, bss_flags is 134243, bss:0x3fc9a540
I (73884) wifi:new:<1,0>, old:<1,1>, ap:<1,1>, sta:<0,0>, prof:1
[0;32m2024-01-20 09:45:55 | INFO  | wifi_c_ap_event_handler:80 | Station 10:02:b5:33:2e:17 left, AID=1[0m
[0m2024-01-20 09:45:57 | DEBUG | inspect_task:97 | Currently available heap: 211336[0m
[0m2024-01-20 09:45:57 | DEBUG | inspect_task:98 | The minimum heap size that was ever available: 205264[0m
[0m2024-01-20 09:46:02 | DEBUG | inspect_task:97 | Currently available heap: 211336[0m
[0m2024-01-20 09:46:02 | DEBUG | inspect_task:98 | The minimum heap size that was ever available: 205264[0m
[0m2024-01-20 09:46:07 | DEBUG | inspect_task:97 | Currently available heap: 211336[0m
[0m2024-01-20 09:46:07 | DEBUG | inspect_task:98 | The minimum heap size that was ever available: 205264[0m
[0m2024-01-20 09:46:12 | DEBUG | inspect_task:97 | Currently available heap: 211336[0m
[0m2024-01-20 09:46:12 | DEBUG | inspect_task:98 | The minimum heap size that was ever available: 205264[0m
[0m2024-01-20 09:46:17 | DEBUG | inspect_task:97 | Currently available heap: 211336[0m
[0m2024-01-20 09:46:17 | DEBUG | inspect_task:98 | The minimum heap size that was ever available: 205264[0m
[0m2024-01-20 09:46:22 | DEBUG | inspect_task:97 | Currently available heap: 211336[0m
[0m2024-01-20 09:46:22 | DEBUG | inspect_task:98 | The minimum heap size that was ever available: 205264[0m
[0m2024-01-20 09:46:27 | DEBUG | inspect_task:97 | Currently available heap: 211336[0m
[0m2024-01-20 09:46:27 | DEBUG | inspect_task:98 | The minimum heap size that was ever available: 205264[0m
[0m2024-01-20 09:46:32 | DEBUG | inspect_task:97 | Currently available heap: 211336[0m
[0m2024-01-20 09:46:32 | DEBUG | inspect_task:98 | The minimum heap size that was ever available: 205264[0m
[0m2024-01-20 09:46:37 | DEBUG | inspect_task:97 | Currently available heap: 211336[0m
[0m2024-01-20 09:46:37 | DEBUG | inspect_task:98 | The minimum heap size that was ever available: 205264[0m
[0m2024-01-20 09:46:42 | DEBUG | inspect_task:97 | Currently available heap: 211336[0m
[0m2024-01-20 09:46:42 | DEBUG | inspect_task:98 | The minimum heap size that was ever available: 205264[0m
[0m2024-01-20 09:46:47 | DEBUG | inspect_task:97 | Currently available heap: 211336[0m
[0m2024-01-20 09:46:47 | DEBUG | inspect_task:98 | The minimum heap size that was ever available: 205264[0m
[0m2024-01-20 09:46:52 | DEBUG | inspect_task:97 | Currently available heap: 211336[0m
[0m2024-01-20 09:46:52 | DEBUG | inspect_task:98 | The minimum heap size that was ever available: 205264[0m
[0m2024-01-20 09:46:57 | DEBUG | inspect_task:97 | Currently available heap: 211336[0m
[0m2024-01-20 09:46:57 | DEBUG | inspect_task:98 | The minimum heap size that was ever available: 205264[0m
[0m2024-01-20 09:47:02 | DEBUG | inspect_task:97 | Currently available heap: 211336[0m
[0m2024-01-20 09:47:02 | DEBUG | inspect_task:98 | The minimum heap size that was ever available: 205264[0m
[0m2024-01-20 09:47:07 | DEBUG | inspect_task:97 | Currently available heap: 211336[0m
[0m2024-01-20 09:47:07 | DEBUG | inspect_task:98 | The minimum heap size that was ever available: 205264[0m
[0m2024-01-20 09:47:12 | DEBUG | inspect_task:97 | Currently available heap: 211336[0m
[0m2024-01-20 09:47:12 | DEBUG | inspect_task:98 | The minimum heap size that was ever available: 205264[0m
[0m2024-01-20 09:47:17 | DEBUG | inspect_task:97 | Currently available heap: 211336[0m
[0m2024-01-20 09:47:17 | DEBUG | inspect_task:98 | The minimum heap size that was ever available: 205264[0m
[0m2024-01-20 09:47:22 | DEBUG | inspect_task:97 | Currently available heap: 211336[0m
[0m2024-01-20 09:47:22 | DEBUG | inspect_task:98 | The minimum heap size that was ever available: 205264[0m
[0m2024-01-20 09:47:27 | DEBUG | inspect_task:97 | Currently available heap: 211336[0m
[0m2024-01-20 09:47:27 | DEBUG | inspect_task:98 | The minimum heap size that was ever available: 205264[0m
[0m2024-01-20 09:47:32 | DEBUG | inspect_task:97 | Currently available heap: 211336[0m
[0m2024-01-20 09:47:32 | DEBUG | inspect_task:98 | The minimum heap size that was ever available: 205264[0m
[0m2024-01-20 09:47:37 | DEBUG | inspect_task:97 | Currently available heap: 211336[0m
[0m2024-01-20 09:47:37 | DEBUG | inspect_task:98 | The minimum heap size that was ever available: 205264[0m
[0m2024-01-20 09:47:42 | DEBUG | inspect_task:97 | Currently available heap: 211336[0m
[0m2024-01-20 09:47:42 | DEBUG | inspect_task:98 | The minimum heap size that was ever available: 205264[0m
[0m2024-01-20 09:47:47 | DEBUG | inspect_task:97 | Currently available heap: 211336[0m
[0m2024-01-20 09:47:47 | DEBUG | inspect_task:98 | The minimum heap size that was ever available: 205264[0m
[0m2024-01-20 09:47:52 | DEBUG | inspect_task:97 | Currently available heap: 211336[0m
[0m2024-01-20 09:47:52 | DEBUG | inspect_task:98 | The minimum heap size that was ever available: 205264[0m
[0m2024-01-20 09:47:57 | DEBUG | inspect_task:97 | Currently available heap: 211336[0m
[0m2024-01-20 09:47:57 | DEBUG | inspect_task:98 | The minimum heap size that was ever available: 205264[0m
I (197074) wifi:new:<1,1>, old:<1,0>, ap:<1,1>, sta:<0,0>, prof:1
I (197074) wifi:station: 10:02:b5:33:2e:17 join, AID=1, bgn, 40U
[0;32m2024-01-20 09:47:59 | INFO  | wifi_c_ap_event_handler:76 | Station 10:02:b5:33:2e:17 joined, AID=1[0m
[0;32mI (197164) esp_netif_lwip: DHCP server assigned IP to a client, IP is: 192.168.4.2[0m
I (198314) wifi:<ba-add>idx:2 (ifx:1, 10:02:b5:33:2e:17), tid:0, ssn:14, winSize:64
[0m2024-01-20 09:48:02 | DEBUG | inspect_task:97 | Currently available heap: 209240[0m
[0m2024-01-20 09:48:02 | DEBUG | inspect_task:98 | The minimum heap size that was ever available: 205228[0m
[0m2024-01-20 09:48:05 | DEBUG | root_handler:65 | serving GET "/" request...[0m
[0m2024-01-20 09:48:05 | DEBUG | script_handler:86 | serving GET "/code.js" request...[0m
[0m2024-01-20 09:48:05 | DEBUG | state_json_handler:113 | serving GET "/state" request...[0m
[0m2024-01-20 09:48:05 | DEBUG | wifi_c_get_status_as_json:238 | storing wifi_c_status structure as JSON string...[0m
[0m2024-01-20 09:48:05 | DEBUG | wifi_c_get_status_as_json:254 | wifi_c_status structure as JSON: 
{"wifi_initialized": true, "netif_initialized":true, "wifi_mode": "WIFI_C_MODE_APSTA", "event_loop_started": true, "sta_started": true, "ap_started": true, "scan_done": false, "sta_connected":false, "sta_ip": "0.0.0.0", "sta_ssid": "none", "ap_ip": "192.168.4.1", "ap_ssid": "ESP32"}[0m
[0m2024-01-20 09:48:05 | DEBUG | ap_json_handler:97 | serving GET "/scan" request...[0m
[0m2024-01-20 09:48:05 | DEBUG | wifi_c_scan_all_ap:509 | scanning for Access Points...[0m
[0m2024-01-20 09:48:07 | DEBUG | inspect_task:97 | Currently available heap: 196348[0m
[0m2024-01-20 09:48:07 | DEBUG | inspect_task:98 | The minimum heap size that was ever available: 194316[0m
[0;32m2024-01-20 09:48:08 | INFO  | wifi_c_ap_event_handler:83 | Total APs scanned: 10[0m
[0m2024-01-20 09:48:08 | DEBUG | wifi_manager_fetch_ap_list:141 | wifi manager scan complete, scanned: 34672 APs[0m
[0m2024-01-20 09:48:08 | DEBUG | saved_ap_json_handler:187 | serving GET "/saved_ap" request...[0m
[0;31m2024-01-20 09:48:08 | ERROR | lib/nvs_controller/src/nvs_controller.c:70 | nvs_c_open_read_only:70 | error 4354 when opening nvs namespace: ESP_ERR_NVS_NOT_FOUND[0m
[0;31m2024-01-20 09:48:08 | ERROR | lib/nvs_controller/src/nvs_controller.c:70 | nvs_c_open_read_only:70 | error 4354 when opening nvs namespace: ESP_ERR_NVS_NOT_FOUND[0m
[0;33m2024-01-20 09:48:08 | WARN  | lib/wifi_manager/src/wifi_manager.c:90 | wifi_manager_get_stored_ap:90 | Cannot find any stored AP in NVS[0m
[0;33m2024-01-20 09:48:08 | WARN  | lib/wifi_manager/src/wifi_manager.c:26 | wifi_manager_get_stored_ap_as_json:26 | not found any stored AP, generating empty list message...[0m
[0m2024-01-20 09:48:12 | DEBUG | inspect_task:97 | Currently available heap: 200092[0m
[0m2024-01-20 09:48:12 | DEBUG | inspect_task:98 | The minimum heap size that was ever available: 193668[0m
[0m2024-01-20 09:48:17 | DEBUG | inspect_task:97 | Currently available heap: 200092[0m
[0m2024-01-20 09:48:17 | DEBUG | inspect_task:98 | The minimum heap size that was ever available: 193668[0m
[0m2024-01-20 09:48:22 | DEBUG | inspect_task:97 | Currently available heap: 200092[0m
[0m2024-01-20 09:48:22 | DEBUG | inspect_task:98 | The minimum heap size that was ever available: 193668[0m
[0m2024-01-20 09:48:27 | DEBUG | inspect_task:97 | Currently available heap: 200092[0m
[0m2024-01-20 09:48:27 | DEBUG | inspect_task:98 | The minimum heap size that was ever available: 193668[0m
[0m2024-01-20 09:48:32 | DEBUG | inspect_task:97 | Currently available heap: 200092[0m
[0m2024-01-20 09:48:32 | DEBUG | inspect_task:98 | The minimum heap size that was ever available: 193668[0m
[0m2024-01-20 09:48:37 | DEBUG | inspect_task:97 | Currently available heap: 200092[0m
[0m2024-01-20 09:48:37 | DEBUG | inspect_task:98 | The minimum heap size that was ever available: 193668[0m
[0m2024-01-20 09:48:42 | DEBUG | inspect_task:97 | Currently available heap: 200092[0m
[0m2024-01-20 09:48:42 | DEBUG | inspect_task:98 | The minimum heap size that was ever available: 193668[0m
[0m2024-01-20 09:48:47 | DEBUG | inspect_task:97 | Currently available heap: 200092[0m
[0m2024-01-20 09:48:47 | DEBUG | inspect_task:98 | The minimum heap size that was ever available: 193668[0m
[0m2024-01-20 09:48:52 | DEBUG | inspect_task:97 | Currently available heap: 200092[0m
[0m2024-01-20 09:48:52 | DEBUG | inspect_task:98 | The minimum heap size that was ever available: 193668[0m
[0m2024-01-20 09:48:57 | DEBUG | inspect_task:97 | Currently available heap: 200092[0m
[0m2024-01-20 09:48:57 | DEBUG | inspect_task:98 | The minimum heap size that was ever available: 193668[0m
[0m2024-01-20 09:49:01 | DEBUG | connect_handler:135 | serving POST "/connect" request...[0m
[0;32m2024-01-20 09:49:01 | INFO  | connect_handler:169 | Received APs credentials!
	SSID: TP-LINK_AD8313
	Password: 20232887[0m
[0;33m2024-01-20 09:49:01 | WARN  | lib/wifi_manager/src/wifi_http_server.c:173 | connect_handler:173 | Got access point credentials, device will now restart![0m
[0m2024-01-20 09:49:01 | DEBUG | nvs_c_open:55 | opened namespace nvs for read and write operations[0m
[0;32m2024-01-20 09:49:01 | INFO  | nvs_c_write_string:115 | written 14 bytes data into namespace nvs[0m
[0;32m2024-01-20 09:49:01 | INFO  | nvs_c_write_string:115 | written 8 bytes data into namespace nvs[0m
[0m2024-01-20 09:49:01 | DEBUG | nvs_c_close:88 | nvs namespace: nvs was closed[0m
[0m2024-01-20 09:49:01 | DEBUG | wifi_manager_store_ap:65 | stored AP SSID and password in NVS:
SSID: TP-LINK_AD8313
Password: 20232887[0m
I (259104) wifi:station: 10:02:b5:33:2e:17 leave, AID = 1, bss_flags is 658547, bss:0x3fc9a968
I (259104) wifi:new:<1,0>, old:<1,1>, ap:<1,1>, sta:<0,0>, prof:1
I (259104) wifi:<ba-del>idx:2, tid:0
[0;32m2024-01-20 09:49:01 | INFO  | wifi_c_ap_event_handler:80 | Station 10:02:b5:33:2e:17 left, AID=1[0m
I (259164) wifi:flush txq
I (259164) wifi:stop sw txq
I (259164) wifi:lmac stop hw txq
[31;1;4m2024-01-20 09:49:01 | FATAL | src/main.c     :104 | shutdown_handler:104 | FATAL ERROR - RESTARTING ESP DEVICE![0m
ESP-ROM:esp32c3-api1-20210207
Build:Feb  7 2021
rst:0x3 (RTC_SW_SYS_RST),boot:0xd (SPI_FAST_FLASH_BOOT)
Saved PC:0x40048b82
SPIWP:0xee
mode:DIO, clock div:1
load:0x3fcd5820,len:0x1704
load:0x403cc710,len:0x968
load:0x403ce710,len:0x2f68
entry 0x403cc710
[0;32mI (24) boot: ESP-IDF 5.1.1 2nd stage bootloader[0m
[0;32mI (24) boot: compile time Jan 20 2024 10:36:22[0m
[0;32mI (24) boot: chip revision: v0.4[0m
[0;32mI (27) boot.esp32c3: SPI Speed      : 80MHz[0m
[0;32mI (32) boot.esp32c3: SPI Mode       : DIO[0m
[0;32mI (36) boot.esp32c3: SPI Flash Size : 4MB[0m
[0;32mI (41) boot: Enabling RNG early entropy source...[0m
[0;32mI (46) boot: Partition Table:[0m
[0;32mI (50) boot: ## Label            Usage          Type ST Offset   Length[0m
[0;32mI (57) boot:  0 nvs              WiFi data        01 02 00009000 00004000[0m
[0;32mI (65) boot:  1 otadata          OTA data         01 00 0000d000 00002000[0m
[0;32mI (72) boot:  2 phy_init         RF data          01 01 0000f000 00001000[0m
[0;32mI (80) boot:  3 factory          OTA app          00 10 00010000 00100000[0m
[0;32mI (87) boot:  4 ota_1            OTA app          00 11 00110000 00100000[0m
[0;32mI (95) boot:  5 storage          Unknown data     01 82 00210000 000f0000[0m
[0;32mI (102) boot: End of partition table[0m
[0;32mI (106) esp_image: segment 0: paddr=00010020 vaddr=3c0b0020 size=25c98h (154776) map[0m
[0;32mI (139) esp_image: segment 1: paddr=00035cc0 vaddr=3fc90800 size=029e0h ( 10720) load[0m
[0;32mI (142) esp_image: segment 2: paddr=000386a8 vaddr=40380000 size=07970h ( 31088) load[0m
[0;32mI (151) esp_image: segment 3: paddr=00040020 vaddr=42000020 size=a0c10h (658448) map[0m
[0;32mI (259) esp_image: segment 4: paddr=000e0c38 vaddr=40387970 size=08db8h ( 36280) load[0m
[0;32mI (271) boot: Loaded app from partition at offset 0x10000[0m
[0;32mI (271) boot: Disabling RNG early entropy source...[0m
[0;32mI (283) cpu_start: Unicore app[0m
[0;32mI (283) cpu_start: Pro cpu up.[0m
[0;32mI (292) cpu_start: Pro cpu start user code[0m
[0;32mI (292) cpu_start: cpu freq: 160000000 Hz[0m
[0;32mI (292) cpu_start: Application information:[0m
[0;32mI (295) cpu_start: Project name:     esp_startup[0m
[0;32mI (300) cpu_start: App version:      7ba5cd0-dirty[0m
[0;32mI (306) cpu_start: Compile time:     Jan 20 2024 10:34:02[0m
[0;32mI (312) cpu_start: ELF file SHA256:  f2f6e34802fae11f...[0m
[0;32mI (318) cpu_start: ESP-IDF:          5.1.1[0m
[0;32mI (323) cpu_start: Min chip rev:     v0.3[0m
[0;32mI (327) cpu_start: Max chip rev:     v0.99 [0m
[0;32mI (332) cpu_start: Chip rev:         v0.4[0m
[0;32mI (337) heap_init: Initializing. RAM available for dynamic allocation:[0m
[0;32mI (344) heap_init: At 3FC97CA0 len 00044A70 (274 KiB): DRAM[0m
[0;32mI (350) heap_init: At 3FCDC710 len 00002950 (10 KiB): STACK/DRAM[0m
[0;32mI (357) heap_init: At 50000010 len 00001FD8 (7 KiB): RTCRAM[0m
[0;32mI (364) spi_flash: detected chip: generic[0m
[0;32mI (368) spi_flash: flash io: dio[0m
[0;32mI (372) sleep: Configure to isolate all GPIO pins in sleep state[0m
[0;32mI (379) sleep: Enable automatic switching of GPIO sleep configuration[0m
[0;32mI (386) app_start: Starting scheduler on CPU0[0m
[0;32mI (391) main_task: Started on CPU0[0m
[0;32mI (391) main_task: Calling app_main()[0m
[0;32m2024-01-20 09:49:01 | INFO  | nvs_c_init_nvs:31 | nvs was initialized[0m
[0m2024-01-20 09:49:01 | DEBUG | inspect_task:97 | Currently available heap: 279324[0m
[0m2024-01-20 09:49:01 | DEBUG | inspect_task:98 | The minimum heap size that was ever available: 279324[0m
[0;32m2024-01-20 09:49:01 | INFO  | nvs_c_init_nvs:31 | nvs was initialized[0m
[0m2024-01-20 09:49:01 | DEBUG | wifi_c_init_netif:163 | netif initialized as AP+STA[0m
[0;32mI (521) pp: pp rom version: 9387209[0m
[0;32mI (531) net80211: net80211 rom version: 9387209[0m
I (541) wifi:wifi driver task: 3fca189c, prio:23, stack:6656, core=0
I (541) wifi:wifi firmware version: ce9244d
I (541) wifi:wifi certification version: v7.0
I (551) wifi:config NVS flash: enabled
I (551) wifi:config nano formating: disabled
I (551) wifi:Init data frame dynamic rx buffer num: 32
I (561) wifi:Init management frame dynamic rx buffer num: 32
I (561) wifi:Init management short buffer num: 32
I (571) wifi:Init dynamic tx buffer num: 32
I (571) wifi:Init static tx FG buffer num: 2
I (581) wifi:Init static rx buffer size: 1600
I (581) wifi:Init static rx buffer num: 10
I (581) wifi:Init dynamic rx buffer num: 32
[0;32mI (591) wifi_init: rx ba win: 6[0m
[0;32mI (591) wifi_init: tcpip mbox: 32[0m
[0;32mI (601) wifi_init: udp mbox: 6[0m
[0;32mI (601) wifi_init: tcp mbox: 6[0m
[0;32mI (601) wifi_init: tcp tx win: 5744[0m
[0;32mI (611) wifi_init: tcp rx win: 5744[0m
[0;32mI (611) wifi_init: tcp mss: 1440[0m
[0;32mI (611) wifi_init: WiFi IRAM OP enabled[0m
[0;32mI (621) wifi_init: WiFi RX IRAM OP enabled[0m
[0;32m2024-01-20 09:49:01 | INFO  | wifi_c_init_wifi:302 | Wifi initialized.[0m
[0;32mI (631) phy_init: phy_version 970,1856f88,May 10 2023,17:44:12[0m
I (681) wifi:mode : sta (ec:da:3b:36:60:50) + softAP (ec:da:3b:36:60:51)
I (681) wifi:enable tsf
I (681) wifi:Total power save buffer number: 16
I (681) wifi:Init max length of beacon: 752/752
I (681) wifi:Init max length of beacon: 752/752
[0;32m2024-01-20 09:49:01 | INFO  | wifi_c_sta_event_handler:94 | Station started, connecting to WiFi.[0m
[0;32mI (701) esp_netif_lwip: DHCP server started on interface WIFI_AP_DEF with IP: 192.168.4.1[0m
[0m2024-01-20 09:49:01 | DEBUG | wifi_c_init_wifi:306 | wifi successfully initialized[0m
[0m2024-01-20 09:49:01 | DEBUG | nvs_c_open_read_only:79 | opened namespace nvs for read only operations[0m
[0;32m2024-01-20 09:49:01 | INFO  | nvs_c_read_string:131 | read 15 bytes from namespace: nvs[0m
[0m2024-01-20 09:49:02 | DEBUG | wifi_manager_get_stored_ap:79 | found stored SSID in NVS: TP-LINK_AD8313[0m
[0;32m2024-01-20 09:49:02 | INFO  | nvs_c_read_string:131 | read 9 bytes from namespace: nvs[0m
[0m2024-01-20 09:49:02 | DEBUG | wifi_manager_get_stored_ap:83 | found stored password in NVS: 20232887[0m
[0m2024-01-20 09:49:02 | DEBUG | nvs_c_close:88 | nvs namespace: nvs was closed[0m
[0;32m2024-01-20 09:49:02 | INFO  | wifi_manager_init:232 | found stored AP, connecting to: TP-LINK_AD8313[0m
[0m2024-01-20 09:49:02 | DEBUG | wifi_c_start_sta:435 | WiFi successfully configured as STA.[0m
I (3621) wifi:ap channel adjust o:1,1 n:11,2
I (3621) wifi:new:<11,2>, old:<1,1>, ap:<11,2>, sta:<11,2>, prof:1
I (4311) wifi:state: init -> auth (b0)
I (4311) wifi:state: auth -> assoc (0)
I (4321) wifi:state: assoc -> run (10)
I (4331) wifi:connected with TP-LINK_AD8313, aid = 5, channel 11, 40D, bssid = 84:16:f9:ad:83:12
I (4331) wifi:security: WPA2-PSK, phy: bgn, rssi: -43
I (4341) wifi:pm start, type: 1

I (4341) wifi:set rx beacon pti, rx_bcn_pti: 0, bcn_timeout: 25000, mt_pti: 0, mt_time: 10000
I (4351) wifi:<ba-add>idx:0 (ifx:0, 84:16:f9:ad:83:12), tid:0, ssn:0, winSize:64
I (4401) wifi:AP's beacon interval = 102400 us, DTIM period = 1
[0;32m2024-01-20 09:49:06 | INFO  | wifi_c_sta_event_handler:108 | Got IP:192.168.0.107[0m
[0;32mI (5341) esp_netif_handlers: sta ip: 192.168.0.107, mask: 255.255.255.0, gw: 192.168.0.1[0m
[0m2024-01-20 09:49:06 | DEBUG | wifi_c_check_sta_connection_result:120 | WIFI_C_CONNECTED_BIT is set![0m
[0;32mI (5351) main_task: Returned from app_main()[0m
[0m2024-01-20 09:49:06 | DEBUG | inspect_task:97 | Currently available heap: 231760[0m
[0m2024-01-20 09:49:06 | DEBUG | inspect_task:98 | The minimum heap size that was ever available: 216112[0m
I (10211) wifi:<ba-add>idx:1 (ifx:0, 84:16:f9:ad:83:12), tid:5, ssn:0, winSize:64
[0m2024-01-20 09:49:11 | DEBUG | inspect_task:97 | Currently available heap: 231548[0m
[0m2024-01-20 09:49:11 | DEBUG | inspect_task:98 | The minimum heap size that was ever available: 216112[0m
I (11831) wifi:new:<11,2>, old:<11,2>, ap:<11,2>, sta:<11,2>, prof:1
I (11831) wifi:station: 10:02:b5:33:2e:17 join, AID=1, bgn, 40D
[0;32m2024-01-20 09:49:13 | INFO  | wifi_c_ap_event_handler:76 | Station 10:02:b5:33:2e:17 joined, AID=1[0m
[0;32mI (11981) esp_netif_lwip: DHCP server assigned IP to a client, IP is: 192.168.4.2[0m
I (13801) wifi:<ba-add>idx:2 (ifx:1, 10:02:b5:33:2e:17), tid:0, ssn:24, winSize:64
[0m2024-01-20 09:49:16 | DEBUG | inspect_task:97 | Currently available heap: 229272[0m
[0m2024-01-20 09:49:16 | DEBUG | inspect_task:98 | The minimum heap size that was ever available: 216112[0m
[0m2024-01-20 09:49:21 | DEBUG | inspect_task:97 | Currently available heap: 229272[0m
[0m2024-01-20 09:49:21 | DEBUG | inspect_task:98 | The minimum heap size that was ever available: 216112[0m
[0m2024-01-20 09:49:26 | DEBUG | inspect_task:97 | Currently available heap: 229272[0m
[0m2024-01-20 09:49:26 | DEBUG | inspect_task:98 | The minimum heap size that was ever available: 216112[0m
[0m2024-01-20 09:49:31 | DEBUG | inspect_task:97 | Currently available heap: 229272[0m
[0m2024-01-20 09:49:31 | DEBUG | inspect_task:98 | The minimum heap size that was ever available: 216112[0m
I (33711) wifi:station: 10:02:b5:33:2e:17 leave, AID = 1, bss_flags is 658531, bss:0x3fc9a540
I (33711) wifi:new:<11,2>, old:<11,2>, ap:<11,2>, sta:<11,2>, prof:1
I (33721) wifi:<ba-del>idx:2, tid:0
[0;32m2024-01-20 09:49:35 | INFO  | wifi_c_ap_event_handler:80 | Station 10:02:b5:33:2e:17 left, AID=1[0m
[0m2024-01-20 09:49:36 | DEBUG | inspect_task:97 | Currently available heap: 231392[0m
[0m2024-01-20 09:49:36 | DEBUG | inspect_task:98 | The minimum heap size that was ever available: 216112[0m
[0m2024-01-20 09:49:41 | DEBUG | inspect_task:97 | Currently available heap: 231400[0m
[0m2024-01-20 09:49:41 | DEBUG | inspect_task:98 | The minimum heap size that was ever available: 216112[0m
[0m2024-01-20 09:49:46 | DEBUG | inspect_task:97 | Currently available heap: 231400[0m
[0m2024-01-20 09:49:46 | DEBUG | inspect_task:98 | The minimum heap size that was ever available: 216112[0m
[0m2024-01-20 09:49:51 | DEBUG | inspect_task:97 | Currently available heap: 231400[0m
[0m2024-01-20 09:49:51 | DEBUG | inspect_task:98 | The minimum heap size that was ever available: 216112[0m
[0m2024-01-20 09:49:56 | DEBUG | inspect_task:97 | Currently available heap: 231400[0m
[0m2024-01-20 09:49:56 | DEBUG | inspect_task:98 | The minimum heap size that was ever available: 216112[0m
[0m2024-01-20 09:50:01 | DEBUG | inspect_task:97 | Currently available heap: 231400[0m
[0m2024-01-20 09:50:01 | DEBUG | inspect_task:98 | The minimum heap size that was ever available: 216112[0m
[0m2024-01-20 09:50:06 | DEBUG | inspect_task:97 | Currently available heap: 231400[0m
[0m2024-01-20 09:50:06 | DEBUG | inspect_task:98 | The minimum heap size that was ever available: 216112[0m
[0m2024-01-20 09:50:11 | DEBUG | inspect_task:97 | Currently available heap: 231400[0m
[0m2024-01-20 09:50:11 | DEBUG | inspect_task:98 | The minimum heap size that was ever available: 216112[0m
[0m2024-01-20 09:50:16 | DEBUG | inspect_task:97 | Currently available heap: 231400[0m
[0m2024-01-20 09:50:16 | DEBUG | inspect_task:98 | The minimum heap size that was ever available: 216112[0m
[0m2024-01-20 09:50:21 | DEBUG | inspect_task:97 | Currently available heap: 231400[0m
[0m2024-01-20 09:50:21 | DEBUG | inspect_task:98 | The minimum heap size that was ever available: 216112[0m
[0m2024-01-20 09:50:26 | DEBUG | inspect_task:97 | Currently available heap: 231400[0m
[0m2024-01-20 09:50:26 | DEBUG | inspect_task:98 | The minimum heap size that was ever available: 216112[0m
[0m2024-01-20 09:50:31 | DEBUG | inspect_task:97 | Currently available heap: 231400[0m
[0m2024-01-20 09:50:31 | DEBUG | inspect_task:98 | The minimum heap size that was ever available: 216112[0m
[0m2024-01-20 09:50:36 | DEBUG | inspect_task:97 | Currently available heap: 231400[0m
[0m2024-01-20 09:50:36 | DEBUG | inspect_task:98 | The minimum heap size that was ever available: 216112[0m
[0m2024-01-20 09:50:41 | DEBUG | inspect_task:97 | Currently available heap: 231400[0m
[0m2024-01-20 09:50:41 | DEBUG | inspect_task:98 | The minimum heap size that was ever available: 216112[0m
[0m2024-01-20 09:50:46 | DEBUG | inspect_task:97 | Currently available heap: 231400[0m
[0m2024-01-20 09:50:46 | DEBUG | inspect_task:98 | The minimum heap size that was ever available: 216112[0m
[0m2024-01-20 09:50:51 | DEBUG | inspect_task:97 | Currently available heap: 231400[0m
[0m2024-01-20 09:50:51 | DEBUG | inspect_task:98 | The minimum heap size that was ever available: 216112[0m
[0m2024-01-20 09:50:56 | DEBUG | inspect_task:97 | Currently available heap: 231400[0m
[0m2024-01-20 09:50:56 | DEBUG | inspect_task:98 | The minimum heap size that was ever available: 216112[0m
[0m2024-01-20 09:51:01 | DEBUG | inspect_task:97 | Currently available heap: 231400[0m
[0m2024-01-20 09:51:01 | DEBUG | inspect_task:98 | The minimum heap size that was ever available: 216112[0m
[0m2024-01-20 09:51:06 | DEBUG | inspect_task:97 | Currently available heap: 231400[0m
[0m2024-01-20 09:51:06 | DEBUG | inspect_task:98 | The minimum heap size that was ever available: 216112[0m
[0m2024-01-20 09:51:11 | DEBUG | inspect_task:97 | Currently available heap: 231400[0m
[0m2024-01-20 09:51:11 | DEBUG | inspect_task:98 | The minimum heap size that was ever available: 216112[0m
[0m2024-01-20 09:51:16 | DEBUG | inspect_task:97 | Currently available heap: 231400[0m
[0m2024-01-20 09:51:16 | DEBUG | inspect_task:98 | The minimum heap size that was ever available: 216112[0m
[0m2024-01-20 09:51:21 | DEBUG | inspect_task:97 | Currently available heap: 231400[0m
[0m2024-01-20 09:51:21 | DEBUG | inspect_task:98 | The minimum heap size that was ever available: 216112[0m
[0m2024-01-20 09:51:26 | DEBUG | inspect_task:97 | Currently available heap: 231400[0m
[0m2024-01-20 09:51:26 | DEBUG | inspect_task:98 | The minimum heap size that was ever available: 216112[0m
[0m2024-01-20 09:51:31 | DEBUG | inspect_task:97 | Currently available heap: 231400[0m
[0m2024-01-20 09:51:31 | DEBUG | inspect_task:98 | The minimum heap size that was ever available: 216112[0m
[0m2024-01-20 09:51:36 | DEBUG | inspect_task:97 | Currently available heap: 231400[0m
[0m2024-01-20 09:51:36 | DEBUG | inspect_task:98 | The minimum heap size that was ever available: 216112[0m
[0m2024-01-20 09:51:41 | DEBUG | inspect_task:97 | Currently available heap: 231400[0m
[0m2024-01-20 09:51:41 | DEBUG | inspect_task:98 | The minimum heap size that was ever available: 216112[0m
[0m2024-01-20 09:51:46 | DEBUG | inspect_task:97 | Currently available heap: 231400[0m
[0m2024-01-20 09:51:46 | DEBUG | inspect_task:98 | The minimum heap size that was ever available: 216112[0m
[0m2024-01-20 09:51:51 | DEBUG | inspect_task:97 | Currently available heap: 231400[0m
[0m2024-01-20 09:51:51 | DEBUG | inspect_task:98 | The minimum heap size that was ever available: 216112[0m
[0m2024-01-20 09:51:56 | DEBUG | inspect_task:97 | Currently available heap: 231400[0m
[0m2024-01-20 09:51:56 | DEBUG | inspect_task:98 | The minimum heap size that was ever available: 216112[0m
[0m2024-01-20 09:52:01 | DEBUG | inspect_task:97 | Currently available heap: 231400[0m
[0m2024-01-20 09:52:01 | DEBUG | inspect_task:98 | The minimum heap size that was ever available: 216112[0m
[0m2024-01-20 09:52:06 | DEBUG | inspect_task:97 | Currently available heap: 231400[0m
[0m2024-01-20 09:52:06 | DEBUG | inspect_task:98 | The minimum heap size that was ever available: 216112[0m
[0m2024-01-20 09:52:11 | DEBUG | inspect_task:97 | Currently available heap: 231400[0m
[0m2024-01-20 09:52:11 | DEBUG | inspect_task:98 | The minimum heap size that was ever available: 216112[0m
[0m2024-01-20 09:52:16 | DEBUG | inspect_task:97 | Currently available heap: 231400[0m
[0m2024-01-20 09:52:16 | DEBUG | inspect_task:98 | The minimum heap size that was ever available: 216112[0m
[0m2024-01-20 09:52:21 | DEBUG | inspect_task:97 | Currently available heap: 231400[0m
[0m2024-01-20 09:52:21 | DEBUG | inspect_task:98 | The minimum heap size that was ever available: 216112[0m
[0m2024-01-20 09:52:26 | DEBUG | inspect_task:97 | Currently available heap: 231400[0m
[0m2024-01-20 09:52:26 | DEBUG | inspect_task:98 | The minimum heap size that was ever available: 216112[0m
[0m2024-01-20 09:52:31 | DEBUG | inspect_task:97 | Currently available heap: 231400[0m
[0m2024-01-20 09:52:31 | DEBUG | inspect_task:98 | The minimum heap size that was ever available: 216112[0m
[0m2024-01-20 09:52:36 | DEBUG | inspect_task:97 | Currently available heap: 231400[0m
[0m2024-01-20 09:52:36 | DEBUG | inspect_task:98 | The minimum heap size that was ever available: 216112[0m
[0m2024-01-20 09:52:41 | DEBUG | inspect_task:97 | Currently available heap: 231400[0m
[0m2024-01-20 09:52:41 | DEBUG | inspect_task:98 | The minimum heap size that was ever available: 216112[0m
[0m2024-01-20 09:52:46 | DEBUG | inspect_task:97 | Currently available heap: 231400[0m
[0m2024-01-20 09:52:46 | DEBUG | inspect_task:98 | The minimum heap size that was ever available: 216112[0m
[0m2024-01-20 09:52:51 | DEBUG | inspect_task:97 | Currently available heap: 231400[0m
[0m2024-01-20 09:52:51 | DEBUG | inspect_task:98 | The minimum heap size that was ever available: 216112[0m
[0m2024-01-20 09:52:56 | DEBUG | inspect_task:97 | Currently available heap: 231400[0m
[0m2024-01-20 09:52:56 | DEBUG | inspect_task:98 | The minimum heap size that was ever available: 216112[0m
[0m2024-01-20 09:53:01 | DEBUG | inspect_task:97 | Currently available heap: 231400[0m
[0m2024-01-20 09:53:01 | DEBUG | inspect_task:98 | The minimum heap size that was ever available: 216112[0m
[0m2024-01-20 09:53:06 | DEBUG | inspect_task:97 | Currently available heap: 231400[0m
[0m2024-01-20 09:53:06 | DEBUG | inspect_task:98 | The minimum heap size that was ever available: 216112[0m
[0m2024-01-20 09:53:11 | DEBUG | inspect_task:97 | Currently available heap: 231400[0m
[0m2024-01-20 09:53:11 | DEBUG | inspect_task:98 | The minimum heap size that was ever available: 216112[0m
[0m2024-01-20 09:53:16 | DEBUG | inspect_task:97 | Currently available heap: 231400[0m
[0m2024-01-20 09:53:16 | DEBUG | inspect_task:98 | The minimum heap size that was ever available: 216112[0m
[0m2024-01-20 09:53:21 | DEBUG | inspect_task:97 | Currently available heap: 231400[0m
[0m2024-01-20 09:53:21 | DEBUG | inspect_task:98 | The minimum heap size that was ever available: 216112[0m
[0m2024-01-20 09:53:26 | DEBUG | inspect_task:97 | Currently available heap: 231400[0m
[0m2024-01-20 09:53:26 | DEBUG | inspect_task:98 | The minimum heap size that was ever available: 216112[0m
[0m2024-01-20 09:53:31 | DEBUG | inspect_task:97 | Currently available heap: 231400[0m
[0m2024-01-20 09:53:31 | DEBUG | inspect_task:98 | The minimum heap size that was ever available: 216112[0m
[0m2024-01-20 09:53:36 | DEBUG | inspect_task:97 | Currently available heap: 231400[0m
[0m2024-01-20 09:53:36 | DEBUG | inspect_task:98 | The minimum heap size that was ever available: 216112[0m
[0m2024-01-20 09:53:41 | DEBUG | inspect_task:97 | Currently available heap: 231400[0m
[0m2024-01-20 09:53:41 | DEBUG | inspect_task:98 | The minimum heap size that was ever available: 216112[0m
[0m2024-01-20 09:53:46 | DEBUG | inspect_task:97 | Currently available heap: 231400[0m
[0m2024-01-20 09:53:46 | DEBUG | inspect_task:98 | The minimum heap size that was ever available: 216112[0m
[0m2024-01-20 09:53:51 | DEBUG | inspect_task:97 | Currently available heap: 231400[0m
[0m2024-01-20 09:53:51 | DEBUG | inspect_task:98 | The minimum heap size that was ever available: 216112[0m
[0m2024-01-20 09:53:56 | DEBUG | inspect_task:97 | Currently available heap: 231400[0m
[0m2024-01-20 09:53:56 | DEBUG | inspect_task:98 | The minimum heap size that was ever available: 216112[0m
[0m2024-01-20 09:54:01 | DEBUG | inspect_task:97 | Currently available heap: 231400[0m
[0m2024-01-20 09:54:01 | DEBUG | inspect_task:98 | The minimum heap size that was ever available: 216112[0m
[0m2024-01-20 09:54:06 | DEBUG | inspect_task:97 | Currently available heap: 231400[0m
[0m2024-01-20 09:54:06 | DEBUG | inspect_task:98 | The minimum heap size that was ever available: 216112[0m
[0m2024-01-20 09:54:11 | DEBUG | inspect_task:97 | Currently available heap: 231400[0m
[0m2024-01-20 09:54:11 | DEBUG | inspect_task:98 | The minimum heap size that was ever available: 216112[0m
[0m2024-01-20 09:54:16 | DEBUG | inspect_task:97 | Currently available heap: 231400[0m
[0m2024-01-20 09:54:16 | DEBUG | inspect_task:98 | The minimum heap size that was ever available: 216112[0m
[0m2024-01-20 09:54:21 | DEBUG | inspect_task:97 | Currently available heap: 231400[0m
[0m2024-01-20 09:54:21 | DEBUG | inspect_task:98 | The minimum heap size that was ever available: 216112[0m
[0m2024-01-20 09:54:26 | DEBUG | inspect_task:97 | Currently available heap: 231400[0m
[0m2024-01-20 09:54:26 | DEBUG | inspect_task:98 | The minimum heap size that was ever available: 216112[0m
[0m2024-01-20 09:54:31 | DEBUG | inspect_task:97 | Currently available heap: 231400[0m
[0m2024-01-20 09:54:31 | DEBUG | inspect_task:98 | The minimum heap size that was ever available: 216112[0m
[0m2024-01-20 09:54:36 | DEBUG | inspect_task:97 | Currently available heap: 231400[0m
[0m2024-01-20 09:54:36 | DEBUG | inspect_task:98 | The minimum heap size that was ever available: 216112[0m
[0m2024-01-20 09:54:41 | DEBUG | inspect_task:97 | Currently available heap: 231400[0m
[0m2024-01-20 09:54:41 | DEBUG | inspect_task:98 | The minimum heap size that was ever available: 216112[0m
[0m2024-01-20 09:54:46 | DEBUG | inspect_task:97 | Currently available heap: 231400[0m
[0m2024-01-20 09:54:46 | DEBUG | inspect_task:98 | The minimum heap size that was ever available: 216112[0m
[0m2024-01-20 09:54:51 | DEBUG | inspect_task:97 | Currently available heap: 231400[0m
[0m2024-01-20 09:54:51 | DEBUG | inspect_task:98 | The minimum heap size that was ever available: 216112[0m
[0m2024-01-20 09:54:56 | DEBUG | inspect_task:97 | Currently available heap: 231400[0m
[0m2024-01-20 09:54:56 | DEBUG | inspect_task:98 | The minimum heap size that was ever available: 216112[0m
[0m2024-01-20 09:55:01 | DEBUG | inspect_task:97 | Currently available heap: 231400[0m
[0m2024-01-20 09:55:01 | DEBUG | inspect_task:98 | The minimum heap size that was ever available: 216112[0m
[0m2024-01-20 09:55:06 | DEBUG | inspect_task:97 | Currently available heap: 231400[0m
[0m2024-01-20 09:55:06 | DEBUG | inspect_task:98 | The minimum heap size that was ever available: 216112[0m
[0m2024-01-20 09:55:11 | DEBUG | inspect_task:97 | Currently available heap: 231400[0m
[0m2024-01-20 09:55:11 | DEBUG | inspect_task:98 | The minimum heap size that was ever available: 216112[0m
[0m2024-01-20 09:55:16 | DEBUG | inspect_task:97 | Currently available heap: 231400[0m
[0m2024-01-20 09:55:16 | DEBUG | inspect_task:98 | The minimum heap size that was ever available: 216112[0m
[0m2024-01-20 09:55:21 | DEBUG | inspect_task:97 | Currently available heap: 231400[0m
[0m2024-01-20 09:55:21 | DEBUG | inspect_task:98 | The minimum heap size that was ever available: 216112[0m
[0m2024-01-20 09:55:26 | DEBUG | inspect_task:97 | Currently available heap: 231400[0m
[0m2024-01-20 09:55:26 | DEBUG | inspect_task:98 | The minimum heap size that was ever available: 216112[0m
[0m2024-01-20 09:55:31 | DEBUG | inspect_task:97 | Currently available heap: 231400[0m
[0m2024-01-20 09:55:31 | DEBUG | inspect_task:98 | The minimum heap size that was ever available: 216112[0m
[0m2024-01-20 09:55:36 | DEBUG | inspect_task:97 | Currently available heap: 231400[0m
[0m2024-01-20 09:55:36 | DEBUG | inspect_task:98 | The minimum heap size that was ever available: 216112[0m
[0m2024-01-20 09:55:41 | DEBUG | inspect_task:97 | Currently available heap: 231400[0m
[0m2024-01-20 09:55:41 | DEBUG | inspect_task:98 | The minimum heap size that was ever available: 216112[0m
[0m2024-01-20 09:55:46 | DEBUG | inspect_task:97 | Currently available heap: 231400[0m
[0m2024-01-20 09:55:46 | DEBUG | inspect_task:98 | The minimum heap size that was ever available: 216112[0m
[0m2024-01-20 09:55:51 | DEBUG | inspect_task:97 | Currently available heap: 231400[0m
[0m2024-01-20 09:55:51 | DEBUG | inspect_task:98 | The minimum heap size that was ever available: 216112[0m
[0m2024-01-20 09:55:56 | DEBUG | inspect_task:97 | Currently available heap: 231400[0m
[0m2024-01-20 09:55:56 | DEBUG | inspect_task:98 | The minimum heap size that was ever available: 216112[0m
[0m2024-01-20 09:56:01 | DEBUG | inspect_task:97 | Currently available heap: 231400[0m
[0m2024-01-20 09:56:01 | DEBUG | inspect_task:98 | The minimum heap size that was ever available: 216112[0m
[0m2024-01-20 09:56:06 | DEBUG | inspect_task:97 | Currently available heap: 231400[0m
[0m2024-01-20 09:56:06 | DEBUG | inspect_task:98 | The minimum heap size that was ever available: 216112[0m
[0m2024-01-20 09:56:11 | DEBUG | inspect_task:97 | Currently available heap: 231400[0m
[0m2024-01-20 09:56:11 | DEBUG | inspect_task:98 | The minimum heap size that was ever available: 216112[0m
[0m2024-01-20 09:56:16 | DEBUG | inspect_task:97 | Currently available heap: 231400[0m
[0m2024-01-20 09:56:16 | DEBUG | inspect_task:98 | The minimum heap size that was ever available: 216112[0m
[0m2024-01-20 09:56:21 | DEBUG | inspect_task:97 | Currently available heap: 231400[0m
[0m2024-01-20 09:56:21 | DEBUG | inspect_task:98 | The minimum heap size that was ever available: 216112[0m
[0m2024-01-20 09:56:26 | DEBUG | inspect_task:97 | Currently available heap: 231400[0m
[0m2024-01-20 09:56:26 | DEBUG | inspect_task:98 | The minimum heap size that was ever available: 216112[0m
[0m2024-01-20 09:56:31 | DEBUG | inspect_task:97 | Currently available heap: 231080[0m
[0m2024-01-20 09:56:31 | DEBUG | inspect_task:98 | The minimum heap size that was ever available: 216112[0m
[0m2024-01-20 09:56:36 | DEBUG | inspect_task:97 | Currently available heap: 231400[0m
[0m2024-01-20 09:56:36 | DEBUG | inspect_task:98 | The minimum heap size that was ever available: 216112[0m
[0m2024-01-20 09:56:41 | DEBUG | inspect_task:97 | Currently available heap: 231400[0m
[0m2024-01-20 09:56:41 | DEBUG | inspect_task:98 | The minimum heap size that was ever available: 216112[0m
